Log file open, 02/24/23 00:44:41
LogWindows: Failed to load 'aqProf.dll' (GetLastError=126)
LogWindows: File 'aqProf.dll' does not exist
LogWindows: Failed to load 'VtuneApi.dll' (GetLastError=126)
LogWindows: File 'VtuneApi.dll' does not exist
LogWindows: Failed to load 'VtuneApi32e.dll' (GetLastError=126)
LogWindows: File 'VtuneApi32e.dll' does not exist
LogConsoleResponse: Display: Failed to find resolution value strings in scalability ini. Falling back to default.
LogConsoleResponse: Display: Failed to find resolution value strings in scalability ini. Falling back to default.
LogInit: Display: Running engine for game: FirstProject
LogPlatformFile: Not using cached read wrapper
LogTaskGraph: Started task graph with 5 named threads and 20 total threads with 3 sets of task threads.
LogStats: Stats thread started at 0.780926
LogICUInternationalization: ICU TimeZone Detection - Raw Offset: +4:00, Platform Override: ''
LogInit: Display: Loading text-based GConfig....
LogPluginManager: Mounting plugin MeshPainting
LogPluginManager: Mounting plugin XGEController
LogPluginManager: Mounting plugin Paper2D
LogPluginManager: Mounting plugin EnvironmentQueryEditor
LogPluginManager: Mounting plugin AISupport
LogPluginManager: Mounting plugin LightPropagationVolume
LogPluginManager: Mounting plugin LiveLink
LogPluginManager: Mounting plugin GameplayCameras
LogPluginManager: Mounting plugin CameraShakePreviewer
LogPluginManager: Mounting plugin OodleData
LogPluginManager: Mounting plugin OodleNetwork
LogPluginManager: Mounting plugin AssetManagerEditor
LogPluginManager: Mounting plugin CryptoKeys
LogPluginManager: Mounting plugin CurveEditorTools
LogPluginManager: Mounting plugin DataValidation
LogPluginManager: Mounting plugin BlueprintMaterialTextureNodes
LogPluginManager: Mounting plugin FacialAnimation
LogPluginManager: Mounting plugin GeometryMode
LogPluginManager: Mounting plugin GameplayTagsEditor
LogPluginManager: Mounting plugin MacGraphicsSwitching
LogPluginManager: Mounting plugin MobileLauncherProfileWizard
LogPluginManager: Mounting plugin PluginBrowser
LogPluginManager: Mounting plugin MaterialAnalyzer
LogPluginManager: Mounting plugin SpeedTreeImporter
LogPluginManager: Mounting plugin AnimationSharing
LogPluginManager: Mounting plugin StylusInput
LogPluginManager: Mounting plugin DatasmithContent
LogPluginManager: Mounting plugin CLionSourceCodeAccess
LogPluginManager: Mounting plugin VariantManagerContent
LogPluginManager: Mounting plugin AlembicImporter
LogPluginManager: Mounting plugin AutomationUtils
LogPluginManager: Mounting plugin BackChannel
LogPluginManager: Mounting plugin ChaosCloth
LogPluginManager: Mounting plugin ChaosClothEditor
LogPluginManager: Mounting plugin ChaosNiagara
LogPluginManager: Mounting plugin ChaosSolverPlugin
LogPluginManager: Mounting plugin CharacterAI
LogPluginManager: Mounting plugin ChaosEditor
LogPluginManager: Mounting plugin GeometryCache
LogPluginManager: Mounting plugin GeometryCollectionPlugin
LogPluginManager: Mounting plugin GeometryProcessing
LogPluginManager: Mounting plugin Landmass
LogPluginManager: Mounting plugin MeshModelingToolset
LogPluginManager: Mounting plugin ModelingToolsEditorMode
LogPluginManager: Mounting plugin MotoSynth
LogPluginManager: Mounting plugin ProxyLODPlugin
LogPluginManager: Mounting plugin PlatformCrypto
LogPluginManager: Mounting plugin OpenImageDenoise
LogPluginManager: Mounting plugin PlanarCut
LogPluginManager: Mounting plugin PythonScriptPlugin
LogPluginManager: Mounting plugin CodeLiteSourceCodeAccess
LogPluginManager: Mounting plugin GitSourceControl
LogPluginManager: Mounting plugin KDevelopSourceCodeAccess
LogPluginManager: Mounting plugin NullSourceCodeAccess
LogPluginManager: Mounting plugin PerforceSourceControl
LogPluginManager: Mounting plugin PixWinPlugin
LogPluginManager: Mounting plugin PlasticSourceControl
LogPluginManager: Mounting plugin PropertyAccessNode
LogPluginManager: Mounting plugin PluginUtils
LogPluginManager: Mounting plugin RiderSourceCodeAccess
LogPluginManager: Mounting plugin SubversionSourceControl
LogPluginManager: Mounting plugin TextureFormatOodle
LogPluginManager: Mounting plugin UObjectPlugin
LogPluginManager: Mounting plugin SkeletalReduction
LogPluginManager: Mounting plugin VisualStudioSourceCodeAccess
LogPluginManager: Mounting plugin VisualStudioCodeSourceCodeAccess
LogPluginManager: Mounting plugin XCodeSourceCodeAccess
LogPluginManager: Mounting plugin Niagara
LogPluginManager: Mounting plugin Water
LogPluginManager: Mounting plugin LuminPlatformFeatures
LogPluginManager: Mounting plugin MagicLeap
LogPluginManager: Mounting plugin MagicLeapLightEstimation
LogPluginManager: Mounting plugin MagicLeapMedia
LogPluginManager: Mounting plugin MagicLeapPassableWorld
LogPluginManager: Mounting plugin MLSDK
LogPluginManager: Mounting plugin TcpMessaging
LogPluginManager: Mounting plugin UdpMessaging
LogPluginManager: Mounting plugin ActorSequence
LogPluginManager: Mounting plugin LevelSequenceEditor
LogPluginManager: Mounting plugin MatineeToLevelSequence
LogPluginManager: Mounting plugin TemplateSequence
LogPluginManager: Mounting plugin OnlineSubsystem
LogPluginManager: Mounting plugin OnlineSubsystemNull
LogPluginManager: Mounting plugin ActorLayerUtilities
LogPluginManager: Mounting plugin OnlineSubsystemUtils
LogPluginManager: Mounting plugin AndroidPermission
LogPluginManager: Mounting plugin AndroidDeviceProfileSelector
LogPluginManager: Mounting plugin AndroidMoviePlayer
LogPluginManager: Mounting plugin AppleImageUtils
LogPluginManager: Mounting plugin ArchVisCharacter
LogPluginManager: Mounting plugin AppleMoviePlayer
LogPluginManager: Mounting plugin AssetTags
LogPluginManager: Mounting plugin AudioCapture
LogPluginManager: Mounting plugin LauncherChunkInstaller
LogPluginManager: Mounting plugin AudioSynesthesia
LogPluginManager: Mounting plugin CableComponent
LogPluginManager: Mounting plugin ChunkDownloader
LogPluginManager: Mounting plugin CustomMeshComponent
LogPluginManager: Mounting plugin EditableMesh
LogPluginManager: Mounting plugin GooglePAD
LogPluginManager: Mounting plugin ExampleDeviceProfileSelector
LogPluginManager: Mounting plugin HairStrands
LogPluginManager: Mounting plugin IOSDeviceProfileSelector
LogPluginManager: Mounting plugin LinuxDeviceProfileSelector
LogPluginManager: Mounting plugin LocationServicesBPLibrary
LogPluginManager: Mounting plugin MobilePatchingUtils
LogPluginManager: Mounting plugin OpenXR
LogPluginManager: Mounting plugin OpenXRHandTracking
LogPluginManager: Mounting plugin OpenXREyeTracker
LogPluginManager: Mounting plugin PhysXVehicles
LogPluginManager: Mounting plugin ProceduralMeshComponent
LogPluginManager: Mounting plugin PostSplashScreen
LogPluginManager: Mounting plugin PropertyAccessEditor
LogPluginManager: Mounting plugin SignificanceManager
LogPluginManager: Mounting plugin RuntimePhysXCooking
LogPluginManager: Mounting plugin SoundFields
LogPluginManager: Mounting plugin Synthesis
LogPluginManager: Mounting plugin WebMMoviePlayer
LogPluginManager: Mounting plugin WindowsMoviePlayer
LogPluginManager: Mounting plugin ScreenshotTools
LogPluginManager: Mounting plugin GoogleCloudMessaging
LogPluginManager: Mounting plugin Takes
LogPluginManager: Mounting plugin AndroidMedia
LogPluginManager: Mounting plugin AvfMedia
LogPluginManager: Mounting plugin ImgMedia
LogPluginManager: Mounting plugin MediaCompositing
LogPluginManager: Mounting plugin MediaPlayerEditor
LogPluginManager: Mounting plugin WmfMedia
LogPluginManager: Mounting plugin WebMMedia
LogPluginManager: Mounting plugin ContentBrowserAssetDataSource
LogPluginManager: Mounting plugin ContentBrowserClassDataSource
LogPluginManager: Mounting plugin ContentBrowserFileDataSource
LogPluginManager: Mounting plugin OnlineSubsystemGooglePlay
LogPluginManager: Mounting plugin OnlineSubsystemIOS
LogPluginManager: Mounting plugin OculusVR
LogPluginManager: Mounting plugin SteamVR
PixWinPlugin: PIX capture plugin failed to initialize! Check that the process is launched from PIX.
LogInit: Using libcurl 7.55.1-DEV
LogInit:  - built for x86_64-pc-win32
LogInit:  - supports SSL with OpenSSL/1.1.1
LogInit:  - supports HTTP deflate (compression) using libz 1.2.8
LogInit:  - other features:
LogInit:      CURL_VERSION_SSL
LogInit:      CURL_VERSION_LIBZ
LogInit:      CURL_VERSION_IPV6
LogInit:      CURL_VERSION_ASYNCHDNS
LogInit:      CURL_VERSION_LARGEFILE
LogInit:      CURL_VERSION_IDN
LogInit:  CurlRequestOptions (configurable via config and command line):
LogInit:  - bVerifyPeer = true  - Libcurl will verify peer certificate
LogInit:  - bUseHttpProxy = false  - Libcurl will NOT use HTTP proxy
LogInit:  - bDontReuseConnections = false  - Libcurl will reuse connections
LogInit:  - MaxHostConnections = 16  - Libcurl will limit the number of connections to a host
LogInit:  - LocalHostAddr = Default
LogInit:  - BufferSize = 65536
LogOnline: OSS: Creating online subsystem instance for: NULL
LogInit: WinSock: version 1.1 (2.2), MaxSocks=32767, MaxUdp=65467
LogOnline: OSS: TryLoadSubsystemAndSetDefault: Loaded subsystem for module [NULL]
LogOculusPluginWrapper: OculusPlugin initialized successfully
LogHMD: Failed initializing OVRPlugin 1.59.0
LogInit: Build: ++UE4+Release-4.27-CL-18319896
LogInit: Engine Version: 4.27.2-18319896+++UE4+Release-4.27
LogInit: Compatible Engine Version: 4.27.0-17155196+++UE4+Release-4.27
LogInit: Net CL: 17155196
LogInit: OS: Windows 10 (Release 2009) (), CPU: Intel(R) Core(TM) i5-9400F CPU @ 2.90GHz, GPU: NVIDIA GeForce RTX 3070 Ti
LogInit: Compiled (64-bit): Nov 30 2021 07:12:08
LogInit: Compiled with Visual C++: 19.24.28315.00
LogInit: Build Configuration: Development
LogInit: Branch Name: ++UE4+Release-4.27
LogInit: Command Line: 
LogInit: Base Directory: G:/Epic Games File/UE_4.27/Engine/Binaries/Win64/
LogInit: Allocator: TBB
LogInit: Installed Engine Build: 1
LogDevObjectVersion: Number of dev versions registered: 29
LogDevObjectVersion:   Dev-Blueprints (B0D832E4-1F89-4F0D-ACCF-7EB736FD4AA2): 10
LogDevObjectVersion:   Dev-Build (E1C64328-A22C-4D53-A36C-8E866417BD8C): 0
LogDevObjectVersion:   Dev-Core (375EC13C-06E4-48FB-B500-84F0262A717E): 4
LogDevObjectVersion:   Dev-Editor (E4B068ED-F494-42E9-A231-DA0B2E46BB41): 40
LogDevObjectVersion:   Dev-Framework (CFFC743F-43B0-4480-9391-14DF171D2073): 37
LogDevObjectVersion:   Dev-Mobile (B02B49B5-BB20-44E9-A304-32B752E40360): 3
LogDevObjectVersion:   Dev-Networking (A4E4105C-59A1-49B5-A7C5-40C4547EDFEE): 0
LogDevObjectVersion:   Dev-Online (39C831C9-5AE6-47DC-9A44-9C173E1C8E7C): 0
LogDevObjectVersion:   Dev-Physics (78F01B33-EBEA-4F98-B9B4-84EACCB95AA2): 14
LogDevObjectVersion:   Dev-Platform (6631380F-2D4D-43E0-8009-CF276956A95A): 0
LogDevObjectVersion:   Dev-Rendering (12F88B9F-8875-4AFC-A67C-D90C383ABD29): 45
LogDevObjectVersion:   Dev-Sequencer (7B5AE74C-D270-4C10-A958-57980B212A5A): 13
LogDevObjectVersion:   Dev-VR (D7296918-1DD6-4BDD-9DE2-64A83CC13884): 3
LogDevObjectVersion:   Dev-LoadTimes (C2A15278-BFE7-4AFE-6C17-90FF531DF755): 1
LogDevObjectVersion:   Private-Geometry (6EACA3D4-40EC-4CC1-B786-8BED09428FC5): 3
LogDevObjectVersion:   Dev-AnimPhys (29E575DD-E0A3-4627-9D10-D276232CDCEA): 17
LogDevObjectVersion:   Dev-Anim (AF43A65D-7FD3-4947-9873-3E8ED9C1BB05): 15
LogDevObjectVersion:   Dev-ReflectionCapture (6B266CEC-1EC7-4B8F-A30B-E4D90942FC07): 1
LogDevObjectVersion:   Dev-Automation (0DF73D61-A23F-47EA-B727-89E90C41499A): 1
LogDevObjectVersion:   FortniteMain (601D1886-AC64-4F84-AA16-D3DE0DEAC7D6): 47
LogDevObjectVersion:   FortniteRelease (E7086368-6B23-4C58-8439-1B7016265E91): 1
LogDevObjectVersion:   Dev-Enterprise (9DFFBCD6-494F-0158-E221-12823C92A888): 10
LogDevObjectVersion:   Dev-Niagara (F2AED0AC-9AFE-416F-8664-AA7FFA26D6FC): 1
LogDevObjectVersion:   Dev-Destruction (174F1F0B-B4C6-45A5-B13F-2EE8D0FB917D): 10
LogDevObjectVersion:   Dev-Physics-Ext (35F94A83-E258-406C-A318-09F59610247C): 41
LogDevObjectVersion:   Dev-PhysicsMaterial-Chaos (B68FC16E-8B1B-42E2-B453-215C058844FE): 1
LogDevObjectVersion:   Dev-CineCamera (B2E18506-4273-CFC2-A54E-F4BB758BBA07): 1
LogDevObjectVersion:   Dev-VirtualProduction (64F58936-FD1B-42BA-BA96-7289D5D0FA4E): 1
LogDevObjectVersion:   Dev-MediaFramework (6F0ED827-A609-4895-9C91-998D90180EA4): 2
LogInit: Presizing for max 25165824 objects, including 0 objects not considered by GC, pre-allocating 0 bytes for permanent pool.
LogConfig: Applying CVar settings from Section [/Script/Engine.StreamingSettings] File [C:/Users/user/Documents/GitHub/testingProject/Saved/Config/Windows/Engine.ini]
LogConfig: Setting CVar [[s.MinBulkDataSizeForAsyncLoading:131072]]
LogConfig: Setting CVar [[s.AsyncLoadingThreadEnabled:0]]
LogConfig: Setting CVar [[s.EventDrivenLoaderEnabled:1]]
LogConfig: Setting CVar [[s.WarnIfTimeLimitExceeded:0]]
LogConfig: Setting CVar [[s.TimeLimitExceededMultiplier:1.5]]
LogConfig: Setting CVar [[s.TimeLimitExceededMinTime:0.005]]
LogConfig: Setting CVar [[s.UseBackgroundLevelStreaming:1]]
LogConfig: Setting CVar [[s.PriorityAsyncLoadingExtraTime:15.0]]
LogConfig: Setting CVar [[s.LevelStreamingActorsUpdateTimeLimit:5.0]]
LogConfig: Setting CVar [[s.PriorityLevelStreamingActorsUpdateExtraTime:5.0]]
LogConfig: Setting CVar [[s.LevelStreamingComponentsRegistrationGranularity:10]]
LogConfig: Setting CVar [[s.UnregisterComponentsTimeLimit:1.0]]
LogConfig: Setting CVar [[s.LevelStreamingComponentsUnregistrationGranularity:5]]
LogConfig: Setting CVar [[s.FlushStreamingOnExit:1]]
LogInit: Object subsystem initialized
LogConfig: Setting CVar [[con.DebugEarlyDefault:1]]
LogConfig: Setting CVar [[r.setres:1280x720]]
LogConfig: Setting CVar [[fx.NiagaraAllowRuntimeScalabilityChanges:1]]
[2023.02.23-20.44.47:513][  0]LogConfig: Setting CVar [[r.VSync:0]]
[2023.02.23-20.44.47:513][  0]LogConfig: Setting CVar [[r.RHICmdBypass:0]]
[2023.02.23-20.44.47:514][  0]LogConfig: Applying CVar settings from Section [/Script/Engine.RendererSettings] File [C:/Users/user/Documents/GitHub/testingProject/Saved/Config/Windows/Engine.ini]
[2023.02.23-20.44.47:514][  0]LogConfig: Setting CVar [[r.GPUCrashDebugging:0]]
[2023.02.23-20.44.47:514][  0]LogConfig: Applying CVar settings from Section [/Script/Engine.RendererOverrideSettings] File [C:/Users/user/Documents/GitHub/testingProject/Saved/Config/Windows/Engine.ini]
[2023.02.23-20.44.47:514][  0]LogConfig: Applying CVar settings from Section [/Script/Engine.StreamingSettings] File [C:/Users/user/Documents/GitHub/testingProject/Saved/Config/Windows/Engine.ini]
[2023.02.23-20.44.47:514][  0]LogConfig: Setting CVar [[s.MinBulkDataSizeForAsyncLoading:131072]]
[2023.02.23-20.44.47:514][  0]LogConfig: Setting CVar [[s.AsyncLoadingThreadEnabled:0]]
[2023.02.23-20.44.47:514][  0]LogConfig: Setting CVar [[s.EventDrivenLoaderEnabled:1]]
[2023.02.23-20.44.47:514][  0]LogConfig: Setting CVar [[s.WarnIfTimeLimitExceeded:0]]
[2023.02.23-20.44.47:514][  0]LogConfig: Setting CVar [[s.TimeLimitExceededMultiplier:1.5]]
[2023.02.23-20.44.47:514][  0]LogConfig: Setting CVar [[s.TimeLimitExceededMinTime:0.005]]
[2023.02.23-20.44.47:514][  0]LogConfig: Setting CVar [[s.UseBackgroundLevelStreaming:1]]
[2023.02.23-20.44.47:514][  0]LogConfig: Setting CVar [[s.PriorityAsyncLoadingExtraTime:15.0]]
[2023.02.23-20.44.47:514][  0]LogConfig: Setting CVar [[s.LevelStreamingActorsUpdateTimeLimit:5.0]]
[2023.02.23-20.44.47:514][  0]LogConfig: Setting CVar [[s.PriorityLevelStreamingActorsUpdateExtraTime:5.0]]
[2023.02.23-20.44.47:514][  0]LogConfig: Setting CVar [[s.LevelStreamingComponentsRegistrationGranularity:10]]
[2023.02.23-20.44.47:514][  0]LogConfig: Setting CVar [[s.UnregisterComponentsTimeLimit:1.0]]
[2023.02.23-20.44.47:514][  0]LogConfig: Setting CVar [[s.LevelStreamingComponentsUnregistrationGranularity:5]]
[2023.02.23-20.44.47:514][  0]LogConfig: Setting CVar [[s.FlushStreamingOnExit:1]]
[2023.02.23-20.44.47:514][  0]LogConfig: Applying CVar settings from Section [/Script/Engine.GarbageCollectionSettings] File [C:/Users/user/Documents/GitHub/testingProject/Saved/Config/Windows/Engine.ini]
[2023.02.23-20.44.47:514][  0]LogConfig: Setting CVar [[gc.MaxObjectsNotConsideredByGC:1]]
[2023.02.23-20.44.47:514][  0]LogConfig: Setting CVar [[gc.SizeOfPermanentObjectPool:0]]
[2023.02.23-20.44.47:514][  0]LogConfig: Setting CVar [[gc.FlushStreamingOnGC:0]]
[2023.02.23-20.44.47:514][  0]LogConfig: Setting CVar [[gc.NumRetriesBeforeForcingGC:10]]
[2023.02.23-20.44.47:514][  0]LogConfig: Setting CVar [[gc.AllowParallelGC:1]]
[2023.02.23-20.44.47:514][  0]LogConfig: Setting CVar [[gc.TimeBetweenPurgingPendingKillObjects:61.1]]
[2023.02.23-20.44.47:514][  0]LogConfig: Setting CVar [[gc.MaxObjectsInEditor:25165824]]
[2023.02.23-20.44.47:514][  0]LogConfig: Setting CVar [[gc.IncrementalBeginDestroyEnabled:1]]
[2023.02.23-20.44.47:514][  0]LogConfig: Setting CVar [[gc.CreateGCClusters:1]]
[2023.02.23-20.44.47:514][  0]LogConfig: Setting CVar [[gc.MinGCClusterSize:5]]
[2023.02.23-20.44.47:514][  0]LogConfig: Setting CVar [[gc.ActorClusteringEnabled:0]]
[2023.02.23-20.44.47:514][  0]LogConfig: Setting CVar [[gc.BlueprintClusteringEnabled:0]]
[2023.02.23-20.44.47:514][  0]LogConfig: Setting CVar [[gc.UseDisregardForGCOnDedicatedServers:0]]
[2023.02.23-20.44.47:514][  0]LogConfig: Setting CVar [[gc.MultithreadedDestructionEnabled:1]]
[2023.02.23-20.44.47:514][  0]LogConfig: Applying CVar settings from Section [/Script/Engine.NetworkSettings] File [C:/Users/user/Documents/GitHub/testingProject/Saved/Config/Windows/Engine.ini]
[2023.02.23-20.44.47:515][  0]LogConfig: Applying CVar settings from Section [/Script/UnrealEd.CookerSettings] File [C:/Users/user/Documents/GitHub/testingProject/Saved/Config/Windows/Engine.ini]
[2023.02.23-20.44.47:594][  0]LogConfig: Applying CVar settings from Section [ViewDistanceQuality@3] File [C:/Users/user/Documents/GitHub/testingProject/Saved/Config/Windows/Scalability.ini]
[2023.02.23-20.44.47:594][  0]LogConfig: Setting CVar [[r.SkeletalMeshLODBias:0]]
[2023.02.23-20.44.47:594][  0]LogConfig: Setting CVar [[r.ViewDistanceScale:1.0]]
[2023.02.23-20.44.47:594][  0]LogConfig: Applying CVar settings from Section [AntiAliasingQuality@3] File [C:/Users/user/Documents/GitHub/testingProject/Saved/Config/Windows/Scalability.ini]
[2023.02.23-20.44.47:594][  0]LogConfig: Setting CVar [[r.PostProcessAAQuality:4]]
[2023.02.23-20.44.47:594][  0]LogConfig: Applying CVar settings from Section [ShadowQuality@3] File [C:/Users/user/Documents/GitHub/testingProject/Saved/Config/Windows/Scalability.ini]
[2023.02.23-20.44.47:594][  0]LogConfig: Setting CVar [[r.LightFunctionQuality:1]]
[2023.02.23-20.44.47:594][  0]LogConfig: Setting CVar [[r.ShadowQuality:5]]
[2023.02.23-20.44.47:594][  0]LogConfig: Setting CVar [[r.Shadow.CSM.MaxCascades:10]]
[2023.02.23-20.44.47:594][  0]LogConfig: Setting CVar [[r.Shadow.MaxResolution:2048]]
[2023.02.23-20.44.47:594][  0]LogConfig: Setting CVar [[r.Shadow.MaxCSMResolution:2048]]
[2023.02.23-20.44.47:594][  0]LogConfig: Setting CVar [[r.Shadow.RadiusThreshold:0.01]]
[2023.02.23-20.44.47:594][  0]LogConfig: Setting CVar [[r.Shadow.DistanceScale:1.0]]
[2023.02.23-20.44.47:594][  0]LogConfig: Setting CVar [[r.Shadow.CSM.TransitionScale:1.0]]
[2023.02.23-20.44.47:594][  0]LogConfig: Setting CVar [[r.Shadow.PreShadowResolutionFactor:1.0]]
[2023.02.23-20.44.47:594][  0]LogConfig: Setting CVar [[r.DistanceFieldShadowing:1]]
[2023.02.23-20.44.47:594][  0]LogConfig: Setting CVar [[r.DistanceFieldAO:1]]
[2023.02.23-20.44.47:594][  0]LogConfig: Setting CVar [[r.AOQuality:2]]
[2023.02.23-20.44.47:594][  0]LogConfig: Setting CVar [[r.VolumetricFog:1]]
[2023.02.23-20.44.47:594][  0]LogConfig: Setting CVar [[r.VolumetricFog.GridPixelSize:8]]
[2023.02.23-20.44.47:594][  0]LogConfig: Setting CVar [[r.VolumetricFog.GridSizeZ:128]]
[2023.02.23-20.44.47:594][  0]LogConfig: Setting CVar [[r.VolumetricFog.HistoryMissSupersampleCount:4]]
[2023.02.23-20.44.47:594][  0]LogConfig: Setting CVar [[r.LightMaxDrawDistanceScale:1]]
[2023.02.23-20.44.47:594][  0]LogConfig: Setting CVar [[r.CapsuleShadows:1]]
[2023.02.23-20.44.47:594][  0]LogConfig: Applying CVar settings from Section [PostProcessQuality@3] File [C:/Users/user/Documents/GitHub/testingProject/Saved/Config/Windows/Scalability.ini]
[2023.02.23-20.44.47:594][  0]LogConfig: Setting CVar [[r.MotionBlurQuality:4]]
[2023.02.23-20.44.47:594][  0]LogConfig: Setting CVar [[r.AmbientOcclusionMipLevelFactor:0.4]]
[2023.02.23-20.44.47:594][  0]LogConfig: Setting CVar [[r.AmbientOcclusionMaxQuality:100]]
[2023.02.23-20.44.47:595][  0]LogConfig: Setting CVar [[r.AmbientOcclusionLevels:-1]]
[2023.02.23-20.44.47:595][  0]LogConfig: Setting CVar [[r.AmbientOcclusionRadiusScale:1.0]]
[2023.02.23-20.44.47:595][  0]LogConfig: Setting CVar [[r.DepthOfFieldQuality:2]]
[2023.02.23-20.44.47:595][  0]LogConfig: Setting CVar [[r.RenderTargetPoolMin:400]]
[2023.02.23-20.44.47:595][  0]LogConfig: Setting CVar [[r.LensFlareQuality:2]]
[2023.02.23-20.44.47:595][  0]LogConfig: Setting CVar [[r.SceneColorFringeQuality:1]]
[2023.02.23-20.44.47:595][  0]LogConfig: Setting CVar [[r.EyeAdaptationQuality:2]]
[2023.02.23-20.44.47:595][  0]LogConfig: Setting CVar [[r.BloomQuality:5]]
[2023.02.23-20.44.47:595][  0]LogConfig: Setting CVar [[r.FastBlurThreshold:100]]
[2023.02.23-20.44.47:595][  0]LogConfig: Setting CVar [[r.Upscale.Quality:3]]
[2023.02.23-20.44.47:595][  0]LogConfig: Setting CVar [[r.Tonemapper.GrainQuantization:1]]
[2023.02.23-20.44.47:595][  0]LogConfig: Setting CVar [[r.LightShaftQuality:1]]
[2023.02.23-20.44.47:595][  0]LogConfig: Setting CVar [[r.Filter.SizeScale:1]]
[2023.02.23-20.44.47:595][  0]LogConfig: Setting CVar [[r.Tonemapper.Quality:5]]
[2023.02.23-20.44.47:595][  0]LogConfig: Setting CVar [[r.DOF.Gather.AccumulatorQuality:1        ; higher gathering accumulator quality]]
[2023.02.23-20.44.47:595][  0]LogConfig: Setting CVar [[r.DOF.Gather.PostfilterMethod:1          ; Median3x3 postfilering method]]
[2023.02.23-20.44.47:595][  0]LogConfig: Setting CVar [[r.DOF.Gather.EnableBokehSettings:0       ; no bokeh simulation when gathering]]
[2023.02.23-20.44.47:595][  0]LogConfig: Setting CVar [[r.DOF.Gather.RingCount:4                 ; medium number of samples when gathering]]
[2023.02.23-20.44.47:595][  0]LogConfig: Setting CVar [[r.DOF.Scatter.ForegroundCompositing:1    ; additive foreground scattering]]
[2023.02.23-20.44.47:595][  0]LogConfig: Setting CVar [[r.DOF.Scatter.BackgroundCompositing:2    ; additive background scattering]]
[2023.02.23-20.44.47:595][  0]LogConfig: Setting CVar [[r.DOF.Scatter.EnableBokehSettings:1      ; bokeh simulation when scattering]]
[2023.02.23-20.44.47:595][  0]LogConfig: Setting CVar [[r.DOF.Scatter.MaxSpriteRatio:0.1         ; only a maximum of 10% of scattered bokeh]]
[2023.02.23-20.44.47:595][  0]LogConfig: Setting CVar [[r.DOF.Recombine.Quality:1                ; cheap slight out of focus]]
[2023.02.23-20.44.47:595][  0]LogConfig: Setting CVar [[r.DOF.Recombine.EnableBokehSettings:0    ; no bokeh simulation on slight out of focus]]
[2023.02.23-20.44.47:595][  0]LogConfig: Setting CVar [[r.DOF.TemporalAAQuality:1                ; more stable temporal accumulation]]
[2023.02.23-20.44.47:595][  0]LogConfig: Setting CVar [[r.DOF.Kernel.MaxForegroundRadius:0.025]]
[2023.02.23-20.44.47:595][  0]LogConfig: Setting CVar [[r.DOF.Kernel.MaxBackgroundRadius:0.025]]
[2023.02.23-20.44.47:595][  0]LogConfig: Applying CVar settings from Section [TextureQuality@3] File [C:/Users/user/Documents/GitHub/testingProject/Saved/Config/Windows/Scalability.ini]
[2023.02.23-20.44.47:595][  0]LogConfig: Setting CVar [[r.Streaming.MipBias:0]]
[2023.02.23-20.44.47:595][  0]LogConfig: Setting CVar [[r.Streaming.AmortizeCPUToGPUCopy:0]]
[2023.02.23-20.44.47:595][  0]LogConfig: Setting CVar [[r.Streaming.MaxNumTexturesToStreamPerFrame:0]]
[2023.02.23-20.44.47:595][  0]LogConfig: Setting CVar [[r.Streaming.Boost:1]]
[2023.02.23-20.44.47:595][  0]LogConfig: Setting CVar [[r.MaxAnisotropy:8]]
[2023.02.23-20.44.47:595][  0]LogConfig: Setting CVar [[r.VT.MaxAnisotropy:8]]
[2023.02.23-20.44.47:595][  0]LogConfig: Setting CVar [[r.Streaming.LimitPoolSizeToVRAM:0]]
[2023.02.23-20.44.47:595][  0]LogConfig: Setting CVar [[r.Streaming.PoolSize:1000]]
[2023.02.23-20.44.47:595][  0]LogConfig: Setting CVar [[r.Streaming.MaxEffectiveScreenSize:0]]
[2023.02.23-20.44.47:595][  0]LogConfig: Applying CVar settings from Section [EffectsQuality@3] File [C:/Users/user/Documents/GitHub/testingProject/Saved/Config/Windows/Scalability.ini]
[2023.02.23-20.44.47:595][  0]LogConfig: Setting CVar [[r.TranslucencyLightingVolumeDim:64]]
[2023.02.23-20.44.47:595][  0]LogConfig: Setting CVar [[r.RefractionQuality:2]]
[2023.02.23-20.44.47:595][  0]LogConfig: Setting CVar [[r.SSR.Quality:3]]
[2023.02.23-20.44.47:595][  0]LogConfig: Setting CVar [[r.SSR.HalfResSceneColor:0]]
[2023.02.23-20.44.47:595][  0]LogConfig: Setting CVar [[r.SceneColorFormat:4]]
[2023.02.23-20.44.47:595][  0]LogConfig: Setting CVar [[r.DetailMode:2]]
[2023.02.23-20.44.47:595][  0]LogConfig: Setting CVar [[r.TranslucencyVolumeBlur:1]]
[2023.02.23-20.44.47:595][  0]LogConfig: Setting CVar [[r.MaterialQualityLevel:1 ; High quality]]
[2023.02.23-20.44.47:595][  0]LogConfig: Setting CVar [[r.AnisotropicMaterials:1]]
[2023.02.23-20.44.47:595][  0]LogConfig: Setting CVar [[r.SSS.Scale:1]]
[2023.02.23-20.44.47:595][  0]LogConfig: Setting CVar [[r.SSS.SampleSet:2]]
[2023.02.23-20.44.47:595][  0]LogConfig: Setting CVar [[r.SSS.Quality:1]]
[2023.02.23-20.44.47:595][  0]LogConfig: Setting CVar [[r.SSS.HalfRes:0]]
[2023.02.23-20.44.47:595][  0]LogConfig: Setting CVar [[r.SSGI.Quality:3]]
[2023.02.23-20.44.47:595][  0]LogConfig: Setting CVar [[r.EmitterSpawnRateScale:1.0]]
[2023.02.23-20.44.47:595][  0]LogConfig: Setting CVar [[r.ParticleLightQuality:2]]
[2023.02.23-20.44.47:595][  0]LogConfig: Setting CVar [[r.SkyAtmosphere.AerialPerspectiveLUT.FastApplyOnOpaque:1 ; Always have FastSkyLUT 1 in this case to avoid wrong sky]]
[2023.02.23-20.44.47:595][  0]LogConfig: Setting CVar [[r.SkyAtmosphere.AerialPerspectiveLUT.SampleCountMaxPerSlice:4]]
[2023.02.23-20.44.47:595][  0]LogConfig: Setting CVar [[r.SkyAtmosphere.AerialPerspectiveLUT.DepthResolution:16.0]]
[2023.02.23-20.44.47:595][  0]LogConfig: Setting CVar [[r.SkyAtmosphere.FastSkyLUT:1]]
[2023.02.23-20.44.47:595][  0]LogConfig: Setting CVar [[r.SkyAtmosphere.FastSkyLUT.SampleCountMin:4.0]]
[2023.02.23-20.44.47:595][  0]LogConfig: Setting CVar [[r.SkyAtmosphere.FastSkyLUT.SampleCountMax:128.0]]
[2023.02.23-20.44.47:595][  0]LogConfig: Setting CVar [[r.SkyAtmosphere.SampleCountMin:4.0]]
[2023.02.23-20.44.47:595][  0]LogConfig: Setting CVar [[r.SkyAtmosphere.SampleCountMax:128.0]]
[2023.02.23-20.44.47:595][  0]LogConfig: Setting CVar [[r.SkyAtmosphere.TransmittanceLUT.UseSmallFormat:0]]
[2023.02.23-20.44.47:595][  0]LogConfig: Setting CVar [[r.SkyAtmosphere.TransmittanceLUT.SampleCount:10.0]]
[2023.02.23-20.44.47:595][  0]LogConfig: Setting CVar [[r.SkyAtmosphere.MultiScatteringLUT.SampleCount:15.0]]
[2023.02.23-20.44.47:595][  0]LogConfig: Setting CVar [[r.SkyLight.RealTimeReflectionCapture:1]]
[2023.02.23-20.44.47:595][  0]LogConfig: Setting CVar [[fx.Niagara.QualityLevel:3]]
[2023.02.23-20.44.47:608][  0]LogConfig: Applying CVar settings from Section [FoliageQuality@3] File [C:/Users/user/Documents/GitHub/testingProject/Saved/Config/Windows/Scalability.ini]
[2023.02.23-20.44.47:608][  0]LogConfig: Setting CVar [[foliage.DensityScale:1.0]]
[2023.02.23-20.44.47:608][  0]LogConfig: Setting CVar [[grass.DensityScale:1.0]]
[2023.02.23-20.44.47:608][  0]LogConfig: Applying CVar settings from Section [ShadingQuality@3] File [C:/Users/user/Documents/GitHub/testingProject/Saved/Config/Windows/Scalability.ini]
[2023.02.23-20.44.47:608][  0]LogConfig: Setting CVar [[r.HairStrands.SkyLighting.IntegrationType:2]]
[2023.02.23-20.44.47:608][  0]LogConfig: Setting CVar [[r.HairStrands.SkyAO.SampleCount:4]]
[2023.02.23-20.44.47:608][  0]LogConfig: Setting CVar [[r.HairStrands.Visibility.MSAA.SamplePerPixel:4]]
[2023.02.23-20.44.47:608][  0]LogConfig: Setting CVar [[r.HairStrands.Interpolation.UseSingleGuide:0]]
[2023.02.23-20.44.47:609][  0]LogInit: Selected Device Profile: [Windows]
[2023.02.23-20.44.47:609][  0]LogInit: Applying CVar settings loaded from the selected device profile: [Windows]
[2023.02.23-20.44.47:622][  0]LogHAL: Display: Platform has ~ 16 GB [17089187840 / 17179869184 / 16], which maps to Larger [LargestMinGB=32, LargerMinGB=12, DefaultMinGB=8, SmallerMinGB=6, SmallestMinGB=0)
[2023.02.23-20.44.47:623][  0]LogInit: Going up to parent DeviceProfile []
[2023.02.23-20.44.47:629][  0]LogConfig: Applying CVar settings from Section [ViewDistanceQuality@3] File [C:/Users/user/Documents/GitHub/testingProject/Saved/Config/Windows/Scalability.ini]
[2023.02.23-20.44.47:629][  0]LogConfig: Setting CVar [[r.SkeletalMeshLODBias:0]]
[2023.02.23-20.44.47:629][  0]LogConfig: Setting CVar [[r.ViewDistanceScale:1.0]]
[2023.02.23-20.44.47:629][  0]LogConfig: Applying CVar settings from Section [AntiAliasingQuality@3] File [C:/Users/user/Documents/GitHub/testingProject/Saved/Config/Windows/Scalability.ini]
[2023.02.23-20.44.47:629][  0]LogConfig: Setting CVar [[r.PostProcessAAQuality:4]]
[2023.02.23-20.44.47:629][  0]LogConfig: Applying CVar settings from Section [ShadowQuality@3] File [C:/Users/user/Documents/GitHub/testingProject/Saved/Config/Windows/Scalability.ini]
[2023.02.23-20.44.47:629][  0]LogConfig: Setting CVar [[r.LightFunctionQuality:1]]
[2023.02.23-20.44.47:629][  0]LogConfig: Setting CVar [[r.ShadowQuality:5]]
[2023.02.23-20.44.47:629][  0]LogConfig: Setting CVar [[r.Shadow.CSM.MaxCascades:10]]
[2023.02.23-20.44.47:629][  0]LogConfig: Setting CVar [[r.Shadow.MaxResolution:2048]]
[2023.02.23-20.44.47:629][  0]LogConfig: Setting CVar [[r.Shadow.MaxCSMResolution:2048]]
[2023.02.23-20.44.47:629][  0]LogConfig: Setting CVar [[r.Shadow.RadiusThreshold:0.01]]
[2023.02.23-20.44.47:629][  0]LogConfig: Setting CVar [[r.Shadow.DistanceScale:1.0]]
[2023.02.23-20.44.47:629][  0]LogConfig: Setting CVar [[r.Shadow.CSM.TransitionScale:1.0]]
[2023.02.23-20.44.47:629][  0]LogConfig: Setting CVar [[r.Shadow.PreShadowResolutionFactor:1.0]]
[2023.02.23-20.44.47:629][  0]LogConfig: Setting CVar [[r.DistanceFieldShadowing:1]]
[2023.02.23-20.44.47:629][  0]LogConfig: Setting CVar [[r.DistanceFieldAO:1]]
[2023.02.23-20.44.47:629][  0]LogConfig: Setting CVar [[r.AOQuality:2]]
[2023.02.23-20.44.47:629][  0]LogConfig: Setting CVar [[r.VolumetricFog:1]]
[2023.02.23-20.44.47:629][  0]LogConfig: Setting CVar [[r.VolumetricFog.GridPixelSize:8]]
[2023.02.23-20.44.47:629][  0]LogConfig: Setting CVar [[r.VolumetricFog.GridSizeZ:128]]
[2023.02.23-20.44.47:629][  0]LogConfig: Setting CVar [[r.VolumetricFog.HistoryMissSupersampleCount:4]]
[2023.02.23-20.44.47:629][  0]LogConfig: Setting CVar [[r.LightMaxDrawDistanceScale:1]]
[2023.02.23-20.44.47:629][  0]LogConfig: Setting CVar [[r.CapsuleShadows:1]]
[2023.02.23-20.44.47:629][  0]LogConfig: Applying CVar settings from Section [PostProcessQuality@3] File [C:/Users/user/Documents/GitHub/testingProject/Saved/Config/Windows/Scalability.ini]
[2023.02.23-20.44.47:629][  0]LogConfig: Setting CVar [[r.MotionBlurQuality:4]]
[2023.02.23-20.44.47:629][  0]LogConfig: Setting CVar [[r.AmbientOcclusionMipLevelFactor:0.4]]
[2023.02.23-20.44.47:629][  0]LogConfig: Setting CVar [[r.AmbientOcclusionMaxQuality:100]]
[2023.02.23-20.44.47:629][  0]LogConfig: Setting CVar [[r.AmbientOcclusionLevels:-1]]
[2023.02.23-20.44.47:629][  0]LogConfig: Setting CVar [[r.AmbientOcclusionRadiusScale:1.0]]
[2023.02.23-20.44.47:629][  0]LogConfig: Setting CVar [[r.DepthOfFieldQuality:2]]
[2023.02.23-20.44.47:629][  0]LogConfig: Setting CVar [[r.RenderTargetPoolMin:400]]
[2023.02.23-20.44.47:629][  0]LogConfig: Setting CVar [[r.LensFlareQuality:2]]
[2023.02.23-20.44.47:629][  0]LogConfig: Setting CVar [[r.SceneColorFringeQuality:1]]
[2023.02.23-20.44.47:629][  0]LogConfig: Setting CVar [[r.EyeAdaptationQuality:2]]
[2023.02.23-20.44.47:629][  0]LogConfig: Setting CVar [[r.BloomQuality:5]]
[2023.02.23-20.44.47:629][  0]LogConfig: Setting CVar [[r.FastBlurThreshold:100]]
[2023.02.23-20.44.47:629][  0]LogConfig: Setting CVar [[r.Upscale.Quality:3]]
[2023.02.23-20.44.47:629][  0]LogConfig: Setting CVar [[r.Tonemapper.GrainQuantization:1]]
[2023.02.23-20.44.47:629][  0]LogConfig: Setting CVar [[r.LightShaftQuality:1]]
[2023.02.23-20.44.47:629][  0]LogConfig: Setting CVar [[r.Filter.SizeScale:1]]
[2023.02.23-20.44.47:629][  0]LogConfig: Setting CVar [[r.Tonemapper.Quality:5]]
[2023.02.23-20.44.47:629][  0]LogConfig: Setting CVar [[r.DOF.Gather.AccumulatorQuality:1        ; higher gathering accumulator quality]]
[2023.02.23-20.44.47:629][  0]LogConfig: Setting CVar [[r.DOF.Gather.PostfilterMethod:1          ; Median3x3 postfilering method]]
[2023.02.23-20.44.47:629][  0]LogConfig: Setting CVar [[r.DOF.Gather.EnableBokehSettings:0       ; no bokeh simulation when gathering]]
[2023.02.23-20.44.47:629][  0]LogConfig: Setting CVar [[r.DOF.Gather.RingCount:4                 ; medium number of samples when gathering]]
[2023.02.23-20.44.47:629][  0]LogConfig: Setting CVar [[r.DOF.Scatter.ForegroundCompositing:1    ; additive foreground scattering]]
[2023.02.23-20.44.47:629][  0]LogConfig: Setting CVar [[r.DOF.Scatter.BackgroundCompositing:2    ; additive background scattering]]
[2023.02.23-20.44.47:629][  0]LogConfig: Setting CVar [[r.DOF.Scatter.EnableBokehSettings:1      ; bokeh simulation when scattering]]
[2023.02.23-20.44.47:629][  0]LogConfig: Setting CVar [[r.DOF.Scatter.MaxSpriteRatio:0.1         ; only a maximum of 10% of scattered bokeh]]
[2023.02.23-20.44.47:629][  0]LogConfig: Setting CVar [[r.DOF.Recombine.Quality:1                ; cheap slight out of focus]]
[2023.02.23-20.44.47:629][  0]LogConfig: Setting CVar [[r.DOF.Recombine.EnableBokehSettings:0    ; no bokeh simulation on slight out of focus]]
[2023.02.23-20.44.47:629][  0]LogConfig: Setting CVar [[r.DOF.TemporalAAQuality:1                ; more stable temporal accumulation]]
[2023.02.23-20.44.47:629][  0]LogConfig: Setting CVar [[r.DOF.Kernel.MaxForegroundRadius:0.025]]
[2023.02.23-20.44.47:629][  0]LogConfig: Setting CVar [[r.DOF.Kernel.MaxBackgroundRadius:0.025]]
[2023.02.23-20.44.47:629][  0]LogConfig: Applying CVar settings from Section [TextureQuality@3] File [C:/Users/user/Documents/GitHub/testingProject/Saved/Config/Windows/Scalability.ini]
[2023.02.23-20.44.47:629][  0]LogConfig: Setting CVar [[r.Streaming.MipBias:0]]
[2023.02.23-20.44.47:629][  0]LogConfig: Setting CVar [[r.Streaming.AmortizeCPUToGPUCopy:0]]
[2023.02.23-20.44.47:629][  0]LogConfig: Setting CVar [[r.Streaming.MaxNumTexturesToStreamPerFrame:0]]
[2023.02.23-20.44.47:629][  0]LogConfig: Setting CVar [[r.Streaming.Boost:1]]
[2023.02.23-20.44.47:629][  0]LogConfig: Setting CVar [[r.MaxAnisotropy:8]]
[2023.02.23-20.44.47:629][  0]LogConfig: Setting CVar [[r.VT.MaxAnisotropy:8]]
[2023.02.23-20.44.47:629][  0]LogConfig: Setting CVar [[r.Streaming.LimitPoolSizeToVRAM:0]]
[2023.02.23-20.44.47:629][  0]LogConfig: Setting CVar [[r.Streaming.PoolSize:1000]]
[2023.02.23-20.44.47:629][  0]LogConfig: Setting CVar [[r.Streaming.MaxEffectiveScreenSize:0]]
[2023.02.23-20.44.47:629][  0]LogConfig: Applying CVar settings from Section [EffectsQuality@3] File [C:/Users/user/Documents/GitHub/testingProject/Saved/Config/Windows/Scalability.ini]
[2023.02.23-20.44.47:629][  0]LogConfig: Setting CVar [[r.TranslucencyLightingVolumeDim:64]]
[2023.02.23-20.44.47:629][  0]LogConfig: Setting CVar [[r.RefractionQuality:2]]
[2023.02.23-20.44.47:629][  0]LogConfig: Setting CVar [[r.SSR.Quality:3]]
[2023.02.23-20.44.47:630][  0]LogConfig: Setting CVar [[r.SSR.HalfResSceneColor:0]]
[2023.02.23-20.44.47:630][  0]LogConfig: Setting CVar [[r.SceneColorFormat:4]]
[2023.02.23-20.44.47:630][  0]LogConfig: Setting CVar [[r.DetailMode:2]]
[2023.02.23-20.44.47:630][  0]LogConfig: Setting CVar [[r.TranslucencyVolumeBlur:1]]
[2023.02.23-20.44.47:630][  0]LogConfig: Setting CVar [[r.MaterialQualityLevel:1 ; High quality]]
[2023.02.23-20.44.47:630][  0]LogConfig: Setting CVar [[r.AnisotropicMaterials:1]]
[2023.02.23-20.44.47:630][  0]LogConfig: Setting CVar [[r.SSS.Scale:1]]
[2023.02.23-20.44.47:630][  0]LogConfig: Setting CVar [[r.SSS.SampleSet:2]]
[2023.02.23-20.44.47:630][  0]LogConfig: Setting CVar [[r.SSS.Quality:1]]
[2023.02.23-20.44.47:630][  0]LogConfig: Setting CVar [[r.SSS.HalfRes:0]]
[2023.02.23-20.44.47:630][  0]LogConfig: Setting CVar [[r.SSGI.Quality:3]]
[2023.02.23-20.44.47:630][  0]LogConfig: Setting CVar [[r.EmitterSpawnRateScale:1.0]]
[2023.02.23-20.44.47:630][  0]LogConfig: Setting CVar [[r.ParticleLightQuality:2]]
[2023.02.23-20.44.47:630][  0]LogConfig: Setting CVar [[r.SkyAtmosphere.AerialPerspectiveLUT.FastApplyOnOpaque:1 ; Always have FastSkyLUT 1 in this case to avoid wrong sky]]
[2023.02.23-20.44.47:630][  0]LogConfig: Setting CVar [[r.SkyAtmosphere.AerialPerspectiveLUT.SampleCountMaxPerSlice:4]]
[2023.02.23-20.44.47:630][  0]LogConfig: Setting CVar [[r.SkyAtmosphere.AerialPerspectiveLUT.DepthResolution:16.0]]
[2023.02.23-20.44.47:630][  0]LogConfig: Setting CVar [[r.SkyAtmosphere.FastSkyLUT:1]]
[2023.02.23-20.44.47:630][  0]LogConfig: Setting CVar [[r.SkyAtmosphere.FastSkyLUT.SampleCountMin:4.0]]
[2023.02.23-20.44.47:630][  0]LogConfig: Setting CVar [[r.SkyAtmosphere.FastSkyLUT.SampleCountMax:128.0]]
[2023.02.23-20.44.47:630][  0]LogConfig: Setting CVar [[r.SkyAtmosphere.SampleCountMin:4.0]]
[2023.02.23-20.44.47:630][  0]LogConfig: Setting CVar [[r.SkyAtmosphere.SampleCountMax:128.0]]
[2023.02.23-20.44.47:630][  0]LogConfig: Setting CVar [[r.SkyAtmosphere.TransmittanceLUT.UseSmallFormat:0]]
[2023.02.23-20.44.47:630][  0]LogConfig: Setting CVar [[r.SkyAtmosphere.TransmittanceLUT.SampleCount:10.0]]
[2023.02.23-20.44.47:630][  0]LogConfig: Setting CVar [[r.SkyAtmosphere.MultiScatteringLUT.SampleCount:15.0]]
[2023.02.23-20.44.47:630][  0]LogConfig: Setting CVar [[r.SkyLight.RealTimeReflectionCapture:1]]
[2023.02.23-20.44.47:630][  0]LogConfig: Setting CVar [[fx.Niagara.QualityLevel:3]]
[2023.02.23-20.44.47:630][  0]LogConfig: Applying CVar settings from Section [FoliageQuality@3] File [C:/Users/user/Documents/GitHub/testingProject/Saved/Config/Windows/Scalability.ini]
[2023.02.23-20.44.47:630][  0]LogConfig: Setting CVar [[foliage.DensityScale:1.0]]
[2023.02.23-20.44.47:630][  0]LogConfig: Setting CVar [[grass.DensityScale:1.0]]
[2023.02.23-20.44.47:630][  0]LogConfig: Applying CVar settings from Section [ShadingQuality@3] File [C:/Users/user/Documents/GitHub/testingProject/Saved/Config/Windows/Scalability.ini]
[2023.02.23-20.44.47:630][  0]LogConfig: Setting CVar [[r.HairStrands.SkyLighting.IntegrationType:2]]
[2023.02.23-20.44.47:630][  0]LogConfig: Setting CVar [[r.HairStrands.SkyAO.SampleCount:4]]
[2023.02.23-20.44.47:630][  0]LogConfig: Setting CVar [[r.HairStrands.Visibility.MSAA.SamplePerPixel:4]]
[2023.02.23-20.44.47:630][  0]LogConfig: Setting CVar [[r.HairStrands.Interpolation.UseSingleGuide:0]]
[2023.02.23-20.44.47:630][  0]LogConfig: Applying CVar settings from Section [Startup] File [../../../Engine/Config/ConsoleVariables.ini]
[2023.02.23-20.44.47:650][  0]LogConfig: Setting CVar [[net.UseAdaptiveNetUpdateFrequency:0]]
[2023.02.23-20.44.47:650][  0]LogConfig: Setting CVar [[p.chaos.AllowCreatePhysxBodies:1]]
[2023.02.23-20.44.47:650][  0]LogConfig: Setting CVar [[fx.SkipVectorVMBackendOptimizations:1]]
[2023.02.23-20.44.47:650][  0]LogConfig: Applying CVar settings from Section [ConsoleVariables] File [C:/Users/user/Documents/GitHub/testingProject/Saved/Config/Windows/Engine.ini]
[2023.02.23-20.44.47:650][  0]LogConfig: Applying CVar settings from Section [ConsoleVariables] File [C:/Users/user/Documents/GitHub/testingProject/Saved/Config/Windows/Editor.ini]
[2023.02.23-20.44.47:680][  0]LogInit: Computer: ALMOHANNAD
[2023.02.23-20.44.47:680][  0]LogInit: User: Almohannad
[2023.02.23-20.44.47:680][  0]LogInit: CPU Page size=4096, Cores=6
[2023.02.23-20.44.47:680][  0]LogInit: High frequency timer resolution =10.000000 MHz
[2023.02.23-20.44.47:680][  0]LogMemory: Memory total: Physical=15.9GB (16GB approx)
[2023.02.23-20.44.47:688][  0]LogMemory: Platform Memory Stats for Windows
[2023.02.23-20.44.47:688][  0]LogMemory: Process Physical Memory: 145.24 MB used, 145.25 MB peak
[2023.02.23-20.44.47:688][  0]LogMemory: Process Virtual Memory: 112.50 MB used, 112.50 MB peak
[2023.02.23-20.44.47:688][  0]LogMemory: Physical Memory: 6542.13 MB used,  9755.39 MB free, 16297.52 MB total
[2023.02.23-20.44.47:688][  0]LogMemory: Virtual Memory: 134198480.00 MB used,  19244.25 MB free, 134217728.00 MB total
[2023.02.23-20.44.47:704][  0]LogWindows: WindowsPlatformFeatures enabled
[2023.02.23-20.44.48:593][  0]LogInit: Physics initialised using underlying interface: PhysX
[2023.02.23-20.44.48:619][  0]LogInit: Using OS detected language (en-US).
[2023.02.23-20.44.48:619][  0]LogInit: Using OS detected locale (en-US).
[2023.02.23-20.44.48:655][  0]LogTextLocalizationManager: No specific localization for 'en-US' exists, so the 'en' localization will be used.
[2023.02.23-20.44.49:249][  0]LogInit: Setting process to per monitor DPI aware
[2023.02.23-20.44.49:400][  0]LogWindowsTextInputMethodSystem: Display: IME system deactivated.
[2023.02.23-20.44.49:805][  0]LogSlate: New Slate User Created.  User Index 0, Is Virtual User: 0
[2023.02.23-20.44.49:805][  0]LogSlate: Slate User Registered.  User Index 0, Is Virtual User: 0
[2023.02.23-20.44.53:148][  0]LogD3D11RHI: Loaded GFSDK_Aftermath_Lib.x64.dll
[2023.02.23-20.44.53:167][  0]LogHMD: Failed to initialize OpenVR with code 110
[2023.02.23-20.44.53:167][  0]LogD3D11RHI: D3D11 min allowed feature level: 11_0
[2023.02.23-20.44.53:167][  0]LogD3D11RHI: D3D11 max allowed feature level: 11_0
[2023.02.23-20.44.53:167][  0]LogD3D11RHI: D3D11 adapters:
[2023.02.23-20.44.53:280][  0]LogD3D11RHI:    0. 'NVIDIA GeForce RTX 3070 Ti' (Feature Level 11_0)
[2023.02.23-20.44.53:280][  0]LogD3D11RHI:       8031/0/8148 MB DedicatedVideo/DedicatedSystem/SharedSystem, Outputs:2, VendorId:0x10de
[2023.02.23-20.44.53:282][  0]LogD3D11RHI:    1. 'Microsoft Basic Render Driver' (Feature Level 11_0)
[2023.02.23-20.44.53:282][  0]LogD3D11RHI:       0/0/8148 MB DedicatedVideo/DedicatedSystem/SharedSystem, Outputs:0, VendorId:0x1414
[2023.02.23-20.44.53:282][  0]LogD3D11RHI: Chosen D3D11 Adapter:
[2023.02.23-20.44.53:282][  0]LogD3D11RHI:     Description : NVIDIA GeForce RTX 3070 Ti
[2023.02.23-20.44.53:282][  0]LogD3D11RHI:     VendorId    : 10de
[2023.02.23-20.44.53:282][  0]LogD3D11RHI:     DeviceId    : 2482
[2023.02.23-20.44.53:282][  0]LogD3D11RHI:     SubSysId    : 50531462
[2023.02.23-20.44.53:282][  0]LogD3D11RHI:     Revision    : 00a1
[2023.02.23-20.44.53:282][  0]LogD3D11RHI:     DedicatedVideoMemory : 8421113856 bytes
[2023.02.23-20.44.53:282][  0]LogD3D11RHI:     DedicatedSystemMemory : 0 bytes
[2023.02.23-20.44.53:282][  0]LogD3D11RHI:     SharedSystemMemory : 8544593920 bytes
[2023.02.23-20.44.53:282][  0]LogD3D11RHI:     AdapterLuid : 0 48501
[2023.02.23-20.44.53:301][  0]LogD3D11RHI: Creating new Direct3DDevice
[2023.02.23-20.44.53:301][  0]LogD3D11RHI:     GPU DeviceId: 0x2482 (for the marketing name, search the web for "GPU Device Id")
[2023.02.23-20.44.53:301][  0]LogWindows: EnumDisplayDevices:
[2023.02.23-20.44.53:301][  0]LogWindows:    0. 'NVIDIA GeForce RTX 3070 Ti' (P:1 D:1)
[2023.02.23-20.44.53:301][  0]LogWindows:    1. 'NVIDIA GeForce RTX 3070 Ti' (P:0 D:1)
[2023.02.23-20.44.53:301][  0]LogWindows:    2. 'NVIDIA GeForce RTX 3070 Ti' (P:0 D:0)
[2023.02.23-20.44.53:302][  0]LogWindows:    3. 'NVIDIA GeForce RTX 3070 Ti' (P:0 D:0)
[2023.02.23-20.44.53:302][  0]LogWindows: DebugString: FoundDriverCount:4 
[2023.02.23-20.44.53:302][  0]LogD3D11RHI:     Adapter Name: NVIDIA GeForce RTX 3070 Ti
[2023.02.23-20.44.53:302][  0]LogD3D11RHI:   Driver Version: 528.02 (internal:31.0.15.2802, unified:528.02)
[2023.02.23-20.44.53:302][  0]LogD3D11RHI:      Driver Date: 12-22-2022
[2023.02.23-20.44.53:302][  0]LogRHI: Texture pool is 5621 MB (70% of 8031 MB)
[2023.02.23-20.44.53:302][  0]LogD3D11RHI: Creating D3DDevice using adapter:
[2023.02.23-20.44.53:302][  0]LogD3D11RHI:     Description : NVIDIA GeForce RTX 3070 Ti
[2023.02.23-20.44.53:302][  0]LogD3D11RHI:     VendorId    : 10de
[2023.02.23-20.44.53:302][  0]LogD3D11RHI:     DeviceId    : 2482
[2023.02.23-20.44.53:302][  0]LogD3D11RHI:     SubSysId    : 50531462
[2023.02.23-20.44.53:302][  0]LogD3D11RHI:     Revision    : 00a1
[2023.02.23-20.44.53:302][  0]LogD3D11RHI:     DedicatedVideoMemory : 8421113856 bytes
[2023.02.23-20.44.53:302][  0]LogD3D11RHI:     DedicatedSystemMemory : 0 bytes
[2023.02.23-20.44.53:302][  0]LogD3D11RHI:     SharedSystemMemory : 8544593920 bytes
[2023.02.23-20.44.53:302][  0]LogD3D11RHI:     AdapterLuid : 0 48501
[2023.02.23-20.44.53:391][  0]LogD3D11RHI: RHI has support for 64 bit atomics
[2023.02.23-20.44.53:399][  0]LogD3D11RHI: Async texture creation enabled
[2023.02.23-20.44.53:399][  0]LogD3D11RHI: Array index from any shader is supported
[2023.02.23-20.44.53:843][  0]LogD3D11RHI: GPU Timing Frequency: 1000.000000 (Debug: 2 1)
[2023.02.23-20.44.54:019][  0]LogRHI: GeForceNow SDK initialized: 1
[2023.02.23-20.44.54:898][  0]LogTargetPlatformManager: Display: Loaded TargetPlatform 'AllDesktop'
[2023.02.23-20.44.54:952][  0]LogTargetPlatformManager: Display: Loaded TargetPlatform 'Android'
[2023.02.23-20.44.54:952][  0]LogTargetPlatformManager: Display: Loaded TargetPlatform 'Android_ASTC'
[2023.02.23-20.44.54:952][  0]LogTargetPlatformManager: Display: Loaded TargetPlatform 'Android_DXT'
[2023.02.23-20.44.54:952][  0]LogTargetPlatformManager: Display: Loaded TargetPlatform 'Android_ETC2'
[2023.02.23-20.44.54:952][  0]LogTargetPlatformManager: Display: Loaded TargetPlatform 'AndroidClient'
[2023.02.23-20.44.54:952][  0]LogTargetPlatformManager: Display: Loaded TargetPlatform 'Android_ASTCClient'
[2023.02.23-20.44.54:952][  0]LogTargetPlatformManager: Display: Loaded TargetPlatform 'Android_DXTClient'
[2023.02.23-20.44.54:952][  0]LogTargetPlatformManager: Display: Loaded TargetPlatform 'Android_ETC2Client'
[2023.02.23-20.44.54:952][  0]LogTargetPlatformManager: Display: Loaded TargetPlatform 'Android_Multi'
[2023.02.23-20.44.54:952][  0]LogTargetPlatformManager: Display: Loaded TargetPlatform 'Android_MultiClient'
[2023.02.23-20.44.55:070][  0]LogTargetPlatformManager: Display: Loaded TargetPlatform 'IOSClient'
[2023.02.23-20.44.55:070][  0]LogTargetPlatformManager: Display: Loaded TargetPlatform 'IOS'
[2023.02.23-20.44.55:122][  0]LogTargetPlatformManager: Display: Loaded TargetPlatform 'Linux'
[2023.02.23-20.44.55:142][  0]LogTargetPlatformManager: Display: Loaded TargetPlatform 'LinuxNoEditor'
[2023.02.23-20.44.55:162][  0]LogTargetPlatformManager: Display: Loaded TargetPlatform 'LinuxClient'
[2023.02.23-20.44.55:183][  0]LogTargetPlatformManager: Display: Loaded TargetPlatform 'LinuxServer'
[2023.02.23-20.44.55:221][  0]LogTargetPlatformManager: Display: Loaded TargetPlatform 'LinuxAArch64NoEditor'
[2023.02.23-20.44.55:250][  0]LogTargetPlatformManager: Display: Loaded TargetPlatform 'LinuxAArch64Client'
[2023.02.23-20.44.55:280][  0]LogTargetPlatformManager: Display: Loaded TargetPlatform 'LinuxAArch64Server'
[2023.02.23-20.44.55:328][  0]LogTargetPlatformManager: Display: Loaded TargetPlatform 'Lumin'
[2023.02.23-20.44.55:328][  0]LogTargetPlatformManager: Display: Loaded TargetPlatform 'LuminClient'
[2023.02.23-20.44.55:371][  0]LogTargetPlatformManager: Display: Loaded TargetPlatform 'MacNoEditor'
[2023.02.23-20.44.55:391][  0]LogTargetPlatformManager: Display: Loaded TargetPlatform 'Mac'
[2023.02.23-20.44.55:417][  0]LogTargetPlatformManager: Display: Loaded TargetPlatform 'MacClient'
[2023.02.23-20.44.55:436][  0]LogTargetPlatformManager: Display: Loaded TargetPlatform 'MacServer'
[2023.02.23-20.44.55:470][  0]LogTargetPlatformManager: Display: Loaded TargetPlatform 'TVOSClient'
[2023.02.23-20.44.55:470][  0]LogTargetPlatformManager: Display: Loaded TargetPlatform 'TVOS'
[2023.02.23-20.44.55:514][  0]LogTargetPlatformManager: Display: Loaded TargetPlatform 'WindowsNoEditor'
[2023.02.23-20.44.55:545][  0]LogTargetPlatformManager: Display: Loaded TargetPlatform 'Windows'
[2023.02.23-20.44.55:577][  0]LogTargetPlatformManager: Display: Loaded TargetPlatform 'WindowsClient'
[2023.02.23-20.44.55:606][  0]LogTargetPlatformManager: Display: Loaded TargetPlatform 'WindowsServer'
[2023.02.23-20.44.55:606][  0]LogTargetPlatformManager: Display: Building Assets For Windows
[2023.02.23-20.44.55:774][  0]LogAudioDebug: Display: Lib vorbis DLL was dynamically loaded.
[2023.02.23-20.44.56:114][  0]LogTextureFormatOodle: Display: Oodle Texture 2.9.0 init RDO Off
[2023.02.23-20.44.56:821][  0]LogRendererCore: Ray tracing is disabled. Reason: r.RayTracing=0.
[2023.02.23-20.44.56:854][  0]LogShaderCompilers: Guid format shader working directory is -1 characters bigger than the processId version (C:/Users/user/Documents/GitHub/testingProject/Intermediate/Shaders/WorkingDirectory/14688/).
[2023.02.23-20.44.56:855][  0]LogShaderCompilers: Cleaned the shader compiler working directory 'C:/Users/user/AppData/Local/Temp/UnrealShaderWorkingDir/16E7ABA7423D06B4C676AFA8F1022119/'.
[2023.02.23-20.44.56:875][  0]LogXGEController: Cannot use XGE Controller as Incredibuild is not installed on this machine.
[2023.02.23-20.44.56:876][  0]LogShaderCompilers: Cannot use XGE Shader Compiler as Incredibuild is not installed on this machine.
[2023.02.23-20.44.56:876][  0]LogShaderCompilers: Display: Using Local Shader Compiler.
[2023.02.23-20.45.01:579][  0]LogDerivedDataCache: Display: Max Cache Size: 512 MB
[2023.02.23-20.45.01:681][  0]LogDerivedDataCache: Loaded boot cache 0.10s 98MB C:/Users/user/AppData/Local/UnrealEngine/4.27/DerivedDataCache/Boot.ddc.
[2023.02.23-20.45.01:682][  0]LogDerivedDataCache: Display: Loaded Boot cache: C:/Users/user/AppData/Local/UnrealEngine/4.27/DerivedDataCache/Boot.ddc
[2023.02.23-20.45.01:682][  0]LogDerivedDataCache: FDerivedDataBackendGraph:  Pak pak cache file C:/Users/user/Documents/GitHub/testingProject/DerivedDataCache/DDC.ddp not found, will not use a pak cache.
[2023.02.23-20.45.01:682][  0]LogDerivedDataCache: Unable to find inner node Pak for hierarchical cache Hierarchy.
[2023.02.23-20.45.01:682][  0]LogDerivedDataCache: FDerivedDataBackendGraph:  CompressedPak pak cache file C:/Users/user/Documents/GitHub/testingProject/DerivedDataCache/Compressed.ddp not found, will not use a pak cache.
[2023.02.23-20.45.01:682][  0]LogDerivedDataCache: Unable to find inner node CompressedPak for hierarchical cache Hierarchy.
[2023.02.23-20.45.01:753][  0]LogDerivedDataCache: Display: Pak cache opened for reading ../../../Engine/DerivedDataCache/Compressed.ddp.
[2023.02.23-20.45.01:753][  0]LogDerivedDataCache: FDerivedDataBackendGraph:  EnterprisePak pak cache file ../../../Enterprise/DerivedDataCache/Compressed.ddp not found, will not use a pak cache.
[2023.02.23-20.45.01:753][  0]LogDerivedDataCache: Unable to find inner node EnterprisePak for hierarchical cache Hierarchy.
[2023.02.23-20.45.01:807][  0]LogDerivedDataCache: Speed tests for C:/Users/user/AppData/Local/UnrealEngine/Common/DerivedDataCache took 0.06 seconds
[2023.02.23-20.45.01:807][  0]LogDerivedDataCache: Display: Performance to C:/Users/user/AppData/Local/UnrealEngine/Common/DerivedDataCache: Latency=0.15ms. RandomReadSpeed=19.23MBs, RandomWriteSpeed=192.10MBs. Assigned SpeedClass 'Local'
[2023.02.23-20.45.01:808][  0]LogDerivedDataCache: Using Local data cache path C:/Users/user/AppData/Local/UnrealEngine/Common/DerivedDataCache: Writable
[2023.02.23-20.45.01:808][  0]LogDerivedDataCache: Shared data cache path not found in *engine.ini, will not use an Shared cache.
[2023.02.23-20.45.01:808][  0]LogDerivedDataCache: Unable to find inner node Shared for hierarchical cache Hierarchy.
[2023.02.23-20.45.01:955][  0]LogSlate: Using FreeType 2.10.0
[2023.02.23-20.45.02:038][  0]LogSlate: SlateFontServices - WITH_FREETYPE: 1, WITH_HARFBUZZ: 1
[2023.02.23-20.45.02:772][  0]LogAssetRegistry: FAssetRegistry took 0.0106 seconds to start up
[2023.02.23-20.45.11:976][  0]LogInit: Selected Device Profile: [Windows]
[2023.02.23-20.45.11:976][  0]LogInit: Active device profile: [000001873FB4FE00][000001873F391680 49] Windows
[2023.02.23-20.45.11:976][  0]LogInit: Profiles: [000001873FB4FE00][000001873F391680 49] Windows, [000001873FB0C300][000001873F39F800 49] WindowsNoEditor, [000001873FB4C400][000001873F3A3980 49] WindowsServer, [000001873FB0D900][000001873F3A7B00 49] WindowsClient, [000001873FB4D800][000001873F3AA100 49] IOS, [000001873FB0CF00][00000187403C0280 49] iPadAir, [000001873FB4E100][000001873F3943C0 49] iPadAir2, [000001873FAC4200][00000187403CE600 49] IPadPro, [000001873FAC4300][00000187403C4640 49] iPadAir3, [000001873FB4F900][00000187403D8780 49] iPadAir4, [000001873FAC7800][00000187403E0900 49] iPadMini2, [000001873FB4C700][00000187403E4A80 49] iPadMini3, [000001873FAC5300][00000187403E8C00 49] iPadMini4, [000001873FB4D900][00000187403ECD80 49] iPadMini5, [000001873FB0BA00][00000187403F5040 49] iPhone6, [000001873FB0BB00][00000187403F1080 49] iPodTouch6, [000001873FAC7200][00000187403FD340 49] iPhone7, [000001873FAC7100][00000187403F9380 49] iPodTouch7, [000001873FB08800][0000018740401500 49] iPhone5S, [000001873FAC4100][0000018740405680 49] iPhone6Plus, [000001873FB0AF00][0000018740409800 49] iPhone6S, [000001873FAC7D00][000001874040D980 49] iPhone6SPlus, [000001873FB09200][0000018740411B00 49] iPhone7Plus, [000001873FAC6500][0000018740414100 49] iPhoneSE, [000001873FB0A600][0000018740418280 49] iPhone8, [000001873FAC4D00][000001874041C400 49] iPhone8Plus, [000001873FB0B300][0000018740420580 49] iPhoneX, [000001873FAC4900][00000187403DC6C0 49] iPhoneXS, [000001873FB08E00][0000018740424800 49] iPhoneXSMax, [000001873FAC5100][0000018740428940 49] iPhoneXR, [000001873FB0BD00][0000018740430AC0 49] iPhone11, [000001873FAC6700][0000018740434C40 49] iPhone11Pro, [000001873FB08400][0000018740438DC0 49] iPhone11ProMax, [000001873FAC5A00][000001874043CF40 49] iPhoneSE2, [000001873FB09E00][00000187404410C0 49] iPhone12Mini, [000001873FAC6000][0000018740445240 49] iPhone12, [000001873FB09C00][00000187404493C0 49] iPhone12Pro, [000001873FAC6C00][000001874044D540 49] iPhone12ProMax, [000001873FB08D00][00000187404516C0 49] iPadPro105, [000001873FAC7B00][0000018740455840 49] iPadPro129, [000001873FB09F00][00000187404599C0 49] iPadPro97, [000001873FAC6300][000001874045DB40 49] iPadPro2_129, [000001873FB0A700][0000018740460140 49] iPad5, [000001873FAC4E00][00000187404642C0 49] iPad6, [000001873FB09D00][0000018740468440 49] iPad7, [000001873FAC6400][000001874046C5C0 49] iPad8, [000001873FB09000][0000018740470740 49] iPadPro11, [000001873FAC4500][000001874042C880 49] iPadPro2_11, [000001873FB0AB00][00000187404749C0 49] iPadPro3_129, [000001873FAC4B00][0000018740478B00 49] iPadPro4_129, [000001873FB0A900][000001874047CC40 49] AppleTV, [000001873FAC7E00][0000018740484DC0 49] AppleTV4K, [000001873FB0BE00][0000018740488F40 49] TVOS, [000001873FAC7400][000001874048D0C0 49] Mac, [000001873FB08C00][0000018740491240 49] MacClient, [000001873FAC5900][00000187404953C0 49] MacNoEditor, [000001873FB0AE00][0000018740499540 49] MacServer, [000001873FAC7000][000001874049D6C0 49] Linux, [000001873FB0A400][00000187404A1840 49] LinuxAArch64, [000001873FAC5B00][00000187404A59C0 49] LinuxNoEditor, [000001873FB0B400][00000187404A9B40 49] LinuxAArch64NoEditor, [000001873FAC6200][00000187404AC140 49] LinuxClient, [000001873FB0AD00][00000187404B02C0 49] LinuxAArch64Client, [000001873FAC4F00][00000187404B4440 49] LinuxServer, [000001873FB09300][00000187404B85C0 49] LinuxAArch64Server, [000001873FB0C800][00000187404BC740 49] Android, [000001873FE6D000][00000187404C08C0 49] Android_Low, [000001873FB0F200][0000018740480A00 49] Android_Mid, [000001873FE6C700][00000187404C4B40 49] Android_High, [000001873FB0CE00][00000187404C8C80 49] Android_Default, [000001873FE6DF00][00000187404CCDC0 49] Android_Adreno4xx, [000001873FB0DF00][00000187404D4F40 49] Android_Adreno5xx_Low, [000001873FE6EE00][00000187404D90C0 49] Android_Adreno5xx, [000001873FB0DD00][00000187404DD240 49] Android_Adreno6xx, [000001873FE6D300][00000187404E13C0 49] Android_Adreno6xx_Vulkan, [000001873FB0E300][00000187404E5540 49] Android_Mali_T6xx, [000001873FE6D800][00000187404E96C0 49] Android_Mali_T7xx, [000001873FB0D400][00000187404ED840 49] Android_Mali_T8xx, [000001873FE6DA00][00000187404F19C0 49] Android_Mali_G71, [000001873FB0EC00][00000187404F5B40 49] Android_Mali_G72, [000001873FE6C600][00000187404F8140 49] Android_Mali_G72_Vulkan, [000001873FB0D100][00000187404FC2C0 49] Android_Mali_G76, [000001873FE6E200][0000018740500440 49] Android_Mali_G76_Vulkan, [000001873FB0CB00][00000187405045C0 49] Android_Mali_G77, [000001873FE6E300][0000018740508740 49] Android_Mali_G77_Vulkan, [000001873FB0D800][000001874050C8C0 49] Android_Mali_G78, [000001873FE6EA00][0000018740510A40 49] Android_Mali_G78_Vulkan, [000001873FB0F000][0000018740514BC0 49] Android_Mali_G710, [000001873FE6CA00][00000187404D0D00 49] Android_Mali_G710_Vulkan, [000001873FB0E100][0000018740518E40 49] Android_Vulkan_SM5, [000001873FE6EB00][000001874051CF80 49] Android_PowerVR_G6xxx, [000001873FB09900][0000018740525100 49] Android_PowerVR_GT7xxx, [000001873FE6E500][0000018740529280 49] Android_PowerVR_GE8xxx, [000001873FB0B500][000001874052D400 49] Android_PowerVR_GM9xxx, [000001873FE6F100][0000018740531580 49] Android_PowerVR_GM9xxx_Vulkan, [000001873FB0B100][0000018740535700 49] Android_TegraK1, [000001873FE6C400][0000018740539880 49] Android_Unknown_Vulkan, [000001873FB09600][000001874053DA00 49] Lumin, [000001873FE6D100][0000018740541B80 49] Lumin_Desktop, [000001873FB09100][0000018740544180 49] HoloLens, 
[2023.02.23-20.45.12:978][  0]LogMeshReduction: Using QuadricMeshReduction for automatic static mesh reduction
[2023.02.23-20.45.12:978][  0]LogMeshReduction: Using SimplygonMeshReduction for automatic skeletal mesh reduction
[2023.02.23-20.45.12:978][  0]LogMeshReduction: Using ProxyLODMeshReduction for automatic mesh merging
[2023.02.23-20.45.12:978][  0]LogMeshReduction: No distributed automatic mesh merging module available
[2023.02.23-20.45.12:989][  0]LogMeshMerging: No distributed automatic mesh merging module available
[2023.02.23-20.45.13:402][  0]LogNetVersion: FirstProject 1.0.0, NetCL: 17155196, EngineNetVer: 17, GameNetVer: 0 (Checksum: 1409045027)
[2023.02.23-20.45.25:468][  0]LogAssetRegistry: Error: Package C:/Users/user/Documents/GitHub/testingProject/Content/TheCharecter/HealthBar/HealthWidge.uasset has malformed tag
[2023.02.23-20.45.25:468][  0]LogTexture: Default maximum texture size for cubemaps generated from long-lat sources has been changed from 512 to unlimited. In order to preserve old behaiour for '/Engine/MapTemplates/Sky/DaylightAmbientCubemap.DaylightAmbientCubemap', its maximum texture size has been explicitly set to 512.
[2023.02.23-20.45.27:524][  0]LogHMD: PokeAHoleMaterial loaded successfully
[2023.02.23-20.45.27:827][  0]LogUObjectArray: 18271 objects as part of root set at end of initial load.
[2023.02.23-20.45.27:828][  0]LogUObjectAllocator: 4729056 out of 0 bytes used by permanent object pool.
[2023.02.23-20.45.27:828][  0]LogUObjectArray: CloseDisregardForGC: 0/0 objects in disregard for GC pool
[2023.02.23-20.45.32:037][  0]LogPython: Using Python 3.7.7
[2023.02.23-20.45.33:410][  0]LogNiagaraDebuggerClient: Niagara Debugger Client Initialized | Session: 43833C864BDFAAC054FD8C9982DB88E1 | Instance: 99F9B73748C67EFFFFCE3A9EF6CCBB2E (ALMOHANNAD-14688).
[2023.02.23-20.45.34:819][  0]LogTcpMessaging: Initializing TcpMessaging bridge
[2023.02.23-20.45.34:853][  0]LogUdpMessaging: Initializing bridge on interface 0.0.0.0:0 to multicast group 230.0.0.1:6666.
[2023.02.23-20.45.38:504][  0]LogOpenImageDenoise: OIDN starting up
[2023.02.23-20.45.38:557][  0]SourceControl: Source control is disabled
[2023.02.23-20.45.38:557][  0]SourceControl: Source control is disabled
[2023.02.23-20.45.38:638][  0]SourceControl: Source control is disabled
[2023.02.23-20.45.38:669][  0]SourceControl: Source control is disabled
[2023.02.23-20.45.38:728][  0]SourceControl: Source control is disabled
[2023.02.23-20.45.38:776][  0]LogUProjectInfo: Found projects:
[2023.02.23-20.45.38:779][  0]LogVSAccessor: Display: Unable to create Visual Studio setup instance: 80040154
[2023.02.23-20.45.38:780][  0]LogVSAccessor: Display: Unable to create Visual Studio setup instance: 80040154
[2023.02.23-20.45.38:780][  0]LogVSAccessor: Display: Unable to create Visual Studio setup instance: 80040154
[2023.02.23-20.45.39:139][  0]LogAndroidPermission: UAndroidPermissionCallbackProxy::GetInstance
[2023.02.23-20.45.39:300][  0]LogAudioCaptureCore: Display: No Audio Capture implementations found. Audio input will be silent.
[2023.02.23-20.45.39:300][  0]LogAudioCaptureCore: Display: No Audio Capture implementations found. Audio input will be silent.
[2023.02.23-20.45.40:143][  0]LogCollectionManager: Loaded 0 collections in 0.001167 seconds
[2023.02.23-20.45.40:267][  0]LogFileCache: Scanning file cache for directory 'C:/Users/user/Documents/GitHub/testingProject/Saved/Collections/' took 0.00s
[2023.02.23-20.45.40:267][  0]LogFileCache: Scanning file cache for directory 'C:/Users/user/Documents/GitHub/testingProject/Content/Developers/Almohannad/Collections/' took 0.00s
[2023.02.23-20.45.40:267][  0]LogFileCache: Scanning file cache for directory 'C:/Users/user/Documents/GitHub/testingProject/Content/Collections/' took 0.00s
[2023.02.23-20.45.40:267][  0]LogOcInput: OculusInput pre-init called
[2023.02.23-20.45.41:331][  0]LogClass: Display: IntProperty FPhysicsConvexData::NumVertices is not initialized properly. Module:MeshModelingTools File:Public/Physics/CollisionPropertySets.h
[2023.02.23-20.45.41:339][  0]LogClass: Display: IntProperty FPhysicsConvexData::NumFaces is not initialized properly. Module:MeshModelingTools File:Public/Physics/CollisionPropertySets.h
[2023.02.23-20.45.41:339][  0]LogClass: Display: FloatProperty FPhysicsCapsuleData::Radius is not initialized properly. Module:MeshModelingTools File:Public/Physics/CollisionPropertySets.h
[2023.02.23-20.45.41:339][  0]LogClass: Display: FloatProperty FPhysicsCapsuleData::Length is not initialized properly. Module:MeshModelingTools File:Public/Physics/CollisionPropertySets.h
[2023.02.23-20.45.41:339][  0]LogClass: Display: StructProperty FPhysicsBoxData::Dimensions is not initialized properly. Module:MeshModelingTools File:Public/Physics/CollisionPropertySets.h
[2023.02.23-20.45.41:339][  0]LogClass: Display: FloatProperty FPhysicsSphereData::Radius is not initialized properly. Module:MeshModelingTools File:Public/Physics/CollisionPropertySets.h
[2023.02.23-20.45.41:340][  0]LogClass: Display: EnumProperty FLODLevelGenerateSettings::TargetMode is not initialized properly. Module:MeshModelingToolsEditorOnly File:Public/GenerateLODMeshesTool.h
[2023.02.23-20.45.41:340][  0]LogClass: Display: IntProperty FLODLevelGenerateSettings::TargetPercentage is not initialized properly. Module:MeshModelingToolsEditorOnly File:Public/GenerateLODMeshesTool.h
[2023.02.23-20.45.41:340][  0]LogClass: Display: IntProperty FLODLevelGenerateSettings::TargetCount is not initialized properly. Module:MeshModelingToolsEditorOnly File:Public/GenerateLODMeshesTool.h
[2023.02.23-20.45.41:340][  0]LogClass: Display: 9 Uninitialized script struct members found including 0 object properties
[2023.02.23-20.45.41:452][  0]LogEngine: Initializing Engine...
[2023.02.23-20.45.41:565][  0]LogHMD: Failed to enumerate extensions. Please check that you have a valid OpenXR runtime installed.
[2023.02.23-20.45.41:566][  0]LogHMD: Failed to initialize OpenVR with code 110
[2023.02.23-20.45.41:572][  0]LogMagicLeap: Warning: VR disabled because ZI is not enabled.  To enable, in the editor, Edit -> Project Settings -> Plugins -> Magic Leap Plugin -> Enable Zero Iteration
[2023.02.23-20.45.41:594][  0]LogStylusInput: Initializing StylusInput subsystem.
[2023.02.23-20.45.41:634][  0]LogStats: UGameplayTagsManager::InitializeManager -  0.002 s
[2023.02.23-20.45.41:774][  0]LogInit: Initializing FReadOnlyCVARCache
[2023.02.23-20.45.42:122][  0]LogAIModule: Creating AISystem for world Untitled
[2023.02.23-20.45.42:195][  0]LogAudio: Display: Initializing Audio Device Manager...
[2023.02.23-20.45.42:231][  0]LogAudio: Display: Loading Default Audio Settings Objects...
[2023.02.23-20.45.42:242][  0]LogAudio: Display: No default SoundConcurrencyObject specified (or failed to load).
[2023.02.23-20.45.42:264][  0]LogAudio: Display: Audio Device Manager Initialized
[2023.02.23-20.45.42:264][  0]LogAudio: Display: Creating Audio Device:                 Id: 1, Scope: Shared, Realtime: True
[2023.02.23-20.45.42:272][  0]LogAudioMixer: Display: Audio Mixer Platform Settings:
[2023.02.23-20.45.42:272][  0]LogAudioMixer: Display: 	Sample Rate:						  48000
[2023.02.23-20.45.42:272][  0]LogAudioMixer: Display: 	Callback Buffer Frame Size Requested: 1024
[2023.02.23-20.45.42:272][  0]LogAudioMixer: Display: 	Callback Buffer Frame Size To Use:	  1024
[2023.02.23-20.45.42:272][  0]LogAudioMixer: Display: 	Number of buffers to queue:			  2
[2023.02.23-20.45.42:272][  0]LogAudioMixer: Display: 	Max Channels (voices):				  32
[2023.02.23-20.45.42:272][  0]LogAudioMixer: Display: 	Number of Async Source Workers:		  0
[2023.02.23-20.45.42:279][  0]LogAudio: Display: AudioDevice MaxSources: 32
[2023.02.23-20.45.42:285][  0]LogAudio: Display: Audio Spatialization Plugin: None (built-in).
[2023.02.23-20.45.42:285][  0]LogAudio: Display: Audio Reverb Plugin: None (built-in).
[2023.02.23-20.45.42:285][  0]LogAudio: Display: Audio Occlusion Plugin: None (built-in).
[2023.02.23-20.45.42:285][  0]LogAudioMixer: Display: Initializing audio mixer.
[2023.02.23-20.45.42:393][  0]LogAudioMixer: Display: 0: FrontLeft
[2023.02.23-20.45.42:393][  0]LogAudioMixer: Display: 1: FrontRight
[2023.02.23-20.45.42:412][  0]LogAudioMixer: Display: Using Audio Device Speakers (Realtek High Definition Audio)
[2023.02.23-20.45.42:425][  0]LogAudioMixer: Display: Initializing Sound Submixes...
[2023.02.23-20.45.42:427][  0]LogAudioMixer: Display: Creating Master Submix 'MasterSubmixDefault'
[2023.02.23-20.45.42:427][  0]LogAudioMixer: Display: Creating Master Submix 'MasterReverbSubmixDefault'
[2023.02.23-20.45.42:434][  0]LogAudioMixer: Display: Creating Master Submix 'MasterEQSubmixDefault'
[2023.02.23-20.45.42:434][  0]LogAudioMixer: FMixerPlatformXAudio2::StartAudioStream() called
[2023.02.23-20.45.42:434][  0]LogAudioMixer: Display: Output buffers initialized: Frames=1024, Channels=2, Samples=2048
[2023.02.23-20.45.42:435][  0]LogAudioMixer: Display: Starting AudioMixerPlatformInterface::RunInternal()
[2023.02.23-20.45.42:435][  0]LogAudioMixer: Display: FMixerPlatformXAudio2::SubmitBuffer() called for the first time
[2023.02.23-20.45.42:435][  0]LogInit: FAudioDevice initialized.
[2023.02.23-20.45.42:445][  0]LogAudio: Display: Audio Device (ID: 1) registered with world 'Untitled'.
[2023.02.23-20.45.42:445][  0]LogNetVersion: Set ProjectVersion to 1.0.0.0. Version Checksum will be recalculated on next use.
[2023.02.23-20.45.42:494][  0]LogDerivedDataCache: Saved boot cache 0.05s 98MB C:/Users/user/AppData/Local/UnrealEngine/4.27/DerivedDataCache/Boot.ddc.
[2023.02.23-20.45.42:494][  0]LogInit: Texture streaming: Enabled
[2023.02.23-20.45.42:619][  0]LogAnalytics: Display: [UEEditor.Rocket.Release] APIServer = https://datarouter.ol.epicgames.com/. AppVersion = 4.27.2-18319896+++UE4+Release-4.27
[2023.02.23-20.45.42:682][  0]LogEngineSessionManager: EngineSessionManager initialized
[2023.02.23-20.45.42:704][  0]LogEditorSessionSummary: Verbose: Initializing EditorSessionSummaryWriter for editor session tracking
[2023.02.23-20.45.42:717][  0]LogEditorSessionSummary: EditorSessionSummaryWriter initialized
[2023.02.23-20.45.42:875][  0]LogInit: Transaction tracking system initialized
[2023.02.23-20.45.43:148][  0]BlueprintLog: New page: Editor Load
[2023.02.23-20.45.44:085][  0]LocalizationService: Localization service is disabled
[2023.02.23-20.45.44:435][  0]TimingProfiler: Initialize
[2023.02.23-20.45.44:438][  0]TimingProfiler: OnSessionChanged
[2023.02.23-20.45.44:438][  0]LoadingProfiler: Initialize
[2023.02.23-20.45.44:439][  0]LoadingProfiler: OnSessionChanged
[2023.02.23-20.45.44:439][  0]NetworkingProfiler: Initialize
[2023.02.23-20.45.44:439][  0]NetworkingProfiler: OnSessionChanged
[2023.02.23-20.45.44:439][  0]MemoryProfiler: Initialize
[2023.02.23-20.45.44:439][  0]MemoryProfiler: OnSessionChanged
[2023.02.23-20.45.45:019][  0]LogVSAccessor: Display: Unable to create Visual Studio setup instance: 80040154
[2023.02.23-20.45.45:020][  0]LogVSAccessor: Display: Unable to create Visual Studio setup instance: 80040154
[2023.02.23-20.45.45:020][  0]LogVSAccessor: Display: Unable to create Visual Studio setup instance: 80040154
[2023.02.23-20.45.45:457][  0]LogCook: Display: CookSettings for Memory: MemoryMaxUsedVirtual 0MiB, MemoryMaxUsedPhysical 16384MiB, MemoryMinFreeVirtual 0MiB, MemoryMinFreePhysical 1024MiB
[2023.02.23-20.45.45:458][  0]LogCook: Display: Mobile HDR setting 1
[2023.02.23-20.45.46:394][  0]LogFileCache: Scanning file cache for directory 'C:/Users/user/Documents/GitHub/testingProject/Content/' took 0.07s
[2023.02.23-20.45.48:670][  0]LogInit: Display: Engine is initialized. Leaving FEngineLoop::Init()
[2023.02.23-20.45.48:738][  0]SourceControl: Source control is disabled
[2023.02.23-20.45.48:739][  0]LogUnrealEdMisc: Loading editor; pre map load, took 71.580
[2023.02.23-20.45.48:766][  0]Cmd: MAP LOAD FILE="C:/Users/user/Documents/GitHub/testingProject/Content/Levels/Level1.umap" TEMPLATE=0 SHOWPROGRESS=1 FEATURELEVEL=3
[2023.02.23-20.45.48:774][  0]LightingResults: New page: Lighting Build
[2023.02.23-20.45.48:826][  0]LogWorld: UWorld::CleanupWorld for Untitled, bSessionEnded=true, bCleanupResources=true
[2023.02.23-20.45.48:839][  0]LogSlate: InvalidateAllWidgets triggered.  All widgets were invalidated
[2023.02.23-20.45.48:881][  0]MapCheck: New page: Map Check
[2023.02.23-20.45.48:881][  0]LightingResults: New page: Lighting Build
[2023.02.23-20.45.49:062][  0]LogAudio: Display: Audio Device unregistered from world 'None'.
[2023.02.23-20.45.49:169][  0]LogUObjectHash: Compacting FUObjectHashTables data took   0.76ms
[2023.02.23-20.45.52:905][  0]LogAudio: Display: Audio Device (ID: 1) registered with world 'Level1'.
[2023.02.23-20.45.52:906][  0]LogAIModule: Creating AISystem for world Level1
[2023.02.23-20.45.54:124][  0]LogEditorServer: Finished looking for orphan Actors (0.000 secs)
[2023.02.23-20.45.54:197][  0]LogUObjectHash: Compacting FUObjectHashTables data took   1.41ms
[2023.02.23-20.45.54:216][  0]Cmd: MAP CHECKDEP NOCLEARLOG
[2023.02.23-20.45.54:216][  0]MapCheck: Map check complete: 0 Error(s), 0 Warning(s), took 0.534ms to complete.
[2023.02.23-20.45.54:216][  0]LogFileHelpers: Loading map 'Level1' took 5.459
[2023.02.23-20.45.54:782][  0]LogUnrealEdMisc: Total Editor Startup Time, took 77.623
[2023.02.23-20.45.55:228][  0]LogSlate: Updating window title bar state: overlay mode, drag disabled, window buttons hidden, title bar hidden
[2023.02.23-20.45.55:255][  0]LogSlate: Updating window title bar state: overlay mode, drag disabled, window buttons hidden, title bar hidden
[2023.02.23-20.45.55:261][  0]LogSlate: Updating window title bar state: overlay mode, drag disabled, window buttons hidden, title bar hidden
[2023.02.23-20.45.55:267][  0]LogSlate: Updating window title bar state: overlay mode, drag disabled, window buttons hidden, title bar hidden
[2023.02.23-20.45.55:976][  0]LogNativeClassHierarchy: Verbose: Native class hierarchy populated in 0.0100 seconds. Added 4260 classes and 972 folders.
[2023.02.23-20.45.56:052][  0]LogNativeClassHierarchy: Verbose: Native class hierarchy updated for 'WidgetCarousel' in 0.0002 seconds. Added 0 classes and 0 folders.
[2023.02.23-20.45.56:158][  0]LogPakFile: PakFile PrimaryIndexSize=187
[2023.02.23-20.45.56:158][  0]LogPakFile: PakFile PathHashIndexSize=101
[2023.02.23-20.45.56:158][  0]LogPakFile: PakFile FullDirectoryIndexSize=148
[2023.02.23-20.45.56:164][  0]LogShaderLibrary: Display: ShaderCodeLibraryPakFileMountedCallback: PakFile 'G:/Epic Games File/UE_4.27/FeaturePacks/FP_FirstPerson.upack' (chunk index -1, root 'root:/') mounted
[2023.02.23-20.45.56:164][  0]LogShaderLibrary: Display: ShaderCodeLibraryPakFileMountedCallback: pending pak file info (ChunkID:-1 Root:root:/ File:G:/Epic Games File/UE_4.27/FeaturePacks/FP_FirstPerson.upack)
[2023.02.23-20.45.56:164][  0]LogPakFile: OnPakFileMounted2Time == 0.005281
[2023.02.23-20.45.56:195][  0]LogPakFile: PakFile PrimaryIndexSize=189
[2023.02.23-20.45.56:195][  0]LogPakFile: PakFile PathHashIndexSize=101
[2023.02.23-20.45.56:195][  0]LogPakFile: PakFile FullDirectoryIndexSize=152
[2023.02.23-20.45.56:195][  0]LogShaderLibrary: Display: ShaderCodeLibraryPakFileMountedCallback: PakFile 'G:/Epic Games File/UE_4.27/FeaturePacks/FP_FirstPersonBP.upack' (chunk index -1, root 'root:/') mounted
[2023.02.23-20.45.56:195][  0]LogShaderLibrary: Display: ShaderCodeLibraryPakFileMountedCallback: pending pak file info (ChunkID:-1 Root:root:/ File:G:/Epic Games File/UE_4.27/FeaturePacks/FP_FirstPersonBP.upack)
[2023.02.23-20.45.56:196][  0]LogPakFile: OnPakFileMounted2Time == 0.000053
[2023.02.23-20.45.56:222][  0]LogPakFile: PakFile PrimaryIndexSize=191
[2023.02.23-20.45.56:222][  0]LogPakFile: PakFile PathHashIndexSize=101
[2023.02.23-20.45.56:222][  0]LogPakFile: PakFile FullDirectoryIndexSize=160
[2023.02.23-20.45.56:222][  0]LogShaderLibrary: Display: ShaderCodeLibraryPakFileMountedCallback: PakFile 'G:/Epic Games File/UE_4.27/FeaturePacks/MobileStarterContent.upack' (chunk index -1, root 'root:/') mounted
[2023.02.23-20.45.56:222][  0]LogShaderLibrary: Display: ShaderCodeLibraryPakFileMountedCallback: pending pak file info (ChunkID:-1 Root:root:/ File:G:/Epic Games File/UE_4.27/FeaturePacks/MobileStarterContent.upack)
[2023.02.23-20.45.56:222][  0]LogPakFile: OnPakFileMounted2Time == 0.000041
[2023.02.23-20.45.56:238][  0]LogPakFile: PakFile PrimaryIndexSize=185
[2023.02.23-20.45.56:238][  0]LogPakFile: PakFile PathHashIndexSize=101
[2023.02.23-20.45.56:238][  0]LogPakFile: PakFile FullDirectoryIndexSize=148
[2023.02.23-20.45.56:238][  0]LogShaderLibrary: Display: ShaderCodeLibraryPakFileMountedCallback: PakFile 'G:/Epic Games File/UE_4.27/FeaturePacks/StarterContent.upack' (chunk index -1, root 'root:/') mounted
[2023.02.23-20.45.56:238][  0]LogShaderLibrary: Display: ShaderCodeLibraryPakFileMountedCallback: pending pak file info (ChunkID:-1 Root:root:/ File:G:/Epic Games File/UE_4.27/FeaturePacks/StarterContent.upack)
[2023.02.23-20.45.56:238][  0]LogPakFile: OnPakFileMounted2Time == 0.000043
[2023.02.23-20.45.56:254][  0]LogPakFile: PakFile PrimaryIndexSize=190
[2023.02.23-20.45.56:254][  0]LogPakFile: PakFile PathHashIndexSize=101
[2023.02.23-20.45.56:254][  0]LogPakFile: PakFile FullDirectoryIndexSize=154
[2023.02.23-20.45.56:255][  0]LogShaderLibrary: Display: ShaderCodeLibraryPakFileMountedCallback: PakFile 'G:/Epic Games File/UE_4.27/FeaturePacks/TP_2DSideScroller.upack' (chunk index -1, root 'root:/') mounted
[2023.02.23-20.45.56:255][  0]LogShaderLibrary: Display: ShaderCodeLibraryPakFileMountedCallback: pending pak file info (ChunkID:-1 Root:root:/ File:G:/Epic Games File/UE_4.27/FeaturePacks/TP_2DSideScroller.upack)
[2023.02.23-20.45.56:255][  0]LogPakFile: OnPakFileMounted2Time == 0.000040
[2023.02.23-20.45.56:262][  0]LogPakFile: PakFile PrimaryIndexSize=192
[2023.02.23-20.45.56:262][  0]LogPakFile: PakFile PathHashIndexSize=101
[2023.02.23-20.45.56:262][  0]LogPakFile: PakFile FullDirectoryIndexSize=158
[2023.02.23-20.45.56:262][  0]LogShaderLibrary: Display: ShaderCodeLibraryPakFileMountedCallback: PakFile 'G:/Epic Games File/UE_4.27/FeaturePacks/TP_2DSideScrollerBP.upack' (chunk index -1, root 'root:/') mounted
[2023.02.23-20.45.56:262][  0]LogShaderLibrary: Display: ShaderCodeLibraryPakFileMountedCallback: pending pak file info (ChunkID:-1 Root:root:/ File:G:/Epic Games File/UE_4.27/FeaturePacks/TP_2DSideScrollerBP.upack)
[2023.02.23-20.45.56:262][  0]LogPakFile: OnPakFileMounted2Time == 0.000039
[2023.02.23-20.45.56:271][  0]LogPakFile: PakFile PrimaryIndexSize=182
[2023.02.23-20.45.56:271][  0]LogPakFile: PakFile PathHashIndexSize=101
[2023.02.23-20.45.56:271][  0]LogPakFile: PakFile FullDirectoryIndexSize=138
[2023.02.23-20.45.56:271][  0]LogShaderLibrary: Display: ShaderCodeLibraryPakFileMountedCallback: PakFile 'G:/Epic Games File/UE_4.27/FeaturePacks/TP_Flying.upack' (chunk index -1, root 'root:/') mounted
[2023.02.23-20.45.56:271][  0]LogShaderLibrary: Display: ShaderCodeLibraryPakFileMountedCallback: pending pak file info (ChunkID:-1 Root:root:/ File:G:/Epic Games File/UE_4.27/FeaturePacks/TP_Flying.upack)
[2023.02.23-20.45.56:271][  0]LogPakFile: OnPakFileMounted2Time == 0.000041
[2023.02.23-20.45.56:289][  0]LogPakFile: PakFile PrimaryIndexSize=184
[2023.02.23-20.45.56:289][  0]LogPakFile: PakFile PathHashIndexSize=101
[2023.02.23-20.45.56:289][  0]LogPakFile: PakFile FullDirectoryIndexSize=142
[2023.02.23-20.45.56:289][  0]LogShaderLibrary: Display: ShaderCodeLibraryPakFileMountedCallback: PakFile 'G:/Epic Games File/UE_4.27/FeaturePacks/TP_FlyingBP.upack' (chunk index -1, root 'root:/') mounted
[2023.02.23-20.45.56:289][  0]LogShaderLibrary: Display: ShaderCodeLibraryPakFileMountedCallback: pending pak file info (ChunkID:-1 Root:root:/ File:G:/Epic Games File/UE_4.27/FeaturePacks/TP_FlyingBP.upack)
[2023.02.23-20.45.56:289][  0]LogPakFile: OnPakFileMounted2Time == 0.000052
[2023.02.23-20.45.56:308][  0]LogPakFile: PakFile PrimaryIndexSize=188
[2023.02.23-20.45.56:308][  0]LogPakFile: PakFile PathHashIndexSize=101
[2023.02.23-20.45.56:308][  0]LogPakFile: PakFile FullDirectoryIndexSize=150
[2023.02.23-20.45.56:308][  0]LogShaderLibrary: Display: ShaderCodeLibraryPakFileMountedCallback: PakFile 'G:/Epic Games File/UE_4.27/FeaturePacks/TP_HandheldARBP.upack' (chunk index -1, root 'root:/') mounted
[2023.02.23-20.45.56:308][  0]LogShaderLibrary: Display: ShaderCodeLibraryPakFileMountedCallback: pending pak file info (ChunkID:-1 Root:root:/ File:G:/Epic Games File/UE_4.27/FeaturePacks/TP_HandheldARBP.upack)
[2023.02.23-20.45.56:308][  0]LogPakFile: OnPakFileMounted2Time == 0.000044
[2023.02.23-20.45.56:344][  0]LogPakFile: PakFile PrimaryIndexSize=182
[2023.02.23-20.45.56:344][  0]LogPakFile: PakFile PathHashIndexSize=101
[2023.02.23-20.45.56:344][  0]LogPakFile: PakFile FullDirectoryIndexSize=138
[2023.02.23-20.45.56:344][  0]LogShaderLibrary: Display: ShaderCodeLibraryPakFileMountedCallback: PakFile 'G:/Epic Games File/UE_4.27/FeaturePacks/TP_Puzzle.upack' (chunk index -1, root 'root:/') mounted
[2023.02.23-20.45.56:344][  0]LogShaderLibrary: Display: ShaderCodeLibraryPakFileMountedCallback: pending pak file info (ChunkID:-1 Root:root:/ File:G:/Epic Games File/UE_4.27/FeaturePacks/TP_Puzzle.upack)
[2023.02.23-20.45.56:344][  0]LogPakFile: OnPakFileMounted2Time == 0.000040
[2023.02.23-20.45.56:360][  0]LogPakFile: PakFile PrimaryIndexSize=184
[2023.02.23-20.45.56:360][  0]LogPakFile: PakFile PathHashIndexSize=101
[2023.02.23-20.45.56:360][  0]LogPakFile: PakFile FullDirectoryIndexSize=142
[2023.02.23-20.45.56:360][  0]LogShaderLibrary: Display: ShaderCodeLibraryPakFileMountedCallback: PakFile 'G:/Epic Games File/UE_4.27/FeaturePacks/TP_PuzzleBP.upack' (chunk index -1, root 'root:/') mounted
[2023.02.23-20.45.56:360][  0]LogShaderLibrary: Display: ShaderCodeLibraryPakFileMountedCallback: pending pak file info (ChunkID:-1 Root:root:/ File:G:/Epic Games File/UE_4.27/FeaturePacks/TP_PuzzleBP.upack)
[2023.02.23-20.45.56:360][  0]LogPakFile: OnPakFileMounted2Time == 0.000040
[2023.02.23-20.45.56:366][  0]LogPakFile: PakFile PrimaryIndexSize=183
[2023.02.23-20.45.56:367][  0]LogPakFile: PakFile PathHashIndexSize=101
[2023.02.23-20.45.56:367][  0]LogPakFile: PakFile FullDirectoryIndexSize=140
[2023.02.23-20.45.56:367][  0]LogShaderLibrary: Display: ShaderCodeLibraryPakFileMountedCallback: PakFile 'G:/Epic Games File/UE_4.27/FeaturePacks/TP_Rolling.upack' (chunk index -1, root 'root:/') mounted
[2023.02.23-20.45.56:367][  0]LogShaderLibrary: Display: ShaderCodeLibraryPakFileMountedCallback: pending pak file info (ChunkID:-1 Root:root:/ File:G:/Epic Games File/UE_4.27/FeaturePacks/TP_Rolling.upack)
[2023.02.23-20.45.56:367][  0]LogPakFile: OnPakFileMounted2Time == 0.000042
[2023.02.23-20.45.56:373][  0]LogPakFile: PakFile PrimaryIndexSize=185
[2023.02.23-20.45.56:373][  0]LogPakFile: PakFile PathHashIndexSize=101
[2023.02.23-20.45.56:373][  0]LogPakFile: PakFile FullDirectoryIndexSize=144
[2023.02.23-20.45.56:373][  0]LogShaderLibrary: Display: ShaderCodeLibraryPakFileMountedCallback: PakFile 'G:/Epic Games File/UE_4.27/FeaturePacks/TP_RollingBP.upack' (chunk index -1, root 'root:/') mounted
[2023.02.23-20.45.56:373][  0]LogShaderLibrary: Display: ShaderCodeLibraryPakFileMountedCallback: pending pak file info (ChunkID:-1 Root:root:/ File:G:/Epic Games File/UE_4.27/FeaturePacks/TP_RollingBP.upack)
[2023.02.23-20.45.56:373][  0]LogPakFile: OnPakFileMounted2Time == 0.000039
[2023.02.23-20.45.56:379][  0]LogPakFile: PakFile PrimaryIndexSize=188
[2023.02.23-20.45.56:379][  0]LogPakFile: PakFile PathHashIndexSize=101
[2023.02.23-20.45.56:379][  0]LogPakFile: PakFile FullDirectoryIndexSize=150
[2023.02.23-20.45.56:379][  0]LogShaderLibrary: Display: ShaderCodeLibraryPakFileMountedCallback: PakFile 'G:/Epic Games File/UE_4.27/FeaturePacks/TP_SideScroller.upack' (chunk index -1, root 'root:/') mounted
[2023.02.23-20.45.56:379][  0]LogShaderLibrary: Display: ShaderCodeLibraryPakFileMountedCallback: pending pak file info (ChunkID:-1 Root:root:/ File:G:/Epic Games File/UE_4.27/FeaturePacks/TP_SideScroller.upack)
[2023.02.23-20.45.56:379][  0]LogPakFile: OnPakFileMounted2Time == 0.000040
[2023.02.23-20.45.56:384][  0]LogPakFile: PakFile PrimaryIndexSize=190
[2023.02.23-20.45.56:384][  0]LogPakFile: PakFile PathHashIndexSize=101
[2023.02.23-20.45.56:384][  0]LogPakFile: PakFile FullDirectoryIndexSize=154
[2023.02.23-20.45.56:384][  0]LogShaderLibrary: Display: ShaderCodeLibraryPakFileMountedCallback: PakFile 'G:/Epic Games File/UE_4.27/FeaturePacks/TP_SideScrollerBP.upack' (chunk index -1, root 'root:/') mounted
[2023.02.23-20.45.56:384][  0]LogShaderLibrary: Display: ShaderCodeLibraryPakFileMountedCallback: pending pak file info (ChunkID:-1 Root:root:/ File:G:/Epic Games File/UE_4.27/FeaturePacks/TP_SideScrollerBP.upack)
[2023.02.23-20.45.56:384][  0]LogPakFile: OnPakFileMounted2Time == 0.000039
[2023.02.23-20.45.56:391][  0]LogPakFile: PakFile PrimaryIndexSize=187
[2023.02.23-20.45.56:391][  0]LogPakFile: PakFile PathHashIndexSize=101
[2023.02.23-20.45.56:391][  0]LogPakFile: PakFile FullDirectoryIndexSize=148
[2023.02.23-20.45.56:391][  0]LogShaderLibrary: Display: ShaderCodeLibraryPakFileMountedCallback: PakFile 'G:/Epic Games File/UE_4.27/FeaturePacks/TP_ThirdPerson.upack' (chunk index -1, root 'root:/') mounted
[2023.02.23-20.45.56:391][  0]LogShaderLibrary: Display: ShaderCodeLibraryPakFileMountedCallback: pending pak file info (ChunkID:-1 Root:root:/ File:G:/Epic Games File/UE_4.27/FeaturePacks/TP_ThirdPerson.upack)
[2023.02.23-20.45.56:391][  0]LogPakFile: OnPakFileMounted2Time == 0.000039
[2023.02.23-20.45.56:397][  0]LogPakFile: PakFile PrimaryIndexSize=189
[2023.02.23-20.45.56:397][  0]LogPakFile: PakFile PathHashIndexSize=101
[2023.02.23-20.45.56:397][  0]LogPakFile: PakFile FullDirectoryIndexSize=152
[2023.02.23-20.45.56:397][  0]LogShaderLibrary: Display: ShaderCodeLibraryPakFileMountedCallback: PakFile 'G:/Epic Games File/UE_4.27/FeaturePacks/TP_ThirdPersonBP.upack' (chunk index -1, root 'root:/') mounted
[2023.02.23-20.45.56:397][  0]LogShaderLibrary: Display: ShaderCodeLibraryPakFileMountedCallback: pending pak file info (ChunkID:-1 Root:root:/ File:G:/Epic Games File/UE_4.27/FeaturePacks/TP_ThirdPersonBP.upack)
[2023.02.23-20.45.56:397][  0]LogPakFile: OnPakFileMounted2Time == 0.000039
[2023.02.23-20.45.56:403][  0]LogPakFile: PakFile PrimaryIndexSize=183
[2023.02.23-20.45.56:403][  0]LogPakFile: PakFile PathHashIndexSize=101
[2023.02.23-20.45.56:403][  0]LogPakFile: PakFile FullDirectoryIndexSize=140
[2023.02.23-20.45.56:403][  0]LogShaderLibrary: Display: ShaderCodeLibraryPakFileMountedCallback: PakFile 'G:/Epic Games File/UE_4.27/FeaturePacks/TP_TopDown.upack' (chunk index -1, root 'root:/') mounted
[2023.02.23-20.45.56:404][  0]LogShaderLibrary: Display: ShaderCodeLibraryPakFileMountedCallback: pending pak file info (ChunkID:-1 Root:root:/ File:G:/Epic Games File/UE_4.27/FeaturePacks/TP_TopDown.upack)
[2023.02.23-20.45.56:404][  0]LogPakFile: OnPakFileMounted2Time == 0.000051
[2023.02.23-20.45.56:409][  0]LogPakFile: PakFile PrimaryIndexSize=185
[2023.02.23-20.45.56:409][  0]LogPakFile: PakFile PathHashIndexSize=101
[2023.02.23-20.45.56:409][  0]LogPakFile: PakFile FullDirectoryIndexSize=144
[2023.02.23-20.45.56:409][  0]LogShaderLibrary: Display: ShaderCodeLibraryPakFileMountedCallback: PakFile 'G:/Epic Games File/UE_4.27/FeaturePacks/TP_TopDownBP.upack' (chunk index -1, root 'root:/') mounted
[2023.02.23-20.45.56:409][  0]LogShaderLibrary: Display: ShaderCodeLibraryPakFileMountedCallback: pending pak file info (ChunkID:-1 Root:root:/ File:G:/Epic Games File/UE_4.27/FeaturePacks/TP_TopDownBP.upack)
[2023.02.23-20.45.56:409][  0]LogPakFile: OnPakFileMounted2Time == 0.000049
[2023.02.23-20.45.56:419][  0]LogPakFile: PakFile PrimaryIndexSize=185
[2023.02.23-20.45.56:419][  0]LogPakFile: PakFile PathHashIndexSize=101
[2023.02.23-20.45.56:419][  0]LogPakFile: PakFile FullDirectoryIndexSize=144
[2023.02.23-20.45.56:419][  0]LogShaderLibrary: Display: ShaderCodeLibraryPakFileMountedCallback: PakFile 'G:/Epic Games File/UE_4.27/FeaturePacks/TP_TwinStick.upack' (chunk index -1, root 'root:/') mounted
[2023.02.23-20.45.56:419][  0]LogShaderLibrary: Display: ShaderCodeLibraryPakFileMountedCallback: pending pak file info (ChunkID:-1 Root:root:/ File:G:/Epic Games File/UE_4.27/FeaturePacks/TP_TwinStick.upack)
[2023.02.23-20.45.56:419][  0]LogPakFile: OnPakFileMounted2Time == 0.000053
[2023.02.23-20.45.56:429][  0]LogPakFile: PakFile PrimaryIndexSize=187
[2023.02.23-20.45.56:429][  0]LogPakFile: PakFile PathHashIndexSize=101
[2023.02.23-20.45.56:429][  0]LogPakFile: PakFile FullDirectoryIndexSize=148
[2023.02.23-20.45.56:429][  0]LogShaderLibrary: Display: ShaderCodeLibraryPakFileMountedCallback: PakFile 'G:/Epic Games File/UE_4.27/FeaturePacks/TP_TwinStickBP.upack' (chunk index -1, root 'root:/') mounted
[2023.02.23-20.45.56:429][  0]LogShaderLibrary: Display: ShaderCodeLibraryPakFileMountedCallback: pending pak file info (ChunkID:-1 Root:root:/ File:G:/Epic Games File/UE_4.27/FeaturePacks/TP_TwinStickBP.upack)
[2023.02.23-20.45.56:429][  0]LogPakFile: OnPakFileMounted2Time == 0.000040
[2023.02.23-20.45.56:446][  0]LogPakFile: PakFile PrimaryIndexSize=183
[2023.02.23-20.45.56:446][  0]LogPakFile: PakFile PathHashIndexSize=101
[2023.02.23-20.45.56:446][  0]LogPakFile: PakFile FullDirectoryIndexSize=140
[2023.02.23-20.45.56:446][  0]LogShaderLibrary: Display: ShaderCodeLibraryPakFileMountedCallback: PakFile 'G:/Epic Games File/UE_4.27/FeaturePacks/TP_Vehicle.upack' (chunk index -1, root 'root:/') mounted
[2023.02.23-20.45.56:446][  0]LogShaderLibrary: Display: ShaderCodeLibraryPakFileMountedCallback: pending pak file info (ChunkID:-1 Root:root:/ File:G:/Epic Games File/UE_4.27/FeaturePacks/TP_Vehicle.upack)
[2023.02.23-20.45.56:446][  0]LogPakFile: OnPakFileMounted2Time == 0.000040
[2023.02.23-20.45.56:462][  0]LogPakFile: PakFile PrimaryIndexSize=186
[2023.02.23-20.45.56:463][  0]LogPakFile: PakFile PathHashIndexSize=101
[2023.02.23-20.45.56:463][  0]LogPakFile: PakFile FullDirectoryIndexSize=146
[2023.02.23-20.45.56:463][  0]LogShaderLibrary: Display: ShaderCodeLibraryPakFileMountedCallback: PakFile 'G:/Epic Games File/UE_4.27/FeaturePacks/TP_VehicleAdv.upack' (chunk index -1, root 'root:/') mounted
[2023.02.23-20.45.56:463][  0]LogShaderLibrary: Display: ShaderCodeLibraryPakFileMountedCallback: pending pak file info (ChunkID:-1 Root:root:/ File:G:/Epic Games File/UE_4.27/FeaturePacks/TP_VehicleAdv.upack)
[2023.02.23-20.45.56:463][  0]LogPakFile: OnPakFileMounted2Time == 0.000042
[2023.02.23-20.45.56:470][  0]LogPakFile: PakFile PrimaryIndexSize=188
[2023.02.23-20.45.56:470][  0]LogPakFile: PakFile PathHashIndexSize=101
[2023.02.23-20.45.56:470][  0]LogPakFile: PakFile FullDirectoryIndexSize=150
[2023.02.23-20.45.56:470][  0]LogShaderLibrary: Display: ShaderCodeLibraryPakFileMountedCallback: PakFile 'G:/Epic Games File/UE_4.27/FeaturePacks/TP_VehicleAdvBP.upack' (chunk index -1, root 'root:/') mounted
[2023.02.23-20.45.56:470][  0]LogShaderLibrary: Display: ShaderCodeLibraryPakFileMountedCallback: pending pak file info (ChunkID:-1 Root:root:/ File:G:/Epic Games File/UE_4.27/FeaturePacks/TP_VehicleAdvBP.upack)
[2023.02.23-20.45.56:470][  0]LogPakFile: OnPakFileMounted2Time == 0.000040
[2023.02.23-20.45.56:477][  0]LogPakFile: PakFile PrimaryIndexSize=185
[2023.02.23-20.45.56:477][  0]LogPakFile: PakFile PathHashIndexSize=101
[2023.02.23-20.45.56:477][  0]LogPakFile: PakFile FullDirectoryIndexSize=144
[2023.02.23-20.45.56:477][  0]LogShaderLibrary: Display: ShaderCodeLibraryPakFileMountedCallback: PakFile 'G:/Epic Games File/UE_4.27/FeaturePacks/TP_VehicleBP.upack' (chunk index -1, root 'root:/') mounted
[2023.02.23-20.45.56:477][  0]LogShaderLibrary: Display: ShaderCodeLibraryPakFileMountedCallback: pending pak file info (ChunkID:-1 Root:root:/ File:G:/Epic Games File/UE_4.27/FeaturePacks/TP_VehicleBP.upack)
[2023.02.23-20.45.56:477][  0]LogPakFile: OnPakFileMounted2Time == 0.000047
[2023.02.23-20.45.56:483][  0]LogPakFile: PakFile PrimaryIndexSize=192
[2023.02.23-20.45.56:483][  0]LogPakFile: PakFile PathHashIndexSize=101
[2023.02.23-20.45.56:483][  0]LogPakFile: PakFile FullDirectoryIndexSize=158
[2023.02.23-20.45.56:483][  0]LogShaderLibrary: Display: ShaderCodeLibraryPakFileMountedCallback: PakFile 'G:/Epic Games File/UE_4.27/FeaturePacks/TP_VirtualRealityBP.upack' (chunk index -1, root 'root:/') mounted
[2023.02.23-20.45.56:483][  0]LogShaderLibrary: Display: ShaderCodeLibraryPakFileMountedCallback: pending pak file info (ChunkID:-1 Root:root:/ File:G:/Epic Games File/UE_4.27/FeaturePacks/TP_VirtualRealityBP.upack)
[2023.02.23-20.45.56:483][  0]LogPakFile: OnPakFileMounted2Time == 0.000040
[2023.02.23-20.45.57:143][  0]LogNativeClassHierarchy: Verbose: Native class hierarchy updated for 'AddContentDialog' in 0.0002 seconds. Added 0 classes and 0 folders.
[2023.02.23-20.45.57:344][  0]LogSlate: Took 0.010855 seconds to synchronously load lazily loaded font '../../../Engine/Content/Slate/Fonts/Roboto-Regular.ttf' (155K)
[2023.02.23-20.45.57:370][  0]LogSlate: Took 0.012394 seconds to synchronously load lazily loaded font '../../../Engine/Content/Editor/Slate/Fonts/FontAwesome.ttf' (139K)
[2023.02.23-20.45.57:394][  0]LogSlate: Took 0.010459 seconds to synchronously load lazily loaded font '../../../Engine/Content/Slate/Fonts/Roboto-Bold.ttf' (160K)
[2023.02.23-20.45.57:632][  0]LogRenderer: Reallocating scene render targets to support 1248x964 Format 10 NumSamples 1 (Frame:1).
[2023.02.23-20.45.58:071][  0]LogNativeClassHierarchy: Verbose: Native class hierarchy updated for 'HierarchicalLODOutliner' in 0.0003 seconds. Added 0 classes and 0 folders.
[2023.02.23-20.45.58:071][  0]LogLoad: (Engine Initialization) Total time: 80.91 seconds
[2023.02.23-20.45.58:071][  0]LogLoad: (Engine Initialization) Total Blueprint compile time: 0.00 seconds
[2023.02.23-20.45.58:389][  0]LogContentStreaming: Texture pool size now 1000 MB
[2023.02.23-20.45.58:523][  1]LogFileCache: Retrieving MD5 hashes for directory 'C:/Users/user/Documents/GitHub/testingProject/Content/' took 0.30s
[2023.02.23-20.45.58:555][  1]LogAssetRegistry: Asset discovery search completed in 55.7847 seconds
[2023.02.23-20.45.58:576][  1]LogCollectionManager: Fixed up redirectors for 0 collections in 0.000006 seconds (updated 0 objects)
[2023.02.23-20.46.11:184][481]LogEditorViewport: Clicking on Actor (LMB): Landscape (Landscape)
[2023.02.23-20.46.11:888][517]LogEditorViewport: Clicking on Actor (LMB): Trap4_C (Trap4)
[2023.02.23-20.46.12:747][602]LogSlate: Took 0.033109 seconds to synchronously load lazily loaded font '../../../Engine/Content/Slate/Fonts/Roboto-Italic.ttf' (157K)
[2023.02.23-20.46.14:876][838]LogSlate: Took 0.004696 seconds to synchronously load lazily loaded font '../../../Engine/Content/Slate/Fonts/Roboto-Light.ttf' (167K)
[2023.02.23-20.46.14:892][838]LogAssetEditorSubsystem: Opening Asset editor for Blueprint /Game/MyTraps/Trap4/Trap4.Trap4
[2023.02.23-20.46.15:900][838]LogBlueprintEditor: Perf: 0.9 total seconds to load all 7 blueprint libraries in project. Avoid references to content in blueprint libraries to shorten this time.
[2023.02.23-20.46.15:900][838]LogBlueprintEditor: Perf: 0.8 seconds loading: /Water/FluidSimulation/Blueprints/Libraries/PhysicsMacros
[2023.02.23-20.46.16:015][838]LogNativeClassHierarchy: Verbose: Native class hierarchy updated for 'BlueprintGraph' in 0.0005 seconds. Added 126 classes and 0 folders.
[2023.02.23-20.46.17:172][838]LogSlate: Took 0.013617 seconds to synchronously load lazily loaded font '../../../Engine/Content/Slate/Fonts/Roboto-BoldCondensed.ttf' (158K)
[2023.02.23-20.46.21:948][376]LogEditorViewport: Clicking on Actor (LMB): StaticMeshActor (arrow)
[2023.02.23-20.46.58:643][696]LogEditorViewport: Clicking on Actor (LMB): Trap4_C (Trap4)
[2023.02.23-20.46.58:783][710]LogEditorViewport: Clicking on Actor (context menu): Trap4_C (Trap4)
[2023.02.23-20.47.20:423][231]LogSlate: Window 'Content Browser' being destroyed
