Log file open, 02/16/23 23:39:22
LogWindows: Failed to load 'aqProf.dll' (GetLastError=126)
LogWindows: File 'aqProf.dll' does not exist
LogWindows: Failed to load 'VtuneApi.dll' (GetLastError=126)
LogWindows: File 'VtuneApi.dll' does not exist
LogWindows: Failed to load 'VtuneApi32e.dll' (GetLastError=126)
LogWindows: File 'VtuneApi32e.dll' does not exist
LogConsoleResponse: Display: Failed to find resolution value strings in scalability ini. Falling back to default.
LogConsoleResponse: Display: Failed to find resolution value strings in scalability ini. Falling back to default.
LogInit: Display: Running engine for game: FirstProject
LogPlatformFile: Not using cached read wrapper
LogTaskGraph: Started task graph with 5 named threads and 35 total threads with 3 sets of task threads.
LogStats: Stats thread started at 0.316857
LogICUInternationalization: ICU TimeZone Detection - Raw Offset: +3:00, Platform Override: ''
LogInit: Display: Loading text-based GConfig....
LogPluginManager: Mounting plugin MegascansPlugin
LogPluginManager: Mounting plugin MeshPainting
LogPluginManager: Mounting plugin XGEController
LogPluginManager: Mounting plugin EnvironmentQueryEditor
LogPluginManager: Mounting plugin AISupport
LogPluginManager: Mounting plugin LightPropagationVolume
LogPluginManager: Mounting plugin Paper2D
LogPluginManager: Mounting plugin OodleData
LogPluginManager: Mounting plugin OodleNetwork
LogPluginManager: Mounting plugin AssetManagerEditor
LogPluginManager: Mounting plugin BlueprintMaterialTextureNodes
LogPluginManager: Mounting plugin CameraShakePreviewer
LogPluginManager: Mounting plugin GameplayCameras
LogPluginManager: Mounting plugin CryptoKeys
LogPluginManager: Mounting plugin CurveEditorTools
LogPluginManager: Mounting plugin DataValidation
LogPluginManager: Mounting plugin FacialAnimation
LogPluginManager: Mounting plugin EditorScriptingUtilities
LogPluginManager: Mounting plugin GeometryMode
LogPluginManager: Mounting plugin GameplayTagsEditor
LogPluginManager: Mounting plugin MacGraphicsSwitching
LogPluginManager: Mounting plugin MaterialAnalyzer
LogPluginManager: Mounting plugin AnimationSharing
LogPluginManager: Mounting plugin CLionSourceCodeAccess
LogPluginManager: Mounting plugin MobileLauncherProfileWizard
LogPluginManager: Mounting plugin SpeedTreeImporter
LogPluginManager: Mounting plugin PluginBrowser
LogPluginManager: Mounting plugin CodeLiteSourceCodeAccess
LogPluginManager: Mounting plugin NullSourceCodeAccess
LogPluginManager: Mounting plugin GitSourceControl
LogPluginManager: Mounting plugin KDevelopSourceCodeAccess
LogPluginManager: Mounting plugin PluginUtils
LogPluginManager: Mounting plugin PixWinPlugin
LogPluginManager: Mounting plugin PlasticSourceControl
LogPluginManager: Mounting plugin PropertyAccessNode
LogPluginManager: Mounting plugin PerforceSourceControl
LogPluginManager: Mounting plugin RiderSourceCodeAccess
LogPluginManager: Mounting plugin TextureFormatOodle
LogPluginManager: Mounting plugin SubversionSourceControl
LogPluginManager: Mounting plugin UObjectPlugin
LogPluginManager: Mounting plugin VisualStudioCodeSourceCodeAccess
LogPluginManager: Mounting plugin XCodeSourceCodeAccess
LogPluginManager: Mounting plugin VisualStudioSourceCodeAccess
LogPluginManager: Mounting plugin DatasmithContent
LogPluginManager: Mounting plugin AlembicImporter
LogPluginManager: Mounting plugin BackChannel
LogPluginManager: Mounting plugin AutomationUtils
LogPluginManager: Mounting plugin ChaosCloth
LogPluginManager: Mounting plugin ChaosEditor
LogPluginManager: Mounting plugin ChaosClothEditor
LogPluginManager: Mounting plugin ChaosSolverPlugin
LogPluginManager: Mounting plugin ChaosNiagara
LogPluginManager: Mounting plugin CharacterAI
LogPluginManager: Mounting plugin VariantManagerContent
LogPluginManager: Mounting plugin LuminPlatformFeatures
LogPluginManager: Mounting plugin GeometryCache
LogPluginManager: Mounting plugin MagicLeap
LogPluginManager: Mounting plugin GeometryCollectionPlugin
LogPluginManager: Mounting plugin MagicLeapLightEstimation
LogPluginManager: Mounting plugin MagicLeapMedia
LogPluginManager: Mounting plugin GeometryProcessing
LogPluginManager: Mounting plugin MagicLeapPassableWorld
LogPluginManager: Mounting plugin Landmass
LogPluginManager: Mounting plugin MotoSynth
LogPluginManager: Mounting plugin PlanarCut
LogPluginManager: Mounting plugin Niagara
LogPluginManager: Mounting plugin PlatformCrypto
LogPluginManager: Mounting plugin OpenImageDenoise
LogPluginManager: Mounting plugin ProxyLODPlugin
LogPluginManager: Mounting plugin MLSDK
LogPluginManager: Mounting plugin AndroidMedia
LogPluginManager: Mounting plugin PythonScriptPlugin
LogPluginManager: Mounting plugin AvfMedia
LogPluginManager: Mounting plugin SkeletalReduction
LogPluginManager: Mounting plugin ImgMedia
LogPluginManager: Mounting plugin MediaCompositing
LogPluginManager: Mounting plugin MediaPlayerEditor
LogPluginManager: Mounting plugin WebMMedia
LogPluginManager: Mounting plugin WmfMedia
LogPluginManager: Mounting plugin Water
LogPluginManager: Mounting plugin ActorSequence
LogPluginManager: Mounting plugin LevelSequenceEditor
LogPluginManager: Mounting plugin MatineeToLevelSequence
LogPluginManager: Mounting plugin TemplateSequence
LogPluginManager: Mounting plugin TcpMessaging
LogPluginManager: Mounting plugin UdpMessaging
LogPluginManager: Mounting plugin OnlineSubsystem
LogPluginManager: Mounting plugin OnlineSubsystemNull
LogPluginManager: Mounting plugin OnlineSubsystemUtils
LogPluginManager: Mounting plugin LauncherChunkInstaller
LogPluginManager: Mounting plugin ScreenshotTools
LogPluginManager: Mounting plugin ActorLayerUtilities
LogPluginManager: Mounting plugin Takes
LogPluginManager: Mounting plugin AndroidDeviceProfileSelector
LogPluginManager: Mounting plugin AndroidMoviePlayer
LogPluginManager: Mounting plugin AndroidPermission
LogPluginManager: Mounting plugin AppleImageUtils
LogPluginManager: Mounting plugin AppleMoviePlayer
LogPluginManager: Mounting plugin AssetTags
LogPluginManager: Mounting plugin ArchVisCharacter
LogPluginManager: Mounting plugin AudioCapture
LogPluginManager: Mounting plugin CableComponent
LogPluginManager: Mounting plugin ChunkDownloader
LogPluginManager: Mounting plugin AudioSynesthesia
LogPluginManager: Mounting plugin CustomMeshComponent
LogPluginManager: Mounting plugin EditableMesh
LogPluginManager: Mounting plugin ExampleDeviceProfileSelector
LogPluginManager: Mounting plugin GoogleCloudMessaging
LogPluginManager: Mounting plugin GooglePAD
LogPluginManager: Mounting plugin IOSDeviceProfileSelector
LogPluginManager: Mounting plugin LinuxDeviceProfileSelector
LogPluginManager: Mounting plugin LocationServicesBPLibrary
LogPluginManager: Mounting plugin MobilePatchingUtils
LogPluginManager: Mounting plugin OpenXR
LogPluginManager: Mounting plugin OpenXREyeTracker
LogPluginManager: Mounting plugin OpenXRHandTracking
LogPluginManager: Mounting plugin PhysXVehicles
LogPluginManager: Mounting plugin PostSplashScreen
LogPluginManager: Mounting plugin ProceduralMeshComponent
LogPluginManager: Mounting plugin SignificanceManager
LogPluginManager: Mounting plugin PropertyAccessEditor
LogPluginManager: Mounting plugin SoundFields
LogPluginManager: Mounting plugin RuntimePhysXCooking
LogPluginManager: Mounting plugin Synthesis
LogPluginManager: Mounting plugin WebMMoviePlayer
LogPluginManager: Mounting plugin WindowsMoviePlayer
LogPluginManager: Mounting plugin LiveLink
LogPluginManager: Mounting plugin ContentBrowserAssetDataSource
LogPluginManager: Mounting plugin ContentBrowserFileDataSource
LogPluginManager: Mounting plugin ContentBrowserClassDataSource
LogPluginManager: Mounting plugin OnlineSubsystemGooglePlay
LogPluginManager: Mounting plugin OnlineSubsystemIOS
LogPluginManager: Mounting plugin DatabaseSupport
LogPluginManager: Mounting plugin SQLiteSupport
LogPluginManager: Mounting plugin SQLiteCore
LogPluginManager: Mounting plugin OculusVR
LogPluginManager: Mounting plugin SteamVR
PixWinPlugin: PIX capture plugin failed to initialize! Check that the process is launched from PIX.
LogInit: Using libcurl 7.55.1-DEV
LogInit:  - built for x86_64-pc-win32
LogInit:  - supports SSL with OpenSSL/1.1.1
LogInit:  - supports HTTP deflate (compression) using libz 1.2.8
LogInit:  - other features:
LogInit:      CURL_VERSION_SSL
LogInit:      CURL_VERSION_LIBZ
LogInit:      CURL_VERSION_IPV6
LogInit:      CURL_VERSION_ASYNCHDNS
LogInit:      CURL_VERSION_LARGEFILE
LogInit:      CURL_VERSION_IDN
LogInit:  CurlRequestOptions (configurable via config and command line):
LogInit:  - bVerifyPeer = true  - Libcurl will verify peer certificate
LogInit:  - bUseHttpProxy = false  - Libcurl will NOT use HTTP proxy
LogInit:  - bDontReuseConnections = false  - Libcurl will reuse connections
LogInit:  - MaxHostConnections = 16  - Libcurl will limit the number of connections to a host
LogInit:  - LocalHostAddr = Default
LogInit:  - BufferSize = 65536
LogOnline: OSS: Creating online subsystem instance for: NULL
LogInit: WinSock: version 1.1 (2.2), MaxSocks=32767, MaxUdp=65467
LogOnline: OSS: TryLoadSubsystemAndSetDefault: Loaded subsystem for module [NULL]
LogOculusPluginWrapper: OculusPlugin initialized successfully
LogHMD: Failed initializing OVRPlugin 1.59.0
LogInit: Build: ++UE4+Release-4.27-CL-18319896
LogInit: Engine Version: 4.27.2-18319896+++UE4+Release-4.27
LogInit: Compatible Engine Version: 4.27.0-17155196+++UE4+Release-4.27
LogInit: Net CL: 17155196
LogInit: OS: Windows 10 (Release 2009) (), CPU: AMD Ryzen 5 3600 6-Core Processor              , GPU: NVIDIA GeForce RTX 2060
LogInit: Compiled (64-bit): Nov 30 2021 07:12:08
LogInit: Compiled with Visual C++: 19.24.28315.00
LogInit: Build Configuration: Development
LogInit: Branch Name: ++UE4+Release-4.27
LogInit: Command Line:  /Game/Levels/Level1 -game -PIEVIACONSOLE -Multiprocess GameUserSettingsINI=D:/GitHubProjects/Project__Alpha/Saved/Config/Windows/PIEGameUserSettings0.ini -MultiprocessSaveConfig -forcepassthrough -messaging -SessionName="Play in Standalone Game" -windowed -WinX=0 -WinY=24 SAVEWINPOS=1 -ResX=1014 -ResY=694
LogInit: Base Directory: D:/UE_4.27/Engine/Binaries/Win64/
LogInit: Allocator: TBB
LogInit: Installed Engine Build: 1
LogDevObjectVersion: Number of dev versions registered: 29
LogDevObjectVersion:   Dev-Blueprints (B0D832E4-1F89-4F0D-ACCF-7EB736FD4AA2): 10
LogDevObjectVersion:   Dev-Build (E1C64328-A22C-4D53-A36C-8E866417BD8C): 0
LogDevObjectVersion:   Dev-Core (375EC13C-06E4-48FB-B500-84F0262A717E): 4
LogDevObjectVersion:   Dev-Editor (E4B068ED-F494-42E9-A231-DA0B2E46BB41): 40
LogDevObjectVersion:   Dev-Framework (CFFC743F-43B0-4480-9391-14DF171D2073): 37
LogDevObjectVersion:   Dev-Mobile (B02B49B5-BB20-44E9-A304-32B752E40360): 3
LogDevObjectVersion:   Dev-Networking (A4E4105C-59A1-49B5-A7C5-40C4547EDFEE): 0
LogDevObjectVersion:   Dev-Online (39C831C9-5AE6-47DC-9A44-9C173E1C8E7C): 0
LogDevObjectVersion:   Dev-Physics (78F01B33-EBEA-4F98-B9B4-84EACCB95AA2): 14
LogDevObjectVersion:   Dev-Platform (6631380F-2D4D-43E0-8009-CF276956A95A): 0
LogDevObjectVersion:   Dev-Rendering (12F88B9F-8875-4AFC-A67C-D90C383ABD29): 45
LogDevObjectVersion:   Dev-Sequencer (7B5AE74C-D270-4C10-A958-57980B212A5A): 13
LogDevObjectVersion:   Dev-VR (D7296918-1DD6-4BDD-9DE2-64A83CC13884): 3
LogDevObjectVersion:   Dev-LoadTimes (C2A15278-BFE7-4AFE-6C17-90FF531DF755): 1
LogDevObjectVersion:   Private-Geometry (6EACA3D4-40EC-4CC1-B786-8BED09428FC5): 3
LogDevObjectVersion:   Dev-AnimPhys (29E575DD-E0A3-4627-9D10-D276232CDCEA): 17
LogDevObjectVersion:   Dev-Anim (AF43A65D-7FD3-4947-9873-3E8ED9C1BB05): 15
LogDevObjectVersion:   Dev-ReflectionCapture (6B266CEC-1EC7-4B8F-A30B-E4D90942FC07): 1
LogDevObjectVersion:   Dev-Automation (0DF73D61-A23F-47EA-B727-89E90C41499A): 1
LogDevObjectVersion:   FortniteMain (601D1886-AC64-4F84-AA16-D3DE0DEAC7D6): 47
LogDevObjectVersion:   FortniteRelease (E7086368-6B23-4C58-8439-1B7016265E91): 1
LogDevObjectVersion:   Dev-Enterprise (9DFFBCD6-494F-0158-E221-12823C92A888): 10
LogDevObjectVersion:   Dev-Niagara (F2AED0AC-9AFE-416F-8664-AA7FFA26D6FC): 1
LogDevObjectVersion:   Dev-Destruction (174F1F0B-B4C6-45A5-B13F-2EE8D0FB917D): 10
LogDevObjectVersion:   Dev-Physics-Ext (35F94A83-E258-406C-A318-09F59610247C): 41
LogDevObjectVersion:   Dev-PhysicsMaterial-Chaos (B68FC16E-8B1B-42E2-B453-215C058844FE): 1
LogDevObjectVersion:   Dev-CineCamera (B2E18506-4273-CFC2-A54E-F4BB758BBA07): 1
LogDevObjectVersion:   Dev-VirtualProduction (64F58936-FD1B-42BA-BA96-7289D5D0FA4E): 1
LogDevObjectVersion:   Dev-MediaFramework (6F0ED827-A609-4895-9C91-998D90180EA4): 2
LogInit: Presizing for max 25165824 objects, including 0 objects not considered by GC, pre-allocating 0 bytes for permanent pool.
LogConfig: Applying CVar settings from Section [/Script/Engine.StreamingSettings] File [D:/GitHubProjects/Project__Alpha/Saved/Config/Windows/Engine.ini]
LogConfig: Setting CVar [[s.MinBulkDataSizeForAsyncLoading:131072]]
LogConfig: Setting CVar [[s.AsyncLoadingThreadEnabled:0]]
LogConfig: Setting CVar [[s.EventDrivenLoaderEnabled:1]]
LogConfig: Setting CVar [[s.WarnIfTimeLimitExceeded:0]]
LogConfig: Setting CVar [[s.TimeLimitExceededMultiplier:1.5]]
LogConfig: Setting CVar [[s.TimeLimitExceededMinTime:0.005]]
LogConfig: Setting CVar [[s.UseBackgroundLevelStreaming:1]]
LogConfig: Setting CVar [[s.PriorityAsyncLoadingExtraTime:15.0]]
LogConfig: Setting CVar [[s.LevelStreamingActorsUpdateTimeLimit:5.0]]
LogConfig: Setting CVar [[s.PriorityLevelStreamingActorsUpdateExtraTime:5.0]]
LogConfig: Setting CVar [[s.LevelStreamingComponentsRegistrationGranularity:10]]
LogConfig: Setting CVar [[s.UnregisterComponentsTimeLimit:1.0]]
LogConfig: Setting CVar [[s.LevelStreamingComponentsUnregistrationGranularity:5]]
LogConfig: Setting CVar [[s.FlushStreamingOnExit:1]]
LogInit: Object subsystem initialized
LogConfig: Setting CVar [[con.DebugEarlyDefault:1]]
LogConfig: Setting CVar [[r.setres:1280x720]]
LogConfig: Setting CVar [[fx.NiagaraAllowRuntimeScalabilityChanges:1]]
[2023.02.16-20.39.24:550][  0]LogConfig: Setting CVar [[con.DebugEarlyDefault:1]]
[2023.02.16-20.39.24:550][  0]LogConfig: Setting CVar [[r.setres:1280x720]]
[2023.02.16-20.39.24:550][  0]LogConfig: Setting CVar [[fx.NiagaraAllowRuntimeScalabilityChanges:1]]
[2023.02.16-20.39.24:550][  0]LogConfig: Applying CVar settings from Section [/Script/Engine.RendererSettings] File [D:/GitHubProjects/Project__Alpha/Saved/Config/Windows/Engine.ini]
[2023.02.16-20.39.24:550][  0]LogConfig: Setting CVar [[r.GPUCrashDebugging:0]]
[2023.02.16-20.39.24:550][  0]LogConfig: Applying CVar settings from Section [/Script/Engine.RendererOverrideSettings] File [D:/GitHubProjects/Project__Alpha/Saved/Config/Windows/Engine.ini]
[2023.02.16-20.39.24:550][  0]LogConfig: Applying CVar settings from Section [/Script/Engine.StreamingSettings] File [D:/GitHubProjects/Project__Alpha/Saved/Config/Windows/Engine.ini]
[2023.02.16-20.39.24:550][  0]LogConfig: Setting CVar [[s.MinBulkDataSizeForAsyncLoading:131072]]
[2023.02.16-20.39.24:550][  0]LogConfig: Setting CVar [[s.AsyncLoadingThreadEnabled:0]]
[2023.02.16-20.39.24:550][  0]LogConfig: Setting CVar [[s.EventDrivenLoaderEnabled:1]]
[2023.02.16-20.39.24:550][  0]LogConfig: Setting CVar [[s.WarnIfTimeLimitExceeded:0]]
[2023.02.16-20.39.24:550][  0]LogConfig: Setting CVar [[s.TimeLimitExceededMultiplier:1.5]]
[2023.02.16-20.39.24:550][  0]LogConfig: Setting CVar [[s.TimeLimitExceededMinTime:0.005]]
[2023.02.16-20.39.24:550][  0]LogConfig: Setting CVar [[s.UseBackgroundLevelStreaming:1]]
[2023.02.16-20.39.24:550][  0]LogConfig: Setting CVar [[s.PriorityAsyncLoadingExtraTime:15.0]]
[2023.02.16-20.39.24:550][  0]LogConfig: Setting CVar [[s.LevelStreamingActorsUpdateTimeLimit:5.0]]
[2023.02.16-20.39.24:550][  0]LogConfig: Setting CVar [[s.PriorityLevelStreamingActorsUpdateExtraTime:5.0]]
[2023.02.16-20.39.24:550][  0]LogConfig: Setting CVar [[s.LevelStreamingComponentsRegistrationGranularity:10]]
[2023.02.16-20.39.24:550][  0]LogConfig: Setting CVar [[s.UnregisterComponentsTimeLimit:1.0]]
[2023.02.16-20.39.24:550][  0]LogConfig: Setting CVar [[s.LevelStreamingComponentsUnregistrationGranularity:5]]
[2023.02.16-20.39.24:550][  0]LogConfig: Setting CVar [[s.FlushStreamingOnExit:1]]
[2023.02.16-20.39.24:550][  0]LogConfig: Applying CVar settings from Section [/Script/Engine.GarbageCollectionSettings] File [D:/GitHubProjects/Project__Alpha/Saved/Config/Windows/Engine.ini]
[2023.02.16-20.39.24:550][  0]LogConfig: Setting CVar [[gc.MaxObjectsNotConsideredByGC:1]]
[2023.02.16-20.39.24:550][  0]LogConfig: Setting CVar [[gc.SizeOfPermanentObjectPool:0]]
[2023.02.16-20.39.24:550][  0]LogConfig: Setting CVar [[gc.FlushStreamingOnGC:0]]
[2023.02.16-20.39.24:551][  0]LogConfig: Setting CVar [[gc.NumRetriesBeforeForcingGC:10]]
[2023.02.16-20.39.24:551][  0]LogConfig: Setting CVar [[gc.AllowParallelGC:1]]
[2023.02.16-20.39.24:551][  0]LogConfig: Setting CVar [[gc.TimeBetweenPurgingPendingKillObjects:61.1]]
[2023.02.16-20.39.24:551][  0]LogConfig: Setting CVar [[gc.MaxObjectsInEditor:25165824]]
[2023.02.16-20.39.24:551][  0]LogConfig: Setting CVar [[gc.IncrementalBeginDestroyEnabled:1]]
[2023.02.16-20.39.24:551][  0]LogConfig: Setting CVar [[gc.CreateGCClusters:1]]
[2023.02.16-20.39.24:551][  0]LogConfig: Setting CVar [[gc.MinGCClusterSize:5]]
[2023.02.16-20.39.24:551][  0]LogConfig: Setting CVar [[gc.ActorClusteringEnabled:0]]
[2023.02.16-20.39.24:551][  0]LogConfig: Setting CVar [[gc.BlueprintClusteringEnabled:0]]
[2023.02.16-20.39.24:551][  0]LogConfig: Setting CVar [[gc.UseDisregardForGCOnDedicatedServers:0]]
[2023.02.16-20.39.24:551][  0]LogConfig: Setting CVar [[gc.MultithreadedDestructionEnabled:1]]
[2023.02.16-20.39.24:551][  0]LogConfig: Applying CVar settings from Section [/Script/Engine.NetworkSettings] File [D:/GitHubProjects/Project__Alpha/Saved/Config/Windows/Engine.ini]
[2023.02.16-20.39.24:551][  0]LogConfig: Applying CVar settings from Section [/Script/UnrealEd.CookerSettings] File [D:/GitHubProjects/Project__Alpha/Saved/Config/Windows/Engine.ini]
[2023.02.16-20.39.24:562][  0]LogConfig: Applying CVar settings from Section [ViewDistanceQuality@3] File [D:/GitHubProjects/Project__Alpha/Saved/Config/Windows/Scalability.ini]
[2023.02.16-20.39.24:562][  0]LogConfig: Setting CVar [[r.SkeletalMeshLODBias:0]]
[2023.02.16-20.39.24:562][  0]LogConfig: Setting CVar [[r.ViewDistanceScale:1.0]]
[2023.02.16-20.39.24:562][  0]LogConfig: Applying CVar settings from Section [AntiAliasingQuality@3] File [D:/GitHubProjects/Project__Alpha/Saved/Config/Windows/Scalability.ini]
[2023.02.16-20.39.24:562][  0]LogConfig: Setting CVar [[r.PostProcessAAQuality:4]]
[2023.02.16-20.39.24:562][  0]LogConfig: Applying CVar settings from Section [ShadowQuality@3] File [D:/GitHubProjects/Project__Alpha/Saved/Config/Windows/Scalability.ini]
[2023.02.16-20.39.24:562][  0]LogConfig: Setting CVar [[r.LightFunctionQuality:1]]
[2023.02.16-20.39.24:562][  0]LogConfig: Setting CVar [[r.ShadowQuality:5]]
[2023.02.16-20.39.24:562][  0]LogConfig: Setting CVar [[r.Shadow.CSM.MaxCascades:10]]
[2023.02.16-20.39.24:562][  0]LogConfig: Setting CVar [[r.Shadow.MaxResolution:2048]]
[2023.02.16-20.39.24:562][  0]LogConfig: Setting CVar [[r.Shadow.MaxCSMResolution:2048]]
[2023.02.16-20.39.24:562][  0]LogConfig: Setting CVar [[r.Shadow.RadiusThreshold:0.01]]
[2023.02.16-20.39.24:562][  0]LogConfig: Setting CVar [[r.Shadow.DistanceScale:1.0]]
[2023.02.16-20.39.24:562][  0]LogConfig: Setting CVar [[r.Shadow.CSM.TransitionScale:1.0]]
[2023.02.16-20.39.24:562][  0]LogConfig: Setting CVar [[r.Shadow.PreShadowResolutionFactor:1.0]]
[2023.02.16-20.39.24:562][  0]LogConfig: Setting CVar [[r.DistanceFieldShadowing:1]]
[2023.02.16-20.39.24:562][  0]LogConfig: Setting CVar [[r.DistanceFieldAO:1]]
[2023.02.16-20.39.24:562][  0]LogConfig: Setting CVar [[r.AOQuality:2]]
[2023.02.16-20.39.24:562][  0]LogConfig: Setting CVar [[r.VolumetricFog:1]]
[2023.02.16-20.39.24:562][  0]LogConfig: Setting CVar [[r.VolumetricFog.GridPixelSize:8]]
[2023.02.16-20.39.24:562][  0]LogConfig: Setting CVar [[r.VolumetricFog.GridSizeZ:128]]
[2023.02.16-20.39.24:562][  0]LogConfig: Setting CVar [[r.VolumetricFog.HistoryMissSupersampleCount:4]]
[2023.02.16-20.39.24:562][  0]LogConfig: Setting CVar [[r.LightMaxDrawDistanceScale:1]]
[2023.02.16-20.39.24:562][  0]LogConfig: Setting CVar [[r.CapsuleShadows:1]]
[2023.02.16-20.39.24:562][  0]LogConfig: Applying CVar settings from Section [PostProcessQuality@3] File [D:/GitHubProjects/Project__Alpha/Saved/Config/Windows/Scalability.ini]
[2023.02.16-20.39.24:562][  0]LogConfig: Setting CVar [[r.MotionBlurQuality:4]]
[2023.02.16-20.39.24:562][  0]LogConfig: Setting CVar [[r.AmbientOcclusionMipLevelFactor:0.4]]
[2023.02.16-20.39.24:562][  0]LogConfig: Setting CVar [[r.AmbientOcclusionMaxQuality:100]]
[2023.02.16-20.39.24:562][  0]LogConfig: Setting CVar [[r.AmbientOcclusionLevels:-1]]
[2023.02.16-20.39.24:562][  0]LogConfig: Setting CVar [[r.AmbientOcclusionRadiusScale:1.0]]
[2023.02.16-20.39.24:562][  0]LogConfig: Setting CVar [[r.DepthOfFieldQuality:2]]
[2023.02.16-20.39.24:562][  0]LogConfig: Setting CVar [[r.RenderTargetPoolMin:400]]
[2023.02.16-20.39.24:562][  0]LogConfig: Setting CVar [[r.LensFlareQuality:2]]
[2023.02.16-20.39.24:562][  0]LogConfig: Setting CVar [[r.SceneColorFringeQuality:1]]
[2023.02.16-20.39.24:562][  0]LogConfig: Setting CVar [[r.EyeAdaptationQuality:2]]
[2023.02.16-20.39.24:562][  0]LogConfig: Setting CVar [[r.BloomQuality:5]]
[2023.02.16-20.39.24:562][  0]LogConfig: Setting CVar [[r.FastBlurThreshold:100]]
[2023.02.16-20.39.24:562][  0]LogConfig: Setting CVar [[r.Upscale.Quality:3]]
[2023.02.16-20.39.24:562][  0]LogConfig: Setting CVar [[r.Tonemapper.GrainQuantization:1]]
[2023.02.16-20.39.24:562][  0]LogConfig: Setting CVar [[r.LightShaftQuality:1]]
[2023.02.16-20.39.24:562][  0]LogConfig: Setting CVar [[r.Filter.SizeScale:1]]
[2023.02.16-20.39.24:562][  0]LogConfig: Setting CVar [[r.Tonemapper.Quality:5]]
[2023.02.16-20.39.24:562][  0]LogConfig: Setting CVar [[r.DOF.Gather.AccumulatorQuality:1        ; higher gathering accumulator quality]]
[2023.02.16-20.39.24:562][  0]LogConfig: Setting CVar [[r.DOF.Gather.PostfilterMethod:1          ; Median3x3 postfilering method]]
[2023.02.16-20.39.24:562][  0]LogConfig: Setting CVar [[r.DOF.Gather.EnableBokehSettings:0       ; no bokeh simulation when gathering]]
[2023.02.16-20.39.24:562][  0]LogConfig: Setting CVar [[r.DOF.Gather.RingCount:4                 ; medium number of samples when gathering]]
[2023.02.16-20.39.24:562][  0]LogConfig: Setting CVar [[r.DOF.Scatter.ForegroundCompositing:1    ; additive foreground scattering]]
[2023.02.16-20.39.24:562][  0]LogConfig: Setting CVar [[r.DOF.Scatter.BackgroundCompositing:2    ; additive background scattering]]
[2023.02.16-20.39.24:562][  0]LogConfig: Setting CVar [[r.DOF.Scatter.EnableBokehSettings:1      ; bokeh simulation when scattering]]
[2023.02.16-20.39.24:562][  0]LogConfig: Setting CVar [[r.DOF.Scatter.MaxSpriteRatio:0.1         ; only a maximum of 10% of scattered bokeh]]
[2023.02.16-20.39.24:562][  0]LogConfig: Setting CVar [[r.DOF.Recombine.Quality:1                ; cheap slight out of focus]]
[2023.02.16-20.39.24:562][  0]LogConfig: Setting CVar [[r.DOF.Recombine.EnableBokehSettings:0    ; no bokeh simulation on slight out of focus]]
[2023.02.16-20.39.24:562][  0]LogConfig: Setting CVar [[r.DOF.TemporalAAQuality:1                ; more stable temporal accumulation]]
[2023.02.16-20.39.24:562][  0]LogConfig: Setting CVar [[r.DOF.Kernel.MaxForegroundRadius:0.025]]
[2023.02.16-20.39.24:562][  0]LogConfig: Setting CVar [[r.DOF.Kernel.MaxBackgroundRadius:0.025]]
[2023.02.16-20.39.24:562][  0]LogConfig: Applying CVar settings from Section [TextureQuality@3] File [D:/GitHubProjects/Project__Alpha/Saved/Config/Windows/Scalability.ini]
[2023.02.16-20.39.24:562][  0]LogConfig: Setting CVar [[r.Streaming.MipBias:0]]
[2023.02.16-20.39.24:562][  0]LogConfig: Setting CVar [[r.Streaming.AmortizeCPUToGPUCopy:0]]
[2023.02.16-20.39.24:562][  0]LogConfig: Setting CVar [[r.Streaming.MaxNumTexturesToStreamPerFrame:0]]
[2023.02.16-20.39.24:562][  0]LogConfig: Setting CVar [[r.Streaming.Boost:1]]
[2023.02.16-20.39.24:562][  0]LogConfig: Setting CVar [[r.MaxAnisotropy:8]]
[2023.02.16-20.39.24:562][  0]LogConfig: Setting CVar [[r.VT.MaxAnisotropy:8]]
[2023.02.16-20.39.24:562][  0]LogConfig: Setting CVar [[r.Streaming.LimitPoolSizeToVRAM:0]]
[2023.02.16-20.39.24:562][  0]LogConfig: Setting CVar [[r.Streaming.PoolSize:1000]]
[2023.02.16-20.39.24:562][  0]LogConfig: Setting CVar [[r.Streaming.MaxEffectiveScreenSize:0]]
[2023.02.16-20.39.24:562][  0]LogConfig: Applying CVar settings from Section [EffectsQuality@3] File [D:/GitHubProjects/Project__Alpha/Saved/Config/Windows/Scalability.ini]
[2023.02.16-20.39.24:562][  0]LogConfig: Setting CVar [[r.TranslucencyLightingVolumeDim:64]]
[2023.02.16-20.39.24:562][  0]LogConfig: Setting CVar [[r.RefractionQuality:2]]
[2023.02.16-20.39.24:562][  0]LogConfig: Setting CVar [[r.SSR.Quality:3]]
[2023.02.16-20.39.24:562][  0]LogConfig: Setting CVar [[r.SSR.HalfResSceneColor:0]]
[2023.02.16-20.39.24:562][  0]LogConfig: Setting CVar [[r.SceneColorFormat:4]]
[2023.02.16-20.39.24:562][  0]LogConfig: Setting CVar [[r.DetailMode:2]]
[2023.02.16-20.39.24:562][  0]LogConfig: Setting CVar [[r.TranslucencyVolumeBlur:1]]
[2023.02.16-20.39.24:562][  0]LogConfig: Setting CVar [[r.MaterialQualityLevel:1 ; High quality]]
[2023.02.16-20.39.24:562][  0]LogConfig: Setting CVar [[r.AnisotropicMaterials:1]]
[2023.02.16-20.39.24:562][  0]LogConfig: Setting CVar [[r.SSS.Scale:1]]
[2023.02.16-20.39.24:562][  0]LogConfig: Setting CVar [[r.SSS.SampleSet:2]]
[2023.02.16-20.39.24:562][  0]LogConfig: Setting CVar [[r.SSS.Quality:1]]
[2023.02.16-20.39.24:562][  0]LogConfig: Setting CVar [[r.SSS.HalfRes:0]]
[2023.02.16-20.39.24:562][  0]LogConfig: Setting CVar [[r.SSGI.Quality:3]]
[2023.02.16-20.39.24:562][  0]LogConfig: Setting CVar [[r.EmitterSpawnRateScale:1.0]]
[2023.02.16-20.39.24:562][  0]LogConfig: Setting CVar [[r.ParticleLightQuality:2]]
[2023.02.16-20.39.24:562][  0]LogConfig: Setting CVar [[r.SkyAtmosphere.AerialPerspectiveLUT.FastApplyOnOpaque:1 ; Always have FastSkyLUT 1 in this case to avoid wrong sky]]
[2023.02.16-20.39.24:562][  0]LogConfig: Setting CVar [[r.SkyAtmosphere.AerialPerspectiveLUT.SampleCountMaxPerSlice:4]]
[2023.02.16-20.39.24:562][  0]LogConfig: Setting CVar [[r.SkyAtmosphere.AerialPerspectiveLUT.DepthResolution:16.0]]
[2023.02.16-20.39.24:562][  0]LogConfig: Setting CVar [[r.SkyAtmosphere.FastSkyLUT:1]]
[2023.02.16-20.39.24:563][  0]LogConfig: Setting CVar [[r.SkyAtmosphere.FastSkyLUT.SampleCountMin:4.0]]
[2023.02.16-20.39.24:563][  0]LogConfig: Setting CVar [[r.SkyAtmosphere.FastSkyLUT.SampleCountMax:128.0]]
[2023.02.16-20.39.24:563][  0]LogConfig: Setting CVar [[r.SkyAtmosphere.SampleCountMin:4.0]]
[2023.02.16-20.39.24:563][  0]LogConfig: Setting CVar [[r.SkyAtmosphere.SampleCountMax:128.0]]
[2023.02.16-20.39.24:563][  0]LogConfig: Setting CVar [[r.SkyAtmosphere.TransmittanceLUT.UseSmallFormat:0]]
[2023.02.16-20.39.24:563][  0]LogConfig: Setting CVar [[r.SkyAtmosphere.TransmittanceLUT.SampleCount:10.0]]
[2023.02.16-20.39.24:563][  0]LogConfig: Setting CVar [[r.SkyAtmosphere.MultiScatteringLUT.SampleCount:15.0]]
[2023.02.16-20.39.24:563][  0]LogConfig: Setting CVar [[r.SkyLight.RealTimeReflectionCapture:1]]
[2023.02.16-20.39.24:563][  0]LogConfig: Setting CVar [[fx.Niagara.QualityLevel:3]]
[2023.02.16-20.39.24:563][  0]LogConfig: Applying CVar settings from Section [FoliageQuality@3] File [D:/GitHubProjects/Project__Alpha/Saved/Config/Windows/Scalability.ini]
[2023.02.16-20.39.24:563][  0]LogConfig: Setting CVar [[foliage.DensityScale:1.0]]
[2023.02.16-20.39.24:563][  0]LogConfig: Setting CVar [[grass.DensityScale:1.0]]
[2023.02.16-20.39.24:563][  0]LogConfig: Applying CVar settings from Section [ShadingQuality@3] File [D:/GitHubProjects/Project__Alpha/Saved/Config/Windows/Scalability.ini]
[2023.02.16-20.39.24:563][  0]LogConfig: Setting CVar [[r.HairStrands.SkyLighting.IntegrationType:2]]
[2023.02.16-20.39.24:563][  0]LogConfig: Setting CVar [[r.HairStrands.SkyAO.SampleCount:4]]
[2023.02.16-20.39.24:563][  0]LogConfig: Setting CVar [[r.HairStrands.Visibility.MSAA.SamplePerPixel:4]]
[2023.02.16-20.39.24:563][  0]LogInit: Selected Device Profile: [Windows]
[2023.02.16-20.39.24:563][  0]LogInit: Applying CVar settings loaded from the selected device profile: [Windows]
[2023.02.16-20.39.24:563][  0]LogHAL: Display: Platform has ~ 16 GB [17122066432 / 17179869184 / 16], which maps to Larger [LargestMinGB=32, LargerMinGB=12, DefaultMinGB=8, SmallerMinGB=6, SmallestMinGB=0)
[2023.02.16-20.39.24:563][  0]LogInit: Going up to parent DeviceProfile []
[2023.02.16-20.39.24:563][  0]LogConfig: Applying CVar settings from Section [ViewDistanceQuality@3] File [D:/GitHubProjects/Project__Alpha/Saved/Config/Windows/Scalability.ini]
[2023.02.16-20.39.24:563][  0]LogConfig: Setting CVar [[r.SkeletalMeshLODBias:0]]
[2023.02.16-20.39.24:563][  0]LogConfig: Setting CVar [[r.ViewDistanceScale:1.0]]
[2023.02.16-20.39.24:563][  0]LogConfig: Applying CVar settings from Section [AntiAliasingQuality@3] File [D:/GitHubProjects/Project__Alpha/Saved/Config/Windows/Scalability.ini]
[2023.02.16-20.39.24:563][  0]LogConfig: Setting CVar [[r.PostProcessAAQuality:4]]
[2023.02.16-20.39.24:563][  0]LogConfig: Applying CVar settings from Section [ShadowQuality@3] File [D:/GitHubProjects/Project__Alpha/Saved/Config/Windows/Scalability.ini]
[2023.02.16-20.39.24:563][  0]LogConfig: Setting CVar [[r.LightFunctionQuality:1]]
[2023.02.16-20.39.24:563][  0]LogConfig: Setting CVar [[r.ShadowQuality:5]]
[2023.02.16-20.39.24:563][  0]LogConfig: Setting CVar [[r.Shadow.CSM.MaxCascades:10]]
[2023.02.16-20.39.24:563][  0]LogConfig: Setting CVar [[r.Shadow.MaxResolution:2048]]
[2023.02.16-20.39.24:563][  0]LogConfig: Setting CVar [[r.Shadow.MaxCSMResolution:2048]]
[2023.02.16-20.39.24:563][  0]LogConfig: Setting CVar [[r.Shadow.RadiusThreshold:0.01]]
[2023.02.16-20.39.24:563][  0]LogConfig: Setting CVar [[r.Shadow.DistanceScale:1.0]]
[2023.02.16-20.39.24:563][  0]LogConfig: Setting CVar [[r.Shadow.CSM.TransitionScale:1.0]]
[2023.02.16-20.39.24:563][  0]LogConfig: Setting CVar [[r.Shadow.PreShadowResolutionFactor:1.0]]
[2023.02.16-20.39.24:563][  0]LogConfig: Setting CVar [[r.DistanceFieldShadowing:1]]
[2023.02.16-20.39.24:563][  0]LogConfig: Setting CVar [[r.DistanceFieldAO:1]]
[2023.02.16-20.39.24:563][  0]LogConfig: Setting CVar [[r.AOQuality:2]]
[2023.02.16-20.39.24:563][  0]LogConfig: Setting CVar [[r.VolumetricFog:1]]
[2023.02.16-20.39.24:563][  0]LogConfig: Setting CVar [[r.VolumetricFog.GridPixelSize:8]]
[2023.02.16-20.39.24:563][  0]LogConfig: Setting CVar [[r.VolumetricFog.GridSizeZ:128]]
[2023.02.16-20.39.24:563][  0]LogConfig: Setting CVar [[r.VolumetricFog.HistoryMissSupersampleCount:4]]
[2023.02.16-20.39.24:563][  0]LogConfig: Setting CVar [[r.LightMaxDrawDistanceScale:1]]
[2023.02.16-20.39.24:563][  0]LogConfig: Setting CVar [[r.CapsuleShadows:1]]
[2023.02.16-20.39.24:563][  0]LogConfig: Applying CVar settings from Section [PostProcessQuality@3] File [D:/GitHubProjects/Project__Alpha/Saved/Config/Windows/Scalability.ini]
[2023.02.16-20.39.24:563][  0]LogConfig: Setting CVar [[r.MotionBlurQuality:4]]
[2023.02.16-20.39.24:563][  0]LogConfig: Setting CVar [[r.AmbientOcclusionMipLevelFactor:0.4]]
[2023.02.16-20.39.24:563][  0]LogConfig: Setting CVar [[r.AmbientOcclusionMaxQuality:100]]
[2023.02.16-20.39.24:563][  0]LogConfig: Setting CVar [[r.AmbientOcclusionLevels:-1]]
[2023.02.16-20.39.24:563][  0]LogConfig: Setting CVar [[r.AmbientOcclusionRadiusScale:1.0]]
[2023.02.16-20.39.24:563][  0]LogConfig: Setting CVar [[r.DepthOfFieldQuality:2]]
[2023.02.16-20.39.24:563][  0]LogConfig: Setting CVar [[r.RenderTargetPoolMin:400]]
[2023.02.16-20.39.24:563][  0]LogConfig: Setting CVar [[r.LensFlareQuality:2]]
[2023.02.16-20.39.24:563][  0]LogConfig: Setting CVar [[r.SceneColorFringeQuality:1]]
[2023.02.16-20.39.24:563][  0]LogConfig: Setting CVar [[r.EyeAdaptationQuality:2]]
[2023.02.16-20.39.24:563][  0]LogConfig: Setting CVar [[r.BloomQuality:5]]
[2023.02.16-20.39.24:563][  0]LogConfig: Setting CVar [[r.FastBlurThreshold:100]]
[2023.02.16-20.39.24:563][  0]LogConfig: Setting CVar [[r.Upscale.Quality:3]]
[2023.02.16-20.39.24:563][  0]LogConfig: Setting CVar [[r.Tonemapper.GrainQuantization:1]]
[2023.02.16-20.39.24:563][  0]LogConfig: Setting CVar [[r.LightShaftQuality:1]]
[2023.02.16-20.39.24:563][  0]LogConfig: Setting CVar [[r.Filter.SizeScale:1]]
[2023.02.16-20.39.24:563][  0]LogConfig: Setting CVar [[r.Tonemapper.Quality:5]]
[2023.02.16-20.39.24:563][  0]LogConfig: Setting CVar [[r.DOF.Gather.AccumulatorQuality:1        ; higher gathering accumulator quality]]
[2023.02.16-20.39.24:563][  0]LogConfig: Setting CVar [[r.DOF.Gather.PostfilterMethod:1          ; Median3x3 postfilering method]]
[2023.02.16-20.39.24:563][  0]LogConfig: Setting CVar [[r.DOF.Gather.EnableBokehSettings:0       ; no bokeh simulation when gathering]]
[2023.02.16-20.39.24:563][  0]LogConfig: Setting CVar [[r.DOF.Gather.RingCount:4                 ; medium number of samples when gathering]]
[2023.02.16-20.39.24:563][  0]LogConfig: Setting CVar [[r.DOF.Scatter.ForegroundCompositing:1    ; additive foreground scattering]]
[2023.02.16-20.39.24:563][  0]LogConfig: Setting CVar [[r.DOF.Scatter.BackgroundCompositing:2    ; additive background scattering]]
[2023.02.16-20.39.24:563][  0]LogConfig: Setting CVar [[r.DOF.Scatter.EnableBokehSettings:1      ; bokeh simulation when scattering]]
[2023.02.16-20.39.24:563][  0]LogConfig: Setting CVar [[r.DOF.Scatter.MaxSpriteRatio:0.1         ; only a maximum of 10% of scattered bokeh]]
[2023.02.16-20.39.24:563][  0]LogConfig: Setting CVar [[r.DOF.Recombine.Quality:1                ; cheap slight out of focus]]
[2023.02.16-20.39.24:563][  0]LogConfig: Setting CVar [[r.DOF.Recombine.EnableBokehSettings:0    ; no bokeh simulation on slight out of focus]]
[2023.02.16-20.39.24:563][  0]LogConfig: Setting CVar [[r.DOF.TemporalAAQuality:1                ; more stable temporal accumulation]]
[2023.02.16-20.39.24:563][  0]LogConfig: Setting CVar [[r.DOF.Kernel.MaxForegroundRadius:0.025]]
[2023.02.16-20.39.24:563][  0]LogConfig: Setting CVar [[r.DOF.Kernel.MaxBackgroundRadius:0.025]]
[2023.02.16-20.39.24:563][  0]LogConfig: Applying CVar settings from Section [TextureQuality@3] File [D:/GitHubProjects/Project__Alpha/Saved/Config/Windows/Scalability.ini]
[2023.02.16-20.39.24:563][  0]LogConfig: Setting CVar [[r.Streaming.MipBias:0]]
[2023.02.16-20.39.24:563][  0]LogConfig: Setting CVar [[r.Streaming.AmortizeCPUToGPUCopy:0]]
[2023.02.16-20.39.24:563][  0]LogConfig: Setting CVar [[r.Streaming.MaxNumTexturesToStreamPerFrame:0]]
[2023.02.16-20.39.24:563][  0]LogConfig: Setting CVar [[r.Streaming.Boost:1]]
[2023.02.16-20.39.24:563][  0]LogConfig: Setting CVar [[r.MaxAnisotropy:8]]
[2023.02.16-20.39.24:563][  0]LogConfig: Setting CVar [[r.VT.MaxAnisotropy:8]]
[2023.02.16-20.39.24:563][  0]LogConfig: Setting CVar [[r.Streaming.LimitPoolSizeToVRAM:0]]
[2023.02.16-20.39.24:563][  0]LogConfig: Setting CVar [[r.Streaming.PoolSize:1000]]
[2023.02.16-20.39.24:563][  0]LogConfig: Setting CVar [[r.Streaming.MaxEffectiveScreenSize:0]]
[2023.02.16-20.39.24:563][  0]LogConfig: Applying CVar settings from Section [EffectsQuality@3] File [D:/GitHubProjects/Project__Alpha/Saved/Config/Windows/Scalability.ini]
[2023.02.16-20.39.24:563][  0]LogConfig: Setting CVar [[r.TranslucencyLightingVolumeDim:64]]
[2023.02.16-20.39.24:563][  0]LogConfig: Setting CVar [[r.RefractionQuality:2]]
[2023.02.16-20.39.24:563][  0]LogConfig: Setting CVar [[r.SSR.Quality:3]]
[2023.02.16-20.39.24:563][  0]LogConfig: Setting CVar [[r.SSR.HalfResSceneColor:0]]
[2023.02.16-20.39.24:563][  0]LogConfig: Setting CVar [[r.SceneColorFormat:4]]
[2023.02.16-20.39.24:563][  0]LogConfig: Setting CVar [[r.DetailMode:2]]
[2023.02.16-20.39.24:563][  0]LogConfig: Setting CVar [[r.TranslucencyVolumeBlur:1]]
[2023.02.16-20.39.24:563][  0]LogConfig: Setting CVar [[r.MaterialQualityLevel:1 ; High quality]]
[2023.02.16-20.39.24:564][  0]LogConfig: Setting CVar [[r.AnisotropicMaterials:1]]
[2023.02.16-20.39.24:564][  0]LogConfig: Setting CVar [[r.SSS.Scale:1]]
[2023.02.16-20.39.24:564][  0]LogConfig: Setting CVar [[r.SSS.SampleSet:2]]
[2023.02.16-20.39.24:564][  0]LogConfig: Setting CVar [[r.SSS.Quality:1]]
[2023.02.16-20.39.24:564][  0]LogConfig: Setting CVar [[r.SSS.HalfRes:0]]
[2023.02.16-20.39.24:564][  0]LogConfig: Setting CVar [[r.SSGI.Quality:3]]
[2023.02.16-20.39.24:564][  0]LogConfig: Setting CVar [[r.EmitterSpawnRateScale:1.0]]
[2023.02.16-20.39.24:564][  0]LogConfig: Setting CVar [[r.ParticleLightQuality:2]]
[2023.02.16-20.39.24:564][  0]LogConfig: Setting CVar [[r.SkyAtmosphere.AerialPerspectiveLUT.FastApplyOnOpaque:1 ; Always have FastSkyLUT 1 in this case to avoid wrong sky]]
[2023.02.16-20.39.24:564][  0]LogConfig: Setting CVar [[r.SkyAtmosphere.AerialPerspectiveLUT.SampleCountMaxPerSlice:4]]
[2023.02.16-20.39.24:564][  0]LogConfig: Setting CVar [[r.SkyAtmosphere.AerialPerspectiveLUT.DepthResolution:16.0]]
[2023.02.16-20.39.24:564][  0]LogConfig: Setting CVar [[r.SkyAtmosphere.FastSkyLUT:1]]
[2023.02.16-20.39.24:564][  0]LogConfig: Setting CVar [[r.SkyAtmosphere.FastSkyLUT.SampleCountMin:4.0]]
[2023.02.16-20.39.24:564][  0]LogConfig: Setting CVar [[r.SkyAtmosphere.FastSkyLUT.SampleCountMax:128.0]]
[2023.02.16-20.39.24:564][  0]LogConfig: Setting CVar [[r.SkyAtmosphere.SampleCountMin:4.0]]
[2023.02.16-20.39.24:564][  0]LogConfig: Setting CVar [[r.SkyAtmosphere.SampleCountMax:128.0]]
[2023.02.16-20.39.24:564][  0]LogConfig: Setting CVar [[r.SkyAtmosphere.TransmittanceLUT.UseSmallFormat:0]]
[2023.02.16-20.39.24:564][  0]LogConfig: Setting CVar [[r.SkyAtmosphere.TransmittanceLUT.SampleCount:10.0]]
[2023.02.16-20.39.24:564][  0]LogConfig: Setting CVar [[r.SkyAtmosphere.MultiScatteringLUT.SampleCount:15.0]]
[2023.02.16-20.39.24:564][  0]LogConfig: Setting CVar [[r.SkyLight.RealTimeReflectionCapture:1]]
[2023.02.16-20.39.24:564][  0]LogConfig: Setting CVar [[fx.Niagara.QualityLevel:3]]
[2023.02.16-20.39.24:564][  0]LogConfig: Applying CVar settings from Section [FoliageQuality@3] File [D:/GitHubProjects/Project__Alpha/Saved/Config/Windows/Scalability.ini]
[2023.02.16-20.39.24:564][  0]LogConfig: Setting CVar [[foliage.DensityScale:1.0]]
[2023.02.16-20.39.24:564][  0]LogConfig: Setting CVar [[grass.DensityScale:1.0]]
[2023.02.16-20.39.24:564][  0]LogConfig: Applying CVar settings from Section [ShadingQuality@3] File [D:/GitHubProjects/Project__Alpha/Saved/Config/Windows/Scalability.ini]
[2023.02.16-20.39.24:564][  0]LogConfig: Setting CVar [[r.HairStrands.SkyLighting.IntegrationType:2]]
[2023.02.16-20.39.24:564][  0]LogConfig: Setting CVar [[r.HairStrands.SkyAO.SampleCount:4]]
[2023.02.16-20.39.24:564][  0]LogConfig: Setting CVar [[r.HairStrands.Visibility.MSAA.SamplePerPixel:4]]
[2023.02.16-20.39.24:564][  0]LogConfig: Applying CVar settings from Section [Startup] File [../../../Engine/Config/ConsoleVariables.ini]
[2023.02.16-20.39.24:568][  0]LogConfig: Setting CVar [[net.UseAdaptiveNetUpdateFrequency:0]]
[2023.02.16-20.39.24:568][  0]LogConfig: Setting CVar [[p.chaos.AllowCreatePhysxBodies:1]]
[2023.02.16-20.39.24:568][  0]LogConfig: Setting CVar [[fx.SkipVectorVMBackendOptimizations:1]]
[2023.02.16-20.39.24:568][  0]LogConfig: Applying CVar settings from Section [ConsoleVariables] File [D:/GitHubProjects/Project__Alpha/Saved/Config/Windows/Engine.ini]
[2023.02.16-20.39.24:568][  0]LogConfig: Applying CVar settings from Section [ConsoleVariables] File [D:/GitHubProjects/Project__Alpha/Saved/Config/Windows/Editor.ini]
[2023.02.16-20.39.24:568][  0]LogInit: Computer: DESKTOP-INTPURO
[2023.02.16-20.39.24:568][  0]LogInit: User: Hama
[2023.02.16-20.39.24:568][  0]LogInit: CPU Page size=4096, Cores=6
[2023.02.16-20.39.24:568][  0]LogInit: High frequency timer resolution =10.000000 MHz
[2023.02.16-20.39.24:568][  0]LogMemory: Memory total: Physical=15.9GB (16GB approx)
[2023.02.16-20.39.24:568][  0]LogMemory: Platform Memory Stats for Windows
[2023.02.16-20.39.24:568][  0]LogMemory: Process Physical Memory: 145.91 MB used, 145.92 MB peak
[2023.02.16-20.39.24:568][  0]LogMemory: Process Virtual Memory: 128.31 MB used, 128.31 MB peak
[2023.02.16-20.39.24:568][  0]LogMemory: Physical Memory: 5620.69 MB used,  10708.18 MB free, 16328.88 MB total
[2023.02.16-20.39.24:568][  0]LogMemory: Virtual Memory: 134209000.00 MB used,  8727.57 MB free, 134217728.00 MB total
[2023.02.16-20.39.24:573][  0]LogWindows: WindowsPlatformFeatures enabled
[2023.02.16-20.39.24:761][  0]LogInit: Physics initialised using underlying interface: PhysX
[2023.02.16-20.39.24:761][  0]LogInit: Using OS detected language (en-US).
[2023.02.16-20.39.24:761][  0]LogInit: Using OS detected locale (en-US).
[2023.02.16-20.39.24:762][  0]LogTextLocalizationManager: No specific localization for 'en-US' exists, so the 'en' localization will be used.
[2023.02.16-20.39.24:987][  0]LogWindowsTextInputMethodSystem: Display: IME system deactivated.
[2023.02.16-20.39.25:038][  0]LogSlate: New Slate User Created.  User Index 0, Is Virtual User: 0
[2023.02.16-20.39.25:038][  0]LogSlate: Slate User Registered.  User Index 0, Is Virtual User: 0
[2023.02.16-20.39.25:068][  0]LogD3D11RHI: Loaded GFSDK_Aftermath_Lib.x64.dll
[2023.02.16-20.39.25:070][  0]LogHMD: Failed to initialize OpenVR with code 110
[2023.02.16-20.39.25:070][  0]LogD3D11RHI: D3D11 min allowed feature level: 11_0
[2023.02.16-20.39.25:070][  0]LogD3D11RHI: D3D11 max allowed feature level: 11_0
[2023.02.16-20.39.25:070][  0]LogD3D11RHI: D3D11 adapters:
[2023.02.16-20.39.25:192][  0]LogD3D11RHI:    0. 'NVIDIA GeForce RTX 2060' (Feature Level 11_0)
[2023.02.16-20.39.25:192][  0]LogD3D11RHI:       5958/0/8164 MB DedicatedVideo/DedicatedSystem/SharedSystem, Outputs:1, VendorId:0x10de
[2023.02.16-20.39.25:194][  0]LogD3D11RHI:    1. 'Microsoft Basic Render Driver' (Feature Level 11_0)
[2023.02.16-20.39.25:194][  0]LogD3D11RHI:       0/0/8164 MB DedicatedVideo/DedicatedSystem/SharedSystem, Outputs:0, VendorId:0x1414
[2023.02.16-20.39.25:194][  0]LogD3D11RHI: Chosen D3D11 Adapter:
[2023.02.16-20.39.25:194][  0]LogD3D11RHI:     Description : NVIDIA GeForce RTX 2060
[2023.02.16-20.39.25:194][  0]LogD3D11RHI:     VendorId    : 10de
[2023.02.16-20.39.25:194][  0]LogD3D11RHI:     DeviceId    : 1e89
[2023.02.16-20.39.25:194][  0]LogD3D11RHI:     SubSysId    : 357119da
[2023.02.16-20.39.25:194][  0]LogD3D11RHI:     Revision    : 00a1
[2023.02.16-20.39.25:194][  0]LogD3D11RHI:     DedicatedVideoMemory : 6247415808 bytes
[2023.02.16-20.39.25:194][  0]LogD3D11RHI:     DedicatedSystemMemory : 0 bytes
[2023.02.16-20.39.25:194][  0]LogD3D11RHI:     SharedSystemMemory : 8561033216 bytes
[2023.02.16-20.39.25:194][  0]LogD3D11RHI:     AdapterLuid : 0 55936
[2023.02.16-20.39.25:199][  0]LogD3D11RHI: Creating new Direct3DDevice
[2023.02.16-20.39.25:199][  0]LogD3D11RHI:     GPU DeviceId: 0x1e89 (for the marketing name, search the web for "GPU Device Id")
[2023.02.16-20.39.25:199][  0]LogWindows: EnumDisplayDevices:
[2023.02.16-20.39.25:199][  0]LogWindows:    0. 'NVIDIA GeForce RTX 2060' (P:1 D:1)
[2023.02.16-20.39.25:199][  0]LogWindows:    1. 'NVIDIA GeForce RTX 2060' (P:0 D:0)
[2023.02.16-20.39.25:199][  0]LogWindows:    2. 'NVIDIA GeForce RTX 2060' (P:0 D:0)
[2023.02.16-20.39.25:199][  0]LogWindows:    3. 'NVIDIA GeForce RTX 2060' (P:0 D:0)
[2023.02.16-20.39.25:199][  0]LogWindows: DebugString: FoundDriverCount:4 
[2023.02.16-20.39.25:199][  0]LogD3D11RHI:     Adapter Name: NVIDIA GeForce RTX 2060
[2023.02.16-20.39.25:199][  0]LogD3D11RHI:   Driver Version: 528.02 (internal:31.0.15.2802, unified:528.02)
[2023.02.16-20.39.25:199][  0]LogD3D11RHI:      Driver Date: 12-22-2022
[2023.02.16-20.39.25:199][  0]LogRHI: Texture pool is 4170 MB (70% of 5958 MB)
[2023.02.16-20.39.25:199][  0]LogD3D11RHI: Creating D3DDevice using adapter:
[2023.02.16-20.39.25:199][  0]LogD3D11RHI:     Description : NVIDIA GeForce RTX 2060
[2023.02.16-20.39.25:199][  0]LogD3D11RHI:     VendorId    : 10de
[2023.02.16-20.39.25:199][  0]LogD3D11RHI:     DeviceId    : 1e89
[2023.02.16-20.39.25:199][  0]LogD3D11RHI:     SubSysId    : 357119da
[2023.02.16-20.39.25:199][  0]LogD3D11RHI:     Revision    : 00a1
[2023.02.16-20.39.25:199][  0]LogD3D11RHI:     DedicatedVideoMemory : 6247415808 bytes
[2023.02.16-20.39.25:199][  0]LogD3D11RHI:     DedicatedSystemMemory : 0 bytes
[2023.02.16-20.39.25:199][  0]LogD3D11RHI:     SharedSystemMemory : 8561033216 bytes
[2023.02.16-20.39.25:199][  0]LogD3D11RHI:     AdapterLuid : 0 55936
[2023.02.16-20.39.25:259][  0]LogD3D11RHI: RHI has support for 64 bit atomics
[2023.02.16-20.39.25:259][  0]LogD3D11RHI: Async texture creation enabled
[2023.02.16-20.39.25:259][  0]LogD3D11RHI: Array index from any shader is supported
[2023.02.16-20.39.25:284][  0]LogD3D11RHI: GPU Timing Frequency: 1000.000000 (Debug: 2 1)
[2023.02.16-20.39.25:335][  0]LogRHI: GeForceNow SDK initialized: 1
[2023.02.16-20.39.25:889][  0]LogTargetPlatformManager: Display: Loaded TargetPlatform 'WindowsNoEditor'
[2023.02.16-20.39.25:906][  0]LogTargetPlatformManager: Display: Loaded TargetPlatform 'Windows'
[2023.02.16-20.39.25:922][  0]LogTargetPlatformManager: Display: Loaded TargetPlatform 'WindowsClient'
[2023.02.16-20.39.25:938][  0]LogTargetPlatformManager: Display: Loaded TargetPlatform 'WindowsServer'
[2023.02.16-20.39.25:938][  0]LogTargetPlatformManager: Display: Building Assets For Windows
[2023.02.16-20.39.25:997][  0]LogAudioDebug: Display: Lib vorbis DLL was dynamically loaded.
[2023.02.16-20.39.26:153][  0]LogTextureFormatOodle: Display: Oodle Texture 2.9.0 init RDO Off
[2023.02.16-20.39.26:320][  0]LogRendererCore: Ray tracing is disabled. Reason: r.RayTracing=0.
[2023.02.16-20.39.26:320][  0]LogShaderCompilers: Guid format shader working directory is 4 characters bigger than the processId version (../../../../GitHubProjects/Project__Alpha/Intermediate/Shaders/WorkingDirectory/5796/).
[2023.02.16-20.39.26:320][  0]LogShaderCompilers: Cleaned the shader compiler working directory 'C:/Users/Hama/AppData/Local/Temp/UnrealShaderWorkingDir/FF42DC1D495D65841B0F0480A064B70A/'.
[2023.02.16-20.39.26:320][  0]LogXGEController: Cannot use XGE Controller as Incredibuild is not installed on this machine.
[2023.02.16-20.39.26:320][  0]LogShaderCompilers: Cannot use XGE Shader Compiler as Incredibuild is not installed on this machine.
[2023.02.16-20.39.26:320][  0]LogShaderCompilers: Display: Using Local Shader Compiler.
[2023.02.16-20.39.28:396][  0]LogDerivedDataCache: Display: Max Cache Size: 512 MB
[2023.02.16-20.39.28:440][  0]LogDerivedDataCache: Loaded boot cache 0.04s 95MB C:/Users/Hama/AppData/Local/UnrealEngine/4.27/DerivedDataCache/Boot.ddc.
[2023.02.16-20.39.28:440][  0]LogDerivedDataCache: Display: Loaded Boot cache: C:/Users/Hama/AppData/Local/UnrealEngine/4.27/DerivedDataCache/Boot.ddc
[2023.02.16-20.39.28:440][  0]LogDerivedDataCache: FDerivedDataBackendGraph:  Pak pak cache file ../../../../GitHubProjects/Project__Alpha/DerivedDataCache/DDC.ddp not found, will not use a pak cache.
[2023.02.16-20.39.28:440][  0]LogDerivedDataCache: Unable to find inner node Pak for hierarchical cache Hierarchy.
[2023.02.16-20.39.28:440][  0]LogDerivedDataCache: FDerivedDataBackendGraph:  CompressedPak pak cache file ../../../../GitHubProjects/Project__Alpha/DerivedDataCache/Compressed.ddp not found, will not use a pak cache.
[2023.02.16-20.39.28:440][  0]LogDerivedDataCache: Unable to find inner node CompressedPak for hierarchical cache Hierarchy.
[2023.02.16-20.39.28:461][  0]LogDerivedDataCache: Display: Pak cache opened for reading ../../../Engine/DerivedDataCache/Compressed.ddp.
[2023.02.16-20.39.28:461][  0]LogDerivedDataCache: FDerivedDataBackendGraph:  EnterprisePak pak cache file ../../../Enterprise/DerivedDataCache/Compressed.ddp not found, will not use a pak cache.
[2023.02.16-20.39.28:461][  0]LogDerivedDataCache: Unable to find inner node EnterprisePak for hierarchical cache Hierarchy.
[2023.02.16-20.39.28:493][  0]LogDerivedDataCache: Speed tests for C:/Users/Hama/AppData/Local/UnrealEngine/Common/DerivedDataCache took 0.03 seconds
[2023.02.16-20.39.28:493][  0]LogDerivedDataCache: Display: Performance to C:/Users/Hama/AppData/Local/UnrealEngine/Common/DerivedDataCache: Latency=0.03ms. RandomReadSpeed=35.86MBs, RandomWriteSpeed=153.30MBs. Assigned SpeedClass 'Local'
[2023.02.16-20.39.28:494][  0]LogDerivedDataCache: Using Local data cache path C:/Users/Hama/AppData/Local/UnrealEngine/Common/DerivedDataCache: Writable
[2023.02.16-20.39.28:494][  0]LogDerivedDataCache: Shared data cache path not found in *engine.ini, will not use an Shared cache.
[2023.02.16-20.39.28:494][  0]LogDerivedDataCache: Unable to find inner node Shared for hierarchical cache Hierarchy.
[2023.02.16-20.39.28:525][  0]LogSlate: Using FreeType 2.10.0
[2023.02.16-20.39.28:537][  0]LogSlate: SlateFontServices - WITH_FREETYPE: 1, WITH_HARFBUZZ: 1
[2023.02.16-20.39.28:704][  0]LogInit: Using OS detected language (en-US).
[2023.02.16-20.39.28:704][  0]LogInit: Using OS detected locale (en-US).
[2023.02.16-20.39.28:704][  0]LogTextLocalizationManager: No localization for 'en-US' exists, so 'en' will be used for the language.
[2023.02.16-20.39.28:704][  0]LogTextLocalizationManager: No localization for 'en-US' exists, so 'en' will be used for the locale.
[2023.02.16-20.39.28:704][  0]LogSlate: FontCache flush requested. Reason: Culture for localization was changed
[2023.02.16-20.39.28:704][  0]LogSlate: FontCache flush requested. Reason: Culture for localization was changed
[2023.02.16-20.39.28:706][  0]LogTextLocalizationManager: Compacting localization data took   0.00ms
[2023.02.16-20.39.28:706][  0]LogAssetRegistry: FAssetRegistry took 0.0015 seconds to start up
[2023.02.16-20.39.28:848][  0]LogPackageLocalizationCache: Processed 30 localized package path(s) for 1 prioritized culture(s) in 0.000908 seconds
[2023.02.16-20.39.28:907][  0]LogInit: Selected Device Profile: [Windows]
[2023.02.16-20.39.28:908][  0]LogInit: Active device profile: [0000027F22A23100][0000027F18D76980 49] Windows
[2023.02.16-20.39.28:908][  0]LogInit: Profiles: [0000027F22A23100][0000027F18D76980 49] Windows, [0000027F229F5100][0000027F190A8B00 49] WindowsNoEditor, [0000027F22A21100][0000027F190ACC80 49] WindowsServer, [0000027F229F6900][0000027F190B0E00 49] WindowsClient, [0000027F22A22800][0000027F190B4F80 49] IOS, [0000027F229F5A00][0000027F190B9100 49] iPadAir, [0000027F22A21900][0000027F190BD280 49] iPadAir2, [0000027F229A7700][0000027F18D7B500 49] IPadPro, [0000027F229A7800][0000027F190C1540 49] iPadAir3, [0000027F22A22200][0000027F190C5680 49] iPadAir4, [0000027F229A5600][0000027F190C97C0 49] iPadMini2, [0000027F22A23900][0000027F190CD900 49] iPadMini3, [0000027F229A6300][0000027F190D5A80 49] iPadMini4, [0000027F22A21400][0000027F190D9C00 49] iPadMini5, [0000027F229F3000][0000027F190E0340 49] iPhone6, [0000027F229F3100][0000027F190DC380 49] iPodTouch6, [0000027F229A4800][0000027F190E8640 49] iPhone7, [0000027F229A4700][0000027F190E4680 49] iPodTouch7, [0000027F229F1500][0000027F190EC800 49] iPhone5S, [0000027F229A5F00][0000027F190F0980 49] iPhone6Plus, [0000027F229F2400][0000027F1957AB00 49] iPhone6S, [0000027F229A5300][0000027F1957EC80 49] iPhone6SPlus, [0000027F229F3800][0000027F19582E00 49] iPhone7Plus, [0000027F229A5800][0000027F19586F80 49] iPhoneSE, [0000027F229F0C00][0000027F1958B100 49] iPhone8, [0000027F229A5C00][0000027F1958F280 49] iPhone8Plus, [0000027F229F2300][0000027F19593400 49] iPhoneX, [0000027F229A6A00][0000027F19597580 49] iPhoneXS, [0000027F229F3300][0000027F190D16C0 49] iPhoneXSMax, [0000027F229A6C00][0000027F1959B800 49] iPhoneXR, [0000027F229F3900][0000027F1959F940 49] iPhone11, [0000027F229A5D00][0000027F195A3A80 49] iPhone11Pro, [0000027F229F1800][0000027F195ABC00 49] iPhone11ProMax, [0000027F229A5000][0000027F195AE200 49] iPhoneSE2, [0000027F229F0200][0000027F195B2380 49] iPhone12Mini, [0000027F229A6500][0000027F195B6500 49] iPhone12, [0000027F229F2000][0000027F195BA680 49] iPhone12Pro, [0000027F229A6000][0000027F195BE800 49] iPhone12ProMax, [0000027F229F1600][0000027F195C2980 49] iPadPro105, [0000027F229A4300][0000027F195C6B00 49] iPadPro129, [0000027F229F1B00][0000027F195CAC80 49] iPadPro97, [0000027F229A4E00][0000027F195CEE00 49] iPadPro2_129, [0000027F229F0600][0000027F195D2F80 49] iPad5, [0000027F229A6F00][0000027F195D7100 49] iPad6, [0000027F229F0700][0000027F195DB280 49] iPad7, [0000027F229A5200][0000027F1D36B400 49] iPad8, [0000027F229F0D00][0000027F1D36F580 49] iPadPro11, [0000027F229A7200][0000027F1D373700 49] iPadPro2_11, [0000027F229F3600][0000027F1D377880 49] iPadPro3_129, [0000027F229A6600][0000027F195A79C0 49] iPadPro4_129, [0000027F229F2100][0000027F1D37BB00 49] AppleTV, [0000027F229A6D00][0000027F1D37E0C0 49] AppleTV4K, [0000027F229F0100][0000027F1D386240 49] TVOS, [0000027F229A7300][0000027F1D38A3C0 49] Mac, [0000027F229F1200][0000027F1D38E540 49] MacClient, [0000027F229A5700][0000027F1D3926C0 49] MacNoEditor, [0000027F229F6100][0000027F1D396840 49] MacServer, [0000027F22A8CC00][0000027F1D39A9C0 49] Linux, [0000027F229F4C00][0000027F1D39EB40 49] LinuxAArch64, [0000027F22A8D100][0000027F1D3A2CC0 49] LinuxNoEditor, [0000027F229F5C00][0000027F1D3A6E40 49] LinuxAArch64NoEditor, [0000027F22A8C500][0000027F1D3AAFC0 49] LinuxClient, [0000027F229F6300][0000027F1D3AF140 49] LinuxAArch64Client, [0000027F22A8C400][0000027F1D3B32C0 49] LinuxServer, [0000027F229F6E00][0000027F1D3B7440 49] LinuxAArch64Server, [0000027F22A8D400][0000027F1D3BB5C0 49] Android, [0000027F229F6000][0000027F1D3BF740 49] Android_Low, [0000027F22A8CF00][0000027F1D3C38C0 49] Android_Mid, [0000027F229F6500][0000027F1D3C7A40 49] Android_High, [0000027F22A8E000][0000027F1D383B80 49] Android_Default, [0000027F229F7000][0000027F1D3CA140 49] Android_Adreno4xx, [0000027F22A8CE00][0000027F1D3CE280 49] Android_Adreno5xx_Low, [0000027F229F4300][0000027F1D3D23C0 49] Android_Adreno5xx, [0000027F22A8E300][0000027F1D3DA540 49] Android_Adreno6xx, [0000027F229F4500][0000027F1D3DE6C0 49] Android_Adreno6xx_Vulkan, [0000027F22A8D500][0000027F1D3E2840 49] Android_Mali_T6xx, [0000027F229A4B00][0000027F1D3E69C0 49] Android_Mali_T7xx, [0000027F229F1400][0000027F1D3EAB40 49] Android_Mali_T8xx, [0000027F229A7500][0000027F1D3EECC0 49] Android_Mali_G71, [0000027F229F1D00][0000027F1D3F2E40 49] Android_Mali_G72, [0000027F229A5A00][0000027F1D3F6FC0 49] Android_Mali_G72_Vulkan, [0000027F229F2200][0000027F1D3FB140 49] Android_Mali_G76, [0000027F229A4F00][0000027F1D3FF2C0 49] Android_Mali_G76_Vulkan, [0000027F229F3A00][0000027F1D403440 49] Android_Mali_G77, [0000027F229A5E00][0000027F1D4075C0 49] Android_Mali_G77_Vulkan, [0000027F229F2E00][0000027F1D40B740 49] Android_Mali_G78, [0000027F229A7D00][0000027F1D40F8C0 49] Android_Mali_G78_Vulkan, [0000027F229F0A00][0000027F1D413A40 49] Android_Mali_G710, [0000027F229A7600][0000027F1D417BC0 49] Android_Mali_G710_Vulkan, [0000027F22A8DD00][0000027F1D3D6180 49] Android_Vulkan_SM5, [0000027F229A7900][0000027F1D41A2C0 49] Android_PowerVR_G6xxx, [0000027F22A8E200][0000027F1D41E400 49] Android_PowerVR_GT7xxx, [0000027F229A5100][0000027F1D422540 49] Android_PowerVR_GE8xxx, [0000027F22A8C600][0000027F1D42A6C0 49] Android_PowerVR_GM9xxx, [0000027F229A4C00][0000027F1D42E840 49] Android_PowerVR_GM9xxx_Vulkan, [0000027F22A8C700][0000027F1D4329C0 49] Android_TegraK1, [0000027F229A5900][0000027F1D436B40 49] Android_Unknown_Vulkan, [0000027F22A8C900][0000027F1D43ACC0 49] Lumin, [0000027F229A7C00][0000027F1D43EE40 49] Lumin_Desktop, [0000027F22A8C300][0000027F1D442FC0 49] HoloLens, 
[2023.02.16-20.39.29:221][  0]LogMeshReduction: Using QuadricMeshReduction for automatic static mesh reduction
[2023.02.16-20.39.29:221][  0]LogMeshReduction: Using SimplygonMeshReduction for automatic skeletal mesh reduction
[2023.02.16-20.39.29:222][  0]LogMeshReduction: Using ProxyLODMeshReduction for automatic mesh merging
[2023.02.16-20.39.29:222][  0]LogMeshReduction: No distributed automatic mesh merging module available
[2023.02.16-20.39.29:222][  0]LogMeshMerging: No distributed automatic mesh merging module available
[2023.02.16-20.39.29:271][  0]LogNetVersion: FirstProject 1.0.0, NetCL: 17155196, EngineNetVer: 17, GameNetVer: 0 (Checksum: 1409045027)
[2023.02.16-20.39.29:974][  0]LogTexture: Default maximum texture size for cubemaps generated from long-lat sources has been changed from 512 to unlimited. In order to preserve old behaiour for '/Engine/MapTemplates/Sky/DaylightAmbientCubemap.DaylightAmbientCubemap', its maximum texture size has been explicitly set to 512.
[2023.02.16-20.39.30:065][  0]LogHMD: PokeAHoleMaterial loaded successfully
[2023.02.16-20.39.30:584][  0]LogMoviePlayer: Initializing movie player
[2023.02.16-20.39.31:121][  0]LogNiagaraDebuggerClient: Niagara Debugger Client Initialized | Session: 3718BDB84749A59F9AEBC6A3B1C1D71D | Instance: 60F498AA436588945D2810A6052E8F36 (DESKTOP-INTPURO-5796).
[2023.02.16-20.39.31:194][  0]LogCollectionManager: Loaded 0 collections in 0.000624 seconds
[2023.02.16-20.39.31:196][  0]LogFileCache: Scanning file cache for directory 'D:/GitHubProjects/Project__Alpha/Saved/Collections/' took 0.00s
[2023.02.16-20.39.31:196][  0]LogFileCache: Scanning file cache for directory 'D:/GitHubProjects/Project__Alpha/Content/Developers/Hama/Collections/' took 0.00s
[2023.02.16-20.39.31:196][  0]LogFileCache: Scanning file cache for directory 'D:/GitHubProjects/Project__Alpha/Content/Collections/' took 0.00s
[2023.02.16-20.39.31:196][  0]LogCollectionManager: Fixed up redirectors for 0 collections in 0.000001 seconds (updated 0 objects)
[2023.02.16-20.39.31:281][  0]LogPython: Using Python 3.7.7
[2023.02.16-20.39.31:848][  0]LogTcpMessaging: Initializing TcpMessaging bridge
[2023.02.16-20.39.31:866][  0]LogUdpMessaging: Initializing bridge on interface 0.0.0.0:0 to multicast group 230.0.0.1:6666.
[2023.02.16-20.39.32:089][  0]SourceControl: Source control is disabled
[2023.02.16-20.39.32:089][  0]SourceControl: Source control is disabled
[2023.02.16-20.39.32:105][  0]SourceControl: Source control is disabled
[2023.02.16-20.39.32:135][  0]LogUProjectInfo: Found projects:
[2023.02.16-20.39.32:167][  0]LogVSAccessor: Display: Unable to create Visual Studio setup instance: 80040154
[2023.02.16-20.39.32:168][  0]LogVSAccessor: Display: Unable to create Visual Studio setup instance: 80040154
[2023.02.16-20.39.32:168][  0]LogVSAccessor: Display: Unable to create Visual Studio setup instance: 80040154
[2023.02.16-20.39.32:489][  0]LogOpenImageDenoise: OIDN starting up
[2023.02.16-20.39.32:597][  0]LogAndroidPermission: UAndroidPermissionCallbackProxy::GetInstance
[2023.02.16-20.39.32:691][  0]LogAudioCaptureCore: Display: No Audio Capture implementations found. Audio input will be silent.
[2023.02.16-20.39.32:691][  0]LogAudioCaptureCore: Display: No Audio Capture implementations found. Audio input will be silent.
[2023.02.16-20.39.33:040][  0]LogOcInput: OculusInput pre-init called
[2023.02.16-20.39.33:049][  0]LogUObjectArray: 22330 objects as part of root set at end of initial load.
[2023.02.16-20.39.33:049][  0]LogUObjectAllocator: 6077872 out of 0 bytes used by permanent object pool.
[2023.02.16-20.39.33:049][  0]LogUObjectArray: CloseDisregardForGC: 0/0 objects in disregard for GC pool
[2023.02.16-20.39.33:147][  0]LogEngine: Initializing Engine...
[2023.02.16-20.39.33:180][  0]LogHMD: Failed to enumerate extensions. Please check that you have a valid OpenXR runtime installed.
[2023.02.16-20.39.33:180][  0]LogHMD: Failed to initialize OpenVR with code 110
[2023.02.16-20.39.33:180][  0]LogMagicLeap: Warning: VR disabled because ZI is not enabled.  To enable, in the editor, Edit -> Project Settings -> Plugins -> Magic Leap Plugin -> Enable Zero Iteration
[2023.02.16-20.39.33:181][  0]LogStats: UGameplayTagsManager::InitializeManager -  0.000 s
[2023.02.16-20.39.33:341][  0]LogInit: Initializing FReadOnlyCVARCache
[2023.02.16-20.39.33:341][  0]LogAudio: Display: Initializing Audio Device Manager...
[2023.02.16-20.39.33:357][  0]LogAudio: Display: Loading Default Audio Settings Objects...
[2023.02.16-20.39.33:361][  0]LogAudio: Display: No default SoundConcurrencyObject specified (or failed to load).
[2023.02.16-20.39.33:361][  0]LogAudio: Display: Audio Device Manager Initialized
[2023.02.16-20.39.33:361][  0]LogAudio: Display: Creating Audio Device:                 Id: 1, Scope: Shared, Realtime: True
[2023.02.16-20.39.33:361][  0]LogAudioMixer: Display: Audio Mixer Platform Settings:
[2023.02.16-20.39.33:361][  0]LogAudioMixer: Display: 	Sample Rate:						  48000
[2023.02.16-20.39.33:361][  0]LogAudioMixer: Display: 	Callback Buffer Frame Size Requested: 1024
[2023.02.16-20.39.33:361][  0]LogAudioMixer: Display: 	Callback Buffer Frame Size To Use:	  1024
[2023.02.16-20.39.33:361][  0]LogAudioMixer: Display: 	Number of buffers to queue:			  2
[2023.02.16-20.39.33:361][  0]LogAudioMixer: Display: 	Max Channels (voices):				  32
[2023.02.16-20.39.33:361][  0]LogAudioMixer: Display: 	Number of Async Source Workers:		  0
[2023.02.16-20.39.33:361][  0]LogAudio: Display: AudioDevice MaxSources: 32
[2023.02.16-20.39.33:361][  0]LogAudio: Display: Audio Spatialization Plugin: None (built-in).
[2023.02.16-20.39.33:361][  0]LogAudio: Display: Audio Reverb Plugin: None (built-in).
[2023.02.16-20.39.33:361][  0]LogAudio: Display: Audio Occlusion Plugin: None (built-in).
[2023.02.16-20.39.33:361][  0]LogAudioMixer: Display: Initializing audio mixer.
[2023.02.16-20.39.33:389][  0]LogAudioMixer: Display: 0: FrontLeft
[2023.02.16-20.39.33:389][  0]LogAudioMixer: Display: 1: FrontRight
[2023.02.16-20.39.33:399][  0]LogAudioMixer: Display: Using Audio Device LG TV (NVIDIA High Definition Audio)
[2023.02.16-20.39.33:400][  0]LogAudioMixer: Display: Initializing Sound Submixes...
[2023.02.16-20.39.33:414][  0]LogAudioMixer: Display: Creating Master Submix 'MasterSubmixDefault'
[2023.02.16-20.39.33:414][  0]LogAudioMixer: Display: Creating Master Submix 'MasterReverbSubmixDefault'
[2023.02.16-20.39.33:415][  0]LogAudioMixer: Display: Creating Master Submix 'MasterEQSubmixDefault'
[2023.02.16-20.39.33:415][  0]LogAudioMixer: FMixerPlatformXAudio2::StartAudioStream() called
[2023.02.16-20.39.33:415][  0]LogAudioMixer: Display: Output buffers initialized: Frames=1024, Channels=2, Samples=2048
[2023.02.16-20.39.33:416][  0]LogAudioMixer: Display: Starting AudioMixerPlatformInterface::RunInternal()
[2023.02.16-20.39.33:416][  0]LogAudioMixer: Display: FMixerPlatformXAudio2::SubmitBuffer() called for the first time
[2023.02.16-20.39.33:416][  0]LogInit: FAudioDevice initialized.
[2023.02.16-20.39.33:417][  0]LogNetVersion: Set ProjectVersion to 1.0.0.0. Version Checksum will be recalculated on next use.
[2023.02.16-20.39.33:417][  0]LogInit: Texture streaming: Enabled
[2023.02.16-20.39.33:626][  0]LogAudio: Display: Audio Device (ID: 1) registered with world 'Untitled'.
[2023.02.16-20.39.33:626][  0]LogSlate: Updating window title bar state: overlay mode, drag disabled, window buttons hidden, title bar hidden
[2023.02.16-20.39.33:627][  0]LogInit: Display: Game Engine Initialized.
[2023.02.16-20.39.33:627][  0]LogNiagaraEditor: GEditor isn't valid! Particle reset commands will not work for Niagara components!
[2023.02.16-20.39.33:893][  0]LogInit: Display: Starting Game.
[2023.02.16-20.39.33:893][  0]LogNet: Browse: /Game/Levels/Level1?Name=Player
[2023.02.16-20.39.33:893][  0]LogLoad: LoadMap: /Game/Levels/Level1?Name=Player
[2023.02.16-20.39.33:893][  0]LogWorld: BeginTearingDown for /Temp/Untitled_0
[2023.02.16-20.39.33:894][  0]LogWorld: UWorld::CleanupWorld for Untitled, bSessionEnded=true, bCleanupResources=true
[2023.02.16-20.39.33:894][  0]LogSlate: InvalidateAllWidgets triggered.  All widgets were invalidated
[2023.02.16-20.39.33:903][  0]LogAudio: Display: Audio Device unregistered from world 'None'.
[2023.02.16-20.39.33:905][  0]LogUObjectHash: Compacting FUObjectHashTables data took   0.76ms
[2023.02.16-20.39.36:744][  0]LogAudio: Display: Audio Device (ID: 1) registered with world 'Level1'.
[2023.02.16-20.39.36:766][  0]LogAIModule: Creating AISystem for world Level1
[2023.02.16-20.39.36:767][  0]LogLoad: Game class is 'CharercterGameMode_C'
[2023.02.16-20.39.36:779][  0]LogWorld: Bringing World /Game/Levels/Level1.Level1 up for play (max tick rate 0) at 2023.02.16-23.39.36
[2023.02.16-20.39.36:782][  0]LogWorld: Bringing up level for play took: 0.014959
[2023.02.16-20.39.36:783][  0]LogGameMode: Display: Match State Changed from EnteringMap to WaitingToStart
[2023.02.16-20.39.36:783][  0]LogGameState: Match State Changed from EnteringMap to WaitingToStart
[2023.02.16-20.39.36:783][  0]LogGameMode: Display: Match State Changed from WaitingToStart to InProgress
[2023.02.16-20.39.36:786][  0]LogGameState: Match State Changed from WaitingToStart to InProgress
[2023.02.16-20.39.36:787][  0]LogLoad: Took 2.893876 seconds to LoadMap(/Game/Levels/Level1)
[2023.02.16-20.39.36:841][  0]LogRenderer: Reallocating scene render targets to support 1016x696 Format 10 NumSamples 1 (Frame:1).
[2023.02.16-20.39.36:841][  0]LogSlate: Took 0.002938 seconds to synchronously load lazily loaded font '../../../Engine/Content/Slate/Fonts/Roboto-Regular.ttf' (155K)
[2023.02.16-20.39.36:906][  0]LogInit: Display: Engine is initialized. Leaving FEngineLoop::Init()
[2023.02.16-20.39.36:907][  0]LogLoad: (Engine Initialization) Total time: 15.23 seconds
[2023.02.16-20.39.36:907][  0]LogLoad: (Engine Initialization) Total Blueprint compile time: 0.00 seconds
[2023.02.16-20.39.36:909][  0]LogContentStreaming: Texture pool size now 1000 MB
[2023.02.16-20.39.36:911][  0]LogSlate: InvalidateAllWidgets triggered.  All widgets were invalidated
[2023.02.16-20.39.37:067][  0]LogRenderer: Reallocating scene render targets to support 128x128 Format 10 NumSamples 1 (Frame:1).
[2023.02.16-20.39.37:088][  0]LogRenderer: Reallocating scene render targets to support 1016x696 Format 10 NumSamples 1 (Frame:2).
[2023.02.16-20.39.37:100][  1]LogSlate: Took 0.000126 seconds to synchronously load lazily loaded font '../../../Engine/Content/Slate/Fonts/Roboto-Regular.ttf' (155K)
[2023.02.16-20.40.05:484][763]LogSlate: Window 'FirstProject (64-bit Development PCD3D_SM5) ' being destroyed
[2023.02.16-20.40.05:485][763]LogWindowsTextInputMethodSystem: Display: IME system deactivated.
[2023.02.16-20.40.05:487][763]LogSlate: Updating window title bar state: overlay mode, drag disabled, window buttons hidden, title bar hidden
[2023.02.16-20.40.05:487][763]LogEngine: All Windows Closed
[2023.02.16-20.40.05:487][763]LogWindows: FPlatformMisc::RequestExit(0)
[2023.02.16-20.40.05:487][763]LogWindows: FPlatformMisc::RequestExitWithStatus(0, 0)
[2023.02.16-20.40.05:487][763]LogCore: Engine exit requested (reason: Win RequestExit)
[2023.02.16-20.40.05:487][764]LogCore: Engine exit requested (reason: EngineExit() was called; note: exit was already requested)
[2023.02.16-20.40.05:487][764]LogInit: Display: PreExit Game.
[2023.02.16-20.40.05:496][764]LogWorld: BeginTearingDown for /Game/Levels/Level1
[2023.02.16-20.40.05:496][764]LogWorld: UWorld::CleanupWorld for Level1, bSessionEnded=true, bCleanupResources=true
[2023.02.16-20.40.05:497][764]LogSlate: InvalidateAllWidgets triggered.  All widgets were invalidated
[2023.02.16-20.40.06:193][764]LogAudio: Display: Beginning Audio Device Manager Shutdown (Module: AudioMixerXAudio2)...
[2023.02.16-20.40.06:193][764]LogAudio: Display: Destroying 1 Remaining Audio Device(s)...
[2023.02.16-20.40.06:193][764]LogAudio: Display: Audio Device unregistered from world 'Level1'.
[2023.02.16-20.40.06:229][764]LogAudioMixer: FMixerPlatformXAudio2::StopAudioStream() called
[2023.02.16-20.40.06:230][764]LogAudioMixer: FMixerPlatformXAudio2::StopAudioStream() called
[2023.02.16-20.40.06:233][764]LogAudio: Display: Audio Device Manager Shutdown
[2023.02.16-20.40.06:249][764]LogExit: Preparing to exit.
[2023.02.16-20.40.06:903][764]LogSlate: Updating window title bar state: overlay mode, drag disabled, window buttons hidden, title bar hidden
[2023.02.16-20.40.06:911][764]LogUObjectHash: Compacting FUObjectHashTables data took   1.60ms
[2023.02.16-20.40.06:957][764]LogMoviePlayer: Shutting down movie player
[2023.02.16-20.40.07:106][764]LogDemo: Cleaned up 0 splitscreen connections with owner deletion
[2023.02.16-20.40.07:108][764]LogExit: Game engine shut down
[2023.02.16-20.40.07:813][764]LogExit: Object subsystem successfully closed.
[2023.02.16-20.40.07:822][764]LogShaderCompilers: Display: === FShaderJobCache stats ===
[2023.02.16-20.40.07:822][764]LogShaderCompilers: Display: Total job queries 0, among them cache hits 0 (0.00%)
[2023.02.16-20.40.07:822][764]LogShaderCompilers: Display: Tracking 0 distinct input hashes that result in 0 distinct outputs (0.00%)
[2023.02.16-20.40.07:822][764]LogShaderCompilers: Display: RAM used: 0.00 MB (0.00 GB) of 819.20 MB (0.80 GB) budget. Usage: 0.00%
[2023.02.16-20.40.07:822][764]LogShaderCompilers: Display: ================================================
[2023.02.16-20.40.07:946][764]LogShaderCompilers: Display: Shaders left to compile 0
[2023.02.16-20.40.08:187][764]LogModuleManager: Shutting down and abandoning module SequenceRecorderSections (572)
[2023.02.16-20.40.08:187][764]LogModuleManager: Shutting down and abandoning module SequenceRecorder (570)
[2023.02.16-20.40.08:187][764]LogModuleManager: Shutting down and abandoning module AutomationController (568)
[2023.02.16-20.40.08:187][764]LogModuleManager: Shutting down and abandoning module AutomationWorker (566)
[2023.02.16-20.40.08:187][764]LogModuleManager: Shutting down and abandoning module Voice (564)
[2023.02.16-20.40.08:187][764]LogModuleManager: Shutting down and abandoning module AIModule (562)
[2023.02.16-20.40.08:187][764]LogModuleManager: Shutting down and abandoning module GameplayDebugger (561)
[2023.02.16-20.40.08:187][764]LogModuleManager: Shutting down and abandoning module AITestSuite (559)
[2023.02.16-20.40.08:187][764]LogModuleManager: Shutting down and abandoning module NavigationSystem (557)
[2023.02.16-20.40.08:187][764]LogModuleManager: Shutting down and abandoning module AnimGraph (554)
[2023.02.16-20.40.08:187][764]LogModuleManager: Shutting down and abandoning module SteamVREditor (552)
[2023.02.16-20.40.08:187][764]LogModuleManager: Shutting down and abandoning module ToolMenus (551)
[2023.02.16-20.40.08:187][764]LogModuleManager: Shutting down and abandoning module OculusMR (548)
[2023.02.16-20.40.08:188][764]LogModuleManager: Shutting down and abandoning module OpenXRInput (546)
[2023.02.16-20.40.08:188][764]LogModuleManager: Shutting down and abandoning module TakeRecorderSources (544)
[2023.02.16-20.40.08:192][764]LogModuleManager: Shutting down and abandoning module TakeRecorder (543)
[2023.02.16-20.40.08:206][764]LogModuleManager: Shutting down and abandoning module TakeTrackRecorders (540)
[2023.02.16-20.40.08:216][764]LogModuleManager: Shutting down and abandoning module TakesCore (538)
[2023.02.16-20.40.08:216][764]LogModuleManager: Shutting down and abandoning module WmfMediaFactory (536)
[2023.02.16-20.40.08:216][764]LogModuleManager: Shutting down and abandoning module WebMMediaFactory (534)
[2023.02.16-20.40.08:216][764]LogModuleManager: Shutting down and abandoning module WebMMedia (532)
[2023.02.16-20.40.08:216][764]LogModuleManager: Shutting down and abandoning module OpenExrWrapper (530)
[2023.02.16-20.40.08:216][764]LogModuleManager: Shutting down and abandoning module ImgMediaFactory (528)
[2023.02.16-20.40.08:216][764]LogModuleManager: Shutting down and abandoning module AvfMediaFactory (526)
[2023.02.16-20.40.08:216][764]LogModuleManager: Shutting down and abandoning module PlanarCut (524)
[2023.02.16-20.40.08:228][764]LogModuleManager: Shutting down and abandoning module MagicLeapMediaCodecFactory (522)
[2023.02.16-20.40.08:228][764]LogModuleManager: Shutting down and abandoning module MagicLeapMediaFactory (520)
[2023.02.16-20.40.08:228][764]LogModuleManager: Shutting down and abandoning module CharacterAI (518)
[2023.02.16-20.40.08:228][764]LogModuleManager: Shutting down and abandoning module SessionServices (516)
[2023.02.16-20.40.08:228][764]LogModuleManager: Shutting down and abandoning module MovieSceneCapture (514)
[2023.02.16-20.40.08:228][764]LogModuleManager: Shutting down and abandoning module LiveCoding (512)
[2023.02.16-20.40.08:229][764]LogModuleManager: Shutting down and abandoning module LevelSequence (510)
[2023.02.16-20.40.08:229][764]LogModuleManager: Shutting down and abandoning module MovieSceneTracks (508)
[2023.02.16-20.40.08:229][764]LogModuleManager: Shutting down and abandoning module MovieScene (506)
[2023.02.16-20.40.08:229][764]LogModuleManager: Shutting down and abandoning module StreamingPauseRendering (504)
[2023.02.16-20.40.08:229][764]LogModuleManager: Shutting down and abandoning module PortalServices (502)
[2023.02.16-20.40.08:229][764]LogModuleManager: Shutting down and abandoning module PortalRpc (500)
[2023.02.16-20.40.08:229][764]LogModuleManager: Shutting down and abandoning module MessagingRpc (498)
[2023.02.16-20.40.08:229][764]LogModuleManager: Shutting down and abandoning module AudioMixerXAudio2 (496)
[2023.02.16-20.40.08:229][764]LogModuleManager: Shutting down and abandoning module AudioMixerCore (495)
[2023.02.16-20.40.08:229][764]LogModuleManager: Shutting down and abandoning module ImageWriteQueue (492)
[2023.02.16-20.40.08:231][764]LogModuleManager: Shutting down and abandoning module ProfilerService (490)
[2023.02.16-20.40.08:370][764]LogModuleManager: Shutting down and abandoning module TaskGraph (488)
[2023.02.16-20.40.08:378][764]LogModuleManager: Shutting down and abandoning module OculusInput (486)
[2023.02.16-20.40.08:378][764]LogModuleManager: Shutting down and abandoning module SQLiteSupport (484)
[2023.02.16-20.40.08:378][764]LogModuleManager: Shutting down and abandoning module DatabaseSupport (482)
[2023.02.16-20.40.08:378][764]LogModuleManager: Shutting down and abandoning module LiveLinkSequencer (480)
[2023.02.16-20.40.08:378][764]LogModuleManager: Shutting down and abandoning module LiveLinkMovieScene (478)
[2023.02.16-20.40.08:378][764]LogModuleManager: Shutting down and abandoning module LiveLinkGraphNode (476)
[2023.02.16-20.40.08:378][764]LogModuleManager: Shutting down and abandoning module LiveLinkComponents (474)
[2023.02.16-20.40.08:378][764]LogModuleManager: Shutting down and abandoning module LiveLink (472)
[2023.02.16-20.40.08:848][764]LogModuleManager: Shutting down and abandoning module Synthesis (470)
[2023.02.16-20.40.08:873][764]LogModuleManager: Shutting down and abandoning module ProceduralMeshComponent (468)
[2023.02.16-20.40.08:873][764]LogModuleManager: Shutting down and abandoning module MobilePatchingUtils (466)
[2023.02.16-20.40.08:873][764]LogModuleManager: Shutting down and abandoning module GooglePAD (464)
[2023.02.16-20.40.08:873][764]LogModuleManager: Shutting down and abandoning module EditableMesh (462)
[2023.02.16-20.40.08:873][764]LogModuleManager: Shutting down and abandoning module CustomMeshComponent (460)
[2023.02.16-20.40.08:873][764]LogModuleManager: Shutting down and abandoning module CableComponent (458)
[2023.02.16-20.40.08:873][764]LogModuleManager: Shutting down and abandoning module AudioCapture (456)
[2023.02.16-20.40.08:873][764]LogModuleManager: Shutting down and abandoning module AudioCaptureRtAudio (455)
[2023.02.16-20.40.08:873][764]LogModuleManager: Shutting down and abandoning module ArchVisCharacter (452)
[2023.02.16-20.40.08:873][764]LogModuleManager: Shutting down and abandoning module AssetTags (450)
[2023.02.16-20.40.08:873][764]LogModuleManager: Shutting down and abandoning module AppleImageUtilsBlueprintSupport (448)
[2023.02.16-20.40.08:873][764]LogModuleManager: Shutting down and abandoning module AppleImageUtils (446)
[2023.02.16-20.40.08:873][764]LogModuleManager: Shutting down and abandoning module AndroidPermission (444)
[2023.02.16-20.40.08:873][764]LogModuleManager: Shutting down and abandoning module TakeMovieScene (442)
[2023.02.16-20.40.08:873][764]LogModuleManager: Shutting down and abandoning module ActorLayerUtilities (440)
[2023.02.16-20.40.08:873][764]LogModuleManager: Shutting down and abandoning module TemplateSequence (438)
[2023.02.16-20.40.08:873][764]LogModuleManager: Shutting down and abandoning module MediaCompositing (436)
[2023.02.16-20.40.08:873][764]LogModuleManager: Shutting down and abandoning module ImgMedia (434)
[2023.02.16-20.40.08:873][764]LogModuleManager: Shutting down and abandoning module OpenImageDenoise (432)
[2023.02.16-20.40.08:873][764]LogOpenImageDenoise: OIDN shutting down
[2023.02.16-20.40.08:873][764]LogModuleManager: Shutting down and abandoning module MotoSynth (430)
[2023.02.16-20.40.08:873][764]LogModuleManager: Shutting down and abandoning module Landmass (428)
[2023.02.16-20.40.08:873][764]LogModuleManager: Shutting down and abandoning module MagicLeapSharedWorld (426)
[2023.02.16-20.40.08:873][764]LogModuleManager: Shutting down and abandoning module MeshConversion (424)
[2023.02.16-20.40.08:884][764]LogModuleManager: Shutting down and abandoning module DynamicMesh (422)
[2023.02.16-20.40.08:894][764]LogModuleManager: Shutting down and abandoning module GeometryAlgorithms (420)
[2023.02.16-20.40.08:918][764]LogModuleManager: Shutting down and abandoning module GeometricObjects (418)
[2023.02.16-20.40.08:922][764]LogModuleManager: Shutting down and abandoning module MagicLeapLightEstimation (416)
[2023.02.16-20.40.08:922][764]LogModuleManager: Shutting down and abandoning module GeometryCollectionTracks (414)
[2023.02.16-20.40.08:922][764]LogModuleManager: Shutting down and abandoning module GeometryCollectionSequencer (413)
[2023.02.16-20.40.08:922][764]LogModuleManager: Shutting down and abandoning module MagicLeapHelperVulkan (410)
[2023.02.16-20.40.08:922][764]LogModuleManager: Shutting down and abandoning module MagicLeapHelperOpenGL (408)
[2023.02.16-20.40.08:922][764]LogModuleManager: Shutting down and abandoning module MagicLeapAudio (406)
[2023.02.16-20.40.08:922][764]LogModuleManager: Shutting down and abandoning module GeometryCacheTracks (404)
[2023.02.16-20.40.08:922][764]LogModuleManager: Shutting down and abandoning module GeometryCacheSequencer (403)
[2023.02.16-20.40.08:922][764]LogModuleManager: Shutting down and abandoning module GeometryCache (400)
[2023.02.16-20.40.08:922][764]LogModuleManager: Shutting down and abandoning module GeometryCacheEd (399)
[2023.02.16-20.40.08:922][764]LogModuleManager: Shutting down and abandoning module ChaosNiagara (396)
[2023.02.16-20.40.08:923][764]LogModuleManager: Shutting down and abandoning module FieldSystemEngine (395)
[2023.02.16-20.40.08:938][764]LogModuleManager: Shutting down and abandoning module AutomationUtils (392)
[2023.02.16-20.40.08:938][764]LogModuleManager: Shutting down and abandoning module BackChannel (390)
[2023.02.16-20.40.08:938][764]LogModuleManager: Shutting down and abandoning module VisualStudioSourceCodeAccess (388)
[2023.02.16-20.40.08:938][764]LogModuleManager: Shutting down and abandoning module HotReload (387)
[2023.02.16-20.40.08:938][764]LogModuleManager: Shutting down and abandoning module VisualStudioCodeSourceCodeAccess (384)
[2023.02.16-20.40.08:938][764]LogModuleManager: Shutting down and abandoning module UObjectPlugin (382)
[2023.02.16-20.40.08:938][764]LogModuleManager: Shutting down and abandoning module SubversionSourceControl (380)
[2023.02.16-20.40.08:938][764]LogModuleManager: Shutting down and abandoning module PerforceSourceControl (378)
[2023.02.16-20.40.08:938][764]LogModuleManager: Shutting down and abandoning module SourceControl (377)
[2023.02.16-20.40.08:955][764]LogModuleManager: Shutting down and abandoning module CLionSourceCodeAccess (374)
[2023.02.16-20.40.08:955][764]LogModuleManager: Shutting down and abandoning module OodleNetworkHandlerComponent (372)
[2023.02.16-20.40.08:955][764]LogModuleManager: Shutting down and abandoning module SQLiteCore (370)
[2023.02.16-20.40.08:955][764]LogModuleManager: Shutting down and abandoning module RuntimePhysXCooking (368)
[2023.02.16-20.40.08:955][764]LogModuleManager: Shutting down and abandoning module SoundFields (366)
[2023.02.16-20.40.08:955][764]LogModuleManager: Shutting down and abandoning module PropertyAccessEditor (364)
[2023.02.16-20.40.08:955][764]LogModuleManager: Shutting down and abandoning module SignificanceManager (362)
[2023.02.16-20.40.08:955][764]LogModuleManager: Shutting down and abandoning module PhysXVehiclesEditor (360)
[2023.02.16-20.40.08:955][764]LogModuleManager: Shutting down and abandoning module LocationServicesBPLibrary (356)
[2023.02.16-20.40.08:955][764]LogModuleManager: Shutting down and abandoning module AudioSynesthesia (354)
[2023.02.16-20.40.08:955][764]LogModuleManager: Shutting down and abandoning module AudioSynesthesiaCore (352)
[2023.02.16-20.40.08:955][764]LogModuleManager: Shutting down and abandoning module UdpMessaging (350)
[2023.02.16-20.40.09:056][764]LogModuleManager: Shutting down and abandoning module TcpMessaging (348)
[2023.02.16-20.40.09:157][764]LogModuleManager: Shutting down and abandoning module ActorSequence (346)
[2023.02.16-20.40.09:157][764]LogModuleManager: Shutting down and abandoning module ImgMediaEngine (344)
[2023.02.16-20.40.09:157][764]LogModuleManager: Shutting down and abandoning module PythonScriptPlugin (342)
[2023.02.16-20.40.09:157][764]LogModuleManager: Shutting down and abandoning module NiagaraAnimNotifies (340)
[2023.02.16-20.40.09:157][764]LogModuleManager: Shutting down and abandoning module Niagara (338)
[2023.02.16-20.40.09:157][764]LogModuleManager: Shutting down and abandoning module SignalProcessing (337)
[2023.02.16-20.40.09:157][764]LogModuleManager: Shutting down and abandoning module NiagaraEditor (335)
[2023.02.16-20.40.09:157][764]LogModuleManager: Shutting down and abandoning module ContentBrowser (334)
[2023.02.16-20.40.09:157][764]LogModuleManager: Shutting down and abandoning module CollectionManager (333)
[2023.02.16-20.40.09:157][764]LogModuleManager: Shutting down and abandoning module DirectoryWatcher (332)
[2023.02.16-20.40.09:157][764]LogModuleManager: Shutting down and abandoning module ContentBrowserData (329)
[2023.02.16-20.40.09:157][764]LogModuleManager: Shutting down and abandoning module NiagaraCore (324)
[2023.02.16-20.40.09:157][764]LogModuleManager: Shutting down and abandoning module MagicLeapARPin (322)
[2023.02.16-20.40.09:157][764]LogModuleManager: Shutting down and abandoning module MagicLeapHandMeshing (320)
[2023.02.16-20.40.09:157][764]LogModuleManager: Shutting down and abandoning module MagicLeapSecureStorage (318)
[2023.02.16-20.40.09:157][764]LogModuleManager: Shutting down and abandoning module MagicLeapPrivileges (316)
[2023.02.16-20.40.09:157][764]LogModuleManager: Shutting down and abandoning module MagicLeapPlanes (314)
[2023.02.16-20.40.09:157][764]LogMagicLeapPlanes: Planes tracker already destroyed.
[2023.02.16-20.40.09:157][764]LogModuleManager: Shutting down and abandoning module MagicLeapImageTracker (312)
[2023.02.16-20.40.09:157][764]LogModuleManager: Shutting down and abandoning module MagicLeapIdentity (310)
[2023.02.16-20.40.09:157][764]LogModuleManager: Shutting down and abandoning module MagicLeapHandTracking (308)
[2023.02.16-20.40.09:157][764]LogModuleManager: Shutting down and abandoning module MagicLeapEyeTracker (306)
[2023.02.16-20.40.09:157][764]LogModuleManager: Shutting down and abandoning module MagicLeapController (304)
[2023.02.16-20.40.09:157][764]LogModuleManager: Shutting down and abandoning module MagicLeapARPinImpl (302)
[2023.02.16-20.40.09:157][764]LogModuleManager: Shutting down and abandoning module MagicLeapAR (300)
[2023.02.16-20.40.09:157][764]LogModuleManager: Shutting down and abandoning module PropertyAccessNode (298)
[2023.02.16-20.40.09:157][764]LogModuleManager: Shutting down and abandoning module AnimationSharing (296)
[2023.02.16-20.40.09:157][764]LogModuleManager: Shutting down and abandoning module GameplayTagsEditor (294)
[2023.02.16-20.40.09:157][764]LogModuleManager: Shutting down and abandoning module FacialAnimation (292)
[2023.02.16-20.40.09:157][764]LogModuleManager: Shutting down and abandoning module GameplayCameras (290)
[2023.02.16-20.40.09:157][764]LogModuleManager: Shutting down and abandoning module AssetManagerEditor (288)
[2023.02.16-20.40.09:157][764]LogModuleManager: Shutting down and abandoning module TreeMap (287)
[2023.02.16-20.40.09:157][764]LogModuleManager: Shutting down and abandoning module Paper2D (284)
[2023.02.16-20.40.09:157][764]LogModuleManager: Shutting down and abandoning module LightPropagationVolumeRuntime (282)
[2023.02.16-20.40.09:157][764]LogModuleManager: Shutting down and abandoning module EnvironmentQueryEditor (280)
[2023.02.16-20.40.09:170][764]LogModuleManager: Shutting down and abandoning module WindowsMoviePlayer (278)
[2023.02.16-20.40.09:171][764]LogModuleManager: Shutting down and abandoning module WebMMoviePlayer (276)
[2023.02.16-20.40.09:171][764]LogModuleManager: Shutting down and abandoning module BlueprintMaterialTextureNodes (274)
[2023.02.16-20.40.09:171][764]LogModuleManager: Shutting down and abandoning module NetworkReplayStreaming (272)
[2023.02.16-20.40.09:171][764]LogModuleManager: Shutting down and abandoning module PacketHandler (270)
[2023.02.16-20.40.09:171][764]LogModuleManager: Shutting down and abandoning module ClothingSystemEditor (268)
[2023.02.16-20.40.09:171][764]LogModuleManager: Shutting down and abandoning module ClothingSystemRuntimeNv (266)
[2023.02.16-20.40.09:180][764]LogModuleManager: Shutting down and abandoning module MediaAssets (264)
[2023.02.16-20.40.09:180][764]LogModuleManager: Shutting down and abandoning module Overlay (262)
[2023.02.16-20.40.09:180][764]LogModuleManager: Shutting down and abandoning module OverlayEditor (261)
[2023.02.16-20.40.09:180][764]LogModuleManager: Shutting down and abandoning module VREditor (258)
[2023.02.16-20.40.09:181][764]LogModuleManager: Shutting down and abandoning module StringTableEditor (256)
[2023.02.16-20.40.09:192][764]LogModuleManager: Shutting down and abandoning module GameplayTasksEditor (254)
[2023.02.16-20.40.09:192][764]LogModuleManager: Shutting down and abandoning module BehaviorTreeEditor (252)
[2023.02.16-20.40.09:197][764]LogModuleManager: Shutting down and abandoning module FunctionalTesting (250)
[2023.02.16-20.40.09:197][764]LogModuleManager: Shutting down and abandoning module CollisionAnalyzer (248)
[2023.02.16-20.40.09:197][764]LogModuleManager: Shutting down and abandoning module WorkspaceMenuStructure (247)
[2023.02.16-20.40.09:197][764]LogModuleManager: Shutting down and abandoning module UMG (244)
[2023.02.16-20.40.09:197][764]LogModuleManager: Shutting down and abandoning module UMGEditor (243)
[2023.02.16-20.40.09:209][764]LogModuleManager: Shutting down and abandoning module Sequencer (242)
[2023.02.16-20.40.09:221][764]LogModuleManager: Shutting down and abandoning module MessageLog (239)
[2023.02.16-20.40.09:221][764]LogModuleManager: Shutting down and abandoning module SlateReflector (234)
[2023.02.16-20.40.09:238][764]LogModuleManager: Shutting down and abandoning module Slate (232)
[2023.02.16-20.40.09:238][764]LogModuleManager: Shutting down and abandoning module SlateCore (230)
[2023.02.16-20.40.09:239][764]LogModuleManager: Shutting down and abandoning module LandscapeEditorUtilities (228)
[2023.02.16-20.40.09:239][764]LogModuleManager: Shutting down and abandoning module UnrealEd (226)
[2023.02.16-20.40.09:239][764]LogModuleManager: Shutting down and abandoning module MRMesh (224)
[2023.02.16-20.40.09:239][764]LogModuleManager: Shutting down and abandoning module Messaging (222)
[2023.02.16-20.40.09:239][764]LogModuleManager: Shutting down and abandoning module SourceCodeAccess (220)
[2023.02.16-20.40.09:239][764]LogModuleManager: Shutting down and abandoning module HeadMountedDisplay (218)
[2023.02.16-20.40.09:239][764]LogModuleManager: Shutting down and abandoning module XAudio2 (216)
[2023.02.16-20.40.09:239][764]LogModuleManager: Shutting down and abandoning module Networking (214)
[2023.02.16-20.40.09:239][764]LogModuleManager: Shutting down and abandoning module Core (212)
[2023.02.16-20.40.09:239][764]LogModuleManager: Shutting down and abandoning module MaterialEditor (210)
[2023.02.16-20.40.09:255][764]LogModuleManager: Shutting down and abandoning module MovieSceneTools (208)
[2023.02.16-20.40.09:255][764]LogModuleManager: Shutting down and abandoning module EditorStyle (207)
[2023.02.16-20.40.09:256][764]LogModuleManager: Shutting down and abandoning module KismetCompiler (204)
[2023.02.16-20.40.09:256][764]LogModuleManager: Shutting down and abandoning module MeshBuilder (202)
[2023.02.16-20.40.09:256][764]LogModuleManager: Shutting down and abandoning module MeshUtilities (200)
[2023.02.16-20.40.09:270][764]LogModuleManager: Shutting down and abandoning module MeshMergeUtilities (199)
[2023.02.16-20.40.09:270][764]LogModuleManager: Shutting down and abandoning module MeshReductionInterface (198)
[2023.02.16-20.40.09:270][764]LogModuleManager: Shutting down and abandoning module MeshBoneReduction (197)
[2023.02.16-20.40.09:270][764]LogModuleManager: Shutting down and abandoning module SkeletalMeshReduction (195)
[2023.02.16-20.40.09:281][764]LogModuleManager: Shutting down and abandoning module ProxyLODMeshReduction (193)
[2023.02.16-20.40.09:353][764]LogModuleManager: Shutting down and abandoning module QuadricMeshReduction (191)
[2023.02.16-20.40.09:353][764]LogModuleManager: Shutting down and abandoning module MaterialBaking (187)
[2023.02.16-20.40.09:353][764]LogModuleManager: Shutting down and abandoning module NullInstallBundleManager (182)
[2023.02.16-20.40.09:353][764]LogModuleManager: Shutting down and abandoning module PIEPreviewDeviceProfileSelector (180)
[2023.02.16-20.40.09:354][764]LogModuleManager: Shutting down and abandoning module DerivedDataCache (178)
[2023.02.16-20.40.09:354][764]LogModuleManager: Shutting down and abandoning module TargetPlatform (176)
[2023.02.16-20.40.09:354][764]LogModuleManager: Shutting down and abandoning module VulkanShaderFormat (175)
[2023.02.16-20.40.09:354][764]LogModuleManager: Shutting down and abandoning module ShaderFormatVectorVM (173)
[2023.02.16-20.40.09:368][764]LogModuleManager: Shutting down and abandoning module ShaderFormatOpenGL (171)
[2023.02.16-20.40.09:371][764]LogModuleManager: Shutting down and abandoning module ShaderFormatD3D (169)
[2023.02.16-20.40.09:384][764]LogModuleManager: Shutting down and abandoning module MetalShaderFormat (167)
[2023.02.16-20.40.09:393][764]LogModuleManager: Shutting down and abandoning module TextureFormatOodle (165)
[2023.02.16-20.40.09:393][764]LogModuleManager: Shutting down and abandoning module TextureFormatUncompressed (163)
[2023.02.16-20.40.09:393][764]LogModuleManager: Shutting down and abandoning module TextureFormatPVR (161)
[2023.02.16-20.40.09:393][764]LogModuleManager: Shutting down and abandoning module TextureFormatETC2 (159)
[2023.02.16-20.40.09:393][764]LogModuleManager: Shutting down and abandoning module TextureFormatDXT (157)
[2023.02.16-20.40.09:393][764]LogModuleManager: Shutting down and abandoning module TextureFormatIntelISPCTexComp (155)
[2023.02.16-20.40.09:393][764]LogModuleManager: Shutting down and abandoning module TextureFormatASTC (153)
[2023.02.16-20.40.09:393][764]LogModuleManager: Shutting down and abandoning module ImageWrapper (152)
[2023.02.16-20.40.09:393][764]LogModuleManager: Shutting down and abandoning module AudioFormatOpus (149)
[2023.02.16-20.40.09:393][764]LogModuleManager: Shutting down and abandoning module AudioFormatOgg (147)
[2023.02.16-20.40.09:393][764]LogModuleManager: Shutting down and abandoning module AudioFormatADPCM (145)
[2023.02.16-20.40.09:393][764]LogModuleManager: Shutting down and abandoning module WindowsServerTargetPlatform (143)
[2023.02.16-20.40.09:393][764]LogModuleManager: Shutting down and abandoning module WindowsClientTargetPlatform (141)
[2023.02.16-20.40.09:393][764]LogModuleManager: Shutting down and abandoning module WindowsTargetPlatform (139)
[2023.02.16-20.40.09:393][764]LogModuleManager: Shutting down and abandoning module WindowsNoEditorTargetPlatform (137)
[2023.02.16-20.40.09:393][764]LogModuleManager: Shutting down and abandoning module D3D11RHI (134)
[2023.02.16-20.40.09:393][764]LogModuleManager: Shutting down and abandoning module InputCore (132)
[2023.02.16-20.40.09:393][764]LogModuleManager: Shutting down and abandoning module Settings (130)
[2023.02.16-20.40.09:393][764]LogModuleManager: Shutting down and abandoning module PhysXCooking (128)
[2023.02.16-20.40.09:393][764]LogModuleManager: Shutting down and abandoning module Chaos (126)
[2023.02.16-20.40.09:408][764]LogModuleManager: Shutting down and abandoning module WindowsPlatformFeatures (124)
[2023.02.16-20.40.09:408][764]LogModuleManager: Shutting down and abandoning module GameplayMediaEncoder (123)
[2023.02.16-20.40.09:408][764]LogModuleManager: Shutting down and abandoning module AVEncoder (122)
[2023.02.16-20.40.09:408][764]LogModuleManager: Shutting down and abandoning module SteamVRInputDevice (118)
[2023.02.16-20.40.09:408][764]LogModuleManager: Shutting down and abandoning module SteamVRInput (116)
[2023.02.16-20.40.09:408][764]LogModuleManager: Shutting down and abandoning module SteamVR (114)
[2023.02.16-20.40.09:408][764]LogHMD: Freeing OpenVRDLLHandle.
[2023.02.16-20.40.09:408][764]LogModuleManager: Shutting down and abandoning module OculusHMD (112)
[2023.02.16-20.40.09:408][764]LogModuleManager: Shutting down and abandoning module OpenXRHandTracking (110)
[2023.02.16-20.40.09:408][764]LogSlate: Slate User Destroyed.  User Index 0, Is Virtual User: 0
[2023.02.16-20.40.09:408][764]LogModuleManager: Shutting down and abandoning module OpenXREyeTracker (108)
[2023.02.16-20.40.09:408][764]LogModuleManager: Shutting down and abandoning module OpenXRAR (106)
[2023.02.16-20.40.09:408][764]LogModuleManager: Shutting down and abandoning module AugmentedReality (105)
[2023.02.16-20.40.09:408][764]LogModuleManager: Shutting down and abandoning module OpenXRHMD (102)
[2023.02.16-20.40.09:409][764]LogModuleManager: Shutting down and abandoning module ExampleDeviceProfileSelector (100)
[2023.02.16-20.40.09:409][764]LogModuleManager: Shutting down and abandoning module ChunkDownloader (98)
[2023.02.16-20.40.09:422][764]LogModuleManager: Shutting down and abandoning module LauncherChunkInstaller (96)
[2023.02.16-20.40.09:422][764]LogModuleManager: Shutting down and abandoning module OnlineBlueprintSupport (94)
[2023.02.16-20.40.09:422][764]LogModuleManager: Shutting down and abandoning module OnlineSubsystem (90)
[2023.02.16-20.40.09:423][764]LogModuleManager: Shutting down and abandoning module XMPP (85)
[2023.02.16-20.40.09:423][764]LogModuleManager: Shutting down and abandoning module WebSockets (84)
[2023.02.16-20.40.09:455][764]LogModuleManager: Shutting down and abandoning module HTTP (81)
[2023.02.16-20.40.09:455][764]LogHttp: Display: cleaning up 0 outstanding Http requests.
[2023.02.16-20.40.09:481][764]LogModuleManager: Shutting down and abandoning module SSL (80)
[2023.02.16-20.40.09:482][764]LogModuleManager: Shutting down and abandoning module Water (76)
[2023.02.16-20.40.09:482][764]LogModuleManager: Shutting down and abandoning module WmfMedia (74)
[2023.02.16-20.40.09:483][764]LogModuleManager: Shutting down and abandoning module Media (73)
[2023.02.16-20.40.09:484][764]LogModuleManager: Shutting down and abandoning module MediaInfo (72)
[2023.02.16-20.40.09:484][764]LogModuleManager: Shutting down and abandoning module ExrReaderGpu (68)
[2023.02.16-20.40.09:484][764]LogModuleManager: Shutting down and abandoning module MLSDK (66)
[2023.02.16-20.40.09:484][764]LogModuleManager: Shutting down and abandoning module NiagaraVertexFactories (64)
[2023.02.16-20.40.09:484][764]LogModuleManager: Shutting down and abandoning module NiagaraShader (62)
[2023.02.16-20.40.09:484][764]LogModuleManager: Shutting down and abandoning module MagicLeap (60)
[2023.02.16-20.40.09:484][764]LogModuleManager: Shutting down and abandoning module VariantManagerContent (58)
[2023.02.16-20.40.09:484][764]LogModuleManager: Shutting down and abandoning module ChaosCloth (56)
[2023.02.16-20.40.09:484][764]LogModuleManager: Shutting down and abandoning module DatasmithContent (54)
[2023.02.16-20.40.09:484][764]LogModuleManager: Shutting down and abandoning module PixWinPlugin (52)
[2023.02.16-20.40.09:484][764]LogModuleManager: Shutting down and abandoning module AISupportModule (50)
[2023.02.16-20.40.09:484][764]LogModuleManager: Shutting down and abandoning module DesktopPlatform (48)
[2023.02.16-20.40.09:484][764]LogModuleManager: Shutting down and abandoning module PythonScriptPluginPreload (46)
[2023.02.16-20.40.09:484][764]LogModuleManager: Shutting down and abandoning module PlatformCryptoOpenSSL (44)
[2023.02.16-20.40.09:484][764]LogModuleManager: Shutting down and abandoning module PlatformCryptoTypes (42)
[2023.02.16-20.40.09:484][764]LogModuleManager: Shutting down and abandoning module PlatformCrypto (40)
[2023.02.16-20.40.09:484][764]LogModuleManager: Shutting down and abandoning module OodleDataCompressionFormat (38)
[2023.02.16-20.40.09:484][764]LogModuleManager: Shutting down and abandoning module XGEController (36)
[2023.02.16-20.40.09:484][764]LogModuleManager: Shutting down and abandoning module AnimationModifiers (34)
[2023.02.16-20.40.09:501][764]LogModuleManager: Shutting down and abandoning module AudioEditor (32)
[2023.02.16-20.40.09:511][764]LogModuleManager: Shutting down and abandoning module PropertyEditor (31)
[2023.02.16-20.40.09:511][764]LogModuleManager: Shutting down and abandoning module TextureCompressor (28)
[2023.02.16-20.40.09:511][764]LogModuleManager: Shutting down and abandoning module RenderCore (26)
[2023.02.16-20.40.09:511][764]LogModuleManager: Shutting down and abandoning module Landscape (24)
[2023.02.16-20.40.09:511][764]LogModuleManager: Shutting down and abandoning module SlateRHIRenderer (22)
[2023.02.16-20.40.09:511][764]LogModuleManager: Shutting down and abandoning module AnimGraphRuntime (20)
[2023.02.16-20.40.09:511][764]LogModuleManager: Shutting down and abandoning module Renderer (18)
[2023.02.16-20.40.09:511][764]LogModuleManager: Shutting down and abandoning module Engine (16)
[2023.02.16-20.40.09:511][764]LogModuleManager: Shutting down and abandoning module CoreUObject (14)
[2023.02.16-20.40.09:511][764]LogModuleManager: Shutting down and abandoning module NetworkFile (12)
[2023.02.16-20.40.09:511][764]LogModuleManager: Shutting down and abandoning module CookedIterativeFile (10)
[2023.02.16-20.40.09:511][764]LogModuleManager: Shutting down and abandoning module StreamingFile (8)
[2023.02.16-20.40.09:511][764]LogModuleManager: Shutting down and abandoning module SandboxFile (6)
[2023.02.16-20.40.09:511][764]LogModuleManager: Shutting down and abandoning module PakFile (4)
[2023.02.16-20.40.09:511][764]LogModuleManager: Shutting down and abandoning module RSA (3)
[2023.02.16-20.40.09:929][764]LogContentStreaming: Display: There are 1 unreleased StreamingManagers
[2023.02.16-20.40.09:937][764]LogD3D11RHI: Shutdown
[2023.02.16-20.40.09:937][764]LogD3D11RHI: CleanupD3DDevice
[2023.02.16-20.40.09:956][764]LogExit: Exiting.
[2023.02.16-20.40.10:007][764]Log file closed, 02/16/23 23:40:10
