Log file open, 02/12/23 01:09:40
LogWindows: Failed to load 'aqProf.dll' (GetLastError=126)
LogWindows: File 'aqProf.dll' does not exist
LogWindows: Failed to load 'VtuneApi.dll' (GetLastError=126)
LogWindows: File 'VtuneApi.dll' does not exist
LogWindows: Failed to load 'VtuneApi32e.dll' (GetLastError=126)
LogWindows: File 'VtuneApi32e.dll' does not exist
LogConsoleResponse: Display: Failed to find resolution value strings in scalability ini. Falling back to default.
LogConsoleResponse: Display: Failed to find resolution value strings in scalability ini. Falling back to default.
LogInit: Display: Running engine for game: FirstProject
LogPlatformFile: Not using cached read wrapper
LogTaskGraph: Started task graph with 5 named threads and 35 total threads with 3 sets of task threads.
LogStats: Stats thread started at 0.196629
LogICUInternationalization: ICU TimeZone Detection - Raw Offset: +3:00, Platform Override: ''
LogInit: Display: Loading text-based GConfig....
LogPluginManager: Mounting plugin MeshPainting
LogPluginManager: Mounting plugin MegascansPlugin
LogPluginManager: Mounting plugin XGEController
LogPluginManager: Mounting plugin Paper2D
LogPluginManager: Mounting plugin LiveLink
LogPluginManager: Mounting plugin AISupport
LogPluginManager: Mounting plugin EnvironmentQueryEditor
LogPluginManager: Mounting plugin CameraShakePreviewer
LogPluginManager: Mounting plugin LightPropagationVolume
LogPluginManager: Mounting plugin GameplayCameras
LogPluginManager: Mounting plugin OodleData
LogPluginManager: Mounting plugin CodeLiteSourceCodeAccess
LogPluginManager: Mounting plugin KDevelopSourceCodeAccess
LogPluginManager: Mounting plugin CLionSourceCodeAccess
LogPluginManager: Mounting plugin AnimationSharing
LogPluginManager: Mounting plugin NullSourceCodeAccess
LogPluginManager: Mounting plugin OodleNetwork
LogPluginManager: Mounting plugin GitSourceControl
LogPluginManager: Mounting plugin PerforceSourceControl
LogPluginManager: Mounting plugin PixWinPlugin
LogPluginManager: Mounting plugin PluginUtils
LogPluginManager: Mounting plugin PlasticSourceControl
LogPluginManager: Mounting plugin PropertyAccessNode
LogPluginManager: Mounting plugin RiderSourceCodeAccess
LogPluginManager: Mounting plugin SubversionSourceControl
LogPluginManager: Mounting plugin TextureFormatOodle
LogPluginManager: Mounting plugin UObjectPlugin
LogPluginManager: Mounting plugin XCodeSourceCodeAccess
LogPluginManager: Mounting plugin VisualStudioCodeSourceCodeAccess
LogPluginManager: Mounting plugin VisualStudioSourceCodeAccess
LogPluginManager: Mounting plugin LuminPlatformFeatures
LogPluginManager: Mounting plugin Niagara
LogPluginManager: Mounting plugin MagicLeap
LogPluginManager: Mounting plugin MagicLeapLightEstimation
LogPluginManager: Mounting plugin MagicLeapPassableWorld
LogPluginManager: Mounting plugin MagicLeapMedia
LogPluginManager: Mounting plugin MLSDK
LogPluginManager: Mounting plugin AvfMedia
LogPluginManager: Mounting plugin AndroidMedia
LogPluginManager: Mounting plugin DatasmithContent
LogPluginManager: Mounting plugin AssetManagerEditor
LogPluginManager: Mounting plugin VariantManagerContent
LogPluginManager: Mounting plugin BlueprintMaterialTextureNodes
LogPluginManager: Mounting plugin TcpMessaging
LogPluginManager: Mounting plugin UdpMessaging
LogPluginManager: Mounting plugin CryptoKeys
LogPluginManager: Mounting plugin CurveEditorTools
LogPluginManager: Mounting plugin DataValidation
LogPluginManager: Mounting plugin AlembicImporter
LogPluginManager: Mounting plugin EditorScriptingUtilities
LogPluginManager: Mounting plugin AutomationUtils
LogPluginManager: Mounting plugin FacialAnimation
LogPluginManager: Mounting plugin BackChannel
LogPluginManager: Mounting plugin GameplayTagsEditor
LogPluginManager: Mounting plugin GeometryMode
LogPluginManager: Mounting plugin MacGraphicsSwitching
LogPluginManager: Mounting plugin ChaosCloth
LogPluginManager: Mounting plugin MaterialAnalyzer
LogPluginManager: Mounting plugin ChaosClothEditor
LogPluginManager: Mounting plugin MobileLauncherProfileWizard
LogPluginManager: Mounting plugin ChaosEditor
LogPluginManager: Mounting plugin ChaosNiagara
LogPluginManager: Mounting plugin ChaosSolverPlugin
LogPluginManager: Mounting plugin ActorSequence
LogPluginManager: Mounting plugin LevelSequenceEditor
LogPluginManager: Mounting plugin PluginBrowser
LogPluginManager: Mounting plugin MatineeToLevelSequence
LogPluginManager: Mounting plugin SpeedTreeImporter
LogPluginManager: Mounting plugin TemplateSequence
LogPluginManager: Mounting plugin CharacterAI
LogPluginManager: Mounting plugin GeometryCache
LogPluginManager: Mounting plugin GeometryCollectionPlugin
LogPluginManager: Mounting plugin GeometryProcessing
LogPluginManager: Mounting plugin Landmass
LogPluginManager: Mounting plugin MotoSynth
LogPluginManager: Mounting plugin OpenImageDenoise
LogPluginManager: Mounting plugin PlanarCut
LogPluginManager: Mounting plugin PlatformCrypto
LogPluginManager: Mounting plugin PythonScriptPlugin
LogPluginManager: Mounting plugin ProxyLODPlugin
LogPluginManager: Mounting plugin SkeletalReduction
LogPluginManager: Mounting plugin OnlineSubsystem
LogPluginManager: Mounting plugin Water
LogPluginManager: Mounting plugin OnlineSubsystemNull
LogPluginManager: Mounting plugin OnlineSubsystemUtils
LogPluginManager: Mounting plugin ActorLayerUtilities
LogPluginManager: Mounting plugin LauncherChunkInstaller
LogPluginManager: Mounting plugin AndroidDeviceProfileSelector
LogPluginManager: Mounting plugin AndroidMoviePlayer
LogPluginManager: Mounting plugin AndroidPermission
LogPluginManager: Mounting plugin AppleImageUtils
LogPluginManager: Mounting plugin AppleMoviePlayer
LogPluginManager: Mounting plugin ArchVisCharacter
LogPluginManager: Mounting plugin AssetTags
LogPluginManager: Mounting plugin AudioSynesthesia
LogPluginManager: Mounting plugin AudioCapture
LogPluginManager: Mounting plugin ChunkDownloader
LogPluginManager: Mounting plugin CableComponent
LogPluginManager: Mounting plugin CustomMeshComponent
LogPluginManager: Mounting plugin ExampleDeviceProfileSelector
LogPluginManager: Mounting plugin EditableMesh
LogPluginManager: Mounting plugin GoogleCloudMessaging
LogPluginManager: Mounting plugin GooglePAD
LogPluginManager: Mounting plugin ScreenshotTools
LogPluginManager: Mounting plugin IOSDeviceProfileSelector
LogPluginManager: Mounting plugin LinuxDeviceProfileSelector
LogPluginManager: Mounting plugin LocationServicesBPLibrary
LogPluginManager: Mounting plugin MobilePatchingUtils
LogPluginManager: Mounting plugin OpenXR
LogPluginManager: Mounting plugin OpenXREyeTracker
LogPluginManager: Mounting plugin OpenXRHandTracking
LogPluginManager: Mounting plugin Takes
LogPluginManager: Mounting plugin PhysXVehicles
LogPluginManager: Mounting plugin PostSplashScreen
LogPluginManager: Mounting plugin ProceduralMeshComponent
LogPluginManager: Mounting plugin PropertyAccessEditor
LogPluginManager: Mounting plugin RuntimePhysXCooking
LogPluginManager: Mounting plugin SignificanceManager
LogPluginManager: Mounting plugin SoundFields
LogPluginManager: Mounting plugin Synthesis
LogPluginManager: Mounting plugin WebMMoviePlayer
LogPluginManager: Mounting plugin WindowsMoviePlayer
LogPluginManager: Mounting plugin ImgMedia
LogPluginManager: Mounting plugin MediaCompositing
LogPluginManager: Mounting plugin MediaPlayerEditor
LogPluginManager: Mounting plugin WebMMedia
LogPluginManager: Mounting plugin WmfMedia
LogPluginManager: Mounting plugin ContentBrowserAssetDataSource
LogPluginManager: Mounting plugin ContentBrowserClassDataSource
LogPluginManager: Mounting plugin ContentBrowserFileDataSource
LogPluginManager: Mounting plugin OnlineSubsystemGooglePlay
LogPluginManager: Mounting plugin OnlineSubsystemIOS
LogPluginManager: Mounting plugin DatabaseSupport
LogPluginManager: Mounting plugin SQLiteCore
LogPluginManager: Mounting plugin SQLiteSupport
LogPluginManager: Mounting plugin OculusVR
LogPluginManager: Mounting plugin SteamVR
PixWinPlugin: PIX capture plugin failed to initialize! Check that the process is launched from PIX.
LogInit: Using libcurl 7.55.1-DEV
LogInit:  - built for x86_64-pc-win32
LogInit:  - supports SSL with OpenSSL/1.1.1
LogInit:  - supports HTTP deflate (compression) using libz 1.2.8
LogInit:  - other features:
LogInit:      CURL_VERSION_SSL
LogInit:      CURL_VERSION_LIBZ
LogInit:      CURL_VERSION_IPV6
LogInit:      CURL_VERSION_ASYNCHDNS
LogInit:      CURL_VERSION_LARGEFILE
LogInit:      CURL_VERSION_IDN
LogInit:  CurlRequestOptions (configurable via config and command line):
LogInit:  - bVerifyPeer = true  - Libcurl will verify peer certificate
LogInit:  - bUseHttpProxy = false  - Libcurl will NOT use HTTP proxy
LogInit:  - bDontReuseConnections = false  - Libcurl will reuse connections
LogInit:  - MaxHostConnections = 16  - Libcurl will limit the number of connections to a host
LogInit:  - LocalHostAddr = Default
LogInit:  - BufferSize = 65536
LogOnline: OSS: Creating online subsystem instance for: NULL
LogInit: WinSock: version 1.1 (2.2), MaxSocks=32767, MaxUdp=65467
LogOnline: OSS: TryLoadSubsystemAndSetDefault: Loaded subsystem for module [NULL]
LogOculusPluginWrapper: OculusPlugin initialized successfully
LogHMD: Failed initializing OVRPlugin 1.59.0
LogInit: Build: ++UE4+Release-4.27-CL-18319896
LogInit: Engine Version: 4.27.2-18319896+++UE4+Release-4.27
LogInit: Compatible Engine Version: 4.27.0-17155196+++UE4+Release-4.27
LogInit: Net CL: 17155196
LogInit: OS: Windows 10 (Release 2009) (), CPU: AMD Ryzen 5 3600 6-Core Processor              , GPU: NVIDIA GeForce RTX 2060
LogInit: Compiled (64-bit): Nov 30 2021 07:12:08
LogInit: Compiled with Visual C++: 19.24.28315.00
LogInit: Build Configuration: Development
LogInit: Branch Name: ++UE4+Release-4.27
LogInit: Command Line: 
LogInit: Base Directory: D:/UE_4.27/Engine/Binaries/Win64/
LogInit: Allocator: TBB
LogInit: Installed Engine Build: 1
LogDevObjectVersion: Number of dev versions registered: 29
LogDevObjectVersion:   Dev-Blueprints (B0D832E4-1F89-4F0D-ACCF-7EB736FD4AA2): 10
LogDevObjectVersion:   Dev-Build (E1C64328-A22C-4D53-A36C-8E866417BD8C): 0
LogDevObjectVersion:   Dev-Core (375EC13C-06E4-48FB-B500-84F0262A717E): 4
LogDevObjectVersion:   Dev-Editor (E4B068ED-F494-42E9-A231-DA0B2E46BB41): 40
LogDevObjectVersion:   Dev-Framework (CFFC743F-43B0-4480-9391-14DF171D2073): 37
LogDevObjectVersion:   Dev-Mobile (B02B49B5-BB20-44E9-A304-32B752E40360): 3
LogDevObjectVersion:   Dev-Networking (A4E4105C-59A1-49B5-A7C5-40C4547EDFEE): 0
LogDevObjectVersion:   Dev-Online (39C831C9-5AE6-47DC-9A44-9C173E1C8E7C): 0
LogDevObjectVersion:   Dev-Physics (78F01B33-EBEA-4F98-B9B4-84EACCB95AA2): 14
LogDevObjectVersion:   Dev-Platform (6631380F-2D4D-43E0-8009-CF276956A95A): 0
LogDevObjectVersion:   Dev-Rendering (12F88B9F-8875-4AFC-A67C-D90C383ABD29): 45
LogDevObjectVersion:   Dev-Sequencer (7B5AE74C-D270-4C10-A958-57980B212A5A): 13
LogDevObjectVersion:   Dev-VR (D7296918-1DD6-4BDD-9DE2-64A83CC13884): 3
LogDevObjectVersion:   Dev-LoadTimes (C2A15278-BFE7-4AFE-6C17-90FF531DF755): 1
LogDevObjectVersion:   Private-Geometry (6EACA3D4-40EC-4CC1-B786-8BED09428FC5): 3
LogDevObjectVersion:   Dev-AnimPhys (29E575DD-E0A3-4627-9D10-D276232CDCEA): 17
LogDevObjectVersion:   Dev-Anim (AF43A65D-7FD3-4947-9873-3E8ED9C1BB05): 15
LogDevObjectVersion:   Dev-ReflectionCapture (6B266CEC-1EC7-4B8F-A30B-E4D90942FC07): 1
LogDevObjectVersion:   Dev-Automation (0DF73D61-A23F-47EA-B727-89E90C41499A): 1
LogDevObjectVersion:   FortniteMain (601D1886-AC64-4F84-AA16-D3DE0DEAC7D6): 47
LogDevObjectVersion:   FortniteRelease (E7086368-6B23-4C58-8439-1B7016265E91): 1
LogDevObjectVersion:   Dev-Enterprise (9DFFBCD6-494F-0158-E221-12823C92A888): 10
LogDevObjectVersion:   Dev-Niagara (F2AED0AC-9AFE-416F-8664-AA7FFA26D6FC): 1
LogDevObjectVersion:   Dev-Destruction (174F1F0B-B4C6-45A5-B13F-2EE8D0FB917D): 10
LogDevObjectVersion:   Dev-Physics-Ext (35F94A83-E258-406C-A318-09F59610247C): 41
LogDevObjectVersion:   Dev-PhysicsMaterial-Chaos (B68FC16E-8B1B-42E2-B453-215C058844FE): 1
LogDevObjectVersion:   Dev-CineCamera (B2E18506-4273-CFC2-A54E-F4BB758BBA07): 1
LogDevObjectVersion:   Dev-VirtualProduction (64F58936-FD1B-42BA-BA96-7289D5D0FA4E): 1
LogDevObjectVersion:   Dev-MediaFramework (6F0ED827-A609-4895-9C91-998D90180EA4): 2
LogInit: Presizing for max 25165824 objects, including 0 objects not considered by GC, pre-allocating 0 bytes for permanent pool.
LogConfig: Applying CVar settings from Section [/Script/Engine.StreamingSettings] File [D:/GitHubProject/ProjectAlpha/Project__Alpha/Saved/Config/Windows/Engine.ini]
LogConfig: Setting CVar [[s.MinBulkDataSizeForAsyncLoading:131072]]
LogConfig: Setting CVar [[s.AsyncLoadingThreadEnabled:0]]
LogConfig: Setting CVar [[s.EventDrivenLoaderEnabled:1]]
LogConfig: Setting CVar [[s.WarnIfTimeLimitExceeded:0]]
LogConfig: Setting CVar [[s.TimeLimitExceededMultiplier:1.5]]
LogConfig: Setting CVar [[s.TimeLimitExceededMinTime:0.005]]
LogConfig: Setting CVar [[s.UseBackgroundLevelStreaming:1]]
LogConfig: Setting CVar [[s.PriorityAsyncLoadingExtraTime:15.0]]
LogConfig: Setting CVar [[s.LevelStreamingActorsUpdateTimeLimit:5.0]]
LogConfig: Setting CVar [[s.PriorityLevelStreamingActorsUpdateExtraTime:5.0]]
LogConfig: Setting CVar [[s.LevelStreamingComponentsRegistrationGranularity:10]]
LogConfig: Setting CVar [[s.UnregisterComponentsTimeLimit:1.0]]
LogConfig: Setting CVar [[s.LevelStreamingComponentsUnregistrationGranularity:5]]
LogConfig: Setting CVar [[s.FlushStreamingOnExit:1]]
LogInit: Object subsystem initialized
LogConfig: Setting CVar [[con.DebugEarlyDefault:1]]
LogConfig: Setting CVar [[r.setres:1280x720]]
LogConfig: Setting CVar [[fx.NiagaraAllowRuntimeScalabilityChanges:1]]
[2023.02.11-22.09.40:592][  0]LogConfig: Setting CVar [[r.VSync:0]]
[2023.02.11-22.09.40:592][  0]LogConfig: Setting CVar [[r.RHICmdBypass:0]]
[2023.02.11-22.09.40:592][  0]LogConfig: Applying CVar settings from Section [/Script/Engine.RendererSettings] File [D:/GitHubProject/ProjectAlpha/Project__Alpha/Saved/Config/Windows/Engine.ini]
[2023.02.11-22.09.40:592][  0]LogConfig: Setting CVar [[r.GPUCrashDebugging:0]]
[2023.02.11-22.09.40:592][  0]LogConfig: Applying CVar settings from Section [/Script/Engine.RendererOverrideSettings] File [D:/GitHubProject/ProjectAlpha/Project__Alpha/Saved/Config/Windows/Engine.ini]
[2023.02.11-22.09.40:592][  0]LogConfig: Applying CVar settings from Section [/Script/Engine.StreamingSettings] File [D:/GitHubProject/ProjectAlpha/Project__Alpha/Saved/Config/Windows/Engine.ini]
[2023.02.11-22.09.40:592][  0]LogConfig: Setting CVar [[s.MinBulkDataSizeForAsyncLoading:131072]]
[2023.02.11-22.09.40:592][  0]LogConfig: Setting CVar [[s.AsyncLoadingThreadEnabled:0]]
[2023.02.11-22.09.40:592][  0]LogConfig: Setting CVar [[s.EventDrivenLoaderEnabled:1]]
[2023.02.11-22.09.40:592][  0]LogConfig: Setting CVar [[s.WarnIfTimeLimitExceeded:0]]
[2023.02.11-22.09.40:592][  0]LogConfig: Setting CVar [[s.TimeLimitExceededMultiplier:1.5]]
[2023.02.11-22.09.40:592][  0]LogConfig: Setting CVar [[s.TimeLimitExceededMinTime:0.005]]
[2023.02.11-22.09.40:592][  0]LogConfig: Setting CVar [[s.UseBackgroundLevelStreaming:1]]
[2023.02.11-22.09.40:592][  0]LogConfig: Setting CVar [[s.PriorityAsyncLoadingExtraTime:15.0]]
[2023.02.11-22.09.40:592][  0]LogConfig: Setting CVar [[s.LevelStreamingActorsUpdateTimeLimit:5.0]]
[2023.02.11-22.09.40:592][  0]LogConfig: Setting CVar [[s.PriorityLevelStreamingActorsUpdateExtraTime:5.0]]
[2023.02.11-22.09.40:592][  0]LogConfig: Setting CVar [[s.LevelStreamingComponentsRegistrationGranularity:10]]
[2023.02.11-22.09.40:592][  0]LogConfig: Setting CVar [[s.UnregisterComponentsTimeLimit:1.0]]
[2023.02.11-22.09.40:592][  0]LogConfig: Setting CVar [[s.LevelStreamingComponentsUnregistrationGranularity:5]]
[2023.02.11-22.09.40:592][  0]LogConfig: Setting CVar [[s.FlushStreamingOnExit:1]]
[2023.02.11-22.09.40:592][  0]LogConfig: Applying CVar settings from Section [/Script/Engine.GarbageCollectionSettings] File [D:/GitHubProject/ProjectAlpha/Project__Alpha/Saved/Config/Windows/Engine.ini]
[2023.02.11-22.09.40:592][  0]LogConfig: Setting CVar [[gc.MaxObjectsNotConsideredByGC:1]]
[2023.02.11-22.09.40:592][  0]LogConfig: Setting CVar [[gc.SizeOfPermanentObjectPool:0]]
[2023.02.11-22.09.40:592][  0]LogConfig: Setting CVar [[gc.FlushStreamingOnGC:0]]
[2023.02.11-22.09.40:592][  0]LogConfig: Setting CVar [[gc.NumRetriesBeforeForcingGC:10]]
[2023.02.11-22.09.40:592][  0]LogConfig: Setting CVar [[gc.AllowParallelGC:1]]
[2023.02.11-22.09.40:592][  0]LogConfig: Setting CVar [[gc.TimeBetweenPurgingPendingKillObjects:61.1]]
[2023.02.11-22.09.40:592][  0]LogConfig: Setting CVar [[gc.MaxObjectsInEditor:25165824]]
[2023.02.11-22.09.40:592][  0]LogConfig: Setting CVar [[gc.IncrementalBeginDestroyEnabled:1]]
[2023.02.11-22.09.40:592][  0]LogConfig: Setting CVar [[gc.CreateGCClusters:1]]
[2023.02.11-22.09.40:592][  0]LogConfig: Setting CVar [[gc.MinGCClusterSize:5]]
[2023.02.11-22.09.40:592][  0]LogConfig: Setting CVar [[gc.ActorClusteringEnabled:0]]
[2023.02.11-22.09.40:592][  0]LogConfig: Setting CVar [[gc.BlueprintClusteringEnabled:0]]
[2023.02.11-22.09.40:592][  0]LogConfig: Setting CVar [[gc.UseDisregardForGCOnDedicatedServers:0]]
[2023.02.11-22.09.40:592][  0]LogConfig: Setting CVar [[gc.MultithreadedDestructionEnabled:1]]
[2023.02.11-22.09.40:592][  0]LogConfig: Applying CVar settings from Section [/Script/Engine.NetworkSettings] File [D:/GitHubProject/ProjectAlpha/Project__Alpha/Saved/Config/Windows/Engine.ini]
[2023.02.11-22.09.40:592][  0]LogConfig: Applying CVar settings from Section [/Script/UnrealEd.CookerSettings] File [D:/GitHubProject/ProjectAlpha/Project__Alpha/Saved/Config/Windows/Engine.ini]
[2023.02.11-22.09.40:603][  0]LogConfig: Applying CVar settings from Section [ViewDistanceQuality@3] File [D:/GitHubProject/ProjectAlpha/Project__Alpha/Saved/Config/Windows/Scalability.ini]
[2023.02.11-22.09.40:603][  0]LogConfig: Setting CVar [[r.SkeletalMeshLODBias:0]]
[2023.02.11-22.09.40:603][  0]LogConfig: Setting CVar [[r.ViewDistanceScale:1.0]]
[2023.02.11-22.09.40:603][  0]LogConfig: Applying CVar settings from Section [AntiAliasingQuality@3] File [D:/GitHubProject/ProjectAlpha/Project__Alpha/Saved/Config/Windows/Scalability.ini]
[2023.02.11-22.09.40:603][  0]LogConfig: Setting CVar [[r.PostProcessAAQuality:4]]
[2023.02.11-22.09.40:603][  0]LogConfig: Applying CVar settings from Section [ShadowQuality@3] File [D:/GitHubProject/ProjectAlpha/Project__Alpha/Saved/Config/Windows/Scalability.ini]
[2023.02.11-22.09.40:603][  0]LogConfig: Setting CVar [[r.LightFunctionQuality:1]]
[2023.02.11-22.09.40:603][  0]LogConfig: Setting CVar [[r.ShadowQuality:5]]
[2023.02.11-22.09.40:603][  0]LogConfig: Setting CVar [[r.Shadow.CSM.MaxCascades:10]]
[2023.02.11-22.09.40:603][  0]LogConfig: Setting CVar [[r.Shadow.MaxResolution:2048]]
[2023.02.11-22.09.40:603][  0]LogConfig: Setting CVar [[r.Shadow.MaxCSMResolution:2048]]
[2023.02.11-22.09.40:603][  0]LogConfig: Setting CVar [[r.Shadow.RadiusThreshold:0.01]]
[2023.02.11-22.09.40:603][  0]LogConfig: Setting CVar [[r.Shadow.DistanceScale:1.0]]
[2023.02.11-22.09.40:603][  0]LogConfig: Setting CVar [[r.Shadow.CSM.TransitionScale:1.0]]
[2023.02.11-22.09.40:604][  0]LogConfig: Setting CVar [[r.Shadow.PreShadowResolutionFactor:1.0]]
[2023.02.11-22.09.40:604][  0]LogConfig: Setting CVar [[r.DistanceFieldShadowing:1]]
[2023.02.11-22.09.40:604][  0]LogConfig: Setting CVar [[r.DistanceFieldAO:1]]
[2023.02.11-22.09.40:604][  0]LogConfig: Setting CVar [[r.AOQuality:2]]
[2023.02.11-22.09.40:604][  0]LogConfig: Setting CVar [[r.VolumetricFog:1]]
[2023.02.11-22.09.40:604][  0]LogConfig: Setting CVar [[r.VolumetricFog.GridPixelSize:8]]
[2023.02.11-22.09.40:604][  0]LogConfig: Setting CVar [[r.VolumetricFog.GridSizeZ:128]]
[2023.02.11-22.09.40:604][  0]LogConfig: Setting CVar [[r.VolumetricFog.HistoryMissSupersampleCount:4]]
[2023.02.11-22.09.40:604][  0]LogConfig: Setting CVar [[r.LightMaxDrawDistanceScale:1]]
[2023.02.11-22.09.40:604][  0]LogConfig: Setting CVar [[r.CapsuleShadows:1]]
[2023.02.11-22.09.40:604][  0]LogConfig: Applying CVar settings from Section [PostProcessQuality@3] File [D:/GitHubProject/ProjectAlpha/Project__Alpha/Saved/Config/Windows/Scalability.ini]
[2023.02.11-22.09.40:604][  0]LogConfig: Setting CVar [[r.MotionBlurQuality:4]]
[2023.02.11-22.09.40:604][  0]LogConfig: Setting CVar [[r.AmbientOcclusionMipLevelFactor:0.4]]
[2023.02.11-22.09.40:604][  0]LogConfig: Setting CVar [[r.AmbientOcclusionMaxQuality:100]]
[2023.02.11-22.09.40:604][  0]LogConfig: Setting CVar [[r.AmbientOcclusionLevels:-1]]
[2023.02.11-22.09.40:604][  0]LogConfig: Setting CVar [[r.AmbientOcclusionRadiusScale:1.0]]
[2023.02.11-22.09.40:604][  0]LogConfig: Setting CVar [[r.DepthOfFieldQuality:2]]
[2023.02.11-22.09.40:604][  0]LogConfig: Setting CVar [[r.RenderTargetPoolMin:400]]
[2023.02.11-22.09.40:604][  0]LogConfig: Setting CVar [[r.LensFlareQuality:2]]
[2023.02.11-22.09.40:604][  0]LogConfig: Setting CVar [[r.SceneColorFringeQuality:1]]
[2023.02.11-22.09.40:604][  0]LogConfig: Setting CVar [[r.EyeAdaptationQuality:2]]
[2023.02.11-22.09.40:604][  0]LogConfig: Setting CVar [[r.BloomQuality:5]]
[2023.02.11-22.09.40:604][  0]LogConfig: Setting CVar [[r.FastBlurThreshold:100]]
[2023.02.11-22.09.40:604][  0]LogConfig: Setting CVar [[r.Upscale.Quality:3]]
[2023.02.11-22.09.40:604][  0]LogConfig: Setting CVar [[r.Tonemapper.GrainQuantization:1]]
[2023.02.11-22.09.40:604][  0]LogConfig: Setting CVar [[r.LightShaftQuality:1]]
[2023.02.11-22.09.40:604][  0]LogConfig: Setting CVar [[r.Filter.SizeScale:1]]
[2023.02.11-22.09.40:604][  0]LogConfig: Setting CVar [[r.Tonemapper.Quality:5]]
[2023.02.11-22.09.40:604][  0]LogConfig: Setting CVar [[r.DOF.Gather.AccumulatorQuality:1        ; higher gathering accumulator quality]]
[2023.02.11-22.09.40:604][  0]LogConfig: Setting CVar [[r.DOF.Gather.PostfilterMethod:1          ; Median3x3 postfilering method]]
[2023.02.11-22.09.40:604][  0]LogConfig: Setting CVar [[r.DOF.Gather.EnableBokehSettings:0       ; no bokeh simulation when gathering]]
[2023.02.11-22.09.40:604][  0]LogConfig: Setting CVar [[r.DOF.Gather.RingCount:4                 ; medium number of samples when gathering]]
[2023.02.11-22.09.40:604][  0]LogConfig: Setting CVar [[r.DOF.Scatter.ForegroundCompositing:1    ; additive foreground scattering]]
[2023.02.11-22.09.40:604][  0]LogConfig: Setting CVar [[r.DOF.Scatter.BackgroundCompositing:2    ; additive background scattering]]
[2023.02.11-22.09.40:604][  0]LogConfig: Setting CVar [[r.DOF.Scatter.EnableBokehSettings:1      ; bokeh simulation when scattering]]
[2023.02.11-22.09.40:604][  0]LogConfig: Setting CVar [[r.DOF.Scatter.MaxSpriteRatio:0.1         ; only a maximum of 10% of scattered bokeh]]
[2023.02.11-22.09.40:604][  0]LogConfig: Setting CVar [[r.DOF.Recombine.Quality:1                ; cheap slight out of focus]]
[2023.02.11-22.09.40:604][  0]LogConfig: Setting CVar [[r.DOF.Recombine.EnableBokehSettings:0    ; no bokeh simulation on slight out of focus]]
[2023.02.11-22.09.40:604][  0]LogConfig: Setting CVar [[r.DOF.TemporalAAQuality:1                ; more stable temporal accumulation]]
[2023.02.11-22.09.40:604][  0]LogConfig: Setting CVar [[r.DOF.Kernel.MaxForegroundRadius:0.025]]
[2023.02.11-22.09.40:604][  0]LogConfig: Setting CVar [[r.DOF.Kernel.MaxBackgroundRadius:0.025]]
[2023.02.11-22.09.40:604][  0]LogConfig: Applying CVar settings from Section [TextureQuality@3] File [D:/GitHubProject/ProjectAlpha/Project__Alpha/Saved/Config/Windows/Scalability.ini]
[2023.02.11-22.09.40:604][  0]LogConfig: Setting CVar [[r.Streaming.MipBias:0]]
[2023.02.11-22.09.40:604][  0]LogConfig: Setting CVar [[r.Streaming.AmortizeCPUToGPUCopy:0]]
[2023.02.11-22.09.40:604][  0]LogConfig: Setting CVar [[r.Streaming.MaxNumTexturesToStreamPerFrame:0]]
[2023.02.11-22.09.40:604][  0]LogConfig: Setting CVar [[r.Streaming.Boost:1]]
[2023.02.11-22.09.40:604][  0]LogConfig: Setting CVar [[r.MaxAnisotropy:8]]
[2023.02.11-22.09.40:604][  0]LogConfig: Setting CVar [[r.VT.MaxAnisotropy:8]]
[2023.02.11-22.09.40:604][  0]LogConfig: Setting CVar [[r.Streaming.LimitPoolSizeToVRAM:0]]
[2023.02.11-22.09.40:604][  0]LogConfig: Setting CVar [[r.Streaming.PoolSize:1000]]
[2023.02.11-22.09.40:604][  0]LogConfig: Setting CVar [[r.Streaming.MaxEffectiveScreenSize:0]]
[2023.02.11-22.09.40:604][  0]LogConfig: Applying CVar settings from Section [EffectsQuality@3] File [D:/GitHubProject/ProjectAlpha/Project__Alpha/Saved/Config/Windows/Scalability.ini]
[2023.02.11-22.09.40:604][  0]LogConfig: Setting CVar [[r.TranslucencyLightingVolumeDim:64]]
[2023.02.11-22.09.40:604][  0]LogConfig: Setting CVar [[r.RefractionQuality:2]]
[2023.02.11-22.09.40:604][  0]LogConfig: Setting CVar [[r.SSR.Quality:3]]
[2023.02.11-22.09.40:604][  0]LogConfig: Setting CVar [[r.SSR.HalfResSceneColor:0]]
[2023.02.11-22.09.40:604][  0]LogConfig: Setting CVar [[r.SceneColorFormat:4]]
[2023.02.11-22.09.40:604][  0]LogConfig: Setting CVar [[r.DetailMode:2]]
[2023.02.11-22.09.40:604][  0]LogConfig: Setting CVar [[r.TranslucencyVolumeBlur:1]]
[2023.02.11-22.09.40:604][  0]LogConfig: Setting CVar [[r.MaterialQualityLevel:1 ; High quality]]
[2023.02.11-22.09.40:604][  0]LogConfig: Setting CVar [[r.AnisotropicMaterials:1]]
[2023.02.11-22.09.40:604][  0]LogConfig: Setting CVar [[r.SSS.Scale:1]]
[2023.02.11-22.09.40:604][  0]LogConfig: Setting CVar [[r.SSS.SampleSet:2]]
[2023.02.11-22.09.40:604][  0]LogConfig: Setting CVar [[r.SSS.Quality:1]]
[2023.02.11-22.09.40:604][  0]LogConfig: Setting CVar [[r.SSS.HalfRes:0]]
[2023.02.11-22.09.40:604][  0]LogConfig: Setting CVar [[r.SSGI.Quality:3]]
[2023.02.11-22.09.40:604][  0]LogConfig: Setting CVar [[r.EmitterSpawnRateScale:1.0]]
[2023.02.11-22.09.40:604][  0]LogConfig: Setting CVar [[r.ParticleLightQuality:2]]
[2023.02.11-22.09.40:604][  0]LogConfig: Setting CVar [[r.SkyAtmosphere.AerialPerspectiveLUT.FastApplyOnOpaque:1 ; Always have FastSkyLUT 1 in this case to avoid wrong sky]]
[2023.02.11-22.09.40:604][  0]LogConfig: Setting CVar [[r.SkyAtmosphere.AerialPerspectiveLUT.SampleCountMaxPerSlice:4]]
[2023.02.11-22.09.40:604][  0]LogConfig: Setting CVar [[r.SkyAtmosphere.AerialPerspectiveLUT.DepthResolution:16.0]]
[2023.02.11-22.09.40:604][  0]LogConfig: Setting CVar [[r.SkyAtmosphere.FastSkyLUT:1]]
[2023.02.11-22.09.40:604][  0]LogConfig: Setting CVar [[r.SkyAtmosphere.FastSkyLUT.SampleCountMin:4.0]]
[2023.02.11-22.09.40:604][  0]LogConfig: Setting CVar [[r.SkyAtmosphere.FastSkyLUT.SampleCountMax:128.0]]
[2023.02.11-22.09.40:604][  0]LogConfig: Setting CVar [[r.SkyAtmosphere.SampleCountMin:4.0]]
[2023.02.11-22.09.40:604][  0]LogConfig: Setting CVar [[r.SkyAtmosphere.SampleCountMax:128.0]]
[2023.02.11-22.09.40:604][  0]LogConfig: Setting CVar [[r.SkyAtmosphere.TransmittanceLUT.UseSmallFormat:0]]
[2023.02.11-22.09.40:604][  0]LogConfig: Setting CVar [[r.SkyAtmosphere.TransmittanceLUT.SampleCount:10.0]]
[2023.02.11-22.09.40:604][  0]LogConfig: Setting CVar [[r.SkyAtmosphere.MultiScatteringLUT.SampleCount:15.0]]
[2023.02.11-22.09.40:604][  0]LogConfig: Setting CVar [[r.SkyLight.RealTimeReflectionCapture:1]]
[2023.02.11-22.09.40:604][  0]LogConfig: Setting CVar [[fx.Niagara.QualityLevel:3]]
[2023.02.11-22.09.40:604][  0]LogConfig: Applying CVar settings from Section [FoliageQuality@3] File [D:/GitHubProject/ProjectAlpha/Project__Alpha/Saved/Config/Windows/Scalability.ini]
[2023.02.11-22.09.40:604][  0]LogConfig: Setting CVar [[foliage.DensityScale:1.0]]
[2023.02.11-22.09.40:604][  0]LogConfig: Setting CVar [[grass.DensityScale:1.0]]
[2023.02.11-22.09.40:604][  0]LogConfig: Applying CVar settings from Section [ShadingQuality@3] File [D:/GitHubProject/ProjectAlpha/Project__Alpha/Saved/Config/Windows/Scalability.ini]
[2023.02.11-22.09.40:604][  0]LogConfig: Setting CVar [[r.HairStrands.SkyLighting.IntegrationType:2]]
[2023.02.11-22.09.40:604][  0]LogConfig: Setting CVar [[r.HairStrands.SkyAO.SampleCount:4]]
[2023.02.11-22.09.40:604][  0]LogConfig: Setting CVar [[r.HairStrands.Visibility.MSAA.SamplePerPixel:4]]
[2023.02.11-22.09.40:604][  0]LogInit: Selected Device Profile: [Windows]
[2023.02.11-22.09.40:604][  0]LogInit: Applying CVar settings loaded from the selected device profile: [Windows]
[2023.02.11-22.09.40:604][  0]LogHAL: Display: Platform has ~ 16 GB [17122066432 / 17179869184 / 16], which maps to Larger [LargestMinGB=32, LargerMinGB=12, DefaultMinGB=8, SmallerMinGB=6, SmallestMinGB=0)
[2023.02.11-22.09.40:604][  0]LogInit: Going up to parent DeviceProfile []
[2023.02.11-22.09.40:605][  0]LogConfig: Applying CVar settings from Section [ViewDistanceQuality@Cine] File [D:/GitHubProject/ProjectAlpha/Project__Alpha/Saved/Config/Windows/Scalability.ini]
[2023.02.11-22.09.40:605][  0]LogConfig: Setting CVar [[r.SkeletalMeshLODBias:0]]
[2023.02.11-22.09.40:605][  0]LogConfig: Setting CVar [[r.ViewDistanceScale:10.0]]
[2023.02.11-22.09.40:605][  0]LogConfig: Applying CVar settings from Section [AntiAliasingQuality@Cine] File [D:/GitHubProject/ProjectAlpha/Project__Alpha/Saved/Config/Windows/Scalability.ini]
[2023.02.11-22.09.40:605][  0]LogConfig: Setting CVar [[r.PostProcessAAQuality:6]]
[2023.02.11-22.09.40:605][  0]LogConfig: Applying CVar settings from Section [ShadowQuality@Cine] File [D:/GitHubProject/ProjectAlpha/Project__Alpha/Saved/Config/Windows/Scalability.ini]
[2023.02.11-22.09.40:605][  0]LogConfig: Setting CVar [[r.LightFunctionQuality:1]]
[2023.02.11-22.09.40:605][  0]LogConfig: Setting CVar [[r.ShadowQuality:5]]
[2023.02.11-22.09.40:605][  0]LogConfig: Setting CVar [[r.Shadow.CSM.MaxCascades:10]]
[2023.02.11-22.09.40:605][  0]LogConfig: Setting CVar [[r.Shadow.MaxResolution:4096]]
[2023.02.11-22.09.40:605][  0]LogConfig: Setting CVar [[r.Shadow.MaxCSMResolution:4096]]
[2023.02.11-22.09.40:605][  0]LogConfig: Setting CVar [[r.Shadow.RadiusThreshold:0]]
[2023.02.11-22.09.40:605][  0]LogConfig: Setting CVar [[r.Shadow.DistanceScale:1.0]]
[2023.02.11-22.09.40:605][  0]LogConfig: Setting CVar [[r.Shadow.CSM.TransitionScale:1.0]]
[2023.02.11-22.09.40:605][  0]LogConfig: Setting CVar [[r.Shadow.PreShadowResolutionFactor:1.0]]
[2023.02.11-22.09.40:605][  0]LogConfig: Setting CVar [[r.DistanceFieldShadowing:1]]
[2023.02.11-22.09.40:605][  0]LogConfig: Setting CVar [[r.DistanceFieldAO:1]]
[2023.02.11-22.09.40:605][  0]LogConfig: Setting CVar [[r.AOQuality:2]]
[2023.02.11-22.09.40:605][  0]LogConfig: Setting CVar [[r.VolumetricFog:1]]
[2023.02.11-22.09.40:605][  0]LogConfig: Setting CVar [[r.VolumetricFog.GridPixelSize:4]]
[2023.02.11-22.09.40:605][  0]LogConfig: Setting CVar [[r.VolumetricFog.GridSizeZ:128]]
[2023.02.11-22.09.40:605][  0]LogConfig: Setting CVar [[r.VolumetricFog.HistoryMissSupersampleCount:16]]
[2023.02.11-22.09.40:605][  0]LogConfig: Setting CVar [[r.LightMaxDrawDistanceScale:1]]
[2023.02.11-22.09.40:605][  0]LogConfig: Setting CVar [[r.CapsuleShadows:1]]
[2023.02.11-22.09.40:605][  0]LogConfig: Applying CVar settings from Section [PostProcessQuality@Cine] File [D:/GitHubProject/ProjectAlpha/Project__Alpha/Saved/Config/Windows/Scalability.ini]
[2023.02.11-22.09.40:605][  0]LogConfig: Setting CVar [[r.MotionBlurQuality:4]]
[2023.02.11-22.09.40:605][  0]LogConfig: Setting CVar [[r.AmbientOcclusionMipLevelFactor:0.4]]
[2023.02.11-22.09.40:605][  0]LogConfig: Setting CVar [[r.AmbientOcclusionMaxQuality:100]]
[2023.02.11-22.09.40:605][  0]LogConfig: Setting CVar [[r.AmbientOcclusionLevels:-1]]
[2023.02.11-22.09.40:605][  0]LogConfig: Setting CVar [[r.AmbientOcclusionRadiusScale:1.0]]
[2023.02.11-22.09.40:605][  0]LogConfig: Setting CVar [[r.GTAO.Numangles:4]]
[2023.02.11-22.09.40:605][  0]LogConfig: Setting CVar [[r.DepthOfFieldQuality:4]]
[2023.02.11-22.09.40:605][  0]LogConfig: Setting CVar [[r.RenderTargetPoolMin:1000]]
[2023.02.11-22.09.40:605][  0]LogConfig: Setting CVar [[r.LensFlareQuality:3]]
[2023.02.11-22.09.40:605][  0]LogConfig: Setting CVar [[r.SceneColorFringeQuality:1]]
[2023.02.11-22.09.40:605][  0]LogConfig: Setting CVar [[r.EyeAdaptationQuality:2]]
[2023.02.11-22.09.40:605][  0]LogConfig: Setting CVar [[r.BloomQuality:5]]
[2023.02.11-22.09.40:605][  0]LogConfig: Setting CVar [[r.FastBlurThreshold:100]]
[2023.02.11-22.09.40:605][  0]LogConfig: Setting CVar [[r.Upscale.Quality:3]]
[2023.02.11-22.09.40:605][  0]LogConfig: Setting CVar [[r.Tonemapper.GrainQuantization:1]]
[2023.02.11-22.09.40:605][  0]LogConfig: Setting CVar [[r.LightShaftQuality:1]]
[2023.02.11-22.09.40:605][  0]LogConfig: Setting CVar [[r.Filter.SizeScale:1]]
[2023.02.11-22.09.40:605][  0]LogConfig: Setting CVar [[r.Tonemapper.Quality:5]]
[2023.02.11-22.09.40:605][  0]LogConfig: Setting CVar [[r.DOF.Gather.AccumulatorQuality:1        ; higher gathering accumulator quality]]
[2023.02.11-22.09.40:605][  0]LogConfig: Setting CVar [[r.DOF.Gather.PostfilterMethod:1          ; Median3x3 postfilering method]]
[2023.02.11-22.09.40:605][  0]LogConfig: Setting CVar [[r.DOF.Gather.EnableBokehSettings:1       ; bokeh simulation when gathering]]
[2023.02.11-22.09.40:605][  0]LogConfig: Setting CVar [[r.DOF.Gather.RingCount:5                 ; high number of samples when gathering]]
[2023.02.11-22.09.40:605][  0]LogConfig: Setting CVar [[r.DOF.Scatter.ForegroundCompositing:1    ; additive foreground scattering]]
[2023.02.11-22.09.40:605][  0]LogConfig: Setting CVar [[r.DOF.Scatter.BackgroundCompositing:2    ; background scattering occlusion]]
[2023.02.11-22.09.40:605][  0]LogConfig: Setting CVar [[r.DOF.Scatter.EnableBokehSettings:1      ; no bokeh simulation when scattering]]
[2023.02.11-22.09.40:605][  0]LogConfig: Setting CVar [[r.DOF.Scatter.MaxSpriteRatio:0.25        ; only a maximum of 10% of scattered bokeh]]
[2023.02.11-22.09.40:605][  0]LogConfig: Setting CVar [[r.DOF.Recombine.Quality:2                ; highest slight out of focus]]
[2023.02.11-22.09.40:605][  0]LogConfig: Setting CVar [[r.DOF.Recombine.EnableBokehSettings:1    ; bokeh simulation on slight out of focus]]
[2023.02.11-22.09.40:605][  0]LogConfig: Setting CVar [[r.DOF.TemporalAAQuality:1                ; more stable temporal accumulation]]
[2023.02.11-22.09.40:605][  0]LogConfig: Setting CVar [[r.DOF.Kernel.MaxForegroundRadius:0.025]]
[2023.02.11-22.09.40:605][  0]LogConfig: Setting CVar [[r.DOF.Kernel.MaxBackgroundRadius:0.025]]
[2023.02.11-22.09.40:605][  0]LogConfig: Applying CVar settings from Section [TextureQuality@Cine] File [D:/GitHubProject/ProjectAlpha/Project__Alpha/Saved/Config/Windows/Scalability.ini]
[2023.02.11-22.09.40:605][  0]LogConfig: Setting CVar [[r.Streaming.MipBias:0]]
[2023.02.11-22.09.40:605][  0]LogConfig: Setting CVar [[r.Streaming.AmortizeCPUToGPUCopy:0]]
[2023.02.11-22.09.40:605][  0]LogConfig: Setting CVar [[r.Streaming.MaxNumTexturesToStreamPerFrame:0]]
[2023.02.11-22.09.40:605][  0]LogConfig: Setting CVar [[r.Streaming.Boost:1]]
[2023.02.11-22.09.40:605][  0]LogConfig: Setting CVar [[r.MaxAnisotropy:8]]
[2023.02.11-22.09.40:605][  0]LogConfig: Setting CVar [[r.VT.MaxAnisotropy:8]]
[2023.02.11-22.09.40:605][  0]LogConfig: Setting CVar [[r.Streaming.LimitPoolSizeToVRAM:0]]
[2023.02.11-22.09.40:605][  0]LogConfig: Setting CVar [[r.Streaming.PoolSize:3000]]
[2023.02.11-22.09.40:605][  0]LogConfig: Setting CVar [[r.Streaming.MaxEffectiveScreenSize:0]]
[2023.02.11-22.09.40:605][  0]LogConfig: Applying CVar settings from Section [EffectsQuality@Cine] File [D:/GitHubProject/ProjectAlpha/Project__Alpha/Saved/Config/Windows/Scalability.ini]
[2023.02.11-22.09.40:605][  0]LogConfig: Setting CVar [[r.TranslucencyLightingVolumeDim:64]]
[2023.02.11-22.09.40:605][  0]LogConfig: Setting CVar [[r.RefractionQuality:2]]
[2023.02.11-22.09.40:605][  0]LogConfig: Setting CVar [[r.SSR.Quality:4]]
[2023.02.11-22.09.40:605][  0]LogConfig: Setting CVar [[r.SSR.HalfResSceneColor:0]]
[2023.02.11-22.09.40:605][  0]LogConfig: Setting CVar [[r.SceneColorFormat:4]]
[2023.02.11-22.09.40:605][  0]LogConfig: Setting CVar [[r.DetailMode:2]]
[2023.02.11-22.09.40:605][  0]LogConfig: Setting CVar [[r.TranslucencyVolumeBlur:1]]
[2023.02.11-22.09.40:605][  0]LogConfig: Setting CVar [[r.MaterialQualityLevel:1 ; High quality]]
[2023.02.11-22.09.40:605][  0]LogConfig: Setting CVar [[r.AnisotropicMaterials:1]]
[2023.02.11-22.09.40:605][  0]LogConfig: Setting CVar [[r.SSS.Scale:1]]
[2023.02.11-22.09.40:605][  0]LogConfig: Setting CVar [[r.SSS.SampleSet:2]]
[2023.02.11-22.09.40:605][  0]LogConfig: Setting CVar [[r.SSS.Quality:1]]
[2023.02.11-22.09.40:605][  0]LogConfig: Setting CVar [[r.SSS.HalfRes:0]]
[2023.02.11-22.09.40:605][  0]LogConfig: Setting CVar [[r.SSGI.Quality:4]]
[2023.02.11-22.09.40:605][  0]LogConfig: Setting CVar [[r.EmitterSpawnRateScale:1.0]]
[2023.02.11-22.09.40:605][  0]LogConfig: Setting CVar [[r.ParticleLightQuality:2]]
[2023.02.11-22.09.40:605][  0]LogConfig: Setting CVar [[r.SkyAtmosphere.AerialPerspectiveLUT.FastApplyOnOpaque:0]]
[2023.02.11-22.09.40:605][  0]LogConfig: Setting CVar [[r.SkyAtmosphere.AerialPerspectiveLUT.SampleCountMaxPerSlice:8]]
[2023.02.11-22.09.40:605][  0]LogConfig: Setting CVar [[r.SkyAtmosphere.AerialPerspectiveLUT.DepthResolution:32.0]]
[2023.02.11-22.09.40:605][  0]LogConfig: Setting CVar [[r.SkyAtmosphere.FastSkyLUT:0]]
[2023.02.11-22.09.40:605][  0]LogConfig: Setting CVar [[r.SkyAtmosphere.FastSkyLUT.SampleCountMin:4.0]]
[2023.02.11-22.09.40:605][  0]LogConfig: Setting CVar [[r.SkyAtmosphere.FastSkyLUT.SampleCountMax:256.0]]
[2023.02.11-22.09.40:605][  0]LogConfig: Setting CVar [[r.SkyAtmosphere.SampleCountMin:8.0]]
[2023.02.11-22.09.40:605][  0]LogConfig: Setting CVar [[r.SkyAtmosphere.SampleCountMax:256.0]]
[2023.02.11-22.09.40:605][  0]LogConfig: Setting CVar [[r.SkyAtmosphere.TransmittanceLUT.UseSmallFormat:0]]
[2023.02.11-22.09.40:605][  0]LogConfig: Setting CVar [[r.SkyAtmosphere.TransmittanceLUT.SampleCount:30.0]]
[2023.02.11-22.09.40:605][  0]LogConfig: Setting CVar [[r.SkyAtmosphere.MultiScatteringLUT.SampleCount:20.0]]
[2023.02.11-22.09.40:605][  0]LogConfig: Setting CVar [[r.SkyLight.RealTimeReflectionCapture:1]]
[2023.02.11-22.09.40:605][  0]LogConfig: Setting CVar [[fx.Niagara.QualityLevel:4]]
[2023.02.11-22.09.40:605][  0]LogConfig: Applying CVar settings from Section [FoliageQuality@Cine] File [D:/GitHubProject/ProjectAlpha/Project__Alpha/Saved/Config/Windows/Scalability.ini]
[2023.02.11-22.09.40:605][  0]LogConfig: Setting CVar [[foliage.DensityScale:1.0]]
[2023.02.11-22.09.40:605][  0]LogConfig: Setting CVar [[grass.DensityScale:1.0]]
[2023.02.11-22.09.40:605][  0]LogConfig: Applying CVar settings from Section [ShadingQuality@Cine] File [D:/GitHubProject/ProjectAlpha/Project__Alpha/Saved/Config/Windows/Scalability.ini]
[2023.02.11-22.09.40:605][  0]LogConfig: Setting CVar [[r.HairStrands.SkyLighting.IntegrationType:0]]
[2023.02.11-22.09.40:605][  0]LogConfig: Setting CVar [[r.HairStrands.SkyAO.SampleCount:8]]
[2023.02.11-22.09.40:606][  0]LogConfig: Setting CVar [[r.HairStrands.Visibility.MSAA.SamplePerPixel:8]]
[2023.02.11-22.09.40:606][  0]LogConfig: Applying CVar settings from Section [Startup] File [../../../Engine/Config/ConsoleVariables.ini]
[2023.02.11-22.09.40:606][  0]LogConfig: Setting CVar [[net.UseAdaptiveNetUpdateFrequency:0]]
[2023.02.11-22.09.40:606][  0]LogConfig: Setting CVar [[p.chaos.AllowCreatePhysxBodies:1]]
[2023.02.11-22.09.40:606][  0]LogConfig: Setting CVar [[fx.SkipVectorVMBackendOptimizations:1]]
[2023.02.11-22.09.40:606][  0]LogConfig: Applying CVar settings from Section [ConsoleVariables] File [D:/GitHubProject/ProjectAlpha/Project__Alpha/Saved/Config/Windows/Engine.ini]
[2023.02.11-22.09.40:606][  0]LogConfig: Applying CVar settings from Section [ConsoleVariables] File [D:/GitHubProject/ProjectAlpha/Project__Alpha/Saved/Config/Windows/Editor.ini]
[2023.02.11-22.09.40:606][  0]LogInit: Computer: DESKTOP-INTPURO
[2023.02.11-22.09.40:606][  0]LogInit: User: Hama
[2023.02.11-22.09.40:606][  0]LogInit: CPU Page size=4096, Cores=6
[2023.02.11-22.09.40:606][  0]LogInit: High frequency timer resolution =10.000000 MHz
[2023.02.11-22.09.40:606][  0]LogMemory: Memory total: Physical=15.9GB (16GB approx)
[2023.02.11-22.09.40:606][  0]LogMemory: Platform Memory Stats for Windows
[2023.02.11-22.09.40:606][  0]LogMemory: Process Physical Memory: 148.89 MB used, 148.89 MB peak
[2023.02.11-22.09.40:606][  0]LogMemory: Process Virtual Memory: 124.46 MB used, 124.46 MB peak
[2023.02.11-22.09.40:606][  0]LogMemory: Physical Memory: 5392.97 MB used,  10935.90 MB free, 16328.88 MB total
[2023.02.11-22.09.40:606][  0]LogMemory: Virtual Memory: 134207704.00 MB used,  10026.01 MB free, 134217728.00 MB total
[2023.02.11-22.09.40:610][  0]LogWindows: WindowsPlatformFeatures enabled
[2023.02.11-22.09.40:641][  0]LogInit: Physics initialised using underlying interface: PhysX
[2023.02.11-22.09.40:642][  0]LogInit: Using OS detected language (en-US).
[2023.02.11-22.09.40:642][  0]LogInit: Using OS detected locale (en-US).
[2023.02.11-22.09.40:644][  0]LogTextLocalizationManager: No specific localization for 'en-US' exists, so the 'en' localization will be used.
[2023.02.11-22.09.40:795][  0]LogInit: Setting process to per monitor DPI aware
[2023.02.11-22.09.40:805][  0]LogWindowsTextInputMethodSystem: Display: IME system deactivated.
[2023.02.11-22.09.40:815][  0]LogSlate: New Slate User Created.  User Index 0, Is Virtual User: 0
[2023.02.11-22.09.40:815][  0]LogSlate: Slate User Registered.  User Index 0, Is Virtual User: 0
[2023.02.11-22.09.40:932][  0]LogD3D11RHI: Loaded GFSDK_Aftermath_Lib.x64.dll
[2023.02.11-22.09.40:934][  0]LogHMD: Failed to initialize OpenVR with code 110
[2023.02.11-22.09.40:934][  0]LogD3D11RHI: D3D11 min allowed feature level: 11_0
[2023.02.11-22.09.40:934][  0]LogD3D11RHI: D3D11 max allowed feature level: 11_0
[2023.02.11-22.09.40:934][  0]LogD3D11RHI: D3D11 adapters:
[2023.02.11-22.09.41:038][  0]LogD3D11RHI:    0. 'NVIDIA GeForce RTX 2060' (Feature Level 11_0)
[2023.02.11-22.09.41:038][  0]LogD3D11RHI:       5958/0/8164 MB DedicatedVideo/DedicatedSystem/SharedSystem, Outputs:1, VendorId:0x10de
[2023.02.11-22.09.41:040][  0]LogD3D11RHI:    1. 'Microsoft Basic Render Driver' (Feature Level 11_0)
[2023.02.11-22.09.41:040][  0]LogD3D11RHI:       0/0/8164 MB DedicatedVideo/DedicatedSystem/SharedSystem, Outputs:0, VendorId:0x1414
[2023.02.11-22.09.41:040][  0]LogD3D11RHI: Chosen D3D11 Adapter:
[2023.02.11-22.09.41:040][  0]LogD3D11RHI:     Description : NVIDIA GeForce RTX 2060
[2023.02.11-22.09.41:040][  0]LogD3D11RHI:     VendorId    : 10de
[2023.02.11-22.09.41:040][  0]LogD3D11RHI:     DeviceId    : 1e89
[2023.02.11-22.09.41:040][  0]LogD3D11RHI:     SubSysId    : 357119da
[2023.02.11-22.09.41:040][  0]LogD3D11RHI:     Revision    : 00a1
[2023.02.11-22.09.41:040][  0]LogD3D11RHI:     DedicatedVideoMemory : 6247415808 bytes
[2023.02.11-22.09.41:040][  0]LogD3D11RHI:     DedicatedSystemMemory : 0 bytes
[2023.02.11-22.09.41:040][  0]LogD3D11RHI:     SharedSystemMemory : 8561033216 bytes
[2023.02.11-22.09.41:040][  0]LogD3D11RHI:     AdapterLuid : 0 55297
[2023.02.11-22.09.41:044][  0]LogD3D11RHI: Creating new Direct3DDevice
[2023.02.11-22.09.41:044][  0]LogD3D11RHI:     GPU DeviceId: 0x1e89 (for the marketing name, search the web for "GPU Device Id")
[2023.02.11-22.09.41:044][  0]LogWindows: EnumDisplayDevices:
[2023.02.11-22.09.41:044][  0]LogWindows:    0. 'NVIDIA GeForce RTX 2060' (P:1 D:1)
[2023.02.11-22.09.41:044][  0]LogWindows:    1. 'NVIDIA GeForce RTX 2060' (P:0 D:0)
[2023.02.11-22.09.41:045][  0]LogWindows:    2. 'NVIDIA GeForce RTX 2060' (P:0 D:0)
[2023.02.11-22.09.41:045][  0]LogWindows:    3. 'NVIDIA GeForce RTX 2060' (P:0 D:0)
[2023.02.11-22.09.41:045][  0]LogWindows: DebugString: FoundDriverCount:4 
[2023.02.11-22.09.41:045][  0]LogD3D11RHI:     Adapter Name: NVIDIA GeForce RTX 2060
[2023.02.11-22.09.41:045][  0]LogD3D11RHI:   Driver Version: 528.02 (internal:31.0.15.2802, unified:528.02)
[2023.02.11-22.09.41:045][  0]LogD3D11RHI:      Driver Date: 12-22-2022
[2023.02.11-22.09.41:045][  0]LogRHI: Texture pool is 4170 MB (70% of 5958 MB)
[2023.02.11-22.09.41:045][  0]LogD3D11RHI: Creating D3DDevice using adapter:
[2023.02.11-22.09.41:045][  0]LogD3D11RHI:     Description : NVIDIA GeForce RTX 2060
[2023.02.11-22.09.41:045][  0]LogD3D11RHI:     VendorId    : 10de
[2023.02.11-22.09.41:045][  0]LogD3D11RHI:     DeviceId    : 1e89
[2023.02.11-22.09.41:045][  0]LogD3D11RHI:     SubSysId    : 357119da
[2023.02.11-22.09.41:045][  0]LogD3D11RHI:     Revision    : 00a1
[2023.02.11-22.09.41:045][  0]LogD3D11RHI:     DedicatedVideoMemory : 6247415808 bytes
[2023.02.11-22.09.41:045][  0]LogD3D11RHI:     DedicatedSystemMemory : 0 bytes
[2023.02.11-22.09.41:045][  0]LogD3D11RHI:     SharedSystemMemory : 8561033216 bytes
[2023.02.11-22.09.41:045][  0]LogD3D11RHI:     AdapterLuid : 0 55297
[2023.02.11-22.09.41:104][  0]LogD3D11RHI: RHI has support for 64 bit atomics
[2023.02.11-22.09.41:104][  0]LogD3D11RHI: Async texture creation enabled
[2023.02.11-22.09.41:104][  0]LogD3D11RHI: Array index from any shader is supported
[2023.02.11-22.09.41:125][  0]LogD3D11RHI: GPU Timing Frequency: 1000.000000 (Debug: 2 1)
[2023.02.11-22.09.41:146][  0]LogRHI: GeForceNow SDK initialized: 1
[2023.02.11-22.09.41:385][  0]LogTargetPlatformManager: Display: Loaded TargetPlatform 'AllDesktop'
[2023.02.11-22.09.41:404][  0]LogTargetPlatformManager: Display: Loaded TargetPlatform 'Android'
[2023.02.11-22.09.41:404][  0]LogTargetPlatformManager: Display: Loaded TargetPlatform 'Android_ASTC'
[2023.02.11-22.09.41:404][  0]LogTargetPlatformManager: Display: Loaded TargetPlatform 'Android_DXT'
[2023.02.11-22.09.41:404][  0]LogTargetPlatformManager: Display: Loaded TargetPlatform 'Android_ETC2'
[2023.02.11-22.09.41:404][  0]LogTargetPlatformManager: Display: Loaded TargetPlatform 'AndroidClient'
[2023.02.11-22.09.41:404][  0]LogTargetPlatformManager: Display: Loaded TargetPlatform 'Android_ASTCClient'
[2023.02.11-22.09.41:404][  0]LogTargetPlatformManager: Display: Loaded TargetPlatform 'Android_DXTClient'
[2023.02.11-22.09.41:404][  0]LogTargetPlatformManager: Display: Loaded TargetPlatform 'Android_ETC2Client'
[2023.02.11-22.09.41:404][  0]LogTargetPlatformManager: Display: Loaded TargetPlatform 'Android_Multi'
[2023.02.11-22.09.41:404][  0]LogTargetPlatformManager: Display: Loaded TargetPlatform 'Android_MultiClient'
[2023.02.11-22.09.41:420][  0]LogTargetPlatformManager: Display: Loaded TargetPlatform 'IOSClient'
[2023.02.11-22.09.41:420][  0]LogTargetPlatformManager: Display: Loaded TargetPlatform 'IOS'
[2023.02.11-22.09.41:427][  0]LogTargetPlatformManager: Display: Loaded TargetPlatform 'Linux'
[2023.02.11-22.09.41:431][  0]LogTargetPlatformManager: Display: Loaded TargetPlatform 'LinuxNoEditor'
[2023.02.11-22.09.41:434][  0]LogTargetPlatformManager: Display: Loaded TargetPlatform 'LinuxClient'
[2023.02.11-22.09.41:438][  0]LogTargetPlatformManager: Display: Loaded TargetPlatform 'LinuxServer'
[2023.02.11-22.09.41:445][  0]LogTargetPlatformManager: Display: Loaded TargetPlatform 'LinuxAArch64NoEditor'
[2023.02.11-22.09.41:448][  0]LogTargetPlatformManager: Display: Loaded TargetPlatform 'LinuxAArch64Client'
[2023.02.11-22.09.41:452][  0]LogTargetPlatformManager: Display: Loaded TargetPlatform 'LinuxAArch64Server'
[2023.02.11-22.09.41:472][  0]LogTargetPlatformManager: Display: Loaded TargetPlatform 'Lumin'
[2023.02.11-22.09.41:472][  0]LogTargetPlatformManager: Display: Loaded TargetPlatform 'LuminClient'
[2023.02.11-22.09.41:479][  0]LogTargetPlatformManager: Display: Loaded TargetPlatform 'MacNoEditor'
[2023.02.11-22.09.41:483][  0]LogTargetPlatformManager: Display: Loaded TargetPlatform 'Mac'
[2023.02.11-22.09.41:486][  0]LogTargetPlatformManager: Display: Loaded TargetPlatform 'MacClient'
[2023.02.11-22.09.41:489][  0]LogTargetPlatformManager: Display: Loaded TargetPlatform 'MacServer'
[2023.02.11-22.09.41:497][  0]LogTargetPlatformManager: Display: Loaded TargetPlatform 'TVOSClient'
[2023.02.11-22.09.41:497][  0]LogTargetPlatformManager: Display: Loaded TargetPlatform 'TVOS'
[2023.02.11-22.09.41:505][  0]LogTargetPlatformManager: Display: Loaded TargetPlatform 'WindowsNoEditor'
[2023.02.11-22.09.41:508][  0]LogTargetPlatformManager: Display: Loaded TargetPlatform 'Windows'
[2023.02.11-22.09.41:512][  0]LogTargetPlatformManager: Display: Loaded TargetPlatform 'WindowsClient'
[2023.02.11-22.09.41:515][  0]LogTargetPlatformManager: Display: Loaded TargetPlatform 'WindowsServer'
[2023.02.11-22.09.41:515][  0]LogTargetPlatformManager: Display: Building Assets For Windows
[2023.02.11-22.09.41:521][  0]LogAudioDebug: Display: Lib vorbis DLL was dynamically loaded.
[2023.02.11-22.09.41:544][  0]LogTextureFormatOodle: Display: Oodle Texture 2.9.0 init RDO Off
[2023.02.11-22.09.41:565][  0]LogRendererCore: Ray tracing is disabled. Reason: r.RayTracing=0.
[2023.02.11-22.09.41:565][  0]LogShaderCompilers: Guid format shader working directory is -8 characters bigger than the processId version (../../../../GitHubProject/ProjectAlpha/Project__Alpha/Intermediate/Shaders/WorkingDirectory/8056/).
[2023.02.11-22.09.41:565][  0]LogShaderCompilers: Cleaned the shader compiler working directory 'C:/Users/Hama/AppData/Local/Temp/UnrealShaderWorkingDir/5AF1EFCB441DF9070E53A7BEB8797723/'.
[2023.02.11-22.09.41:565][  0]LogXGEController: Cannot use XGE Controller as Incredibuild is not installed on this machine.
[2023.02.11-22.09.41:565][  0]LogShaderCompilers: Cannot use XGE Shader Compiler as Incredibuild is not installed on this machine.
[2023.02.11-22.09.41:565][  0]LogShaderCompilers: Display: Using Local Shader Compiler.
[2023.02.11-22.09.42:149][  0]LogDerivedDataCache: Display: Max Cache Size: 512 MB
[2023.02.11-22.09.42:193][  0]LogDerivedDataCache: Loaded boot cache 0.04s 95MB C:/Users/Hama/AppData/Local/UnrealEngine/4.27/DerivedDataCache/Boot.ddc.
[2023.02.11-22.09.42:193][  0]LogDerivedDataCache: Display: Loaded Boot cache: C:/Users/Hama/AppData/Local/UnrealEngine/4.27/DerivedDataCache/Boot.ddc
[2023.02.11-22.09.42:193][  0]LogDerivedDataCache: FDerivedDataBackendGraph:  Pak pak cache file ../../../../GitHubProject/ProjectAlpha/Project__Alpha/DerivedDataCache/DDC.ddp not found, will not use a pak cache.
[2023.02.11-22.09.42:193][  0]LogDerivedDataCache: Unable to find inner node Pak for hierarchical cache Hierarchy.
[2023.02.11-22.09.42:193][  0]LogDerivedDataCache: FDerivedDataBackendGraph:  CompressedPak pak cache file ../../../../GitHubProject/ProjectAlpha/Project__Alpha/DerivedDataCache/Compressed.ddp not found, will not use a pak cache.
[2023.02.11-22.09.42:193][  0]LogDerivedDataCache: Unable to find inner node CompressedPak for hierarchical cache Hierarchy.
[2023.02.11-22.09.42:209][  0]LogDerivedDataCache: Display: Pak cache opened for reading ../../../Engine/DerivedDataCache/Compressed.ddp.
[2023.02.11-22.09.42:209][  0]LogDerivedDataCache: FDerivedDataBackendGraph:  EnterprisePak pak cache file ../../../Enterprise/DerivedDataCache/Compressed.ddp not found, will not use a pak cache.
[2023.02.11-22.09.42:209][  0]LogDerivedDataCache: Unable to find inner node EnterprisePak for hierarchical cache Hierarchy.
[2023.02.11-22.09.42:218][  0]LogDerivedDataCache: Speed tests for C:/Users/Hama/AppData/Local/UnrealEngine/Common/DerivedDataCache took 0.01 seconds
[2023.02.11-22.09.42:218][  0]LogDerivedDataCache: Display: Performance to C:/Users/Hama/AppData/Local/UnrealEngine/Common/DerivedDataCache: Latency=0.04ms. RandomReadSpeed=1242.40MBs, RandomWriteSpeed=132.02MBs. Assigned SpeedClass 'Local'
[2023.02.11-22.09.42:218][  0]LogDerivedDataCache: Using Local data cache path C:/Users/Hama/AppData/Local/UnrealEngine/Common/DerivedDataCache: Writable
[2023.02.11-22.09.42:218][  0]LogDerivedDataCache: Shared data cache path not found in *engine.ini, will not use an Shared cache.
[2023.02.11-22.09.42:219][  0]LogDerivedDataCache: Unable to find inner node Shared for hierarchical cache Hierarchy.
[2023.02.11-22.09.42:268][  0]LogSlate: Using FreeType 2.10.0
[2023.02.11-22.09.42:269][  0]LogSlate: SlateFontServices - WITH_FREETYPE: 1, WITH_HARFBUZZ: 1
[2023.02.11-22.09.42:291][  0]LogAssetRegistry: FAssetRegistry took 0.0024 seconds to start up
[2023.02.11-22.09.42:539][  0]LogInit: Selected Device Profile: [Windows]
[2023.02.11-22.09.42:539][  0]LogInit: Active device profile: [000001529D45FC00][0000015293006EC0 49] Windows
[2023.02.11-22.09.42:539][  0]LogInit: Profiles: [000001529D45FC00][0000015293006EC0 49] Windows, [000001529D418600][000001529300F040 49] WindowsNoEditor, [000001529D45C500][00000152930131C0 49] WindowsServer, [000001529D419600][0000015293017340 49] WindowsClient, [000001529D45D500][000001529301B4C0 49] IOS, [000001529D41A500][0000015292E9D640 49] iPadAir, [000001529D45E400][0000015292EA17C0 49] iPadAir2, [000001529D3CBC00][0000015292EA9A80 49] IPadPro, [000001529D3CBD00][0000015292EA5AC0 49] iPadAir3, [000001529D45F600][0000015292EAC0C0 49] iPadAir4, [000001529D3C8A00][0000015292EB0240 49] iPadMini2, [000001529D45C900][0000015292EB43C0 49] iPadMini3, [000001529D3CAC00][0000015292EB8540 49] iPadMini4, [000001529D45FD00][0000015292EBC6C0 49] iPadMini5, [000001529D413500][000001529300A940 49] iPhone6, [000001529D413600][0000015292EC0980 49] iPodTouch6, [000001529D3CA000][000001529C9AABC0 49] iPhone7, [000001529D3CA100][0000015292EC4C00 49] iPodTouch7, [000001529D410900][000001529C9AED40 49] iPhone5S, [000001529D3CAF00][000001529C9B6EC0 49] iPhone6Plus, [000001529D412D00][000001529C9BB040 49] iPhone6S, [000001529D3C9C00][000001529C9BF1C0 49] iPhone6SPlus, [000001529D413F00][000001529C9C3340 49] iPhone7Plus, [000001529D3C9700][000001529C9C74C0 49] iPhoneSE, [000001529D410C00][000001529C9CB640 49] iPhone8, [000001529D3CBB00][000001529C9CF7C0 49] iPhone8Plus, [000001529D412900][000001529C9D3940 49] iPhoneX, [000001529D3C9400][000001529C9D7AC0 49] iPhoneXS, [000001529D410700][000001529C9DA0C0 49] iPhoneXSMax, [000001529D3C9A00][000001529C9DE240 49] iPhoneXR, [000001529D411700][000001529C9E23C0 49] iPhone11, [000001529D3CB800][000001529C9E6540 49] iPhone11Pro, [000001529D412400][000001529C9EA6C0 49] iPhone11ProMax, [000001529D3CA800][000001529C9EE840 49] iPhoneSE2, [000001529D413100][000001529C9F29C0 49] iPhone12Mini, [000001529D3CB100][000001529C9F6B40 49] iPhone12, [000001529D410B00][000001529C9B2C80 49] iPhone12Pro, [000001529D3C9100][000001529C9FADC0 49] iPhone12ProMax, [000001529D413700][000001529C9FEF00 49] iPadPro105, [000001529D3CAE00][000001529CA07080 49] iPadPro129, [000001529D412700][000001529CA0B200 49] iPadPro97, [000001529D3CAD00][000001529CA0F380 49] iPadPro2_129, [000001529D410400][000001529CA13500 49] iPad5, [000001529D3C9600][000001529CA17680 49] iPad6, [000001529D410F00][000001529CA1B800 49] iPad7, [000001529D3CB400][000001529CA1F980 49] iPad8, [000001529D410600][000001529CA23B00 49] iPadPro11, [000001529D3C9000][000001529CA26100 49] iPadPro2_11, [000001529D412A00][000001529CA2A280 49] iPadPro3_129, [000001529D3C8D00][000001529CA2E400 49] iPadPro4_129, [000001529D411400][000001529CA32580 49] AppleTV, [000001529D3CA400][000001529CA36700 49] AppleTV4K, [000001529D410100][000001529CA3A880 49] TVOS, [000001529D3CA200][000001529CA3EA00 49] Mac, [000001529D412200][000001529CA42B80 49] MacClient, [000001529D3CB500][000001529CA46D00 49] MacNoEditor, [000001529D411A00][000001529CA02E40 49] MacServer, [000001529D3C9800][000001529CA4AF80 49] Linux, [000001529D413C00][000001528EED10C0 49] LinuxAArch64, [000001529D3CAB00][000001528EED9240 49] LinuxNoEditor, [000001529D413200][000001528EEDD3C0 49] LinuxAArch64NoEditor, [000001529D3CA600][000001528EEE1540 49] LinuxClient, [000001529D4A0D00][000001528EEE56C0 49] LinuxAArch64Client, [000001529D418E00][000001528EEE9840 49] LinuxServer, [000001529D4A0800][000001528EEED9C0 49] LinuxAArch64Server, [000001529D41A300][000001528EEF1B40 49] Android, [000001529D4A1800][000001528EEF4140 49] Android_Low, [000001529D41BC00][000001528EEF82C0 49] Android_Mid, [000001529D4A2800][000001528EEFC440 49] Android_High, [000001529D418D00][000001528EF005C0 49] Android_Default, [000001529D4A0300][000001528EF04740 49] Android_Adreno4xx, [000001529D418700][000001528EF088C0 49] Android_Adreno5xx_Low, [000001529D4A2D00][000001528EF0CA40 49] Android_Adreno5xx, [000001529D418A00][000001528EF10BC0 49] Android_Adreno6xx, [000001529D4A0B00][000001528EF14D40 49] Android_Adreno6xx_Vulkan, [000001529D41BE00][000001528EF18EC0 49] Android_Mali_T6xx, [000001529D4A1400][000001528EED5000 49] Android_Mali_T7xx, [000001529D41B500][000001528EF1D140 49] Android_Mali_T8xx, [000001529D4A2B00][000001528EF21280 49] Android_Mali_G71, [000001529D418200][000001528EF253C0 49] Android_Mali_G72, [000001529D4A0400][000001529CA61540 49] Android_Mali_G72_Vulkan, [000001529D41AB00][000001529CA656C0 49] Android_Mali_G76, [000001529D4A1B00][000001529CA69840 49] Android_Mali_G76_Vulkan, [000001529D411900][000001529CA6D9C0 49] Android_Mali_G77, [000001529D4A2300][000001529CA71B40 49] Android_Mali_G77_Vulkan, [000001529D410E00][000001529CA74140 49] Android_Mali_G78, [000001529D4A1200][000001529CA782C0 49] Android_Mali_G78_Vulkan, [000001529D413000][000001529CA7C440 49] Android_Mali_G710, [000001529D4A2700][000001529CA805C0 49] Android_Mali_G710_Vulkan, [000001529D410A00][000001529CA84740 49] Android_Vulkan_SM5, [000001529D4A1300][000001529CA888C0 49] Android_PowerVR_G6xxx, [000001529D411B00][000001529CA8CA40 49] Android_PowerVR_GT7xxx, [000001529D4A1E00][000001529CA90BC0 49] Android_PowerVR_GE8xxx, [000001529D410300][000001529CAB8D40 49] Android_PowerVR_GM9xxx, [000001529D4A1100][000001529CABCEC0 49] Android_PowerVR_GM9xxx_Vulkan, [000001529D411000][000001529C651040 49] Android_TegraK1, [000001529D4A3300][000001528EF29180 49] Android_Unknown_Vulkan, [000001529D411500][000001529CDDF2C0 49] Lumin, [000001529D4A1500][000001529CE03400 49] Lumin_Desktop, [000001529D411200][000001529CE47540 49] HoloLens, 
[2023.02.11-22.09.42:643][  0]LogAssetRegistry: Error: Package ../../../../GitHubProject/ProjectAlpha/Project__Alpha/Content/TheCharecter/HealthBar/HealthWidge.uasset has malformed tag
[2023.02.11-22.09.42:643][  0]LogMeshReduction: Using QuadricMeshReduction for automatic static mesh reduction
[2023.02.11-22.09.42:643][  0]LogMeshReduction: Using SimplygonMeshReduction for automatic skeletal mesh reduction
[2023.02.11-22.09.42:643][  0]LogMeshReduction: Using ProxyLODMeshReduction for automatic mesh merging
[2023.02.11-22.09.42:643][  0]LogMeshReduction: No distributed automatic mesh merging module available
[2023.02.11-22.09.42:643][  0]LogMeshMerging: No distributed automatic mesh merging module available
[2023.02.11-22.09.42:656][  0]LogNetVersion: FirstProject 1.0.0, NetCL: 17155196, EngineNetVer: 17, GameNetVer: 0 (Checksum: 1409045027)
[2023.02.11-22.09.42:950][  0]LogTexture: Default maximum texture size for cubemaps generated from long-lat sources has been changed from 512 to unlimited. In order to preserve old behaiour for '/Engine/MapTemplates/Sky/DaylightAmbientCubemap.DaylightAmbientCubemap', its maximum texture size has been explicitly set to 512.
[2023.02.11-22.09.43:005][  0]LogHMD: PokeAHoleMaterial loaded successfully
[2023.02.11-22.09.43:011][  0]LogUObjectArray: 17983 objects as part of root set at end of initial load.
[2023.02.11-22.09.43:011][  0]LogUObjectAllocator: 4628000 out of 0 bytes used by permanent object pool.
[2023.02.11-22.09.43:011][  0]LogUObjectArray: CloseDisregardForGC: 0/0 objects in disregard for GC pool
[2023.02.11-22.09.43:124][  0]LogNiagaraDebuggerClient: Niagara Debugger Client Initialized | Session: 3CBB85464E14FCBA65B75DBD6CB86284 | Instance: 708EC9314E0AF7FE2C378A8BB6876BD4 (DESKTOP-INTPURO-8056).
[2023.02.11-22.09.43:283][  0]LogTcpMessaging: Initializing TcpMessaging bridge
[2023.02.11-22.09.43:286][  0]LogUdpMessaging: Initializing bridge on interface 0.0.0.0:0 to multicast group 230.0.0.1:6666.
[2023.02.11-22.09.43:310][  0]LogPython: Using Python 3.7.7
[2023.02.11-22.09.43:860][  0]SourceControl: Source control is disabled
[2023.02.11-22.09.43:860][  0]SourceControl: Source control is disabled
[2023.02.11-22.09.43:863][  0]SourceControl: Source control is disabled
[2023.02.11-22.09.43:866][  0]SourceControl: Source control is disabled
[2023.02.11-22.09.43:871][  0]SourceControl: Source control is disabled
[2023.02.11-22.09.43:876][  0]LogUProjectInfo: Found projects:
[2023.02.11-22.09.43:882][  0]LogVSAccessor: Display: Unable to create Visual Studio setup instance: 80040154
[2023.02.11-22.09.43:882][  0]LogVSAccessor: Display: Unable to create Visual Studio setup instance: 80040154
[2023.02.11-22.09.43:883][  0]LogVSAccessor: Display: Unable to create Visual Studio setup instance: 80040154
[2023.02.11-22.09.44:050][  0]LogOpenImageDenoise: OIDN starting up
[2023.02.11-22.09.44:059][  0]LogAndroidPermission: UAndroidPermissionCallbackProxy::GetInstance
[2023.02.11-22.09.44:076][  0]LogAudioCaptureCore: Display: No Audio Capture implementations found. Audio input will be silent.
[2023.02.11-22.09.44:076][  0]LogAudioCaptureCore: Display: No Audio Capture implementations found. Audio input will be silent.
[2023.02.11-22.09.44:184][  0]LogCollectionManager: Loaded 0 collections in 0.000634 seconds
[2023.02.11-22.09.44:208][  0]LogFileCache: Scanning file cache for directory 'D:/GitHubProject/ProjectAlpha/Project__Alpha/Saved/Collections/' took 0.00s
[2023.02.11-22.09.44:208][  0]LogFileCache: Scanning file cache for directory 'D:/GitHubProject/ProjectAlpha/Project__Alpha/Content/Developers/Hama/Collections/' took 0.00s
[2023.02.11-22.09.44:208][  0]LogFileCache: Scanning file cache for directory 'D:/GitHubProject/ProjectAlpha/Project__Alpha/Content/Collections/' took 0.00s
[2023.02.11-22.09.44:208][  0]LogOcInput: OculusInput pre-init called
[2023.02.11-22.09.44:595][  0]LogClass: Display: Int8Property FMTSJson::version is not initialized properly. Module:MegascansPlugin File:Private/Utilities/MTSReader.h
[2023.02.11-22.09.44:595][  0]LogClass: Display: Int16Property FMTSJson::resolutionValue is not initialized properly. Module:MegascansPlugin File:Private/Utilities/MTSReader.h
[2023.02.11-22.09.44:595][  0]LogClass: Display: BoolProperty FMTSJson::isExternal is not initialized properly. Module:MegascansPlugin File:Private/Utilities/MTSReader.h
[2023.02.11-22.09.44:595][  0]LogClass: Display: Int8Property FMTSJson::meshVersion is not initialized properly. Module:MegascansPlugin File:Private/Utilities/MTSReader.h
[2023.02.11-22.09.44:595][  0]LogClass: Display: BoolProperty FMTSJson::isCustom is not initialized properly. Module:MegascansPlugin File:Private/Utilities/MTSReader.h
[2023.02.11-22.09.44:595][  0]LogClass: Display: BoolProperty FMTSJson::isModularAsset is not initialized properly. Module:MegascansPlugin File:Private/Utilities/MTSReader.h
[2023.02.11-22.09.44:595][  0]LogClass: Display: Int8Property FLodList::variation is not initialized properly. Module:MegascansPlugin File:Private/Utilities/MTSReader.h
[2023.02.11-22.09.44:595][  0]LogClass: Display: Int16Property FMeshList::resolution is not initialized properly. Module:MegascansPlugin File:Private/Utilities/MTSReader.h
[2023.02.11-22.09.44:595][  0]LogClass: Display: Int16Property FComponents::resolution is not initialized properly. Module:MegascansPlugin File:Private/Utilities/MTSReader.h
[2023.02.11-22.09.44:595][  0]LogClass: Display: BoolProperty FTextureSets::isUdim is not initialized properly. Module:MegascansPlugin File:Private/Utilities/MTSReader.h
[2023.02.11-22.09.44:595][  0]LogClass: Display: BoolProperty FMeta::value is not initialized properly. Module:MegascansPlugin File:Private/Utilities/MTSReader.h
[2023.02.11-22.09.44:595][  0]LogClass: Display: 11 Uninitialized script struct members found including 0 object properties
[2023.02.11-22.09.44:596][  0]LogEngine: Initializing Engine...
[2023.02.11-22.09.44:598][  0]LogHMD: Failed to enumerate extensions. Please check that you have a valid OpenXR runtime installed.
[2023.02.11-22.09.44:598][  0]LogHMD: Failed to initialize OpenVR with code 110
[2023.02.11-22.09.44:598][  0]LogMagicLeap: Warning: VR disabled because ZI is not enabled.  To enable, in the editor, Edit -> Project Settings -> Plugins -> Magic Leap Plugin -> Enable Zero Iteration
[2023.02.11-22.09.44:599][  0]LogStats: UGameplayTagsManager::InitializeManager -  0.000 s
[2023.02.11-22.09.44:688][  0]LogInit: Initializing FReadOnlyCVARCache
[2023.02.11-22.09.44:697][  0]LogAIModule: Creating AISystem for world Untitled
[2023.02.11-22.09.44:704][  0]LogAudio: Display: Initializing Audio Device Manager...
[2023.02.11-22.09.44:708][  0]LogAudio: Display: Loading Default Audio Settings Objects...
[2023.02.11-22.09.44:708][  0]LogAudio: Display: No default SoundConcurrencyObject specified (or failed to load).
[2023.02.11-22.09.44:708][  0]LogAudio: Display: Audio Device Manager Initialized
[2023.02.11-22.09.44:708][  0]LogAudio: Display: Creating Audio Device:                 Id: 1, Scope: Shared, Realtime: True
[2023.02.11-22.09.44:708][  0]LogAudioMixer: Display: Audio Mixer Platform Settings:
[2023.02.11-22.09.44:708][  0]LogAudioMixer: Display: 	Sample Rate:						  48000
[2023.02.11-22.09.44:708][  0]LogAudioMixer: Display: 	Callback Buffer Frame Size Requested: 1024
[2023.02.11-22.09.44:708][  0]LogAudioMixer: Display: 	Callback Buffer Frame Size To Use:	  1024
[2023.02.11-22.09.44:708][  0]LogAudioMixer: Display: 	Number of buffers to queue:			  2
[2023.02.11-22.09.44:708][  0]LogAudioMixer: Display: 	Max Channels (voices):				  32
[2023.02.11-22.09.44:708][  0]LogAudioMixer: Display: 	Number of Async Source Workers:		  0
[2023.02.11-22.09.44:709][  0]LogAudio: Display: AudioDevice MaxSources: 32
[2023.02.11-22.09.44:709][  0]LogAudio: Display: Audio Spatialization Plugin: None (built-in).
[2023.02.11-22.09.44:709][  0]LogAudio: Display: Audio Reverb Plugin: None (built-in).
[2023.02.11-22.09.44:709][  0]LogAudio: Display: Audio Occlusion Plugin: None (built-in).
[2023.02.11-22.09.44:709][  0]LogAudioMixer: Display: Initializing audio mixer.
[2023.02.11-22.09.44:715][  0]LogAudioMixer: Display: 0: FrontLeft
[2023.02.11-22.09.44:715][  0]LogAudioMixer: Display: 1: FrontRight
[2023.02.11-22.09.44:746][  0]LogAudioMixer: Display: Using Audio Device LG TV (NVIDIA High Definition Audio)
[2023.02.11-22.09.44:746][  0]LogAudioMixer: Display: Initializing Sound Submixes...
[2023.02.11-22.09.44:748][  0]LogAudioMixer: Display: Creating Master Submix 'MasterSubmixDefault'
[2023.02.11-22.09.44:748][  0]LogAudioMixer: Display: Creating Master Submix 'MasterReverbSubmixDefault'
[2023.02.11-22.09.44:749][  0]LogAudioMixer: Display: Creating Master Submix 'MasterEQSubmixDefault'
[2023.02.11-22.09.44:749][  0]LogAudioMixer: FMixerPlatformXAudio2::StartAudioStream() called
[2023.02.11-22.09.44:749][  0]LogAudioMixer: Display: Output buffers initialized: Frames=1024, Channels=2, Samples=2048
[2023.02.11-22.09.44:750][  0]LogAudioMixer: Display: Starting AudioMixerPlatformInterface::RunInternal()
[2023.02.11-22.09.44:750][  0]LogAudioMixer: Display: FMixerPlatformXAudio2::SubmitBuffer() called for the first time
[2023.02.11-22.09.44:750][  0]LogInit: FAudioDevice initialized.
[2023.02.11-22.09.44:750][  0]LogAudio: Display: Audio Device (ID: 1) registered with world 'Untitled'.
[2023.02.11-22.09.44:750][  0]LogNetVersion: Set ProjectVersion to 1.0.0.0. Version Checksum will be recalculated on next use.
[2023.02.11-22.09.44:864][  0]LogDerivedDataCache: Saved boot cache 0.11s 95MB C:/Users/Hama/AppData/Local/UnrealEngine/4.27/DerivedDataCache/Boot.ddc.
[2023.02.11-22.09.44:865][  0]LogInit: Texture streaming: Enabled
[2023.02.11-22.09.44:874][  0]LogAnalytics: Display: [UEEditor.Rocket.Release] APIServer = https://datarouter.ol.epicgames.com/. AppVersion = 4.27.2-18319896+++UE4+Release-4.27
[2023.02.11-22.09.44:877][  0]LogEngineSessionManager: EngineSessionManager initialized
[2023.02.11-22.09.44:877][  0]LogEditorSessionSummary: Verbose: Initializing EditorSessionSummaryWriter for editor session tracking
[2023.02.11-22.09.44:879][  0]LogEditorSessionSummary: EditorSessionSummaryWriter initialized
[2023.02.11-22.09.44:898][  0]LogInit: Transaction tracking system initialized
[2023.02.11-22.09.44:914][  0]BlueprintLog: New page: Editor Load
[2023.02.11-22.09.44:960][  0]LocalizationService: Localization service is disabled
[2023.02.11-22.09.44:977][  0]TimingProfiler: Initialize
[2023.02.11-22.09.44:977][  0]TimingProfiler: OnSessionChanged
[2023.02.11-22.09.44:977][  0]LoadingProfiler: Initialize
[2023.02.11-22.09.44:977][  0]LoadingProfiler: OnSessionChanged
[2023.02.11-22.09.44:977][  0]NetworkingProfiler: Initialize
[2023.02.11-22.09.44:977][  0]NetworkingProfiler: OnSessionChanged
[2023.02.11-22.09.44:977][  0]MemoryProfiler: Initialize
[2023.02.11-22.09.44:977][  0]MemoryProfiler: OnSessionChanged
[2023.02.11-22.09.45:022][  0]LogVSAccessor: Display: Unable to create Visual Studio setup instance: 80040154
[2023.02.11-22.09.45:022][  0]LogVSAccessor: Display: Unable to create Visual Studio setup instance: 80040154
[2023.02.11-22.09.45:022][  0]LogVSAccessor: Display: Unable to create Visual Studio setup instance: 80040154
[2023.02.11-22.09.45:085][  0]LogCook: Display: CookSettings for Memory: MemoryMaxUsedVirtual 0MiB, MemoryMaxUsedPhysical 16384MiB, MemoryMinFreeVirtual 0MiB, MemoryMinFreePhysical 1024MiB
[2023.02.11-22.09.45:085][  0]LogCook: Display: Mobile HDR setting 1
[2023.02.11-22.09.45:246][  0]LogFileCache: Scanning file cache for directory 'D:/GitHubProject/ProjectAlpha/Project__Alpha/Content/' took 0.03s
[2023.02.11-22.09.45:373][  0]LogInit: Display: Engine is initialized. Leaving FEngineLoop::Init()
[2023.02.11-22.09.45:376][  0]SourceControl: Source control is disabled
[2023.02.11-22.09.45:376][  0]LogUnrealEdMisc: Loading editor; pre map load, took 5.620
[2023.02.11-22.09.45:376][  0]Cmd: MAP LOAD FILE="../../../../GitHubProject/ProjectAlpha/Project__Alpha/Content/Levels/Level1.umap" TEMPLATE=0 SHOWPROGRESS=1 FEATURELEVEL=3
[2023.02.11-22.09.45:376][  0]LightingResults: New page: Lighting Build
[2023.02.11-22.09.45:377][  0]LogWorld: UWorld::CleanupWorld for Untitled, bSessionEnded=true, bCleanupResources=true
[2023.02.11-22.09.45:377][  0]LogSlate: InvalidateAllWidgets triggered.  All widgets were invalidated
[2023.02.11-22.09.45:377][  0]MapCheck: New page: Map Check
[2023.02.11-22.09.45:377][  0]LightingResults: New page: Lighting Build
[2023.02.11-22.09.45:390][  0]LogAudio: Display: Audio Device unregistered from world 'None'.
[2023.02.11-22.09.45:393][  0]LogUObjectHash: Compacting FUObjectHashTables data took   0.82ms
[2023.02.11-22.09.46:607][  0]LogAudio: Display: Audio Device (ID: 1) registered with world 'Level1'.
[2023.02.11-22.09.46:608][  0]LogAIModule: Creating AISystem for world Level1
[2023.02.11-22.09.46:649][  0]LogEditorServer: Finished looking for orphan Actors (0.000 secs)
[2023.02.11-22.09.46:660][  0]LogUObjectHash: Compacting FUObjectHashTables data took   1.31ms
[2023.02.11-22.09.46:660][  0]Cmd: MAP CHECKDEP NOCLEARLOG
[2023.02.11-22.09.46:660][  0]MapCheck: Map check complete: 0 Error(s), 0 Warning(s), took 0.106ms to complete.
[2023.02.11-22.09.46:660][  0]LogFileHelpers: Loading map 'Level1' took 1.284
[2023.02.11-22.09.46:662][  0]LogUnrealEdMisc: Total Editor Startup Time, took 6.906
[2023.02.11-22.09.46:775][  0]LogSlate: Updating window title bar state: overlay mode, drag disabled, window buttons hidden, title bar hidden
[2023.02.11-22.09.46:781][  0]LogSlate: Updating window title bar state: overlay mode, drag disabled, window buttons hidden, title bar hidden
[2023.02.11-22.09.46:786][  0]LogSlate: Updating window title bar state: overlay mode, drag disabled, window buttons hidden, title bar hidden
[2023.02.11-22.09.46:790][  0]LogSlate: Updating window title bar state: overlay mode, drag disabled, window buttons hidden, title bar hidden
[2023.02.11-22.09.46:803][  0]LogNativeClassHierarchy: Verbose: Native class hierarchy populated in 0.0096 seconds. Added 3891 classes and 947 folders.
[2023.02.11-22.09.46:805][  0]LogNativeClassHierarchy: Verbose: Native class hierarchy updated for 'WidgetCarousel' in 0.0002 seconds. Added 0 classes and 0 folders.
[2023.02.11-22.09.46:806][  0]LogPakFile: PakFile PrimaryIndexSize=187
[2023.02.11-22.09.46:806][  0]LogPakFile: PakFile PathHashIndexSize=101
[2023.02.11-22.09.46:806][  0]LogPakFile: PakFile FullDirectoryIndexSize=148
[2023.02.11-22.09.46:806][  0]LogShaderLibrary: Display: ShaderCodeLibraryPakFileMountedCallback: PakFile 'D:/UE_4.27/FeaturePacks/FP_FirstPerson.upack' (chunk index -1, root 'root:/') mounted
[2023.02.11-22.09.46:806][  0]LogShaderLibrary: Display: ShaderCodeLibraryPakFileMountedCallback: pending pak file info (ChunkID:-1 Root:root:/ File:D:/UE_4.27/FeaturePacks/FP_FirstPerson.upack)
[2023.02.11-22.09.46:806][  0]LogPakFile: OnPakFileMounted2Time == 0.000046
[2023.02.11-22.09.46:806][  0]LogPakFile: PakFile PrimaryIndexSize=189
[2023.02.11-22.09.46:806][  0]LogPakFile: PakFile PathHashIndexSize=101
[2023.02.11-22.09.46:806][  0]LogPakFile: PakFile FullDirectoryIndexSize=152
[2023.02.11-22.09.46:806][  0]LogShaderLibrary: Display: ShaderCodeLibraryPakFileMountedCallback: PakFile 'D:/UE_4.27/FeaturePacks/FP_FirstPersonBP.upack' (chunk index -1, root 'root:/') mounted
[2023.02.11-22.09.46:806][  0]LogShaderLibrary: Display: ShaderCodeLibraryPakFileMountedCallback: pending pak file info (ChunkID:-1 Root:root:/ File:D:/UE_4.27/FeaturePacks/FP_FirstPersonBP.upack)
[2023.02.11-22.09.46:806][  0]LogPakFile: OnPakFileMounted2Time == 0.000030
[2023.02.11-22.09.46:807][  0]LogPakFile: PakFile PrimaryIndexSize=191
[2023.02.11-22.09.46:807][  0]LogPakFile: PakFile PathHashIndexSize=101
[2023.02.11-22.09.46:807][  0]LogPakFile: PakFile FullDirectoryIndexSize=160
[2023.02.11-22.09.46:807][  0]LogShaderLibrary: Display: ShaderCodeLibraryPakFileMountedCallback: PakFile 'D:/UE_4.27/FeaturePacks/MobileStarterContent.upack' (chunk index -1, root 'root:/') mounted
[2023.02.11-22.09.46:807][  0]LogShaderLibrary: Display: ShaderCodeLibraryPakFileMountedCallback: pending pak file info (ChunkID:-1 Root:root:/ File:D:/UE_4.27/FeaturePacks/MobileStarterContent.upack)
[2023.02.11-22.09.46:807][  0]LogPakFile: OnPakFileMounted2Time == 0.000029
[2023.02.11-22.09.46:807][  0]LogPakFile: PakFile PrimaryIndexSize=185
[2023.02.11-22.09.46:807][  0]LogPakFile: PakFile PathHashIndexSize=101
[2023.02.11-22.09.46:807][  0]LogPakFile: PakFile FullDirectoryIndexSize=148
[2023.02.11-22.09.46:807][  0]LogShaderLibrary: Display: ShaderCodeLibraryPakFileMountedCallback: PakFile 'D:/UE_4.27/FeaturePacks/StarterContent.upack' (chunk index -1, root 'root:/') mounted
[2023.02.11-22.09.46:807][  0]LogShaderLibrary: Display: ShaderCodeLibraryPakFileMountedCallback: pending pak file info (ChunkID:-1 Root:root:/ File:D:/UE_4.27/FeaturePacks/StarterContent.upack)
[2023.02.11-22.09.46:807][  0]LogPakFile: OnPakFileMounted2Time == 0.000028
[2023.02.11-22.09.46:808][  0]LogPakFile: PakFile PrimaryIndexSize=190
[2023.02.11-22.09.46:808][  0]LogPakFile: PakFile PathHashIndexSize=101
[2023.02.11-22.09.46:808][  0]LogPakFile: PakFile FullDirectoryIndexSize=154
[2023.02.11-22.09.46:808][  0]LogShaderLibrary: Display: ShaderCodeLibraryPakFileMountedCallback: PakFile 'D:/UE_4.27/FeaturePacks/TP_2DSideScroller.upack' (chunk index -1, root 'root:/') mounted
[2023.02.11-22.09.46:808][  0]LogShaderLibrary: Display: ShaderCodeLibraryPakFileMountedCallback: pending pak file info (ChunkID:-1 Root:root:/ File:D:/UE_4.27/FeaturePacks/TP_2DSideScroller.upack)
[2023.02.11-22.09.46:808][  0]LogPakFile: OnPakFileMounted2Time == 0.000026
[2023.02.11-22.09.46:808][  0]LogPakFile: PakFile PrimaryIndexSize=192
[2023.02.11-22.09.46:808][  0]LogPakFile: PakFile PathHashIndexSize=101
[2023.02.11-22.09.46:808][  0]LogPakFile: PakFile FullDirectoryIndexSize=158
[2023.02.11-22.09.46:808][  0]LogShaderLibrary: Display: ShaderCodeLibraryPakFileMountedCallback: PakFile 'D:/UE_4.27/FeaturePacks/TP_2DSideScrollerBP.upack' (chunk index -1, root 'root:/') mounted
[2023.02.11-22.09.46:808][  0]LogShaderLibrary: Display: ShaderCodeLibraryPakFileMountedCallback: pending pak file info (ChunkID:-1 Root:root:/ File:D:/UE_4.27/FeaturePacks/TP_2DSideScrollerBP.upack)
[2023.02.11-22.09.46:808][  0]LogPakFile: OnPakFileMounted2Time == 0.000026
[2023.02.11-22.09.46:808][  0]LogPakFile: PakFile PrimaryIndexSize=182
[2023.02.11-22.09.46:808][  0]LogPakFile: PakFile PathHashIndexSize=101
[2023.02.11-22.09.46:808][  0]LogPakFile: PakFile FullDirectoryIndexSize=138
[2023.02.11-22.09.46:808][  0]LogShaderLibrary: Display: ShaderCodeLibraryPakFileMountedCallback: PakFile 'D:/UE_4.27/FeaturePacks/TP_Flying.upack' (chunk index -1, root 'root:/') mounted
[2023.02.11-22.09.46:808][  0]LogShaderLibrary: Display: ShaderCodeLibraryPakFileMountedCallback: pending pak file info (ChunkID:-1 Root:root:/ File:D:/UE_4.27/FeaturePacks/TP_Flying.upack)
[2023.02.11-22.09.46:808][  0]LogPakFile: OnPakFileMounted2Time == 0.000026
[2023.02.11-22.09.46:809][  0]LogPakFile: PakFile PrimaryIndexSize=184
[2023.02.11-22.09.46:809][  0]LogPakFile: PakFile PathHashIndexSize=101
[2023.02.11-22.09.46:809][  0]LogPakFile: PakFile FullDirectoryIndexSize=142
[2023.02.11-22.09.46:809][  0]LogShaderLibrary: Display: ShaderCodeLibraryPakFileMountedCallback: PakFile 'D:/UE_4.27/FeaturePacks/TP_FlyingBP.upack' (chunk index -1, root 'root:/') mounted
[2023.02.11-22.09.46:809][  0]LogShaderLibrary: Display: ShaderCodeLibraryPakFileMountedCallback: pending pak file info (ChunkID:-1 Root:root:/ File:D:/UE_4.27/FeaturePacks/TP_FlyingBP.upack)
[2023.02.11-22.09.46:809][  0]LogPakFile: OnPakFileMounted2Time == 0.000026
[2023.02.11-22.09.46:809][  0]LogPakFile: PakFile PrimaryIndexSize=188
[2023.02.11-22.09.46:809][  0]LogPakFile: PakFile PathHashIndexSize=101
[2023.02.11-22.09.46:809][  0]LogPakFile: PakFile FullDirectoryIndexSize=150
[2023.02.11-22.09.46:809][  0]LogShaderLibrary: Display: ShaderCodeLibraryPakFileMountedCallback: PakFile 'D:/UE_4.27/FeaturePacks/TP_HandheldARBP.upack' (chunk index -1, root 'root:/') mounted
[2023.02.11-22.09.46:809][  0]LogShaderLibrary: Display: ShaderCodeLibraryPakFileMountedCallback: pending pak file info (ChunkID:-1 Root:root:/ File:D:/UE_4.27/FeaturePacks/TP_HandheldARBP.upack)
[2023.02.11-22.09.46:809][  0]LogPakFile: OnPakFileMounted2Time == 0.000026
[2023.02.11-22.09.46:810][  0]LogPakFile: PakFile PrimaryIndexSize=182
[2023.02.11-22.09.46:810][  0]LogPakFile: PakFile PathHashIndexSize=101
[2023.02.11-22.09.46:810][  0]LogPakFile: PakFile FullDirectoryIndexSize=138
[2023.02.11-22.09.46:810][  0]LogShaderLibrary: Display: ShaderCodeLibraryPakFileMountedCallback: PakFile 'D:/UE_4.27/FeaturePacks/TP_Puzzle.upack' (chunk index -1, root 'root:/') mounted
[2023.02.11-22.09.46:810][  0]LogShaderLibrary: Display: ShaderCodeLibraryPakFileMountedCallback: pending pak file info (ChunkID:-1 Root:root:/ File:D:/UE_4.27/FeaturePacks/TP_Puzzle.upack)
[2023.02.11-22.09.46:810][  0]LogPakFile: OnPakFileMounted2Time == 0.000026
[2023.02.11-22.09.46:810][  0]LogPakFile: PakFile PrimaryIndexSize=184
[2023.02.11-22.09.46:810][  0]LogPakFile: PakFile PathHashIndexSize=101
[2023.02.11-22.09.46:810][  0]LogPakFile: PakFile FullDirectoryIndexSize=142
[2023.02.11-22.09.46:810][  0]LogShaderLibrary: Display: ShaderCodeLibraryPakFileMountedCallback: PakFile 'D:/UE_4.27/FeaturePacks/TP_PuzzleBP.upack' (chunk index -1, root 'root:/') mounted
[2023.02.11-22.09.46:810][  0]LogShaderLibrary: Display: ShaderCodeLibraryPakFileMountedCallback: pending pak file info (ChunkID:-1 Root:root:/ File:D:/UE_4.27/FeaturePacks/TP_PuzzleBP.upack)
[2023.02.11-22.09.46:810][  0]LogPakFile: OnPakFileMounted2Time == 0.000026
[2023.02.11-22.09.46:811][  0]LogPakFile: PakFile PrimaryIndexSize=183
[2023.02.11-22.09.46:811][  0]LogPakFile: PakFile PathHashIndexSize=101
[2023.02.11-22.09.46:811][  0]LogPakFile: PakFile FullDirectoryIndexSize=140
[2023.02.11-22.09.46:811][  0]LogShaderLibrary: Display: ShaderCodeLibraryPakFileMountedCallback: PakFile 'D:/UE_4.27/FeaturePacks/TP_Rolling.upack' (chunk index -1, root 'root:/') mounted
[2023.02.11-22.09.46:811][  0]LogShaderLibrary: Display: ShaderCodeLibraryPakFileMountedCallback: pending pak file info (ChunkID:-1 Root:root:/ File:D:/UE_4.27/FeaturePacks/TP_Rolling.upack)
[2023.02.11-22.09.46:811][  0]LogPakFile: OnPakFileMounted2Time == 0.000026
[2023.02.11-22.09.46:811][  0]LogPakFile: PakFile PrimaryIndexSize=185
[2023.02.11-22.09.46:811][  0]LogPakFile: PakFile PathHashIndexSize=101
[2023.02.11-22.09.46:811][  0]LogPakFile: PakFile FullDirectoryIndexSize=144
[2023.02.11-22.09.46:811][  0]LogShaderLibrary: Display: ShaderCodeLibraryPakFileMountedCallback: PakFile 'D:/UE_4.27/FeaturePacks/TP_RollingBP.upack' (chunk index -1, root 'root:/') mounted
[2023.02.11-22.09.46:811][  0]LogShaderLibrary: Display: ShaderCodeLibraryPakFileMountedCallback: pending pak file info (ChunkID:-1 Root:root:/ File:D:/UE_4.27/FeaturePacks/TP_RollingBP.upack)
[2023.02.11-22.09.46:811][  0]LogPakFile: OnPakFileMounted2Time == 0.000026
[2023.02.11-22.09.46:811][  0]LogPakFile: PakFile PrimaryIndexSize=188
[2023.02.11-22.09.46:811][  0]LogPakFile: PakFile PathHashIndexSize=101
[2023.02.11-22.09.46:811][  0]LogPakFile: PakFile FullDirectoryIndexSize=150
[2023.02.11-22.09.46:811][  0]LogShaderLibrary: Display: ShaderCodeLibraryPakFileMountedCallback: PakFile 'D:/UE_4.27/FeaturePacks/TP_SideScroller.upack' (chunk index -1, root 'root:/') mounted
[2023.02.11-22.09.46:811][  0]LogShaderLibrary: Display: ShaderCodeLibraryPakFileMountedCallback: pending pak file info (ChunkID:-1 Root:root:/ File:D:/UE_4.27/FeaturePacks/TP_SideScroller.upack)
[2023.02.11-22.09.46:811][  0]LogPakFile: OnPakFileMounted2Time == 0.000026
[2023.02.11-22.09.46:812][  0]LogPakFile: PakFile PrimaryIndexSize=190
[2023.02.11-22.09.46:812][  0]LogPakFile: PakFile PathHashIndexSize=101
[2023.02.11-22.09.46:812][  0]LogPakFile: PakFile FullDirectoryIndexSize=154
[2023.02.11-22.09.46:812][  0]LogShaderLibrary: Display: ShaderCodeLibraryPakFileMountedCallback: PakFile 'D:/UE_4.27/FeaturePacks/TP_SideScrollerBP.upack' (chunk index -1, root 'root:/') mounted
[2023.02.11-22.09.46:812][  0]LogShaderLibrary: Display: ShaderCodeLibraryPakFileMountedCallback: pending pak file info (ChunkID:-1 Root:root:/ File:D:/UE_4.27/FeaturePacks/TP_SideScrollerBP.upack)
[2023.02.11-22.09.46:812][  0]LogPakFile: OnPakFileMounted2Time == 0.000026
[2023.02.11-22.09.46:812][  0]LogPakFile: PakFile PrimaryIndexSize=187
[2023.02.11-22.09.46:812][  0]LogPakFile: PakFile PathHashIndexSize=101
[2023.02.11-22.09.46:812][  0]LogPakFile: PakFile FullDirectoryIndexSize=148
[2023.02.11-22.09.46:812][  0]LogShaderLibrary: Display: ShaderCodeLibraryPakFileMountedCallback: PakFile 'D:/UE_4.27/FeaturePacks/TP_ThirdPerson.upack' (chunk index -1, root 'root:/') mounted
[2023.02.11-22.09.46:812][  0]LogShaderLibrary: Display: ShaderCodeLibraryPakFileMountedCallback: pending pak file info (ChunkID:-1 Root:root:/ File:D:/UE_4.27/FeaturePacks/TP_ThirdPerson.upack)
[2023.02.11-22.09.46:812][  0]LogPakFile: OnPakFileMounted2Time == 0.000026
[2023.02.11-22.09.46:813][  0]LogPakFile: PakFile PrimaryIndexSize=189
[2023.02.11-22.09.46:813][  0]LogPakFile: PakFile PathHashIndexSize=101
[2023.02.11-22.09.46:813][  0]LogPakFile: PakFile FullDirectoryIndexSize=152
[2023.02.11-22.09.46:813][  0]LogShaderLibrary: Display: ShaderCodeLibraryPakFileMountedCallback: PakFile 'D:/UE_4.27/FeaturePacks/TP_ThirdPersonBP.upack' (chunk index -1, root 'root:/') mounted
[2023.02.11-22.09.46:813][  0]LogShaderLibrary: Display: ShaderCodeLibraryPakFileMountedCallback: pending pak file info (ChunkID:-1 Root:root:/ File:D:/UE_4.27/FeaturePacks/TP_ThirdPersonBP.upack)
[2023.02.11-22.09.46:813][  0]LogPakFile: OnPakFileMounted2Time == 0.000027
[2023.02.11-22.09.46:813][  0]LogPakFile: PakFile PrimaryIndexSize=183
[2023.02.11-22.09.46:813][  0]LogPakFile: PakFile PathHashIndexSize=101
[2023.02.11-22.09.46:813][  0]LogPakFile: PakFile FullDirectoryIndexSize=140
[2023.02.11-22.09.46:813][  0]LogShaderLibrary: Display: ShaderCodeLibraryPakFileMountedCallback: PakFile 'D:/UE_4.27/FeaturePacks/TP_TopDown.upack' (chunk index -1, root 'root:/') mounted
[2023.02.11-22.09.46:813][  0]LogShaderLibrary: Display: ShaderCodeLibraryPakFileMountedCallback: pending pak file info (ChunkID:-1 Root:root:/ File:D:/UE_4.27/FeaturePacks/TP_TopDown.upack)
[2023.02.11-22.09.46:813][  0]LogPakFile: OnPakFileMounted2Time == 0.000030
[2023.02.11-22.09.46:813][  0]LogPakFile: PakFile PrimaryIndexSize=185
[2023.02.11-22.09.46:813][  0]LogPakFile: PakFile PathHashIndexSize=101
[2023.02.11-22.09.46:813][  0]LogPakFile: PakFile FullDirectoryIndexSize=144
[2023.02.11-22.09.46:813][  0]LogShaderLibrary: Display: ShaderCodeLibraryPakFileMountedCallback: PakFile 'D:/UE_4.27/FeaturePacks/TP_TopDownBP.upack' (chunk index -1, root 'root:/') mounted
[2023.02.11-22.09.46:814][  0]LogShaderLibrary: Display: ShaderCodeLibraryPakFileMountedCallback: pending pak file info (ChunkID:-1 Root:root:/ File:D:/UE_4.27/FeaturePacks/TP_TopDownBP.upack)
[2023.02.11-22.09.46:814][  0]LogPakFile: OnPakFileMounted2Time == 0.000027
[2023.02.11-22.09.46:814][  0]LogPakFile: PakFile PrimaryIndexSize=185
[2023.02.11-22.09.46:814][  0]LogPakFile: PakFile PathHashIndexSize=101
[2023.02.11-22.09.46:814][  0]LogPakFile: PakFile FullDirectoryIndexSize=144
[2023.02.11-22.09.46:814][  0]LogShaderLibrary: Display: ShaderCodeLibraryPakFileMountedCallback: PakFile 'D:/UE_4.27/FeaturePacks/TP_TwinStick.upack' (chunk index -1, root 'root:/') mounted
[2023.02.11-22.09.46:814][  0]LogShaderLibrary: Display: ShaderCodeLibraryPakFileMountedCallback: pending pak file info (ChunkID:-1 Root:root:/ File:D:/UE_4.27/FeaturePacks/TP_TwinStick.upack)
[2023.02.11-22.09.46:814][  0]LogPakFile: OnPakFileMounted2Time == 0.000026
[2023.02.11-22.09.46:814][  0]LogPakFile: PakFile PrimaryIndexSize=187
[2023.02.11-22.09.46:814][  0]LogPakFile: PakFile PathHashIndexSize=101
[2023.02.11-22.09.46:814][  0]LogPakFile: PakFile FullDirectoryIndexSize=148
[2023.02.11-22.09.46:814][  0]LogShaderLibrary: Display: ShaderCodeLibraryPakFileMountedCallback: PakFile 'D:/UE_4.27/FeaturePacks/TP_TwinStickBP.upack' (chunk index -1, root 'root:/') mounted
[2023.02.11-22.09.46:814][  0]LogShaderLibrary: Display: ShaderCodeLibraryPakFileMountedCallback: pending pak file info (ChunkID:-1 Root:root:/ File:D:/UE_4.27/FeaturePacks/TP_TwinStickBP.upack)
[2023.02.11-22.09.46:814][  0]LogPakFile: OnPakFileMounted2Time == 0.000026
[2023.02.11-22.09.46:815][  0]LogPakFile: PakFile PrimaryIndexSize=183
[2023.02.11-22.09.46:815][  0]LogPakFile: PakFile PathHashIndexSize=101
[2023.02.11-22.09.46:815][  0]LogPakFile: PakFile FullDirectoryIndexSize=140
[2023.02.11-22.09.46:815][  0]LogShaderLibrary: Display: ShaderCodeLibraryPakFileMountedCallback: PakFile 'D:/UE_4.27/FeaturePacks/TP_Vehicle.upack' (chunk index -1, root 'root:/') mounted
[2023.02.11-22.09.46:815][  0]LogShaderLibrary: Display: ShaderCodeLibraryPakFileMountedCallback: pending pak file info (ChunkID:-1 Root:root:/ File:D:/UE_4.27/FeaturePacks/TP_Vehicle.upack)
[2023.02.11-22.09.46:815][  0]LogPakFile: OnPakFileMounted2Time == 0.000029
[2023.02.11-22.09.46:815][  0]LogPakFile: PakFile PrimaryIndexSize=186
[2023.02.11-22.09.46:815][  0]LogPakFile: PakFile PathHashIndexSize=101
[2023.02.11-22.09.46:815][  0]LogPakFile: PakFile FullDirectoryIndexSize=146
[2023.02.11-22.09.46:815][  0]LogShaderLibrary: Display: ShaderCodeLibraryPakFileMountedCallback: PakFile 'D:/UE_4.27/FeaturePacks/TP_VehicleAdv.upack' (chunk index -1, root 'root:/') mounted
[2023.02.11-22.09.46:815][  0]LogShaderLibrary: Display: ShaderCodeLibraryPakFileMountedCallback: pending pak file info (ChunkID:-1 Root:root:/ File:D:/UE_4.27/FeaturePacks/TP_VehicleAdv.upack)
[2023.02.11-22.09.46:815][  0]LogPakFile: OnPakFileMounted2Time == 0.000026
[2023.02.11-22.09.46:816][  0]LogPakFile: PakFile PrimaryIndexSize=188
[2023.02.11-22.09.46:816][  0]LogPakFile: PakFile PathHashIndexSize=101
[2023.02.11-22.09.46:816][  0]LogPakFile: PakFile FullDirectoryIndexSize=150
[2023.02.11-22.09.46:816][  0]LogShaderLibrary: Display: ShaderCodeLibraryPakFileMountedCallback: PakFile 'D:/UE_4.27/FeaturePacks/TP_VehicleAdvBP.upack' (chunk index -1, root 'root:/') mounted
[2023.02.11-22.09.46:816][  0]LogShaderLibrary: Display: ShaderCodeLibraryPakFileMountedCallback: pending pak file info (ChunkID:-1 Root:root:/ File:D:/UE_4.27/FeaturePacks/TP_VehicleAdvBP.upack)
[2023.02.11-22.09.46:816][  0]LogPakFile: OnPakFileMounted2Time == 0.000028
[2023.02.11-22.09.46:816][  0]LogPakFile: PakFile PrimaryIndexSize=185
[2023.02.11-22.09.46:816][  0]LogPakFile: PakFile PathHashIndexSize=101
[2023.02.11-22.09.46:816][  0]LogPakFile: PakFile FullDirectoryIndexSize=144
[2023.02.11-22.09.46:816][  0]LogShaderLibrary: Display: ShaderCodeLibraryPakFileMountedCallback: PakFile 'D:/UE_4.27/FeaturePacks/TP_VehicleBP.upack' (chunk index -1, root 'root:/') mounted
[2023.02.11-22.09.46:816][  0]LogShaderLibrary: Display: ShaderCodeLibraryPakFileMountedCallback: pending pak file info (ChunkID:-1 Root:root:/ File:D:/UE_4.27/FeaturePacks/TP_VehicleBP.upack)
[2023.02.11-22.09.46:816][  0]LogPakFile: OnPakFileMounted2Time == 0.000026
[2023.02.11-22.09.46:816][  0]LogPakFile: PakFile PrimaryIndexSize=192
[2023.02.11-22.09.46:816][  0]LogPakFile: PakFile PathHashIndexSize=101
[2023.02.11-22.09.46:816][  0]LogPakFile: PakFile FullDirectoryIndexSize=158
[2023.02.11-22.09.46:816][  0]LogShaderLibrary: Display: ShaderCodeLibraryPakFileMountedCallback: PakFile 'D:/UE_4.27/FeaturePacks/TP_VirtualRealityBP.upack' (chunk index -1, root 'root:/') mounted
[2023.02.11-22.09.46:817][  0]LogShaderLibrary: Display: ShaderCodeLibraryPakFileMountedCallback: pending pak file info (ChunkID:-1 Root:root:/ File:D:/UE_4.27/FeaturePacks/TP_VirtualRealityBP.upack)
[2023.02.11-22.09.46:817][  0]LogPakFile: OnPakFileMounted2Time == 0.000027
[2023.02.11-22.09.46:849][  0]LogNativeClassHierarchy: Verbose: Native class hierarchy updated for 'AddContentDialog' in 0.0003 seconds. Added 0 classes and 0 folders.
[2023.02.11-22.09.46:849][  0]LogNativeClassHierarchy: Verbose: Native class hierarchy updated for 'SceneOutliner' in 0.0001 seconds. Added 2 classes and 0 folders.
[2023.02.11-22.09.46:942][  0]LogSlate: Took 0.000145 seconds to synchronously load lazily loaded font '../../../Engine/Content/Slate/Fonts/Roboto-Regular.ttf' (155K)
[2023.02.11-22.09.46:943][  0]LogSlate: Took 0.000122 seconds to synchronously load lazily loaded font '../../../Engine/Content/Editor/Slate/Fonts/FontAwesome.ttf' (139K)
[2023.02.11-22.09.46:944][  0]LogSlate: Took 0.000116 seconds to synchronously load lazily loaded font '../../../Engine/Content/Slate/Fonts/Roboto-Bold.ttf' (160K)
[2023.02.11-22.09.47:017][  0]LogRenderer: Reallocating scene render targets to support 524x356 Format 10 NumSamples 1 (Frame:1).
[2023.02.11-22.09.47:111][  0]LogNativeClassHierarchy: Verbose: Native class hierarchy updated for 'HierarchicalLODOutliner' in 0.0003 seconds. Added 0 classes and 0 folders.
[2023.02.11-22.09.47:111][  0]LogLoad: (Engine Initialization) Total time: 7.36 seconds
[2023.02.11-22.09.47:111][  0]LogLoad: (Engine Initialization) Total Blueprint compile time: 0.00 seconds
[2023.02.11-22.09.47:182][  0]LogContentStreaming: Texture pool size now 3000 MB
[2023.02.11-22.09.47:223][  1]LogFileCache: Retrieving MD5 hashes for directory 'D:/GitHubProject/ProjectAlpha/Project__Alpha/Content/' took 0.10s
[2023.02.11-22.09.47:262][  1]LogAssetRegistry: Asset discovery search completed in 4.9719 seconds
[2023.02.11-22.09.47:267][  1]LogCollectionManager: Fixed up redirectors for 0 collections in 0.000003 seconds (updated 0 objects)
[2023.02.11-22.09.47:303][  2]LogSlate: Took 0.000116 seconds to synchronously load lazily loaded font '../../../Engine/Content/Slate/Fonts/Roboto-Light.ttf' (167K)
[2023.02.11-22.09.48:126][ 95]LogSlate: Took 0.000154 seconds to synchronously load lazily loaded font '../../../Engine/Content/Slate/Fonts/Roboto-Light.ttf' (167K)
[2023.02.11-22.10.18:405][670]LogEditorViewport: Clicking on Actor (LMB): Landscape (Landscape)
[2023.02.11-22.10.19:174][760]LogTemp: Repeating last play command: Selected Viewport
[2023.02.11-22.10.19:178][760]LogPlayLevel: PlayLevel: No blueprints needed recompiling
[2023.02.11-22.10.19:179][760]PIE: New page: PIE session: Level1 (Feb 12, 2023, 4:10:19 AM)
[2023.02.11-22.10.19:207][760]LogOnline: OSS: Creating online subsystem instance for: NULL
[2023.02.11-22.10.19:207][760]LogOnline: OSS: TryLoadSubsystemAndSetDefault: Loaded subsystem for module [NULL]
[2023.02.11-22.10.19:207][760]LogPlayLevel: Creating play world package: /Game/Levels/UEDPIE_0_Level1
[2023.02.11-22.10.19:226][760]LogPlayLevel: PIE: StaticDuplicateObject took: (0.018597s)
[2023.02.11-22.10.19:227][760]LogAIModule: Creating AISystem for world Level1
[2023.02.11-22.10.19:227][760]LogPlayLevel: PIE: World Init took: (0.001146s)
[2023.02.11-22.10.19:227][760]LogPlayLevel: PIE: Created PIE world by copying editor world from /Game/Levels/Level1.Level1 to /Game/Levels/UEDPIE_0_Level1.Level1 (0.019853s)
[2023.02.11-22.10.19:234][760]LogUObjectHash: Compacting FUObjectHashTables data took   0.89ms
[2023.02.11-22.10.19:234][760]LogAudio: Display: Creating Audio Device:                 Id: 2, Scope: Unique, Realtime: True
[2023.02.11-22.10.19:234][760]LogAudioMixer: Display: Audio Mixer Platform Settings:
[2023.02.11-22.10.19:234][760]LogAudioMixer: Display: 	Sample Rate:						  48000
[2023.02.11-22.10.19:234][760]LogAudioMixer: Display: 	Callback Buffer Frame Size Requested: 1024
[2023.02.11-22.10.19:234][760]LogAudioMixer: Display: 	Callback Buffer Frame Size To Use:	  1024
[2023.02.11-22.10.19:234][760]LogAudioMixer: Display: 	Number of buffers to queue:			  2
[2023.02.11-22.10.19:234][760]LogAudioMixer: Display: 	Max Channels (voices):				  32
[2023.02.11-22.10.19:234][760]LogAudioMixer: Display: 	Number of Async Source Workers:		  0
[2023.02.11-22.10.19:234][760]LogAudio: Display: AudioDevice MaxSources: 32
[2023.02.11-22.10.19:235][760]LogAudio: Display: Audio Spatialization Plugin: None (built-in).
[2023.02.11-22.10.19:235][760]LogAudio: Display: Audio Reverb Plugin: None (built-in).
[2023.02.11-22.10.19:235][760]LogAudio: Display: Audio Occlusion Plugin: None (built-in).
[2023.02.11-22.10.19:235][760]LogAudioMixer: Display: Initializing audio mixer.
[2023.02.11-22.10.19:236][760]LogAudioMixer: Display: 0: FrontLeft
[2023.02.11-22.10.19:236][760]LogAudioMixer: Display: 1: FrontRight
[2023.02.11-22.10.19:242][760]LogAudioMixer: Display: Using Audio Device LG TV (NVIDIA High Definition Audio)
[2023.02.11-22.10.19:242][760]LogAudioMixer: Display: Initializing Sound Submixes...
[2023.02.11-22.10.19:242][760]LogAudioMixer: Display: Creating Master Submix 'MasterSubmixDefault'
[2023.02.11-22.10.19:242][760]LogAudioMixer: Display: Creating Master Submix 'MasterReverbSubmixDefault'
[2023.02.11-22.10.19:243][760]LogAudioMixer: Display: Creating Master Submix 'MasterEQSubmixDefault'
[2023.02.11-22.10.19:243][760]LogAudioMixer: FMixerPlatformXAudio2::StartAudioStream() called
[2023.02.11-22.10.19:243][760]LogAudioMixer: Display: Output buffers initialized: Frames=1024, Channels=2, Samples=2048
[2023.02.11-22.10.19:244][760]LogAudioMixer: Display: Starting AudioMixerPlatformInterface::RunInternal()
[2023.02.11-22.10.19:244][760]LogAudioMixer: Display: FMixerPlatformXAudio2::SubmitBuffer() called for the first time
[2023.02.11-22.10.19:244][760]LogInit: FAudioDevice initialized.
[2023.02.11-22.10.19:244][760]LogAudio: Display: Audio Device (ID: 2) registered with world 'Level1'.
[2023.02.11-22.10.19:252][760]LogLoad: Game class is 'CharercterGameMode_C'
[2023.02.11-22.10.19:255][760]LogWorld: Bringing World /Game/Levels/UEDPIE_0_Level1.Level1 up for play (max tick rate 0) at 2023.02.12-01.10.19
[2023.02.11-22.10.19:255][760]LogWorld: Bringing up level for play took: 0.002132
[2023.02.11-22.10.19:255][760]LogOnline: OSS: Creating online subsystem instance for: :Context_2
[2023.02.11-22.10.19:257][760]LogNativeClassHierarchy: Verbose: Native class hierarchy updated for 'MovieSceneCapture' in 0.0003 seconds. Added 20 classes and 0 folders.
[2023.02.11-22.10.19:258][760]LogGameMode: Display: Match State Changed from EnteringMap to WaitingToStart
[2023.02.11-22.10.19:258][760]LogGameState: Match State Changed from EnteringMap to WaitingToStart
[2023.02.11-22.10.19:258][760]LogGameMode: Display: Match State Changed from WaitingToStart to InProgress
[2023.02.11-22.10.19:260][760]LogGameState: Match State Changed from WaitingToStart to InProgress
[2023.02.11-22.10.19:260][760]PIE: Server logged in
[2023.02.11-22.10.19:261][760]PIE: Play in editor total start time 0.083 seconds.
[2023.02.11-22.10.20:240][873]Cmd: LevelEditor.ToggleImmersive
[2023.02.11-22.10.20:303][874]LogRenderer: Reallocating scene render targets to support 636x440 Format 10 NumSamples 1 (Frame:115).
[2023.02.11-22.10.20:338][875]LogRenderer: Reallocating scene render targets to support 952x676 Format 10 NumSamples 1 (Frame:117).
[2023.02.11-22.10.20:380][876]LogRenderer: Reallocating scene render targets to support 1012x720 Format 10 NumSamples 1 (Frame:119).
[2023.02.11-22.10.20:420][877]LogRenderer: Reallocating scene render targets to support 1024x728 Format 10 NumSamples 1 (Frame:121).
[2023.02.11-22.10.23:891][292]LogBlueprintUserMessages: [TheCharecter_C_0] 90.0
[2023.02.11-22.10.50:358][468]LogCharacterMovement: TheCharecter_C_0 is stuck and failed to move! Velocity: X=20.65 Y=296.38 Z=0.00 Location: X=1266.93 Y=3714.22 Z=1151.58 Normal: X=-0.37 Y=-0.45 Z=-0.82 PenetrationDepth:2.638 Actor:SM_LogSpikes2_2 Component:SM_LogSpikes BoneName:None (0 other events since notify)
[2023.02.11-22.11.12:084][ 75]LogBlueprintUserMessages: [TheCharecter_C_0] 80.0
