Log file open, 04/13/23 18:11:07
LogWindows: Failed to load 'aqProf.dll' (GetLastError=126)
LogWindows: File 'aqProf.dll' does not exist
LogWindows: Failed to load 'VtuneApi.dll' (GetLastError=126)
LogWindows: File 'VtuneApi.dll' does not exist
LogWindows: Failed to load 'VtuneApi32e.dll' (GetLastError=126)
LogWindows: File 'VtuneApi32e.dll' does not exist
LogConsoleResponse: Display: Failed to find resolution value strings in scalability ini. Falling back to default.
LogConsoleResponse: Display: Failed to find resolution value strings in scalability ini. Falling back to default.
LogInit: Display: Running engine for game: FirstProject
LogPlatformFile: Not using cached read wrapper
LogTaskGraph: Started task graph with 5 named threads and 35 total threads with 3 sets of task threads.
LogStats: Stats thread started at 208.424538
LogICUInternationalization: ICU TimeZone Detection - Raw Offset: +3:00, Platform Override: ''
LogInit: Display: Loading text-based GConfig....
LogPluginManager: Mounting plugin MegascansPlugin
LogPluginManager: Mounting plugin MeshPainting
LogPluginManager: Mounting plugin XGEController
LogPluginManager: Mounting plugin AISupport
LogPluginManager: Mounting plugin EnvironmentQueryEditor
LogPluginManager: Mounting plugin OodleData
LogPluginManager: Mounting plugin OodleNetwork
LogPluginManager: Mounting plugin LightPropagationVolume
LogPluginManager: Mounting plugin CameraShakePreviewer
LogPluginManager: Mounting plugin GameplayCameras
LogPluginManager: Mounting plugin NiagaraExtras
LogPluginManager: Mounting plugin LiveLink
LogPluginManager: Mounting plugin Paper2D
LogPluginManager: Mounting plugin AlembicImporter
LogPluginManager: Mounting plugin AutomationUtils
LogPluginManager: Mounting plugin LauncherChunkInstaller
LogPluginManager: Mounting plugin BackChannel
LogPluginManager: Mounting plugin Niagara
LogPluginManager: Mounting plugin ChaosCloth
LogPluginManager: Mounting plugin ChaosClothEditor
LogPluginManager: Mounting plugin ChaosEditor
LogPluginManager: Mounting plugin ChaosSolverPlugin
LogPluginManager: Mounting plugin CharacterAI
LogPluginManager: Mounting plugin GeometryCache
LogPluginManager: Mounting plugin Landmass
LogPluginManager: Mounting plugin MeshModelingToolset
LogPluginManager: Mounting plugin OpenImageDenoise
LogPluginManager: Mounting plugin ModelingToolsEditorMode
LogPluginManager: Mounting plugin PlanarCut
LogPluginManager: Mounting plugin PlatformCrypto
LogPluginManager: Mounting plugin ProxyLODPlugin
LogPluginManager: Mounting plugin GPULightmass
LogPluginManager: Mounting plugin MotoSynth
LogPluginManager: Mounting plugin GeometryCollectionPlugin
LogPluginManager: Mounting plugin GeometryProcessing
LogPluginManager: Mounting plugin ChaosNiagara
LogPluginManager: Mounting plugin ActorLayerUtilities
LogPluginManager: Mounting plugin AndroidDeviceProfileSelector
LogPluginManager: Mounting plugin AndroidPermission
LogPluginManager: Mounting plugin AndroidMoviePlayer
LogPluginManager: Mounting plugin Water
LogPluginManager: Mounting plugin AppleImageUtils
LogPluginManager: Mounting plugin AppleMoviePlayer
LogPluginManager: Mounting plugin ArchVisCharacter
LogPluginManager: Mounting plugin AssetTags
LogPluginManager: Mounting plugin AudioCapture
LogPluginManager: Mounting plugin AudioSynesthesia
LogPluginManager: Mounting plugin CableComponent
LogPluginManager: Mounting plugin ChunkDownloader
LogPluginManager: Mounting plugin CustomMeshComponent
LogPluginManager: Mounting plugin EditableMesh
LogPluginManager: Mounting plugin ExampleDeviceProfileSelector
LogPluginManager: Mounting plugin GoogleCloudMessaging
LogPluginManager: Mounting plugin GooglePAD
LogPluginManager: Mounting plugin ApexDestruction
LogPluginManager: Mounting plugin IOSDeviceProfileSelector
LogPluginManager: Mounting plugin LinuxDeviceProfileSelector
LogPluginManager: Mounting plugin LocationServicesBPLibrary
LogPluginManager: Mounting plugin HairStrands
LogPluginManager: Mounting plugin PythonScriptPlugin
LogPluginManager: Mounting plugin SkeletalReduction
LogPluginManager: Mounting plugin OpenXR
LogPluginManager: Mounting plugin OpenXREyeTracker
LogPluginManager: Mounting plugin OpenXRHandTracking
LogPluginManager: Mounting plugin MobilePatchingUtils
LogPluginManager: Mounting plugin PhysXVehicles
LogPluginManager: Mounting plugin PostSplashScreen
LogPluginManager: Mounting plugin ProceduralMeshComponent
LogPluginManager: Mounting plugin PropertyAccessEditor
LogPluginManager: Mounting plugin RuntimePhysXCooking
LogPluginManager: Mounting plugin SignificanceManager
LogPluginManager: Mounting plugin SoundFields
LogPluginManager: Mounting plugin WebMMoviePlayer
LogPluginManager: Mounting plugin WindowsMoviePlayer
LogPluginManager: Mounting plugin Synthesis
LogPluginManager: Mounting plugin OnlineSubsystem
LogPluginManager: Mounting plugin UdpMessaging
LogPluginManager: Mounting plugin TcpMessaging
LogPluginManager: Mounting plugin ActorSequence
LogPluginManager: Mounting plugin LevelSequenceEditor
LogPluginManager: Mounting plugin MatineeToLevelSequence
LogPluginManager: Mounting plugin OnlineSubsystemNull
LogPluginManager: Mounting plugin OnlineSubsystemUtils
LogPluginManager: Mounting plugin TemplateSequence
LogPluginManager: Mounting plugin AnimationSharing
LogPluginManager: Mounting plugin CLionSourceCodeAccess
LogPluginManager: Mounting plugin PerforceSourceControl
LogPluginManager: Mounting plugin NullSourceCodeAccess
LogPluginManager: Mounting plugin GitSourceControl
LogPluginManager: Mounting plugin CodeLiteSourceCodeAccess
LogPluginManager: Mounting plugin KDevelopSourceCodeAccess
LogPluginManager: Mounting plugin UObjectPlugin
LogPluginManager: Mounting plugin VisualStudioCodeSourceCodeAccess
LogPluginManager: Mounting plugin VisualStudioSourceCodeAccess
LogPluginManager: Mounting plugin XCodeSourceCodeAccess
LogPluginManager: Mounting plugin PixWinPlugin
LogPluginManager: Mounting plugin PlasticSourceControl
LogPluginManager: Mounting plugin RiderSourceCodeAccess
LogPluginManager: Mounting plugin PropertyAccessNode
LogPluginManager: Mounting plugin PluginUtils
LogPluginManager: Mounting plugin SubversionSourceControl
LogPluginManager: Mounting plugin TextureFormatOodle
LogPluginManager: Mounting plugin DatasmithContent
LogPluginManager: Mounting plugin VariantManagerContent
LogPluginManager: Mounting plugin LuminPlatformFeatures
LogPluginManager: Mounting plugin MagicLeap
LogPluginManager: Mounting plugin MagicLeapMedia
LogPluginManager: Mounting plugin AndroidMedia
LogPluginManager: Mounting plugin AvfMedia
LogPluginManager: Mounting plugin MLSDK
LogPluginManager: Mounting plugin ImgMedia
LogPluginManager: Mounting plugin MediaCompositing
LogPluginManager: Mounting plugin MediaPlayerEditor
LogPluginManager: Mounting plugin AssetManagerEditor
LogPluginManager: Mounting plugin WebMMedia
LogPluginManager: Mounting plugin WmfMedia
LogPluginManager: Mounting plugin BlueprintMaterialTextureNodes
LogPluginManager: Mounting plugin CryptoKeys
LogPluginManager: Mounting plugin CurveEditorTools
LogPluginManager: Mounting plugin DataValidation
LogPluginManager: Mounting plugin FacialAnimation
LogPluginManager: Mounting plugin GameplayTagsEditor
LogPluginManager: Mounting plugin GeometryMode
LogPluginManager: Mounting plugin MacGraphicsSwitching
LogPluginManager: Mounting plugin MaterialAnalyzer
LogPluginManager: Mounting plugin MobileLauncherProfileWizard
LogPluginManager: Mounting plugin SpeedTreeImporter
LogPluginManager: Mounting plugin StylusInput
LogPluginManager: Mounting plugin EditorScriptingUtilities
LogPluginManager: Mounting plugin PluginBrowser
LogPluginManager: Mounting plugin MagicLeapLightEstimation
LogPluginManager: Mounting plugin MagicLeapPassableWorld
LogPluginManager: Mounting plugin ScreenshotTools
LogPluginManager: Mounting plugin Takes
LogPluginManager: Mounting plugin HttpGPT
LogPluginManager: Mounting plugin DatabaseSupport
LogPluginManager: Mounting plugin SQLiteCore
LogPluginManager: Mounting plugin SQLiteSupport
LogPluginManager: Mounting plugin OculusVR
LogPluginManager: Mounting plugin SteamVR
LogPluginManager: Mounting plugin OnlineSubsystemGooglePlay
LogPluginManager: Mounting plugin OnlineSubsystemIOS
LogPluginManager: Mounting plugin ContentBrowserAssetDataSource
LogPluginManager: Mounting plugin ContentBrowserClassDataSource
LogPluginManager: Mounting plugin ContentBrowserFileDataSource
LogGPULightmass: GPULightmass module is loaded
LogInit: Using libcurl 7.55.1-DEV
LogInit:  - built for x86_64-pc-win32
LogInit:  - supports SSL with OpenSSL/1.1.1
LogInit:  - supports HTTP deflate (compression) using libz 1.2.8
LogInit:  - other features:
LogInit:      CURL_VERSION_SSL
LogInit:      CURL_VERSION_LIBZ
LogInit:      CURL_VERSION_IPV6
LogInit:      CURL_VERSION_ASYNCHDNS
LogInit:      CURL_VERSION_LARGEFILE
LogInit:      CURL_VERSION_IDN
LogInit:  CurlRequestOptions (configurable via config and command line):
LogInit:  - bVerifyPeer = true  - Libcurl will verify peer certificate
LogInit:  - bUseHttpProxy = false  - Libcurl will NOT use HTTP proxy
LogInit:  - bDontReuseConnections = false  - Libcurl will reuse connections
LogInit:  - MaxHostConnections = 16  - Libcurl will limit the number of connections to a host
LogInit:  - LocalHostAddr = Default
LogInit:  - BufferSize = 65536
LogOnline: OSS: Creating online subsystem instance for: NULL
LogInit: WinSock: version 1.1 (2.2), MaxSocks=32767, MaxUdp=65467
LogOnline: OSS: TryLoadSubsystemAndSetDefault: Loaded subsystem for module [NULL]
PixWinPlugin: PIX capture plugin failed to initialize! Check that the process is launched from PIX.
LogOculusPluginWrapper: OculusPlugin initialized successfully
LogHMD: Failed initializing OVRPlugin 1.59.0
LogInit: Build: ++UE4+Release-4.27-CL-18319896
LogInit: Engine Version: 4.27.2-18319896+++UE4+Release-4.27
LogInit: Compatible Engine Version: 4.27.0-17155196+++UE4+Release-4.27
LogInit: Net CL: 17155196
LogInit: OS: Windows 10 (Release 2009) (), CPU: AMD Ryzen 5 3600 6-Core Processor              , GPU: NVIDIA GeForce RTX 2060
LogInit: Compiled (64-bit): Nov 30 2021 07:12:08
LogInit: Compiled with Visual C++: 19.24.28315.00
LogInit: Build Configuration: Development
LogInit: Branch Name: ++UE4+Release-4.27
LogInit: Command Line: 
LogInit: Base Directory: D:/UE_4.27/Engine/Binaries/Win64/
LogInit: Allocator: TBB
LogInit: Installed Engine Build: 1
LogDevObjectVersion: Number of dev versions registered: 29
LogDevObjectVersion:   Dev-Blueprints (B0D832E4-1F89-4F0D-ACCF-7EB736FD4AA2): 10
LogDevObjectVersion:   Dev-Build (E1C64328-A22C-4D53-A36C-8E866417BD8C): 0
LogDevObjectVersion:   Dev-Core (375EC13C-06E4-48FB-B500-84F0262A717E): 4
LogDevObjectVersion:   Dev-Editor (E4B068ED-F494-42E9-A231-DA0B2E46BB41): 40
LogDevObjectVersion:   Dev-Framework (CFFC743F-43B0-4480-9391-14DF171D2073): 37
LogDevObjectVersion:   Dev-Mobile (B02B49B5-BB20-44E9-A304-32B752E40360): 3
LogDevObjectVersion:   Dev-Networking (A4E4105C-59A1-49B5-A7C5-40C4547EDFEE): 0
LogDevObjectVersion:   Dev-Online (39C831C9-5AE6-47DC-9A44-9C173E1C8E7C): 0
LogDevObjectVersion:   Dev-Physics (78F01B33-EBEA-4F98-B9B4-84EACCB95AA2): 14
LogDevObjectVersion:   Dev-Platform (6631380F-2D4D-43E0-8009-CF276956A95A): 0
LogDevObjectVersion:   Dev-Rendering (12F88B9F-8875-4AFC-A67C-D90C383ABD29): 45
LogDevObjectVersion:   Dev-Sequencer (7B5AE74C-D270-4C10-A958-57980B212A5A): 13
LogDevObjectVersion:   Dev-VR (D7296918-1DD6-4BDD-9DE2-64A83CC13884): 3
LogDevObjectVersion:   Dev-LoadTimes (C2A15278-BFE7-4AFE-6C17-90FF531DF755): 1
LogDevObjectVersion:   Private-Geometry (6EACA3D4-40EC-4CC1-B786-8BED09428FC5): 3
LogDevObjectVersion:   Dev-AnimPhys (29E575DD-E0A3-4627-9D10-D276232CDCEA): 17
LogDevObjectVersion:   Dev-Anim (AF43A65D-7FD3-4947-9873-3E8ED9C1BB05): 15
LogDevObjectVersion:   Dev-ReflectionCapture (6B266CEC-1EC7-4B8F-A30B-E4D90942FC07): 1
LogDevObjectVersion:   Dev-Automation (0DF73D61-A23F-47EA-B727-89E90C41499A): 1
LogDevObjectVersion:   FortniteMain (601D1886-AC64-4F84-AA16-D3DE0DEAC7D6): 47
LogDevObjectVersion:   FortniteRelease (E7086368-6B23-4C58-8439-1B7016265E91): 1
LogDevObjectVersion:   Dev-Enterprise (9DFFBCD6-494F-0158-E221-12823C92A888): 10
LogDevObjectVersion:   Dev-Niagara (F2AED0AC-9AFE-416F-8664-AA7FFA26D6FC): 1
LogDevObjectVersion:   Dev-Destruction (174F1F0B-B4C6-45A5-B13F-2EE8D0FB917D): 10
LogDevObjectVersion:   Dev-Physics-Ext (35F94A83-E258-406C-A318-09F59610247C): 41
LogDevObjectVersion:   Dev-PhysicsMaterial-Chaos (B68FC16E-8B1B-42E2-B453-215C058844FE): 1
LogDevObjectVersion:   Dev-CineCamera (B2E18506-4273-CFC2-A54E-F4BB758BBA07): 1
LogDevObjectVersion:   Dev-VirtualProduction (64F58936-FD1B-42BA-BA96-7289D5D0FA4E): 1
LogDevObjectVersion:   Dev-MediaFramework (6F0ED827-A609-4895-9C91-998D90180EA4): 2
LogInit: Presizing for max 25165824 objects, including 0 objects not considered by GC, pre-allocating 0 bytes for permanent pool.
LogConfig: Applying CVar settings from Section [/Script/Engine.StreamingSettings] File [D:/GitHubProjects/Project__Alpha/Saved/Config/Windows/Engine.ini]
LogConfig: Setting CVar [[s.MinBulkDataSizeForAsyncLoading:131072]]
LogConfig: Setting CVar [[s.AsyncLoadingThreadEnabled:0]]
LogConfig: Setting CVar [[s.EventDrivenLoaderEnabled:1]]
LogConfig: Setting CVar [[s.WarnIfTimeLimitExceeded:0]]
LogConfig: Setting CVar [[s.TimeLimitExceededMultiplier:1.5]]
LogConfig: Setting CVar [[s.TimeLimitExceededMinTime:0.005]]
LogConfig: Setting CVar [[s.UseBackgroundLevelStreaming:1]]
LogConfig: Setting CVar [[s.PriorityAsyncLoadingExtraTime:15.0]]
LogConfig: Setting CVar [[s.LevelStreamingActorsUpdateTimeLimit:5.0]]
LogConfig: Setting CVar [[s.PriorityLevelStreamingActorsUpdateExtraTime:5.0]]
LogConfig: Setting CVar [[s.LevelStreamingComponentsRegistrationGranularity:10]]
LogConfig: Setting CVar [[s.UnregisterComponentsTimeLimit:1.0]]
LogConfig: Setting CVar [[s.LevelStreamingComponentsUnregistrationGranularity:5]]
LogConfig: Setting CVar [[s.FlushStreamingOnExit:1]]
LogInit: Object subsystem initialized
LogConfig: Setting CVar [[con.DebugEarlyDefault:1]]
LogConfig: Setting CVar [[r.setres:1280x720]]
LogConfig: Setting CVar [[fx.NiagaraAllowRuntimeScalabilityChanges:1]]
[2023.04.13-15.13.29:626][  0]LogConfig: Setting CVar [[r.VSync:0]]
[2023.04.13-15.13.29:626][  0]LogConfig: Setting CVar [[r.RHICmdBypass:0]]
[2023.04.13-15.13.29:771][  0]LogConfig: Applying CVar settings from Section [/Script/Engine.RendererSettings] File [D:/GitHubProjects/Project__Alpha/Saved/Config/Windows/Engine.ini]
[2023.04.13-15.13.29:771][  0]LogConfig: Setting CVar [[r.GPUCrashDebugging:0]]
[2023.04.13-15.13.29:771][  0]LogConfig: Applying CVar settings from Section [/Script/Engine.RendererOverrideSettings] File [D:/GitHubProjects/Project__Alpha/Saved/Config/Windows/Engine.ini]
[2023.04.13-15.13.29:771][  0]LogConfig: Applying CVar settings from Section [/Script/Engine.StreamingSettings] File [D:/GitHubProjects/Project__Alpha/Saved/Config/Windows/Engine.ini]
[2023.04.13-15.13.29:771][  0]LogConfig: Setting CVar [[s.MinBulkDataSizeForAsyncLoading:131072]]
[2023.04.13-15.13.29:771][  0]LogConfig: Setting CVar [[s.AsyncLoadingThreadEnabled:0]]
[2023.04.13-15.13.29:771][  0]LogConfig: Setting CVar [[s.EventDrivenLoaderEnabled:1]]
[2023.04.13-15.13.29:771][  0]LogConfig: Setting CVar [[s.WarnIfTimeLimitExceeded:0]]
[2023.04.13-15.13.29:771][  0]LogConfig: Setting CVar [[s.TimeLimitExceededMultiplier:1.5]]
[2023.04.13-15.13.29:771][  0]LogConfig: Setting CVar [[s.TimeLimitExceededMinTime:0.005]]
[2023.04.13-15.13.29:771][  0]LogConfig: Setting CVar [[s.UseBackgroundLevelStreaming:1]]
[2023.04.13-15.13.29:771][  0]LogConfig: Setting CVar [[s.PriorityAsyncLoadingExtraTime:15.0]]
[2023.04.13-15.13.29:771][  0]LogConfig: Setting CVar [[s.LevelStreamingActorsUpdateTimeLimit:5.0]]
[2023.04.13-15.13.29:771][  0]LogConfig: Setting CVar [[s.PriorityLevelStreamingActorsUpdateExtraTime:5.0]]
[2023.04.13-15.13.29:771][  0]LogConfig: Setting CVar [[s.LevelStreamingComponentsRegistrationGranularity:10]]
[2023.04.13-15.13.29:771][  0]LogConfig: Setting CVar [[s.UnregisterComponentsTimeLimit:1.0]]
[2023.04.13-15.13.29:771][  0]LogConfig: Setting CVar [[s.LevelStreamingComponentsUnregistrationGranularity:5]]
[2023.04.13-15.13.29:771][  0]LogConfig: Setting CVar [[s.FlushStreamingOnExit:1]]
[2023.04.13-15.13.29:771][  0]LogConfig: Applying CVar settings from Section [/Script/Engine.GarbageCollectionSettings] File [D:/GitHubProjects/Project__Alpha/Saved/Config/Windows/Engine.ini]
[2023.04.13-15.13.29:771][  0]LogConfig: Setting CVar [[gc.MaxObjectsNotConsideredByGC:1]]
[2023.04.13-15.13.29:771][  0]LogConfig: Setting CVar [[gc.SizeOfPermanentObjectPool:0]]
[2023.04.13-15.13.29:771][  0]LogConfig: Setting CVar [[gc.FlushStreamingOnGC:0]]
[2023.04.13-15.13.29:771][  0]LogConfig: Setting CVar [[gc.NumRetriesBeforeForcingGC:10]]
[2023.04.13-15.13.29:771][  0]LogConfig: Setting CVar [[gc.AllowParallelGC:1]]
[2023.04.13-15.13.29:771][  0]LogConfig: Setting CVar [[gc.TimeBetweenPurgingPendingKillObjects:61.1]]
[2023.04.13-15.13.29:771][  0]LogConfig: Setting CVar [[gc.MaxObjectsInEditor:25165824]]
[2023.04.13-15.13.29:771][  0]LogConfig: Setting CVar [[gc.IncrementalBeginDestroyEnabled:1]]
[2023.04.13-15.13.29:771][  0]LogConfig: Setting CVar [[gc.CreateGCClusters:1]]
[2023.04.13-15.13.29:771][  0]LogConfig: Setting CVar [[gc.MinGCClusterSize:5]]
[2023.04.13-15.13.29:771][  0]LogConfig: Setting CVar [[gc.ActorClusteringEnabled:0]]
[2023.04.13-15.13.29:771][  0]LogConfig: Setting CVar [[gc.BlueprintClusteringEnabled:0]]
[2023.04.13-15.13.29:771][  0]LogConfig: Setting CVar [[gc.UseDisregardForGCOnDedicatedServers:0]]
[2023.04.13-15.13.29:771][  0]LogConfig: Setting CVar [[gc.MultithreadedDestructionEnabled:1]]
[2023.04.13-15.13.29:771][  0]LogConfig: Applying CVar settings from Section [/Script/Engine.NetworkSettings] File [D:/GitHubProjects/Project__Alpha/Saved/Config/Windows/Engine.ini]
[2023.04.13-15.13.29:771][  0]LogConfig: Applying CVar settings from Section [/Script/UnrealEd.CookerSettings] File [D:/GitHubProjects/Project__Alpha/Saved/Config/Windows/Engine.ini]
[2023.04.13-15.13.30:128][  0]LogConfig: Applying CVar settings from Section [ViewDistanceQuality@3] File [D:/GitHubProjects/Project__Alpha/Saved/Config/Windows/Scalability.ini]
[2023.04.13-15.13.30:128][  0]LogConfig: Setting CVar [[r.SkeletalMeshLODBias:0]]
[2023.04.13-15.13.30:128][  0]LogConfig: Setting CVar [[r.ViewDistanceScale:1.0]]
[2023.04.13-15.13.30:128][  0]LogConfig: Applying CVar settings from Section [AntiAliasingQuality@3] File [D:/GitHubProjects/Project__Alpha/Saved/Config/Windows/Scalability.ini]
[2023.04.13-15.13.30:128][  0]LogConfig: Setting CVar [[r.PostProcessAAQuality:4]]
[2023.04.13-15.13.30:128][  0]LogConfig: Applying CVar settings from Section [ShadowQuality@3] File [D:/GitHubProjects/Project__Alpha/Saved/Config/Windows/Scalability.ini]
[2023.04.13-15.13.30:128][  0]LogConfig: Setting CVar [[r.LightFunctionQuality:1]]
[2023.04.13-15.13.30:128][  0]LogConfig: Setting CVar [[r.ShadowQuality:5]]
[2023.04.13-15.13.30:128][  0]LogConfig: Setting CVar [[r.Shadow.CSM.MaxCascades:10]]
[2023.04.13-15.13.30:128][  0]LogConfig: Setting CVar [[r.Shadow.MaxResolution:2048]]
[2023.04.13-15.13.30:128][  0]LogConfig: Setting CVar [[r.Shadow.MaxCSMResolution:2048]]
[2023.04.13-15.13.30:128][  0]LogConfig: Setting CVar [[r.Shadow.RadiusThreshold:0.01]]
[2023.04.13-15.13.30:128][  0]LogConfig: Setting CVar [[r.Shadow.DistanceScale:1.0]]
[2023.04.13-15.13.30:128][  0]LogConfig: Setting CVar [[r.Shadow.CSM.TransitionScale:1.0]]
[2023.04.13-15.13.30:128][  0]LogConfig: Setting CVar [[r.Shadow.PreShadowResolutionFactor:1.0]]
[2023.04.13-15.13.30:128][  0]LogConfig: Setting CVar [[r.DistanceFieldShadowing:1]]
[2023.04.13-15.13.30:128][  0]LogConfig: Setting CVar [[r.DistanceFieldAO:1]]
[2023.04.13-15.13.30:128][  0]LogConfig: Setting CVar [[r.AOQuality:2]]
[2023.04.13-15.13.30:128][  0]LogConfig: Setting CVar [[r.VolumetricFog:1]]
[2023.04.13-15.13.30:128][  0]LogConfig: Setting CVar [[r.VolumetricFog.GridPixelSize:8]]
[2023.04.13-15.13.30:128][  0]LogConfig: Setting CVar [[r.VolumetricFog.GridSizeZ:128]]
[2023.04.13-15.13.30:128][  0]LogConfig: Setting CVar [[r.VolumetricFog.HistoryMissSupersampleCount:4]]
[2023.04.13-15.13.30:128][  0]LogConfig: Setting CVar [[r.LightMaxDrawDistanceScale:1]]
[2023.04.13-15.13.30:128][  0]LogConfig: Setting CVar [[r.CapsuleShadows:1]]
[2023.04.13-15.13.30:128][  0]LogConfig: Applying CVar settings from Section [PostProcessQuality@3] File [D:/GitHubProjects/Project__Alpha/Saved/Config/Windows/Scalability.ini]
[2023.04.13-15.13.30:128][  0]LogConfig: Setting CVar [[r.MotionBlurQuality:4]]
[2023.04.13-15.13.30:129][  0]LogConfig: Setting CVar [[r.AmbientOcclusionMipLevelFactor:0.4]]
[2023.04.13-15.13.30:129][  0]LogConfig: Setting CVar [[r.AmbientOcclusionMaxQuality:100]]
[2023.04.13-15.13.30:129][  0]LogConfig: Setting CVar [[r.AmbientOcclusionLevels:-1]]
[2023.04.13-15.13.30:129][  0]LogConfig: Setting CVar [[r.AmbientOcclusionRadiusScale:1.0]]
[2023.04.13-15.13.30:129][  0]LogConfig: Setting CVar [[r.DepthOfFieldQuality:2]]
[2023.04.13-15.13.30:129][  0]LogConfig: Setting CVar [[r.RenderTargetPoolMin:400]]
[2023.04.13-15.13.30:129][  0]LogConfig: Setting CVar [[r.LensFlareQuality:2]]
[2023.04.13-15.13.30:129][  0]LogConfig: Setting CVar [[r.SceneColorFringeQuality:1]]
[2023.04.13-15.13.30:129][  0]LogConfig: Setting CVar [[r.EyeAdaptationQuality:2]]
[2023.04.13-15.13.30:129][  0]LogConfig: Setting CVar [[r.BloomQuality:5]]
[2023.04.13-15.13.30:129][  0]LogConfig: Setting CVar [[r.FastBlurThreshold:100]]
[2023.04.13-15.13.30:129][  0]LogConfig: Setting CVar [[r.Upscale.Quality:3]]
[2023.04.13-15.13.30:129][  0]LogConfig: Setting CVar [[r.Tonemapper.GrainQuantization:1]]
[2023.04.13-15.13.30:129][  0]LogConfig: Setting CVar [[r.LightShaftQuality:1]]
[2023.04.13-15.13.30:129][  0]LogConfig: Setting CVar [[r.Filter.SizeScale:1]]
[2023.04.13-15.13.30:129][  0]LogConfig: Setting CVar [[r.Tonemapper.Quality:5]]
[2023.04.13-15.13.30:129][  0]LogConfig: Setting CVar [[r.DOF.Gather.AccumulatorQuality:1        ; higher gathering accumulator quality]]
[2023.04.13-15.13.30:129][  0]LogConfig: Setting CVar [[r.DOF.Gather.PostfilterMethod:1          ; Median3x3 postfilering method]]
[2023.04.13-15.13.30:129][  0]LogConfig: Setting CVar [[r.DOF.Gather.EnableBokehSettings:0       ; no bokeh simulation when gathering]]
[2023.04.13-15.13.30:129][  0]LogConfig: Setting CVar [[r.DOF.Gather.RingCount:4                 ; medium number of samples when gathering]]
[2023.04.13-15.13.30:129][  0]LogConfig: Setting CVar [[r.DOF.Scatter.ForegroundCompositing:1    ; additive foreground scattering]]
[2023.04.13-15.13.30:129][  0]LogConfig: Setting CVar [[r.DOF.Scatter.BackgroundCompositing:2    ; additive background scattering]]
[2023.04.13-15.13.30:129][  0]LogConfig: Setting CVar [[r.DOF.Scatter.EnableBokehSettings:1      ; bokeh simulation when scattering]]
[2023.04.13-15.13.30:129][  0]LogConfig: Setting CVar [[r.DOF.Scatter.MaxSpriteRatio:0.1         ; only a maximum of 10% of scattered bokeh]]
[2023.04.13-15.13.30:129][  0]LogConfig: Setting CVar [[r.DOF.Recombine.Quality:1                ; cheap slight out of focus]]
[2023.04.13-15.13.30:129][  0]LogConfig: Setting CVar [[r.DOF.Recombine.EnableBokehSettings:0    ; no bokeh simulation on slight out of focus]]
[2023.04.13-15.13.30:129][  0]LogConfig: Setting CVar [[r.DOF.TemporalAAQuality:1                ; more stable temporal accumulation]]
[2023.04.13-15.13.30:129][  0]LogConfig: Setting CVar [[r.DOF.Kernel.MaxForegroundRadius:0.025]]
[2023.04.13-15.13.30:129][  0]LogConfig: Setting CVar [[r.DOF.Kernel.MaxBackgroundRadius:0.025]]
[2023.04.13-15.13.30:129][  0]LogConfig: Applying CVar settings from Section [TextureQuality@3] File [D:/GitHubProjects/Project__Alpha/Saved/Config/Windows/Scalability.ini]
[2023.04.13-15.13.30:129][  0]LogConfig: Setting CVar [[r.Streaming.MipBias:0]]
[2023.04.13-15.13.30:129][  0]LogConfig: Setting CVar [[r.Streaming.AmortizeCPUToGPUCopy:0]]
[2023.04.13-15.13.30:129][  0]LogConfig: Setting CVar [[r.Streaming.MaxNumTexturesToStreamPerFrame:0]]
[2023.04.13-15.13.30:129][  0]LogConfig: Setting CVar [[r.Streaming.Boost:1]]
[2023.04.13-15.13.30:129][  0]LogConfig: Setting CVar [[r.MaxAnisotropy:8]]
[2023.04.13-15.13.30:129][  0]LogConfig: Setting CVar [[r.VT.MaxAnisotropy:8]]
[2023.04.13-15.13.30:129][  0]LogConfig: Setting CVar [[r.Streaming.LimitPoolSizeToVRAM:0]]
[2023.04.13-15.13.30:129][  0]LogConfig: Setting CVar [[r.Streaming.PoolSize:1000]]
[2023.04.13-15.13.30:129][  0]LogConfig: Setting CVar [[r.Streaming.MaxEffectiveScreenSize:0]]
[2023.04.13-15.13.30:129][  0]LogConfig: Applying CVar settings from Section [EffectsQuality@3] File [D:/GitHubProjects/Project__Alpha/Saved/Config/Windows/Scalability.ini]
[2023.04.13-15.13.30:129][  0]LogConfig: Setting CVar [[r.TranslucencyLightingVolumeDim:64]]
[2023.04.13-15.13.30:129][  0]LogConfig: Setting CVar [[r.RefractionQuality:2]]
[2023.04.13-15.13.30:129][  0]LogConfig: Setting CVar [[r.SSR.Quality:3]]
[2023.04.13-15.13.30:129][  0]LogConfig: Setting CVar [[r.SSR.HalfResSceneColor:0]]
[2023.04.13-15.13.30:129][  0]LogConfig: Setting CVar [[r.SceneColorFormat:4]]
[2023.04.13-15.13.30:129][  0]LogConfig: Setting CVar [[r.DetailMode:2]]
[2023.04.13-15.13.30:129][  0]LogConfig: Setting CVar [[r.TranslucencyVolumeBlur:1]]
[2023.04.13-15.13.30:129][  0]LogConfig: Setting CVar [[r.MaterialQualityLevel:1 ; High quality]]
[2023.04.13-15.13.30:129][  0]LogConfig: Setting CVar [[r.AnisotropicMaterials:1]]
[2023.04.13-15.13.30:129][  0]LogConfig: Setting CVar [[r.SSS.Scale:1]]
[2023.04.13-15.13.30:129][  0]LogConfig: Setting CVar [[r.SSS.SampleSet:2]]
[2023.04.13-15.13.30:129][  0]LogConfig: Setting CVar [[r.SSS.Quality:1]]
[2023.04.13-15.13.30:129][  0]LogConfig: Setting CVar [[r.SSS.HalfRes:0]]
[2023.04.13-15.13.30:129][  0]LogConfig: Setting CVar [[r.SSGI.Quality:3]]
[2023.04.13-15.13.30:129][  0]LogConfig: Setting CVar [[r.EmitterSpawnRateScale:1.0]]
[2023.04.13-15.13.30:129][  0]LogConfig: Setting CVar [[r.ParticleLightQuality:2]]
[2023.04.13-15.13.30:129][  0]LogConfig: Setting CVar [[r.SkyAtmosphere.AerialPerspectiveLUT.FastApplyOnOpaque:1 ; Always have FastSkyLUT 1 in this case to avoid wrong sky]]
[2023.04.13-15.13.30:129][  0]LogConfig: Setting CVar [[r.SkyAtmosphere.AerialPerspectiveLUT.SampleCountMaxPerSlice:4]]
[2023.04.13-15.13.30:129][  0]LogConfig: Setting CVar [[r.SkyAtmosphere.AerialPerspectiveLUT.DepthResolution:16.0]]
[2023.04.13-15.13.30:129][  0]LogConfig: Setting CVar [[r.SkyAtmosphere.FastSkyLUT:1]]
[2023.04.13-15.13.30:129][  0]LogConfig: Setting CVar [[r.SkyAtmosphere.FastSkyLUT.SampleCountMin:4.0]]
[2023.04.13-15.13.30:129][  0]LogConfig: Setting CVar [[r.SkyAtmosphere.FastSkyLUT.SampleCountMax:128.0]]
[2023.04.13-15.13.30:129][  0]LogConfig: Setting CVar [[r.SkyAtmosphere.SampleCountMin:4.0]]
[2023.04.13-15.13.30:129][  0]LogConfig: Setting CVar [[r.SkyAtmosphere.SampleCountMax:128.0]]
[2023.04.13-15.13.30:129][  0]LogConfig: Setting CVar [[r.SkyAtmosphere.TransmittanceLUT.UseSmallFormat:0]]
[2023.04.13-15.13.30:129][  0]LogConfig: Setting CVar [[r.SkyAtmosphere.TransmittanceLUT.SampleCount:10.0]]
[2023.04.13-15.13.30:129][  0]LogConfig: Setting CVar [[r.SkyAtmosphere.MultiScatteringLUT.SampleCount:15.0]]
[2023.04.13-15.13.30:129][  0]LogConfig: Setting CVar [[r.SkyLight.RealTimeReflectionCapture:1]]
[2023.04.13-15.13.30:129][  0]LogConfig: Setting CVar [[fx.Niagara.QualityLevel:3]]
[2023.04.13-15.13.30:181][  0]LogConfig: Applying CVar settings from Section [FoliageQuality@3] File [D:/GitHubProjects/Project__Alpha/Saved/Config/Windows/Scalability.ini]
[2023.04.13-15.13.30:181][  0]LogConfig: Setting CVar [[foliage.DensityScale:1.0]]
[2023.04.13-15.13.30:181][  0]LogConfig: Setting CVar [[grass.DensityScale:1.0]]
[2023.04.13-15.13.30:181][  0]LogConfig: Applying CVar settings from Section [ShadingQuality@3] File [D:/GitHubProjects/Project__Alpha/Saved/Config/Windows/Scalability.ini]
[2023.04.13-15.13.30:181][  0]LogConfig: Setting CVar [[r.HairStrands.SkyLighting.IntegrationType:2]]
[2023.04.13-15.13.30:181][  0]LogConfig: Setting CVar [[r.HairStrands.SkyAO.SampleCount:4]]
[2023.04.13-15.13.30:181][  0]LogConfig: Setting CVar [[r.HairStrands.Visibility.MSAA.SamplePerPixel:4]]
[2023.04.13-15.13.30:181][  0]LogConfig: Setting CVar [[r.HairStrands.Interpolation.UseSingleGuide:0]]
[2023.04.13-15.13.30:340][  0]LogInit: Selected Device Profile: [Windows]
[2023.04.13-15.13.30:409][  0]LogInit: Applying CVar settings loaded from the selected device profile: [Windows]
[2023.04.13-15.13.30:443][  0]LogHAL: Display: Platform has ~ 16 GB [17122066432 / 17179869184 / 16], which maps to Larger [LargestMinGB=32, LargerMinGB=12, DefaultMinGB=8, SmallerMinGB=6, SmallestMinGB=0)
[2023.04.13-15.13.30:447][  0]LogInit: Going up to parent DeviceProfile []
[2023.04.13-15.13.30:455][  0]LogConfig: Applying CVar settings from Section [ViewDistanceQuality@Cine] File [D:/GitHubProjects/Project__Alpha/Saved/Config/Windows/Scalability.ini]
[2023.04.13-15.13.30:455][  0]LogConfig: Setting CVar [[r.SkeletalMeshLODBias:0]]
[2023.04.13-15.13.30:455][  0]LogConfig: Setting CVar [[r.ViewDistanceScale:10.0]]
[2023.04.13-15.13.30:455][  0]LogConfig: Applying CVar settings from Section [AntiAliasingQuality@Cine] File [D:/GitHubProjects/Project__Alpha/Saved/Config/Windows/Scalability.ini]
[2023.04.13-15.13.30:455][  0]LogConfig: Setting CVar [[r.PostProcessAAQuality:6]]
[2023.04.13-15.13.30:455][  0]LogConfig: Applying CVar settings from Section [ShadowQuality@Cine] File [D:/GitHubProjects/Project__Alpha/Saved/Config/Windows/Scalability.ini]
[2023.04.13-15.13.30:455][  0]LogConfig: Setting CVar [[r.LightFunctionQuality:1]]
[2023.04.13-15.13.30:455][  0]LogConfig: Setting CVar [[r.ShadowQuality:5]]
[2023.04.13-15.13.30:455][  0]LogConfig: Setting CVar [[r.Shadow.CSM.MaxCascades:10]]
[2023.04.13-15.13.30:455][  0]LogConfig: Setting CVar [[r.Shadow.MaxResolution:4096]]
[2023.04.13-15.13.30:455][  0]LogConfig: Setting CVar [[r.Shadow.MaxCSMResolution:4096]]
[2023.04.13-15.13.30:455][  0]LogConfig: Setting CVar [[r.Shadow.RadiusThreshold:0]]
[2023.04.13-15.13.30:455][  0]LogConfig: Setting CVar [[r.Shadow.DistanceScale:1.0]]
[2023.04.13-15.13.30:455][  0]LogConfig: Setting CVar [[r.Shadow.CSM.TransitionScale:1.0]]
[2023.04.13-15.13.30:455][  0]LogConfig: Setting CVar [[r.Shadow.PreShadowResolutionFactor:1.0]]
[2023.04.13-15.13.30:456][  0]LogConfig: Setting CVar [[r.DistanceFieldShadowing:1]]
[2023.04.13-15.13.30:456][  0]LogConfig: Setting CVar [[r.DistanceFieldAO:1]]
[2023.04.13-15.13.30:456][  0]LogConfig: Setting CVar [[r.AOQuality:2]]
[2023.04.13-15.13.30:456][  0]LogConfig: Setting CVar [[r.VolumetricFog:1]]
[2023.04.13-15.13.30:456][  0]LogConfig: Setting CVar [[r.VolumetricFog.GridPixelSize:4]]
[2023.04.13-15.13.30:456][  0]LogConfig: Setting CVar [[r.VolumetricFog.GridSizeZ:128]]
[2023.04.13-15.13.30:456][  0]LogConfig: Setting CVar [[r.VolumetricFog.HistoryMissSupersampleCount:16]]
[2023.04.13-15.13.30:456][  0]LogConfig: Setting CVar [[r.LightMaxDrawDistanceScale:1]]
[2023.04.13-15.13.30:456][  0]LogConfig: Setting CVar [[r.CapsuleShadows:1]]
[2023.04.13-15.13.30:456][  0]LogConfig: Applying CVar settings from Section [PostProcessQuality@Cine] File [D:/GitHubProjects/Project__Alpha/Saved/Config/Windows/Scalability.ini]
[2023.04.13-15.13.30:456][  0]LogConfig: Setting CVar [[r.MotionBlurQuality:4]]
[2023.04.13-15.13.30:456][  0]LogConfig: Setting CVar [[r.AmbientOcclusionMipLevelFactor:0.4]]
[2023.04.13-15.13.30:456][  0]LogConfig: Setting CVar [[r.AmbientOcclusionMaxQuality:100]]
[2023.04.13-15.13.30:456][  0]LogConfig: Setting CVar [[r.AmbientOcclusionLevels:-1]]
[2023.04.13-15.13.30:456][  0]LogConfig: Setting CVar [[r.AmbientOcclusionRadiusScale:1.0]]
[2023.04.13-15.13.30:456][  0]LogConfig: Setting CVar [[r.GTAO.Numangles:4]]
[2023.04.13-15.13.30:456][  0]LogConfig: Setting CVar [[r.DepthOfFieldQuality:4]]
[2023.04.13-15.13.30:456][  0]LogConfig: Setting CVar [[r.RenderTargetPoolMin:1000]]
[2023.04.13-15.13.30:456][  0]LogConfig: Setting CVar [[r.LensFlareQuality:3]]
[2023.04.13-15.13.30:456][  0]LogConfig: Setting CVar [[r.SceneColorFringeQuality:1]]
[2023.04.13-15.13.30:456][  0]LogConfig: Setting CVar [[r.EyeAdaptationQuality:2]]
[2023.04.13-15.13.30:456][  0]LogConfig: Setting CVar [[r.BloomQuality:5]]
[2023.04.13-15.13.30:456][  0]LogConfig: Setting CVar [[r.FastBlurThreshold:100]]
[2023.04.13-15.13.30:456][  0]LogConfig: Setting CVar [[r.Upscale.Quality:3]]
[2023.04.13-15.13.30:456][  0]LogConfig: Setting CVar [[r.Tonemapper.GrainQuantization:1]]
[2023.04.13-15.13.30:456][  0]LogConfig: Setting CVar [[r.LightShaftQuality:1]]
[2023.04.13-15.13.30:456][  0]LogConfig: Setting CVar [[r.Filter.SizeScale:1]]
[2023.04.13-15.13.30:456][  0]LogConfig: Setting CVar [[r.Tonemapper.Quality:5]]
[2023.04.13-15.13.30:456][  0]LogConfig: Setting CVar [[r.DOF.Gather.AccumulatorQuality:1        ; higher gathering accumulator quality]]
[2023.04.13-15.13.30:456][  0]LogConfig: Setting CVar [[r.DOF.Gather.PostfilterMethod:1          ; Median3x3 postfilering method]]
[2023.04.13-15.13.30:456][  0]LogConfig: Setting CVar [[r.DOF.Gather.EnableBokehSettings:1       ; bokeh simulation when gathering]]
[2023.04.13-15.13.30:456][  0]LogConfig: Setting CVar [[r.DOF.Gather.RingCount:5                 ; high number of samples when gathering]]
[2023.04.13-15.13.30:456][  0]LogConfig: Setting CVar [[r.DOF.Scatter.ForegroundCompositing:1    ; additive foreground scattering]]
[2023.04.13-15.13.30:456][  0]LogConfig: Setting CVar [[r.DOF.Scatter.BackgroundCompositing:2    ; background scattering occlusion]]
[2023.04.13-15.13.30:456][  0]LogConfig: Setting CVar [[r.DOF.Scatter.EnableBokehSettings:1      ; no bokeh simulation when scattering]]
[2023.04.13-15.13.30:456][  0]LogConfig: Setting CVar [[r.DOF.Scatter.MaxSpriteRatio:0.25        ; only a maximum of 10% of scattered bokeh]]
[2023.04.13-15.13.30:456][  0]LogConfig: Setting CVar [[r.DOF.Recombine.Quality:2                ; highest slight out of focus]]
[2023.04.13-15.13.30:456][  0]LogConfig: Setting CVar [[r.DOF.Recombine.EnableBokehSettings:1    ; bokeh simulation on slight out of focus]]
[2023.04.13-15.13.30:456][  0]LogConfig: Setting CVar [[r.DOF.TemporalAAQuality:1                ; more stable temporal accumulation]]
[2023.04.13-15.13.30:456][  0]LogConfig: Setting CVar [[r.DOF.Kernel.MaxForegroundRadius:0.025]]
[2023.04.13-15.13.30:456][  0]LogConfig: Setting CVar [[r.DOF.Kernel.MaxBackgroundRadius:0.025]]
[2023.04.13-15.13.30:456][  0]LogConfig: Applying CVar settings from Section [TextureQuality@Cine] File [D:/GitHubProjects/Project__Alpha/Saved/Config/Windows/Scalability.ini]
[2023.04.13-15.13.30:456][  0]LogConfig: Setting CVar [[r.Streaming.MipBias:0]]
[2023.04.13-15.13.30:456][  0]LogConfig: Setting CVar [[r.Streaming.AmortizeCPUToGPUCopy:0]]
[2023.04.13-15.13.30:456][  0]LogConfig: Setting CVar [[r.Streaming.MaxNumTexturesToStreamPerFrame:0]]
[2023.04.13-15.13.30:456][  0]LogConfig: Setting CVar [[r.Streaming.Boost:1]]
[2023.04.13-15.13.30:456][  0]LogConfig: Setting CVar [[r.MaxAnisotropy:8]]
[2023.04.13-15.13.30:456][  0]LogConfig: Setting CVar [[r.VT.MaxAnisotropy:8]]
[2023.04.13-15.13.30:456][  0]LogConfig: Setting CVar [[r.Streaming.LimitPoolSizeToVRAM:0]]
[2023.04.13-15.13.30:456][  0]LogConfig: Setting CVar [[r.Streaming.PoolSize:3000]]
[2023.04.13-15.13.30:456][  0]LogConfig: Setting CVar [[r.Streaming.MaxEffectiveScreenSize:0]]
[2023.04.13-15.13.30:456][  0]LogConfig: Applying CVar settings from Section [EffectsQuality@Cine] File [D:/GitHubProjects/Project__Alpha/Saved/Config/Windows/Scalability.ini]
[2023.04.13-15.13.30:456][  0]LogConfig: Setting CVar [[r.TranslucencyLightingVolumeDim:64]]
[2023.04.13-15.13.30:456][  0]LogConfig: Setting CVar [[r.RefractionQuality:2]]
[2023.04.13-15.13.30:456][  0]LogConfig: Setting CVar [[r.SSR.Quality:4]]
[2023.04.13-15.13.30:456][  0]LogConfig: Setting CVar [[r.SSR.HalfResSceneColor:0]]
[2023.04.13-15.13.30:456][  0]LogConfig: Setting CVar [[r.SceneColorFormat:4]]
[2023.04.13-15.13.30:456][  0]LogConfig: Setting CVar [[r.DetailMode:2]]
[2023.04.13-15.13.30:456][  0]LogConfig: Setting CVar [[r.TranslucencyVolumeBlur:1]]
[2023.04.13-15.13.30:456][  0]LogConfig: Setting CVar [[r.MaterialQualityLevel:1 ; High quality]]
[2023.04.13-15.13.30:456][  0]LogConfig: Setting CVar [[r.AnisotropicMaterials:1]]
[2023.04.13-15.13.30:456][  0]LogConfig: Setting CVar [[r.SSS.Scale:1]]
[2023.04.13-15.13.30:456][  0]LogConfig: Setting CVar [[r.SSS.SampleSet:2]]
[2023.04.13-15.13.30:456][  0]LogConfig: Setting CVar [[r.SSS.Quality:1]]
[2023.04.13-15.13.30:456][  0]LogConfig: Setting CVar [[r.SSS.HalfRes:0]]
[2023.04.13-15.13.30:456][  0]LogConfig: Setting CVar [[r.SSGI.Quality:4]]
[2023.04.13-15.13.30:456][  0]LogConfig: Setting CVar [[r.EmitterSpawnRateScale:1.0]]
[2023.04.13-15.13.30:456][  0]LogConfig: Setting CVar [[r.ParticleLightQuality:2]]
[2023.04.13-15.13.30:456][  0]LogConfig: Setting CVar [[r.SkyAtmosphere.AerialPerspectiveLUT.FastApplyOnOpaque:0]]
[2023.04.13-15.13.30:456][  0]LogConfig: Setting CVar [[r.SkyAtmosphere.AerialPerspectiveLUT.SampleCountMaxPerSlice:8]]
[2023.04.13-15.13.30:456][  0]LogConfig: Setting CVar [[r.SkyAtmosphere.AerialPerspectiveLUT.DepthResolution:32.0]]
[2023.04.13-15.13.30:456][  0]LogConfig: Setting CVar [[r.SkyAtmosphere.FastSkyLUT:0]]
[2023.04.13-15.13.30:456][  0]LogConfig: Setting CVar [[r.SkyAtmosphere.FastSkyLUT.SampleCountMin:4.0]]
[2023.04.13-15.13.30:456][  0]LogConfig: Setting CVar [[r.SkyAtmosphere.FastSkyLUT.SampleCountMax:256.0]]
[2023.04.13-15.13.30:456][  0]LogConfig: Setting CVar [[r.SkyAtmosphere.SampleCountMin:8.0]]
[2023.04.13-15.13.30:456][  0]LogConfig: Setting CVar [[r.SkyAtmosphere.SampleCountMax:256.0]]
[2023.04.13-15.13.30:456][  0]LogConfig: Setting CVar [[r.SkyAtmosphere.TransmittanceLUT.UseSmallFormat:0]]
[2023.04.13-15.13.30:456][  0]LogConfig: Setting CVar [[r.SkyAtmosphere.TransmittanceLUT.SampleCount:30.0]]
[2023.04.13-15.13.30:456][  0]LogConfig: Setting CVar [[r.SkyAtmosphere.MultiScatteringLUT.SampleCount:20.0]]
[2023.04.13-15.13.30:456][  0]LogConfig: Setting CVar [[r.SkyLight.RealTimeReflectionCapture:1]]
[2023.04.13-15.13.30:456][  0]LogConfig: Setting CVar [[fx.Niagara.QualityLevel:4]]
[2023.04.13-15.13.30:491][  0]LogConfig: Applying CVar settings from Section [FoliageQuality@Cine] File [D:/GitHubProjects/Project__Alpha/Saved/Config/Windows/Scalability.ini]
[2023.04.13-15.13.30:491][  0]LogConfig: Setting CVar [[foliage.DensityScale:1.0]]
[2023.04.13-15.13.30:491][  0]LogConfig: Setting CVar [[grass.DensityScale:1.0]]
[2023.04.13-15.13.30:491][  0]LogConfig: Applying CVar settings from Section [ShadingQuality@Cine] File [D:/GitHubProjects/Project__Alpha/Saved/Config/Windows/Scalability.ini]
[2023.04.13-15.13.30:491][  0]LogConfig: Setting CVar [[r.HairStrands.SkyLighting.IntegrationType:0]]
[2023.04.13-15.13.30:491][  0]LogConfig: Setting CVar [[r.HairStrands.SkyAO.SampleCount:8]]
[2023.04.13-15.13.30:491][  0]LogConfig: Setting CVar [[r.HairStrands.Visibility.MSAA.SamplePerPixel:8]]
[2023.04.13-15.13.30:491][  0]LogConfig: Setting CVar [[r.HairStrands.Interpolation.UseSingleGuide:0]]
[2023.04.13-15.13.30:491][  0]LogConfig: Applying CVar settings from Section [Startup] File [../../../Engine/Config/ConsoleVariables.ini]
[2023.04.13-15.13.30:505][  0]LogConfig: Setting CVar [[net.UseAdaptiveNetUpdateFrequency:0]]
[2023.04.13-15.13.30:505][  0]LogConfig: Setting CVar [[p.chaos.AllowCreatePhysxBodies:1]]
[2023.04.13-15.13.30:505][  0]LogConfig: Setting CVar [[fx.SkipVectorVMBackendOptimizations:1]]
[2023.04.13-15.13.30:505][  0]LogConfig: Applying CVar settings from Section [ConsoleVariables] File [D:/GitHubProjects/Project__Alpha/Saved/Config/Windows/Engine.ini]
[2023.04.13-15.13.30:505][  0]LogConfig: Applying CVar settings from Section [ConsoleVariables] File [D:/GitHubProjects/Project__Alpha/Saved/Config/Windows/Editor.ini]
[2023.04.13-15.13.30:560][  0]LogInit: Computer: HAMA
[2023.04.13-15.13.30:560][  0]LogInit: User: Hama
[2023.04.13-15.13.30:560][  0]LogInit: CPU Page size=4096, Cores=6
[2023.04.13-15.13.30:560][  0]LogInit: High frequency timer resolution =10.000000 MHz
[2023.04.13-15.13.30:575][  0]LogMemory: Memory total: Physical=15.9GB (16GB approx)
[2023.04.13-15.13.30:628][  0]LogMemory: Platform Memory Stats for Windows
[2023.04.13-15.13.30:628][  0]LogMemory: Process Physical Memory: 149.68 MB used, 149.69 MB peak
[2023.04.13-15.13.30:628][  0]LogMemory: Process Virtual Memory: 128.20 MB used, 128.20 MB peak
[2023.04.13-15.13.30:628][  0]LogMemory: Physical Memory: 5373.22 MB used,  10955.66 MB free, 16328.88 MB total
[2023.04.13-15.13.30:628][  0]LogMemory: Virtual Memory: 134204728.00 MB used,  13003.59 MB free, 134217728.00 MB total
[2023.04.13-15.13.30:642][  0]LogWindows: WindowsPlatformFeatures enabled
[2023.04.13-15.13.31:983][  0]LogInit: Physics initialised using underlying interface: PhysX
[2023.04.13-15.13.32:060][  0]LogInit: Using OS detected language (en-US).
[2023.04.13-15.13.32:060][  0]LogInit: Using OS detected locale (en-US).
[2023.04.13-15.13.32:334][  0]LogTextLocalizationManager: No specific localization for 'en-US' exists, so the 'en' localization will be used.
[2023.04.13-15.13.33:195][  0]LogInit: Setting process to per monitor DPI aware
[2023.04.13-15.13.33:658][  0]LogWindowsTextInputMethodSystem: Display: IME system deactivated.
[2023.04.13-15.13.35:746][  0]LogSlate: New Slate User Created.  User Index 0, Is Virtual User: 0
[2023.04.13-15.13.35:746][  0]LogSlate: Slate User Registered.  User Index 0, Is Virtual User: 0
[2023.04.13-15.13.37:117][  0]LogD3D11RHI: Loaded GFSDK_Aftermath_Lib.x64.dll
[2023.04.13-15.13.37:279][  0]LogHMD: Failed to initialize OpenVR with code 110
[2023.04.13-15.13.37:279][  0]LogD3D11RHI: D3D11 min allowed feature level: 11_0
[2023.04.13-15.13.37:279][  0]LogD3D11RHI: D3D11 max allowed feature level: 11_0
[2023.04.13-15.13.37:279][  0]LogD3D11RHI: D3D11 adapters:
[2023.04.13-15.13.37:568][  0]LogD3D11RHI:    0. 'NVIDIA GeForce RTX 2060' (Feature Level 11_0)
[2023.04.13-15.13.37:568][  0]LogD3D11RHI:       5958/0/8164 MB DedicatedVideo/DedicatedSystem/SharedSystem, Outputs:1, VendorId:0x10de
[2023.04.13-15.13.37:573][  0]LogD3D11RHI:    1. 'Microsoft Basic Render Driver' (Feature Level 11_0)
[2023.04.13-15.13.37:573][  0]LogD3D11RHI:       0/0/8164 MB DedicatedVideo/DedicatedSystem/SharedSystem, Outputs:0, VendorId:0x1414
[2023.04.13-15.13.37:573][  0]LogD3D11RHI: Chosen D3D11 Adapter:
[2023.04.13-15.13.37:573][  0]LogD3D11RHI:     Description : NVIDIA GeForce RTX 2060
[2023.04.13-15.13.37:573][  0]LogD3D11RHI:     VendorId    : 10de
[2023.04.13-15.13.37:573][  0]LogD3D11RHI:     DeviceId    : 1e89
[2023.04.13-15.13.37:573][  0]LogD3D11RHI:     SubSysId    : 357119da
[2023.04.13-15.13.37:573][  0]LogD3D11RHI:     Revision    : 00a1
[2023.04.13-15.13.37:573][  0]LogD3D11RHI:     DedicatedVideoMemory : 6247415808 bytes
[2023.04.13-15.13.37:573][  0]LogD3D11RHI:     DedicatedSystemMemory : 0 bytes
[2023.04.13-15.13.37:574][  0]LogD3D11RHI:     SharedSystemMemory : 8561033216 bytes
[2023.04.13-15.13.37:574][  0]LogD3D11RHI:     AdapterLuid : 0 56111
[2023.04.13-15.13.37:609][  0]LogD3D11RHI: Creating new Direct3DDevice
[2023.04.13-15.13.37:609][  0]LogD3D11RHI:     GPU DeviceId: 0x1e89 (for the marketing name, search the web for "GPU Device Id")
[2023.04.13-15.13.37:609][  0]LogWindows: EnumDisplayDevices:
[2023.04.13-15.13.37:609][  0]LogWindows:    0. 'NVIDIA GeForce RTX 2060' (P:1 D:1)
[2023.04.13-15.13.37:609][  0]LogWindows:    1. 'NVIDIA GeForce RTX 2060' (P:0 D:0)
[2023.04.13-15.13.37:609][  0]LogWindows:    2. 'NVIDIA GeForce RTX 2060' (P:0 D:0)
[2023.04.13-15.13.37:610][  0]LogWindows:    3. 'NVIDIA GeForce RTX 2060' (P:0 D:0)
[2023.04.13-15.13.37:610][  0]LogWindows: DebugString: FoundDriverCount:4 
[2023.04.13-15.13.37:610][  0]LogD3D11RHI:     Adapter Name: NVIDIA GeForce RTX 2060
[2023.04.13-15.13.37:616][  0]LogD3D11RHI:   Driver Version: 531.41 (internal:31.0.15.3141, unified:531.41)
[2023.04.13-15.13.37:616][  0]LogD3D11RHI:      Driver Date: 3-16-2023
[2023.04.13-15.13.37:617][  0]LogRHI: Texture pool is 4170 MB (70% of 5958 MB)
[2023.04.13-15.13.37:617][  0]LogD3D11RHI: Creating D3DDevice using adapter:
[2023.04.13-15.13.37:617][  0]LogD3D11RHI:     Description : NVIDIA GeForce RTX 2060
[2023.04.13-15.13.37:617][  0]LogD3D11RHI:     VendorId    : 10de
[2023.04.13-15.13.37:617][  0]LogD3D11RHI:     DeviceId    : 1e89
[2023.04.13-15.13.37:617][  0]LogD3D11RHI:     SubSysId    : 357119da
[2023.04.13-15.13.37:617][  0]LogD3D11RHI:     Revision    : 00a1
[2023.04.13-15.13.37:617][  0]LogD3D11RHI:     DedicatedVideoMemory : 6247415808 bytes
[2023.04.13-15.13.37:617][  0]LogD3D11RHI:     DedicatedSystemMemory : 0 bytes
[2023.04.13-15.13.37:617][  0]LogD3D11RHI:     SharedSystemMemory : 8561033216 bytes
[2023.04.13-15.13.37:617][  0]LogD3D11RHI:     AdapterLuid : 0 56111
[2023.04.13-15.13.37:727][  0]LogD3D11RHI: RHI has support for 64 bit atomics
[2023.04.13-15.13.37:735][  0]LogD3D11RHI: Async texture creation enabled
[2023.04.13-15.13.37:735][  0]LogD3D11RHI: Array index from any shader is supported
[2023.04.13-15.13.39:525][  0]LogD3D11RHI: GPU Timing Frequency: 1000.000000 (Debug: 2 1)
[2023.04.13-15.13.39:686][  0]LogRHI: GeForceNow SDK initialized: 1
[2023.04.13-15.13.40:934][  0]LogTargetPlatformManager: Display: Loaded TargetPlatform 'AllDesktop'
[2023.04.13-15.13.41:026][  0]LogTargetPlatformManager: Display: Loaded TargetPlatform 'Android'
[2023.04.13-15.13.41:026][  0]LogTargetPlatformManager: Display: Loaded TargetPlatform 'Android_ASTC'
[2023.04.13-15.13.41:026][  0]LogTargetPlatformManager: Display: Loaded TargetPlatform 'Android_DXT'
[2023.04.13-15.13.41:026][  0]LogTargetPlatformManager: Display: Loaded TargetPlatform 'Android_ETC2'
[2023.04.13-15.13.41:026][  0]LogTargetPlatformManager: Display: Loaded TargetPlatform 'AndroidClient'
[2023.04.13-15.13.41:026][  0]LogTargetPlatformManager: Display: Loaded TargetPlatform 'Android_ASTCClient'
[2023.04.13-15.13.41:026][  0]LogTargetPlatformManager: Display: Loaded TargetPlatform 'Android_DXTClient'
[2023.04.13-15.13.41:026][  0]LogTargetPlatformManager: Display: Loaded TargetPlatform 'Android_ETC2Client'
[2023.04.13-15.13.41:026][  0]LogTargetPlatformManager: Display: Loaded TargetPlatform 'Android_Multi'
[2023.04.13-15.13.41:026][  0]LogTargetPlatformManager: Display: Loaded TargetPlatform 'Android_MultiClient'
[2023.04.13-15.13.41:306][  0]LogTargetPlatformManager: Display: Loaded TargetPlatform 'IOSClient'
[2023.04.13-15.13.41:306][  0]LogTargetPlatformManager: Display: Loaded TargetPlatform 'IOS'
[2023.04.13-15.13.41:366][  0]LogTargetPlatformManager: Display: Loaded TargetPlatform 'Linux'
[2023.04.13-15.13.41:544][  0]LogTargetPlatformManager: Display: Loaded TargetPlatform 'LinuxNoEditor'
[2023.04.13-15.13.41:610][  0]LogTargetPlatformManager: Display: Loaded TargetPlatform 'LinuxClient'
[2023.04.13-15.13.41:678][  0]LogTargetPlatformManager: Display: Loaded TargetPlatform 'LinuxServer'
[2023.04.13-15.13.41:836][  0]LogTargetPlatformManager: Display: Loaded TargetPlatform 'LinuxAArch64NoEditor'
[2023.04.13-15.13.41:898][  0]LogTargetPlatformManager: Display: Loaded TargetPlatform 'LinuxAArch64Client'
[2023.04.13-15.13.41:954][  0]LogTargetPlatformManager: Display: Loaded TargetPlatform 'LinuxAArch64Server'
[2023.04.13-15.13.42:057][  0]LogTargetPlatformManager: Display: Loaded TargetPlatform 'Lumin'
[2023.04.13-15.13.42:058][  0]LogTargetPlatformManager: Display: Loaded TargetPlatform 'LuminClient'
[2023.04.13-15.13.42:129][  0]LogTargetPlatformManager: Display: Loaded TargetPlatform 'MacNoEditor'
[2023.04.13-15.13.42:196][  0]LogTargetPlatformManager: Display: Loaded TargetPlatform 'Mac'
[2023.04.13-15.13.42:227][  0]LogTargetPlatformManager: Display: Loaded TargetPlatform 'MacClient'
[2023.04.13-15.13.42:265][  0]LogTargetPlatformManager: Display: Loaded TargetPlatform 'MacServer'
[2023.04.13-15.13.42:287][  0]LogTargetPlatformManager: Display: Loaded TargetPlatform 'TVOSClient'
[2023.04.13-15.13.42:287][  0]LogTargetPlatformManager: Display: Loaded TargetPlatform 'TVOS'
[2023.04.13-15.13.42:336][  0]LogTargetPlatformManager: Display: Loaded TargetPlatform 'WindowsNoEditor'
[2023.04.13-15.13.42:354][  0]LogTargetPlatformManager: Display: Loaded TargetPlatform 'Windows'
[2023.04.13-15.13.42:399][  0]LogTargetPlatformManager: Display: Loaded TargetPlatform 'WindowsClient'
[2023.04.13-15.13.42:548][  0]LogTargetPlatformManager: Display: Loaded TargetPlatform 'WindowsServer'
[2023.04.13-15.13.42:548][  0]LogTargetPlatformManager: Display: Building Assets For Windows
[2023.04.13-15.13.42:820][  0]LogAudioDebug: Display: Lib vorbis DLL was dynamically loaded.
[2023.04.13-15.13.43:279][  0]LogWindows: Failed to load '../../../Engine/Binaries/ThirdParty/QualComm/Win64/TextureConverter.dll' (GetLastError=126)
[2023.04.13-15.13.43:280][  0]LogWindows:   Missing import: MSVCR100.dll
[2023.04.13-15.13.43:280][  0]LogWindows:   Missing import: MSVCP100.dll
[2023.04.13-15.13.43:280][  0]LogWindows:   Looked in: ../../../Engine/Binaries/Win64
[2023.04.13-15.13.43:280][  0]LogWindows:   Looked in: ../../../../GitHubProjects/Project__Alpha/Binaries/Win64
[2023.04.13-15.13.43:280][  0]LogWindows:   Looked in: D:\GitHubProjects\Project__Alpha\Binaries\Win64
[2023.04.13-15.13.43:280][  0]LogWindows:   Looked in: D:\UE_4.27\Engine\Plugins\Experimental\Water\Binaries\Win64
[2023.04.13-15.13.43:280][  0]LogWindows:   Looked in: D:\UE_4.27\Engine\Plugins\Experimental\Landmass\Binaries\Win64
[2023.04.13-15.13.43:280][  0]LogWindows:   Looked in: D:\UE_4.27\Engine\Plugins\FX\Niagara\Binaries\Win64
[2023.04.13-15.13.43:280][  0]LogWindows:   Looked in: D:\UE_4.27\Engine\Plugins\Experimental\GeometryProcessing\Binaries\Win64
[2023.04.13-15.13.43:280][  0]LogWindows:   Looked in: D:\UE_4.27\Engine\Plugins\Editor\BlueprintMaterialTextureNodes\Binaries\Win64
[2023.04.13-15.13.43:280][  0]LogWindows:   Looked in: D:\UE_4.27\Engine\Plugins\Experimental\PythonScriptPlugin\Binaries\Win64
[2023.04.13-15.13.43:280][  0]LogWindows:   Looked in: D:\UE_4.27\Engine\Plugins\Editor\ContentBrowser\ContentBrowserFileDataSource\Binaries\Win64
[2023.04.13-15.13.43:280][  0]LogWindows:   Looked in: D:\UE_4.27\Engine\Plugins\Experimental\ModelingToolsEditorMode\Binaries\Win64
[2023.04.13-15.13.43:280][  0]LogWindows:   Looked in: D:\UE_4.27\Engine\Plugins\Experimental\MeshModelingToolset\Binaries\Win64
[2023.04.13-15.13.43:280][  0]LogWindows:   Looked in: D:\UE_4.27\Engine\Plugins\Editor\StylusInput\Binaries\Win64
[2023.04.13-15.13.43:280][  0]LogWindows:   Looked in: D:\UE_4.27\Engine\Plugins\Experimental\ProxyLODPlugin\Binaries\Win64
[2023.04.13-15.13.43:280][  0]LogWindows:   Looked in: D:\UE_4.27\Engine\Plugins\Runtime\HairStrands\Binaries\Win64
[2023.04.13-15.13.43:280][  0]LogWindows:   Looked in: D:\UE_4.27\Engine\Plugins\Experimental\GeometryCache\Binaries\Win64
[2023.04.13-15.13.43:280][  0]LogWindows:   Looked in: D:\UE_4.27\Engine\Plugins\Runtime\ApexDestruction\Binaries\Win64
[2023.04.13-15.13.43:280][  0]LogWindows:   Looked in: D:\UE_4.27\Engine\Plugins\Marketplace\HttpGPT\Binaries\Win64
[2023.04.13-15.13.43:280][  0]LogWindows:   Looked in: D:\UE_4.27\Engine\Plugins\Experimental\GPULightmass\Binaries\Win64
[2023.04.13-15.13.43:280][  0]LogWindows:   Looked in: D:\UE_4.27\Engine\Plugins\MegascansPlugin\Binaries\Win64
[2023.04.13-15.13.43:280][  0]LogWindows:   Looked in: D:\UE_4.27\Engine\Plugins\Editor\EditorScriptingUtilities\Binaries\Win64
[2023.04.13-15.13.43:280][  0]LogWindows:   Looked in: D:\UE_4.27\Engine\Plugins\Experimental\AlembicImporter\Binaries\Win64
[2023.04.13-15.13.43:280][  0]LogWindows:   Looked in: D:\UE_4.27\Engine\Plugins\Runtime\Database\SQLiteSupport\Binaries\Win64
[2023.04.13-15.13.43:280][  0]LogWindows:   Looked in: D:\UE_4.27\Engine\Plugins\Runtime\Database\DatabaseSupport\Binaries\Win64
[2023.04.13-15.13.43:280][  0]LogWindows:   Looked in: D:\UE_4.27\Engine\Plugins\Runtime\Database\SQLiteCore\Binaries\Win64
[2023.04.13-15.13.43:280][  0]LogWindows:   Looked in: D:\UE_4.27\Engine\Plugins\MeshPainting\Binaries\Win64
[2023.04.13-15.13.43:280][  0]LogWindows:   Looked in: D:\UE_4.27\Engine\Plugins\XGEController\Binaries\Win64
[2023.04.13-15.13.43:280][  0]LogWindows:   Looked in: D:\UE_4.27\Engine\Plugins\AI\AISupport\Binaries\Win64
[2023.04.13-15.13.43:280][  0]LogWindows:   Looked in: D:\UE_4.27\Engine\Plugins\AI\EnvironmentQueryEditor\Binaries\Win64
[2023.04.13-15.13.43:280][  0]LogWindows:   Looked in: D:\UE_4.27\Engine\Plugins\Compression\OodleData\Binaries\Win64
[2023.04.13-15.13.43:280][  0]LogWindows:   Looked in: D:\UE_4.27\Engine\Plugins\Compression\OodleNetwork\Binaries\Win64
[2023.04.13-15.13.43:280][  0]LogWindows:   Looked in: D:\UE_4.27\Engine\Plugins\Blendables\LightPropagationVolume\Binaries\Win64
[2023.04.13-15.13.43:280][  0]LogWindows:   Looked in: D:\UE_4.27\Engine\Plugins\Cameras\CameraShakePreviewer\Binaries\Win64
[2023.04.13-15.13.43:280][  0]LogWindows:   Looked in: D:\UE_4.27\Engine\Plugins\Cameras\GameplayCameras\Binaries\Win64
[2023.04.13-15.13.43:280][  0]LogWindows:   Looked in: D:\UE_4.27\Engine\Plugins\MovieScene\TemplateSequence\Binaries\Win64
[2023.04.13-15.13.43:280][  0]LogWindows:   Looked in: D:\UE_4.27\Engine\Plugins\MovieScene\LevelSequenceEditor\Binaries\Win64
[2023.04.13-15.13.43:280][  0]LogWindows:   Looked in: D:\UE_4.27\Engine\Plugins\2D\Paper2D\Binaries\Win64
[2023.04.13-15.13.43:280][  0]LogWindows:   Looked in: D:\UE_4.27\Engine\Plugins\Experimental\AutomationUtils\Binaries\Win64
[2023.04.13-15.13.43:280][  0]LogWindows:   Looked in: D:\UE_4.27\Engine\Plugins\Tests\ScreenshotTools\Binaries\Win64
[2023.04.13-15.13.43:280][  0]LogWindows:   Looked in: D:\UE_4.27\Engine\Plugins\Portal\LauncherChunkInstaller\Binaries\Win64
[2023.04.13-15.13.43:280][  0]LogWindows:   Looked in: D:\UE_4.27\Engine\Plugins\Experimental\BackChannel\Binaries\Win64
[2023.04.13-15.13.43:280][  0]LogWindows:   Looked in: D:\UE_4.27\Engine\Plugins\Experimental\ChaosCloth\Binaries\Win64
[2023.04.13-15.13.43:280][  0]LogWindows:   Looked in: D:\UE_4.27\Engine\Plugins\Experimental\ChaosClothEditor\Binaries\Win64
[2023.04.13-15.13.43:280][  0]LogWindows:   Looked in: D:\UE_4.27\Engine\Plugins\Experimental\ChaosEditor\Binaries\Win64
[2023.04.13-15.13.43:280][  0]LogWindows:   Looked in: D:\UE_4.27\Engine\Plugins\Experimental\PlanarCutPlugin\Binaries\Win64
[2023.04.13-15.13.43:280][  0]LogWindows:   Looked in: D:\UE_4.27\Engine\Plugins\Runtime\EditableMesh\Binaries\Win64
[2023.04.13-15.13.43:280][  0]LogWindows:   Looked in: D:\UE_4.27\Engine\Plugins\Experimental\GeometryCollectionPlugin\Binaries\Win64
[2023.04.13-15.13.43:280][  0]LogWindows:   Looked in: D:\UE_4.27\Engine\Plugins\Runtime\ProceduralMeshComponent\Binaries\Win64
[2023.04.13-15.13.43:280][  0]LogWindows:   Looked in: D:\UE_4.27\Engine\Plugins\Experimental\ChaosSolverPlugin\Binaries\Win64
[2023.04.13-15.13.43:280][  0]LogWindows:   Looked in: D:\UE_4.27\Engine\Plugins\Experimental\CharacterAI\Binaries\Win64
[2023.04.13-15.13.43:280][  0]LogWindows:   Looked in: D:\UE_4.27\Engine\Plugins\Experimental\OpenImageDenoise\Binaries\Win64
[2023.04.13-15.13.43:280][  0]LogWindows:   Looked in: D:\UE_4.27\Engine\Plugins\Experimental\PlatformCrypto\Binaries\Win64
[2023.04.13-15.13.43:280][  0]LogWindows:   Looked in: D:\UE_4.27\Engine\Plugins\Experimental\MotoSynth\Binaries\Win64
[2023.04.13-15.13.43:280][  0]LogWindows:   Looked in: D:\UE_4.27\Engine\Plugins\Experimental\ChaosNiagara\Binaries\Win64
[2023.04.13-15.13.43:280][  0]LogWindows:   Looked in: D:\UE_4.27\Engine\Plugins\Runtime\ActorLayerUtilities\Binaries\Win64
[2023.04.13-15.13.43:280][  0]LogWindows:   Looked in: D:\UE_4.27\Engine\Plugins\Runtime\AndroidDeviceProfileSelector\Binaries\Win64
[2023.04.13-15.13.43:280][  0]LogWindows:   Looked in: D:\UE_4.27\Engine\Plugins\Runtime\AndroidPermission\Binaries\Win64
[2023.04.13-15.13.43:280][  0]LogWindows:   Looked in: D:\UE_4.27\Engine\Plugins\Runtime\AndroidMoviePlayer\Binaries\Win64
[2023.04.13-15.13.43:280][  0]LogWindows:   Looked in: D:\UE_4.27\Engine\Plugins\Runtime\AppleImageUtils\Binaries\Win64
[2023.04.13-15.13.43:280][  0]LogWindows:   Looked in: D:\UE_4.27\Engine\Plugins\Runtime\AppleMoviePlayer\Binaries\Win64
[2023.04.13-15.13.43:280][  0]LogWindows:   Looked in: D:\UE_4.27\Engine\Plugins\Runtime\ArchVisCharacter\Binaries\Win64
[2023.04.13-15.13.43:280][  0]LogWindows:   Looked in: D:\UE_4.27\Engine\Plugins\Runtime\AssetTags\Binaries\Win64
[2023.04.13-15.13.43:280][  0]LogWindows:   Looked in: D:\UE_4.27\Engine\Plugins\Runtime\AudioCapture\Binaries\Win64
[2023.04.13-15.13.43:280][  0]LogWindows:   Looked in: D:\UE_4.27\Engine\Plugins\Runtime\CableComponent\Binaries\Win64
[2023.04.13-15.13.43:280][  0]LogWindows:   Looked in: D:\UE_4.27\Engine\Plugins\Runtime\ChunkDownloader\Binaries\Win64
[2023.04.13-15.13.43:280][  0]LogWindows:   Looked in: D:\UE_4.27\Engine\Plugins\Runtime\CustomMeshComponent\Binaries\Win64
[2023.04.13-15.13.43:280][  0]LogWindows:   Looked in: D:\UE_4.27\Engine\Plugins\Runtime\ExampleDeviceProfileSelector\Binaries\Win64
[2023.04.13-15.13.43:280][  0]LogWindows:   Looked in: D:\UE_4.27\Engine\Plugins\Runtime\GoogleCloudMessaging\Binaries\Win64
[2023.04.13-15.13.43:280][  0]LogWindows:   Looked in: D:\UE_4.27\Engine\Plugins\Runtime\GooglePAD\Binaries\Win64
[2023.04.13-15.13.43:280][  0]LogWindows:   Looked in: D:\UE_4.27\Engine\Plugins\Runtime\IOSDeviceProfileSelector\Binaries\Win64
[2023.04.13-15.13.43:280][  0]LogWindows:   Looked in: D:\UE_4.27\Engine\Plugins\Runtime\LinuxDeviceProfileSelector\Binaries\Win64
[2023.04.13-15.13.43:280][  0]LogWindows:   Looked in: D:\UE_4.27\Engine\Plugins\Runtime\LocationServicesBPLibrary\Binaries\Win64
[2023.04.13-15.13.43:280][  0]LogWindows:   Looked in: D:\UE_4.27\Engine\Plugins\Experimental\SkeletalReduction\Binaries\Win64
[2023.04.13-15.13.43:280][  0]LogWindows:   Looked in: D:\UE_4.27\Engine\Plugins\Runtime\OpenXR\Binaries\Win64
[2023.04.13-15.13.43:280][  0]LogWindows:   Looked in: D:\UE_4.27\Engine\Plugins\Runtime\OpenXREyeTracker\Binaries\Win64
[2023.04.13-15.13.43:280][  0]LogWindows:   Looked in: D:\UE_4.27\Engine\Plugins\Runtime\OpenXRHandTracking\Binaries\Win64
[2023.04.13-15.13.43:280][  0]LogWindows:   Looked in: D:\UE_4.27\Engine\Plugins\Animation\LiveLink\Binaries\Win64
[2023.04.13-15.13.43:280][  0]LogWindows:   Looked in: D:\UE_4.27\Engine\Plugins\VirtualProduction\Takes\Binaries\Win64
[2023.04.13-15.13.43:280][  0]LogWindows:   Looked in: D:\UE_4.27\Engine\Plugins\Runtime\MobilePatchingUtils\Binaries\Win64
[2023.04.13-15.13.43:280][  0]LogWindows:   Looked in: D:\UE_4.27\Engine\Plugins\Runtime\PhysXVehicles\Binaries\Win64
[2023.04.13-15.13.43:280][  0]LogWindows:   Looked in: D:\UE_4.27\Engine\Plugins\Runtime\PostSplashScreen\Binaries\Win64
[2023.04.13-15.13.43:280][  0]LogWindows:   Looked in: D:\UE_4.27\Engine\Plugins\Runtime\PropertyAccess\Binaries\Win64
[2023.04.13-15.13.43:280][  0]LogWindows:   Looked in: D:\UE_4.27\Engine\Plugins\Runtime\RuntimePhysXCooking\Binaries\Win64
[2023.04.13-15.13.43:280][  0]LogWindows:   Looked in: D:\UE_4.27\Engine\Plugins\Runtime\SoundFields\Binaries\Win64
[2023.04.13-15.13.43:280][  0]LogWindows:   Looked in: D:\UE_4.27\Engine\Plugins\Runtime\WebMMoviePlayer\Binaries\Win64
[2023.04.13-15.13.43:280][  0]LogWindows:   Looked in: D:\UE_4.27\Engine\Plugins\Media\WebMMedia\Binaries\Win64
[2023.04.13-15.13.43:280][  0]LogWindows:   Looked in: D:\UE_4.27\Engine\Plugins\Runtime\WindowsMoviePlayer\Binaries\Win64
[2023.04.13-15.13.43:280][  0]LogWindows:   Looked in: D:\UE_4.27\Engine\Plugins\Runtime\Synthesis\Binaries\Win64
[2023.04.13-15.13.43:280][  0]LogWindows:   Looked in: D:\UE_4.27\Engine\Plugins\Runtime\AudioSynesthesia\Binaries\Win64
[2023.04.13-15.13.43:280][  0]LogWindows:   Looked in: D:\UE_4.27\Engine\Plugins\Online\OnlineSubsystem\Binaries\Win64
[2023.04.13-15.13.43:280][  0]LogWindows:   Looked in: D:\UE_4.27\Engine\Plugins\Messaging\UdpMessaging\Binaries\Win64
[2023.04.13-15.13.43:280][  0]LogWindows:   Looked in: D:\UE_4.27\Engine\Plugins\Messaging\TcpMessaging\Binaries\Win64
[2023.04.13-15.13.43:280][  0]LogWindows:   Looked in: D:\UE_4.27\Engine\Plugins\MovieScene\ActorSequence\Binaries\Win64
[2023.04.13-15.13.43:280][  0]LogWindows:   Looked in: D:\UE_4.27\Engine\Plugins\MovieScene\MatineeToLevelSequence\Binaries\Win64
[2023.04.13-15.13.43:280][  0]LogWindows:   Looked in: D:\UE_4.27\Engine\Plugins\Online\OnlineSubsystemNull\Binaries\Win64
[2023.04.13-15.13.43:280][  0]LogWindows:   Looked in: D:\UE_4.27\Engine\Plugins\Online\OnlineSubsystemUtils\Binaries\Win64
[2023.04.13-15.13.43:280][  0]LogWindows:   Looked in: D:\UE_4.27\Engine\Plugins\Developer\AnimationSharing\Binaries\Win64
[2023.04.13-15.13.43:280][  0]LogWindows:   Looked in: D:\UE_4.27\Engine\Plugins\Runtime\SignificanceManager\Binaries\Win64
[2023.04.13-15.13.43:280][  0]LogWindows:   Looked in: D:\UE_4.27\Engine\Plugins\Developer\CLionSourceCodeAccess\Binaries\Win64
[2023.04.13-15.13.43:280][  0]LogWindows:   Looked in: D:\UE_4.27\Engine\Plugins\Developer\PerforceSourceControl\Binaries\Win64
[2023.04.13-15.13.43:280][  0]LogWindows:   Looked in: D:\UE_4.27\Engine\Plugins\Developer\NullSourceCodeAccess\Binaries\Win64
[2023.04.13-15.13.43:281][  0]LogWindows:   Looked in: D:\UE_4.27\Engine\Plugins\Developer\GitSourceControl\Binaries\Win64
[2023.04.13-15.13.43:281][  0]LogWindows:   Looked in: D:\UE_4.27\Engine\Plugins\Developer\CodeLiteSourceCodeAccess\Binaries\Win64
[2023.04.13-15.13.43:281][  0]LogWindows:   Looked in: D:\UE_4.27\Engine\Plugins\Developer\KDevelopSourceCodeAccess\Binaries\Win64
[2023.04.13-15.13.43:281][  0]LogWindows:   Looked in: D:\UE_4.27\Engine\Plugins\Developer\UObjectPlugin\Binaries\Win64
[2023.04.13-15.13.43:281][  0]LogWindows:   Looked in: D:\UE_4.27\Engine\Plugins\Developer\VisualStudioCodeSourceCodeAccess\Binaries\Win64
[2023.04.13-15.13.43:281][  0]LogWindows:   Looked in: D:\UE_4.27\Engine\Plugins\Developer\VisualStudioSourceCodeAccess\Binaries\Win64
[2023.04.13-15.13.43:281][  0]LogWindows:   Looked in: D:\UE_4.27\Engine\Plugins\Developer\XCodeSourceCodeAccess\Binaries\Win64
[2023.04.13-15.13.43:281][  0]LogWindows:   Looked in: D:\UE_4.27\Engine\Plugins\Developer\PixWinPlugin\Binaries\Win64
[2023.04.13-15.13.43:281][  0]LogWindows:   Looked in: D:\UE_4.27\Engine\Plugins\Developer\PlasticSourceControl\Binaries\Win64
[2023.04.13-15.13.43:281][  0]LogWindows:   Looked in: D:\UE_4.27\Engine\Plugins\Developer\RiderSourceCodeAccess\Binaries\Win64
[2023.04.13-15.13.43:281][  0]LogWindows:   Looked in: D:\UE_4.27\Engine\Plugins\Developer\PropertyAccessNode\Binaries\Win64
[2023.04.13-15.13.43:281][  0]LogWindows:   Looked in: D:\UE_4.27\Engine\Plugins\Developer\PluginUtils\Binaries\Win64
[2023.04.13-15.13.43:281][  0]LogWindows:   Looked in: D:\UE_4.27\Engine\Plugins\Developer\SubversionSourceControl\Binaries\Win64
[2023.04.13-15.13.43:281][  0]LogWindows:   Looked in: D:\UE_4.27\Engine\Plugins\Developer\TextureFormatOodle\Binaries\Win64
[2023.04.13-15.13.43:281][  0]LogWindows:   Looked in: D:\UE_4.27\Engine\Plugins\Enterprise\DatasmithContent\Binaries\Win64
[2023.04.13-15.13.43:281][  0]LogWindows:   Looked in: D:\UE_4.27\Engine\Plugins\Enterprise\VariantManagerContent\Binaries\Win64
[2023.04.13-15.13.43:281][  0]LogWindows:   Looked in: D:\UE_4.27\Engine\Plugins\Lumin\LuminPlatformFeatures\Binaries\Win64
[2023.04.13-15.13.43:281][  0]LogWindows:   Looked in: D:\UE_4.27\Engine\Plugins\Lumin\MLSDK\Binaries\Win64
[2023.04.13-15.13.43:281][  0]LogWindows:   Looked in: D:\UE_4.27\Engine\Plugins\Lumin\MagicLeap\Binaries\Win64
[2023.04.13-15.13.43:281][  0]LogWindows:   Looked in: D:\UE_4.27\Engine\Plugins\Lumin\MagicLeapPassableWorld\Binaries\Win64
[2023.04.13-15.13.43:281][  0]LogWindows:   Looked in: D:\UE_4.27\Engine\Plugins\Lumin\MagicLeapLightEstimation\Binaries\Win64
[2023.04.13-15.13.43:281][  0]LogWindows:   Looked in: D:\UE_4.27\Engine\Plugins\Lumin\MagicLeapMedia\Binaries\Win64
[2023.04.13-15.13.43:281][  0]LogWindows:   Looked in: D:\UE_4.27\Engine\Plugins\Media\AndroidMedia\Binaries\Win64
[2023.04.13-15.13.43:281][  0]LogWindows:   Looked in: D:\UE_4.27\Engine\Plugins\Media\AvfMedia\Binaries\Win64
[2023.04.13-15.13.43:281][  0]LogWindows:   Looked in: D:\UE_4.27\Engine\Plugins\Media\ImgMedia\Binaries\Win64
[2023.04.13-15.13.43:281][  0]LogWindows:   Looked in: D:\UE_4.27\Engine\Plugins\Media\MediaCompositing\Binaries\Win64
[2023.04.13-15.13.43:281][  0]LogWindows:   Looked in: D:\UE_4.27\Engine\Plugins\Media\MediaPlayerEditor\Binaries\Win64
[2023.04.13-15.13.43:281][  0]LogWindows:   Looked in: D:\UE_4.27\Engine\Plugins\Editor\AssetManagerEditor\Binaries\Win64
[2023.04.13-15.13.43:281][  0]LogWindows:   Looked in: D:\UE_4.27\Engine\Plugins\Media\WmfMedia\Binaries\Win64
[2023.04.13-15.13.43:281][  0]LogWindows:   Looked in: D:\UE_4.27\Engine\Plugins\Editor\CryptoKeys\Binaries\Win64
[2023.04.13-15.13.43:281][  0]LogWindows:   Looked in: D:\UE_4.27\Engine\Plugins\Editor\CurveEditorTools\Binaries\Win64
[2023.04.13-15.13.43:281][  0]LogWindows:   Looked in: D:\UE_4.27\Engine\Plugins\Editor\DataValidation\Binaries\Win64
[2023.04.13-15.13.43:281][  0]LogWindows:   Looked in: D:\UE_4.27\Engine\Plugins\Editor\FacialAnimation\Binaries\Win64
[2023.04.13-15.13.43:281][  0]LogWindows:   Looked in: D:\UE_4.27\Engine\Plugins\Editor\GameplayTagsEditor\Binaries\Win64
[2023.04.13-15.13.43:281][  0]LogWindows:   Looked in: D:\UE_4.27\Engine\Plugins\Editor\GeometryMode\Binaries\Win64
[2023.04.13-15.13.43:281][  0]LogWindows:   Looked in: D:\UE_4.27\Engine\Plugins\Editor\MacGraphicsSwitching\Binaries\Win64
[2023.04.13-15.13.43:281][  0]LogWindows:   Looked in: D:\UE_4.27\Engine\Plugins\Editor\MaterialAnalyzer\Binaries\Win64
[2023.04.13-15.13.43:281][  0]LogWindows:   Looked in: D:\UE_4.27\Engine\Plugins\Editor\MobileLauncherProfileWizard\Binaries\Win64
[2023.04.13-15.13.43:281][  0]LogWindows:   Looked in: D:\UE_4.27\Engine\Plugins\Editor\SpeedTreeImporter\Binaries\Win64
[2023.04.13-15.13.43:281][  0]LogWindows:   Looked in: D:\UE_4.27\Engine\Plugins\Editor\PluginBrowser\Binaries\Win64
[2023.04.13-15.13.43:281][  0]LogWindows:   Looked in: D:\UE_4.27\Engine\Plugins\Runtime\Oculus\OculusVR\Binaries\Win64
[2023.04.13-15.13.43:281][  0]LogWindows:   Looked in: D:\UE_4.27\Engine\Plugins\Runtime\Steam\SteamVR\Binaries\Win64
[2023.04.13-15.13.43:281][  0]LogWindows:   Looked in: D:\UE_4.27\Engine\Plugins\Online\Android\OnlineSubsystemGooglePlay\Binaries\Win64
[2023.04.13-15.13.43:281][  0]LogWindows:   Looked in: D:\UE_4.27\Engine\Plugins\Online\IOS\OnlineSubsystemIOS\Binaries\Win64
[2023.04.13-15.13.43:281][  0]LogWindows:   Looked in: D:\UE_4.27\Engine\Plugins\Editor\ContentBrowser\ContentBrowserAssetDataSource\Binaries\Win64
[2023.04.13-15.13.43:281][  0]LogWindows:   Looked in: D:\UE_4.27\Engine\Plugins\Editor\ContentBrowser\ContentBrowserClassDataSource\Binaries\Win64
[2023.04.13-15.13.43:281][  0]LogWindows:   Looked in: D:\UE_4.27\Engine\Binaries\Win64\(Path="")\lib\win64
[2023.04.13-15.13.43:281][  0]LogWindows:   Looked in: D:\UE_4.27\Engine\Binaries\Win64\Android
[2023.04.13-15.13.43:281][  0]LogWindows:   Looked in: D:\UE_4.27\Engine\Binaries\Win64\IOS
[2023.04.13-15.13.43:281][  0]LogWindows:   Looked in: D:\UE_4.27\Engine\Binaries\Win64\Linux
[2023.04.13-15.13.43:281][  0]LogWindows:   Looked in: D:\UE_4.27\Engine\Binaries\Win64\Lumin
[2023.04.13-15.13.43:284][  0]LogWindows: Failed to load '../../../Engine/Binaries/ThirdParty/QualComm/Win64/TextureConverter.dll' (GetLastError=126)
[2023.04.13-15.13.43:284][  0]LogWindows:   Missing import: MSVCR100.dll
[2023.04.13-15.13.43:284][  0]LogWindows:   Missing import: MSVCP100.dll
[2023.04.13-15.13.43:284][  0]LogWindows:   Looked in: ../../../Engine/Binaries/Win64
[2023.04.13-15.13.43:284][  0]LogWindows:   Looked in: ../../../../GitHubProjects/Project__Alpha/Binaries/Win64
[2023.04.13-15.13.43:284][  0]LogWindows:   Looked in: D:\GitHubProjects\Project__Alpha\Binaries\Win64
[2023.04.13-15.13.43:284][  0]LogWindows:   Looked in: D:\UE_4.27\Engine\Plugins\Experimental\Water\Binaries\Win64
[2023.04.13-15.13.43:284][  0]LogWindows:   Looked in: D:\UE_4.27\Engine\Plugins\Experimental\Landmass\Binaries\Win64
[2023.04.13-15.13.43:284][  0]LogWindows:   Looked in: D:\UE_4.27\Engine\Plugins\FX\Niagara\Binaries\Win64
[2023.04.13-15.13.43:284][  0]LogWindows:   Looked in: D:\UE_4.27\Engine\Plugins\Experimental\GeometryProcessing\Binaries\Win64
[2023.04.13-15.13.43:284][  0]LogWindows:   Looked in: D:\UE_4.27\Engine\Plugins\Editor\BlueprintMaterialTextureNodes\Binaries\Win64
[2023.04.13-15.13.43:284][  0]LogWindows:   Looked in: D:\UE_4.27\Engine\Plugins\Experimental\PythonScriptPlugin\Binaries\Win64
[2023.04.13-15.13.43:284][  0]LogWindows:   Looked in: D:\UE_4.27\Engine\Plugins\Editor\ContentBrowser\ContentBrowserFileDataSource\Binaries\Win64
[2023.04.13-15.13.43:284][  0]LogWindows:   Looked in: D:\UE_4.27\Engine\Plugins\Experimental\ModelingToolsEditorMode\Binaries\Win64
[2023.04.13-15.13.43:284][  0]LogWindows:   Looked in: D:\UE_4.27\Engine\Plugins\Experimental\MeshModelingToolset\Binaries\Win64
[2023.04.13-15.13.43:284][  0]LogWindows:   Looked in: D:\UE_4.27\Engine\Plugins\Editor\StylusInput\Binaries\Win64
[2023.04.13-15.13.43:284][  0]LogWindows:   Looked in: D:\UE_4.27\Engine\Plugins\Experimental\ProxyLODPlugin\Binaries\Win64
[2023.04.13-15.13.43:284][  0]LogWindows:   Looked in: D:\UE_4.27\Engine\Plugins\Runtime\HairStrands\Binaries\Win64
[2023.04.13-15.13.43:284][  0]LogWindows:   Looked in: D:\UE_4.27\Engine\Plugins\Experimental\GeometryCache\Binaries\Win64
[2023.04.13-15.13.43:284][  0]LogWindows:   Looked in: D:\UE_4.27\Engine\Plugins\Runtime\ApexDestruction\Binaries\Win64
[2023.04.13-15.13.43:284][  0]LogWindows:   Looked in: D:\UE_4.27\Engine\Plugins\Marketplace\HttpGPT\Binaries\Win64
[2023.04.13-15.13.43:284][  0]LogWindows:   Looked in: D:\UE_4.27\Engine\Plugins\Experimental\GPULightmass\Binaries\Win64
[2023.04.13-15.13.43:284][  0]LogWindows:   Looked in: D:\UE_4.27\Engine\Plugins\MegascansPlugin\Binaries\Win64
[2023.04.13-15.13.43:284][  0]LogWindows:   Looked in: D:\UE_4.27\Engine\Plugins\Editor\EditorScriptingUtilities\Binaries\Win64
[2023.04.13-15.13.43:284][  0]LogWindows:   Looked in: D:\UE_4.27\Engine\Plugins\Experimental\AlembicImporter\Binaries\Win64
[2023.04.13-15.13.43:284][  0]LogWindows:   Looked in: D:\UE_4.27\Engine\Plugins\Runtime\Database\SQLiteSupport\Binaries\Win64
[2023.04.13-15.13.43:284][  0]LogWindows:   Looked in: D:\UE_4.27\Engine\Plugins\Runtime\Database\DatabaseSupport\Binaries\Win64
[2023.04.13-15.13.43:284][  0]LogWindows:   Looked in: D:\UE_4.27\Engine\Plugins\Runtime\Database\SQLiteCore\Binaries\Win64
[2023.04.13-15.13.43:284][  0]LogWindows:   Looked in: D:\UE_4.27\Engine\Plugins\MeshPainting\Binaries\Win64
[2023.04.13-15.13.43:284][  0]LogWindows:   Looked in: D:\UE_4.27\Engine\Plugins\XGEController\Binaries\Win64
[2023.04.13-15.13.43:284][  0]LogWindows:   Looked in: D:\UE_4.27\Engine\Plugins\AI\AISupport\Binaries\Win64
[2023.04.13-15.13.43:284][  0]LogWindows:   Looked in: D:\UE_4.27\Engine\Plugins\AI\EnvironmentQueryEditor\Binaries\Win64
[2023.04.13-15.13.43:284][  0]LogWindows:   Looked in: D:\UE_4.27\Engine\Plugins\Compression\OodleData\Binaries\Win64
[2023.04.13-15.13.43:284][  0]LogWindows:   Looked in: D:\UE_4.27\Engine\Plugins\Compression\OodleNetwork\Binaries\Win64
[2023.04.13-15.13.43:284][  0]LogWindows:   Looked in: D:\UE_4.27\Engine\Plugins\Blendables\LightPropagationVolume\Binaries\Win64
[2023.04.13-15.13.43:284][  0]LogWindows:   Looked in: D:\UE_4.27\Engine\Plugins\Cameras\CameraShakePreviewer\Binaries\Win64
[2023.04.13-15.13.43:284][  0]LogWindows:   Looked in: D:\UE_4.27\Engine\Plugins\Cameras\GameplayCameras\Binaries\Win64
[2023.04.13-15.13.43:284][  0]LogWindows:   Looked in: D:\UE_4.27\Engine\Plugins\MovieScene\TemplateSequence\Binaries\Win64
[2023.04.13-15.13.43:284][  0]LogWindows:   Looked in: D:\UE_4.27\Engine\Plugins\MovieScene\LevelSequenceEditor\Binaries\Win64
[2023.04.13-15.13.43:284][  0]LogWindows:   Looked in: D:\UE_4.27\Engine\Plugins\2D\Paper2D\Binaries\Win64
[2023.04.13-15.13.43:284][  0]LogWindows:   Looked in: D:\UE_4.27\Engine\Plugins\Experimental\AutomationUtils\Binaries\Win64
[2023.04.13-15.13.43:284][  0]LogWindows:   Looked in: D:\UE_4.27\Engine\Plugins\Tests\ScreenshotTools\Binaries\Win64
[2023.04.13-15.13.43:285][  0]LogWindows:   Looked in: D:\UE_4.27\Engine\Plugins\Portal\LauncherChunkInstaller\Binaries\Win64
[2023.04.13-15.13.43:285][  0]LogWindows:   Looked in: D:\UE_4.27\Engine\Plugins\Experimental\BackChannel\Binaries\Win64
[2023.04.13-15.13.43:285][  0]LogWindows:   Looked in: D:\UE_4.27\Engine\Plugins\Experimental\ChaosCloth\Binaries\Win64
[2023.04.13-15.13.43:285][  0]LogWindows:   Looked in: D:\UE_4.27\Engine\Plugins\Experimental\ChaosClothEditor\Binaries\Win64
[2023.04.13-15.13.43:285][  0]LogWindows:   Looked in: D:\UE_4.27\Engine\Plugins\Experimental\ChaosEditor\Binaries\Win64
[2023.04.13-15.13.43:285][  0]LogWindows:   Looked in: D:\UE_4.27\Engine\Plugins\Experimental\PlanarCutPlugin\Binaries\Win64
[2023.04.13-15.13.43:285][  0]LogWindows:   Looked in: D:\UE_4.27\Engine\Plugins\Runtime\EditableMesh\Binaries\Win64
[2023.04.13-15.13.43:285][  0]LogWindows:   Looked in: D:\UE_4.27\Engine\Plugins\Experimental\GeometryCollectionPlugin\Binaries\Win64
[2023.04.13-15.13.43:285][  0]LogWindows:   Looked in: D:\UE_4.27\Engine\Plugins\Runtime\ProceduralMeshComponent\Binaries\Win64
[2023.04.13-15.13.43:285][  0]LogWindows:   Looked in: D:\UE_4.27\Engine\Plugins\Experimental\ChaosSolverPlugin\Binaries\Win64
[2023.04.13-15.13.43:285][  0]LogWindows:   Looked in: D:\UE_4.27\Engine\Plugins\Experimental\CharacterAI\Binaries\Win64
[2023.04.13-15.13.43:285][  0]LogWindows:   Looked in: D:\UE_4.27\Engine\Plugins\Experimental\OpenImageDenoise\Binaries\Win64
[2023.04.13-15.13.43:285][  0]LogWindows:   Looked in: D:\UE_4.27\Engine\Plugins\Experimental\PlatformCrypto\Binaries\Win64
[2023.04.13-15.13.43:285][  0]LogWindows:   Looked in: D:\UE_4.27\Engine\Plugins\Experimental\MotoSynth\Binaries\Win64
[2023.04.13-15.13.43:285][  0]LogWindows:   Looked in: D:\UE_4.27\Engine\Plugins\Experimental\ChaosNiagara\Binaries\Win64
[2023.04.13-15.13.43:285][  0]LogWindows:   Looked in: D:\UE_4.27\Engine\Plugins\Runtime\ActorLayerUtilities\Binaries\Win64
[2023.04.13-15.13.43:285][  0]LogWindows:   Looked in: D:\UE_4.27\Engine\Plugins\Runtime\AndroidDeviceProfileSelector\Binaries\Win64
[2023.04.13-15.13.43:285][  0]LogWindows:   Looked in: D:\UE_4.27\Engine\Plugins\Runtime\AndroidPermission\Binaries\Win64
[2023.04.13-15.13.43:285][  0]LogWindows:   Looked in: D:\UE_4.27\Engine\Plugins\Runtime\AndroidMoviePlayer\Binaries\Win64
[2023.04.13-15.13.43:285][  0]LogWindows:   Looked in: D:\UE_4.27\Engine\Plugins\Runtime\AppleImageUtils\Binaries\Win64
[2023.04.13-15.13.43:285][  0]LogWindows:   Looked in: D:\UE_4.27\Engine\Plugins\Runtime\AppleMoviePlayer\Binaries\Win64
[2023.04.13-15.13.43:285][  0]LogWindows:   Looked in: D:\UE_4.27\Engine\Plugins\Runtime\ArchVisCharacter\Binaries\Win64
[2023.04.13-15.13.43:285][  0]LogWindows:   Looked in: D:\UE_4.27\Engine\Plugins\Runtime\AssetTags\Binaries\Win64
[2023.04.13-15.13.43:285][  0]LogWindows:   Looked in: D:\UE_4.27\Engine\Plugins\Runtime\AudioCapture\Binaries\Win64
[2023.04.13-15.13.43:285][  0]LogWindows:   Looked in: D:\UE_4.27\Engine\Plugins\Runtime\CableComponent\Binaries\Win64
[2023.04.13-15.13.43:285][  0]LogWindows:   Looked in: D:\UE_4.27\Engine\Plugins\Runtime\ChunkDownloader\Binaries\Win64
[2023.04.13-15.13.43:285][  0]LogWindows:   Looked in: D:\UE_4.27\Engine\Plugins\Runtime\CustomMeshComponent\Binaries\Win64
[2023.04.13-15.13.43:285][  0]LogWindows:   Looked in: D:\UE_4.27\Engine\Plugins\Runtime\ExampleDeviceProfileSelector\Binaries\Win64
[2023.04.13-15.13.43:285][  0]LogWindows:   Looked in: D:\UE_4.27\Engine\Plugins\Runtime\GoogleCloudMessaging\Binaries\Win64
[2023.04.13-15.13.43:285][  0]LogWindows:   Looked in: D:\UE_4.27\Engine\Plugins\Runtime\GooglePAD\Binaries\Win64
[2023.04.13-15.13.43:285][  0]LogWindows:   Looked in: D:\UE_4.27\Engine\Plugins\Runtime\IOSDeviceProfileSelector\Binaries\Win64
[2023.04.13-15.13.43:285][  0]LogWindows:   Looked in: D:\UE_4.27\Engine\Plugins\Runtime\LinuxDeviceProfileSelector\Binaries\Win64
[2023.04.13-15.13.43:285][  0]LogWindows:   Looked in: D:\UE_4.27\Engine\Plugins\Runtime\LocationServicesBPLibrary\Binaries\Win64
[2023.04.13-15.13.43:285][  0]LogWindows:   Looked in: D:\UE_4.27\Engine\Plugins\Experimental\SkeletalReduction\Binaries\Win64
[2023.04.13-15.13.43:285][  0]LogWindows:   Looked in: D:\UE_4.27\Engine\Plugins\Runtime\OpenXR\Binaries\Win64
[2023.04.13-15.13.43:285][  0]LogWindows:   Looked in: D:\UE_4.27\Engine\Plugins\Runtime\OpenXREyeTracker\Binaries\Win64
[2023.04.13-15.13.43:285][  0]LogWindows:   Looked in: D:\UE_4.27\Engine\Plugins\Runtime\OpenXRHandTracking\Binaries\Win64
[2023.04.13-15.13.43:285][  0]LogWindows:   Looked in: D:\UE_4.27\Engine\Plugins\Animation\LiveLink\Binaries\Win64
[2023.04.13-15.13.43:285][  0]LogWindows:   Looked in: D:\UE_4.27\Engine\Plugins\VirtualProduction\Takes\Binaries\Win64
[2023.04.13-15.13.43:285][  0]LogWindows:   Looked in: D:\UE_4.27\Engine\Plugins\Runtime\MobilePatchingUtils\Binaries\Win64
[2023.04.13-15.13.43:285][  0]LogWindows:   Looked in: D:\UE_4.27\Engine\Plugins\Runtime\PhysXVehicles\Binaries\Win64
[2023.04.13-15.13.43:285][  0]LogWindows:   Looked in: D:\UE_4.27\Engine\Plugins\Runtime\PostSplashScreen\Binaries\Win64
[2023.04.13-15.13.43:285][  0]LogWindows:   Looked in: D:\UE_4.27\Engine\Plugins\Runtime\PropertyAccess\Binaries\Win64
[2023.04.13-15.13.43:285][  0]LogWindows:   Looked in: D:\UE_4.27\Engine\Plugins\Runtime\RuntimePhysXCooking\Binaries\Win64
[2023.04.13-15.13.43:285][  0]LogWindows:   Looked in: D:\UE_4.27\Engine\Plugins\Runtime\SoundFields\Binaries\Win64
[2023.04.13-15.13.43:285][  0]LogWindows:   Looked in: D:\UE_4.27\Engine\Plugins\Runtime\WebMMoviePlayer\Binaries\Win64
[2023.04.13-15.13.43:285][  0]LogWindows:   Looked in: D:\UE_4.27\Engine\Plugins\Media\WebMMedia\Binaries\Win64
[2023.04.13-15.13.43:285][  0]LogWindows:   Looked in: D:\UE_4.27\Engine\Plugins\Runtime\WindowsMoviePlayer\Binaries\Win64
[2023.04.13-15.13.43:285][  0]LogWindows:   Looked in: D:\UE_4.27\Engine\Plugins\Runtime\Synthesis\Binaries\Win64
[2023.04.13-15.13.43:285][  0]LogWindows:   Looked in: D:\UE_4.27\Engine\Plugins\Runtime\AudioSynesthesia\Binaries\Win64
[2023.04.13-15.13.43:285][  0]LogWindows:   Looked in: D:\UE_4.27\Engine\Plugins\Online\OnlineSubsystem\Binaries\Win64
[2023.04.13-15.13.43:285][  0]LogWindows:   Looked in: D:\UE_4.27\Engine\Plugins\Messaging\UdpMessaging\Binaries\Win64
[2023.04.13-15.13.43:285][  0]LogWindows:   Looked in: D:\UE_4.27\Engine\Plugins\Messaging\TcpMessaging\Binaries\Win64
[2023.04.13-15.13.43:285][  0]LogWindows:   Looked in: D:\UE_4.27\Engine\Plugins\MovieScene\ActorSequence\Binaries\Win64
[2023.04.13-15.13.43:285][  0]LogWindows:   Looked in: D:\UE_4.27\Engine\Plugins\MovieScene\MatineeToLevelSequence\Binaries\Win64
[2023.04.13-15.13.43:285][  0]LogWindows:   Looked in: D:\UE_4.27\Engine\Plugins\Online\OnlineSubsystemNull\Binaries\Win64
[2023.04.13-15.13.43:285][  0]LogWindows:   Looked in: D:\UE_4.27\Engine\Plugins\Online\OnlineSubsystemUtils\Binaries\Win64
[2023.04.13-15.13.43:285][  0]LogWindows:   Looked in: D:\UE_4.27\Engine\Plugins\Developer\AnimationSharing\Binaries\Win64
[2023.04.13-15.13.43:285][  0]LogWindows:   Looked in: D:\UE_4.27\Engine\Plugins\Runtime\SignificanceManager\Binaries\Win64
[2023.04.13-15.13.43:285][  0]LogWindows:   Looked in: D:\UE_4.27\Engine\Plugins\Developer\CLionSourceCodeAccess\Binaries\Win64
[2023.04.13-15.13.43:285][  0]LogWindows:   Looked in: D:\UE_4.27\Engine\Plugins\Developer\PerforceSourceControl\Binaries\Win64
[2023.04.13-15.13.43:285][  0]LogWindows:   Looked in: D:\UE_4.27\Engine\Plugins\Developer\NullSourceCodeAccess\Binaries\Win64
[2023.04.13-15.13.43:285][  0]LogWindows:   Looked in: D:\UE_4.27\Engine\Plugins\Developer\GitSourceControl\Binaries\Win64
[2023.04.13-15.13.43:285][  0]LogWindows:   Looked in: D:\UE_4.27\Engine\Plugins\Developer\CodeLiteSourceCodeAccess\Binaries\Win64
[2023.04.13-15.13.43:285][  0]LogWindows:   Looked in: D:\UE_4.27\Engine\Plugins\Developer\KDevelopSourceCodeAccess\Binaries\Win64
[2023.04.13-15.13.43:285][  0]LogWindows:   Looked in: D:\UE_4.27\Engine\Plugins\Developer\UObjectPlugin\Binaries\Win64
[2023.04.13-15.13.43:285][  0]LogWindows:   Looked in: D:\UE_4.27\Engine\Plugins\Developer\VisualStudioCodeSourceCodeAccess\Binaries\Win64
[2023.04.13-15.13.43:285][  0]LogWindows:   Looked in: D:\UE_4.27\Engine\Plugins\Developer\VisualStudioSourceCodeAccess\Binaries\Win64
[2023.04.13-15.13.43:285][  0]LogWindows:   Looked in: D:\UE_4.27\Engine\Plugins\Developer\XCodeSourceCodeAccess\Binaries\Win64
[2023.04.13-15.13.43:285][  0]LogWindows:   Looked in: D:\UE_4.27\Engine\Plugins\Developer\PixWinPlugin\Binaries\Win64
[2023.04.13-15.13.43:285][  0]LogWindows:   Looked in: D:\UE_4.27\Engine\Plugins\Developer\PlasticSourceControl\Binaries\Win64
[2023.04.13-15.13.43:285][  0]LogWindows:   Looked in: D:\UE_4.27\Engine\Plugins\Developer\RiderSourceCodeAccess\Binaries\Win64
[2023.04.13-15.13.43:285][  0]LogWindows:   Looked in: D:\UE_4.27\Engine\Plugins\Developer\PropertyAccessNode\Binaries\Win64
[2023.04.13-15.13.43:285][  0]LogWindows:   Looked in: D:\UE_4.27\Engine\Plugins\Developer\PluginUtils\Binaries\Win64
[2023.04.13-15.13.43:285][  0]LogWindows:   Looked in: D:\UE_4.27\Engine\Plugins\Developer\SubversionSourceControl\Binaries\Win64
[2023.04.13-15.13.43:285][  0]LogWindows:   Looked in: D:\UE_4.27\Engine\Plugins\Developer\TextureFormatOodle\Binaries\Win64
[2023.04.13-15.13.43:285][  0]LogWindows:   Looked in: D:\UE_4.27\Engine\Plugins\Enterprise\DatasmithContent\Binaries\Win64
[2023.04.13-15.13.43:285][  0]LogWindows:   Looked in: D:\UE_4.27\Engine\Plugins\Enterprise\VariantManagerContent\Binaries\Win64
[2023.04.13-15.13.43:285][  0]LogWindows:   Looked in: D:\UE_4.27\Engine\Plugins\Lumin\LuminPlatformFeatures\Binaries\Win64
[2023.04.13-15.13.43:285][  0]LogWindows:   Looked in: D:\UE_4.27\Engine\Plugins\Lumin\MLSDK\Binaries\Win64
[2023.04.13-15.13.43:285][  0]LogWindows:   Looked in: D:\UE_4.27\Engine\Plugins\Lumin\MagicLeap\Binaries\Win64
[2023.04.13-15.13.43:285][  0]LogWindows:   Looked in: D:\UE_4.27\Engine\Plugins\Lumin\MagicLeapPassableWorld\Binaries\Win64
[2023.04.13-15.13.43:285][  0]LogWindows:   Looked in: D:\UE_4.27\Engine\Plugins\Lumin\MagicLeapLightEstimation\Binaries\Win64
[2023.04.13-15.13.43:285][  0]LogWindows:   Looked in: D:\UE_4.27\Engine\Plugins\Lumin\MagicLeapMedia\Binaries\Win64
[2023.04.13-15.13.43:285][  0]LogWindows:   Looked in: D:\UE_4.27\Engine\Plugins\Media\AndroidMedia\Binaries\Win64
[2023.04.13-15.13.43:285][  0]LogWindows:   Looked in: D:\UE_4.27\Engine\Plugins\Media\AvfMedia\Binaries\Win64
[2023.04.13-15.13.43:285][  0]LogWindows:   Looked in: D:\UE_4.27\Engine\Plugins\Media\ImgMedia\Binaries\Win64
[2023.04.13-15.13.43:285][  0]LogWindows:   Looked in: D:\UE_4.27\Engine\Plugins\Media\MediaCompositing\Binaries\Win64
[2023.04.13-15.13.43:285][  0]LogWindows:   Looked in: D:\UE_4.27\Engine\Plugins\Media\MediaPlayerEditor\Binaries\Win64
[2023.04.13-15.13.43:285][  0]LogWindows:   Looked in: D:\UE_4.27\Engine\Plugins\Editor\AssetManagerEditor\Binaries\Win64
[2023.04.13-15.13.43:285][  0]LogWindows:   Looked in: D:\UE_4.27\Engine\Plugins\Media\WmfMedia\Binaries\Win64
[2023.04.13-15.13.43:285][  0]LogWindows:   Looked in: D:\UE_4.27\Engine\Plugins\Editor\CryptoKeys\Binaries\Win64
[2023.04.13-15.13.43:285][  0]LogWindows:   Looked in: D:\UE_4.27\Engine\Plugins\Editor\CurveEditorTools\Binaries\Win64
[2023.04.13-15.13.43:285][  0]LogWindows:   Looked in: D:\UE_4.27\Engine\Plugins\Editor\DataValidation\Binaries\Win64
[2023.04.13-15.13.43:285][  0]LogWindows:   Looked in: D:\UE_4.27\Engine\Plugins\Editor\FacialAnimation\Binaries\Win64
[2023.04.13-15.13.43:285][  0]LogWindows:   Looked in: D:\UE_4.27\Engine\Plugins\Editor\GameplayTagsEditor\Binaries\Win64
[2023.04.13-15.13.43:285][  0]LogWindows:   Looked in: D:\UE_4.27\Engine\Plugins\Editor\GeometryMode\Binaries\Win64
[2023.04.13-15.13.43:285][  0]LogWindows:   Looked in: D:\UE_4.27\Engine\Plugins\Editor\MacGraphicsSwitching\Binaries\Win64
[2023.04.13-15.13.43:285][  0]LogWindows:   Looked in: D:\UE_4.27\Engine\Plugins\Editor\MaterialAnalyzer\Binaries\Win64
[2023.04.13-15.13.43:285][  0]LogWindows:   Looked in: D:\UE_4.27\Engine\Plugins\Editor\MobileLauncherProfileWizard\Binaries\Win64
[2023.04.13-15.13.43:285][  0]LogWindows:   Looked in: D:\UE_4.27\Engine\Plugins\Editor\SpeedTreeImporter\Binaries\Win64
[2023.04.13-15.13.43:285][  0]LogWindows:   Looked in: D:\UE_4.27\Engine\Plugins\Editor\PluginBrowser\Binaries\Win64
[2023.04.13-15.13.43:285][  0]LogWindows:   Looked in: D:\UE_4.27\Engine\Plugins\Runtime\Oculus\OculusVR\Binaries\Win64
[2023.04.13-15.13.43:285][  0]LogWindows:   Looked in: D:\UE_4.27\Engine\Plugins\Runtime\Steam\SteamVR\Binaries\Win64
[2023.04.13-15.13.43:285][  0]LogWindows:   Looked in: D:\UE_4.27\Engine\Plugins\Online\Android\OnlineSubsystemGooglePlay\Binaries\Win64
[2023.04.13-15.13.43:285][  0]LogWindows:   Looked in: D:\UE_4.27\Engine\Plugins\Online\IOS\OnlineSubsystemIOS\Binaries\Win64
[2023.04.13-15.13.43:285][  0]LogWindows:   Looked in: D:\UE_4.27\Engine\Plugins\Editor\ContentBrowser\ContentBrowserAssetDataSource\Binaries\Win64
[2023.04.13-15.13.43:285][  0]LogWindows:   Looked in: D:\UE_4.27\Engine\Plugins\Editor\ContentBrowser\ContentBrowserClassDataSource\Binaries\Win64
[2023.04.13-15.13.43:285][  0]LogWindows:   Looked in: D:\UE_4.27\Engine\Binaries\Win64\(Path="")\lib\win64
[2023.04.13-15.13.43:285][  0]LogWindows:   Looked in: D:\UE_4.27\Engine\Binaries\Win64\Android
[2023.04.13-15.13.43:286][  0]LogWindows:   Looked in: D:\UE_4.27\Engine\Binaries\Win64\IOS
[2023.04.13-15.13.43:286][  0]LogWindows:   Looked in: D:\UE_4.27\Engine\Binaries\Win64\Linux
[2023.04.13-15.13.43:286][  0]LogWindows:   Looked in: D:\UE_4.27\Engine\Binaries\Win64\Lumin
[2023.04.13-15.13.43:345][  0]LogTextureFormatOodle: Display: Oodle Texture 2.9.0 init RDO Off
[2023.04.13-15.13.44:878][  0]LogRendererCore: Ray tracing is disabled. Reason: r.RayTracing=0.
[2023.04.13-15.13.44:983][  0]LogShaderCompilers: Guid format shader working directory is 4 characters bigger than the processId version (../../../../GitHubProjects/Project__Alpha/Intermediate/Shaders/WorkingDirectory/4736/).
[2023.04.13-15.13.44:983][  0]LogShaderCompilers: Cleaned the shader compiler working directory 'C:/Users/Hama/AppData/Local/Temp/UnrealShaderWorkingDir/F92F878B4CA4DB4E5EEA6697AD201A08/'.
[2023.04.13-15.13.45:025][  0]LogXGEController: Cannot use XGE Controller as Incredibuild is not installed on this machine.
[2023.04.13-15.13.45:025][  0]LogShaderCompilers: Cannot use XGE Shader Compiler as Incredibuild is not installed on this machine.
[2023.04.13-15.13.45:025][  0]LogShaderCompilers: Display: Using Local Shader Compiler.
[2023.04.13-15.13.50:594][  0]LogDerivedDataCache: Display: Max Cache Size: 512 MB
