Log file open, 02/16/23 23:39:02
LogWindows: Failed to load 'aqProf.dll' (GetLastError=126)
LogWindows: File 'aqProf.dll' does not exist
LogWindows: Failed to load 'VtuneApi.dll' (GetLastError=126)
LogWindows: File 'VtuneApi.dll' does not exist
LogWindows: Failed to load 'VtuneApi32e.dll' (GetLastError=126)
LogWindows: File 'VtuneApi32e.dll' does not exist
LogConsoleResponse: Display: Failed to find resolution value strings in scalability ini. Falling back to default.
LogConsoleResponse: Display: Failed to find resolution value strings in scalability ini. Falling back to default.
LogInit: Display: Running engine for game: FirstProject
LogPlatformFile: Not using cached read wrapper
LogTaskGraph: Started task graph with 5 named threads and 35 total threads with 3 sets of task threads.
LogStats: Stats thread started at 0.202402
LogICUInternationalization: ICU TimeZone Detection - Raw Offset: +3:00, Platform Override: ''
LogInit: Display: Loading text-based GConfig....
LogPluginManager: Mounting plugin MegascansPlugin
LogPluginManager: Mounting plugin MeshPainting
LogPluginManager: Mounting plugin XGEController
LogPluginManager: Mounting plugin Paper2D
LogPluginManager: Mounting plugin LightPropagationVolume
LogPluginManager: Mounting plugin AISupport
LogPluginManager: Mounting plugin LiveLink
LogPluginManager: Mounting plugin CameraShakePreviewer
LogPluginManager: Mounting plugin OodleData
LogPluginManager: Mounting plugin GameplayCameras
LogPluginManager: Mounting plugin OodleNetwork
LogPluginManager: Mounting plugin AssetManagerEditor
LogPluginManager: Mounting plugin DatasmithContent
LogPluginManager: Mounting plugin AndroidMedia
LogPluginManager: Mounting plugin AlembicImporter
LogPluginManager: Mounting plugin AnimationSharing
LogPluginManager: Mounting plugin Niagara
LogPluginManager: Mounting plugin AvfMedia
LogPluginManager: Mounting plugin AutomationUtils
LogPluginManager: Mounting plugin VariantManagerContent
LogPluginManager: Mounting plugin BlueprintMaterialTextureNodes
LogPluginManager: Mounting plugin BackChannel
LogPluginManager: Mounting plugin ImgMedia
LogPluginManager: Mounting plugin ChaosCloth
LogPluginManager: Mounting plugin ChaosClothEditor
LogPluginManager: Mounting plugin ChaosEditor
LogPluginManager: Mounting plugin CryptoKeys
LogPluginManager: Mounting plugin ChaosNiagara
LogPluginManager: Mounting plugin MediaCompositing
LogPluginManager: Mounting plugin ChaosSolverPlugin
LogPluginManager: Mounting plugin CurveEditorTools
LogPluginManager: Mounting plugin DataValidation
LogPluginManager: Mounting plugin EditorScriptingUtilities
LogPluginManager: Mounting plugin CharacterAI
LogPluginManager: Mounting plugin FacialAnimation
LogPluginManager: Mounting plugin GameplayTagsEditor
LogPluginManager: Mounting plugin GeometryMode
LogPluginManager: Mounting plugin MacGraphicsSwitching
LogPluginManager: Mounting plugin MaterialAnalyzer
LogPluginManager: Mounting plugin MobileLauncherProfileWizard
LogPluginManager: Mounting plugin PluginBrowser
LogPluginManager: Mounting plugin SpeedTreeImporter
LogPluginManager: Mounting plugin GeometryCache
LogPluginManager: Mounting plugin GeometryCollectionPlugin
LogPluginManager: Mounting plugin LuminPlatformFeatures
LogPluginManager: Mounting plugin CLionSourceCodeAccess
LogPluginManager: Mounting plugin MagicLeap
LogPluginManager: Mounting plugin CodeLiteSourceCodeAccess
LogPluginManager: Mounting plugin EnvironmentQueryEditor
LogPluginManager: Mounting plugin MagicLeapLightEstimation
LogPluginManager: Mounting plugin MagicLeapMedia
LogPluginManager: Mounting plugin GitSourceControl
LogPluginManager: Mounting plugin NullSourceCodeAccess
LogPluginManager: Mounting plugin KDevelopSourceCodeAccess
LogPluginManager: Mounting plugin MagicLeapPassableWorld
LogPluginManager: Mounting plugin GeometryProcessing
LogPluginManager: Mounting plugin PerforceSourceControl
LogPluginManager: Mounting plugin PixWinPlugin
LogPluginManager: Mounting plugin PlasticSourceControl
LogPluginManager: Mounting plugin MLSDK
LogPluginManager: Mounting plugin PluginUtils
LogPluginManager: Mounting plugin Landmass
LogPluginManager: Mounting plugin MediaPlayerEditor
LogPluginManager: Mounting plugin PropertyAccessNode
LogPluginManager: Mounting plugin WebMMedia
LogPluginManager: Mounting plugin WmfMedia
LogPluginManager: Mounting plugin RiderSourceCodeAccess
LogPluginManager: Mounting plugin TextureFormatOodle
LogPluginManager: Mounting plugin SubversionSourceControl
LogPluginManager: Mounting plugin UObjectPlugin
LogPluginManager: Mounting plugin VisualStudioCodeSourceCodeAccess
LogPluginManager: Mounting plugin VisualStudioSourceCodeAccess
LogPluginManager: Mounting plugin XCodeSourceCodeAccess
LogPluginManager: Mounting plugin OpenImageDenoise
LogPluginManager: Mounting plugin MotoSynth
LogPluginManager: Mounting plugin PlanarCut
LogPluginManager: Mounting plugin PlatformCrypto
LogPluginManager: Mounting plugin ProxyLODPlugin
LogPluginManager: Mounting plugin PythonScriptPlugin
LogPluginManager: Mounting plugin SkeletalReduction
LogPluginManager: Mounting plugin ActorSequence
LogPluginManager: Mounting plugin MatineeToLevelSequence
LogPluginManager: Mounting plugin LevelSequenceEditor
LogPluginManager: Mounting plugin TemplateSequence
LogPluginManager: Mounting plugin Water
LogPluginManager: Mounting plugin TcpMessaging
LogPluginManager: Mounting plugin UdpMessaging
LogPluginManager: Mounting plugin OnlineSubsystem
LogPluginManager: Mounting plugin OnlineSubsystemNull
LogPluginManager: Mounting plugin OnlineSubsystemUtils
LogPluginManager: Mounting plugin LauncherChunkInstaller
LogPluginManager: Mounting plugin ScreenshotTools
LogPluginManager: Mounting plugin Takes
LogPluginManager: Mounting plugin ActorLayerUtilities
LogPluginManager: Mounting plugin AndroidDeviceProfileSelector
LogPluginManager: Mounting plugin AndroidMoviePlayer
LogPluginManager: Mounting plugin AndroidPermission
LogPluginManager: Mounting plugin AppleImageUtils
LogPluginManager: Mounting plugin ArchVisCharacter
LogPluginManager: Mounting plugin AppleMoviePlayer
LogPluginManager: Mounting plugin AssetTags
LogPluginManager: Mounting plugin AudioCapture
LogPluginManager: Mounting plugin AudioSynesthesia
LogPluginManager: Mounting plugin CableComponent
LogPluginManager: Mounting plugin CustomMeshComponent
LogPluginManager: Mounting plugin ChunkDownloader
LogPluginManager: Mounting plugin EditableMesh
LogPluginManager: Mounting plugin ExampleDeviceProfileSelector
LogPluginManager: Mounting plugin GoogleCloudMessaging
LogPluginManager: Mounting plugin GooglePAD
LogPluginManager: Mounting plugin IOSDeviceProfileSelector
LogPluginManager: Mounting plugin LinuxDeviceProfileSelector
LogPluginManager: Mounting plugin LocationServicesBPLibrary
LogPluginManager: Mounting plugin MobilePatchingUtils
LogPluginManager: Mounting plugin OpenXREyeTracker
LogPluginManager: Mounting plugin OpenXR
LogPluginManager: Mounting plugin OpenXRHandTracking
LogPluginManager: Mounting plugin PhysXVehicles
LogPluginManager: Mounting plugin PropertyAccessEditor
LogPluginManager: Mounting plugin ProceduralMeshComponent
LogPluginManager: Mounting plugin PostSplashScreen
LogPluginManager: Mounting plugin RuntimePhysXCooking
LogPluginManager: Mounting plugin SignificanceManager
LogPluginManager: Mounting plugin SoundFields
LogPluginManager: Mounting plugin Synthesis
LogPluginManager: Mounting plugin WebMMoviePlayer
LogPluginManager: Mounting plugin WindowsMoviePlayer
LogPluginManager: Mounting plugin ContentBrowserFileDataSource
LogPluginManager: Mounting plugin ContentBrowserAssetDataSource
LogPluginManager: Mounting plugin ContentBrowserClassDataSource
LogPluginManager: Mounting plugin OnlineSubsystemGooglePlay
LogPluginManager: Mounting plugin OnlineSubsystemIOS
LogPluginManager: Mounting plugin DatabaseSupport
LogPluginManager: Mounting plugin SQLiteCore
LogPluginManager: Mounting plugin SQLiteSupport
LogPluginManager: Mounting plugin OculusVR
LogPluginManager: Mounting plugin SteamVR
PixWinPlugin: PIX capture plugin failed to initialize! Check that the process is launched from PIX.
LogInit: Using libcurl 7.55.1-DEV
LogInit:  - built for x86_64-pc-win32
LogInit:  - supports SSL with OpenSSL/1.1.1
LogInit:  - supports HTTP deflate (compression) using libz 1.2.8
LogInit:  - other features:
LogInit:      CURL_VERSION_SSL
LogInit:      CURL_VERSION_LIBZ
LogInit:      CURL_VERSION_IPV6
LogInit:      CURL_VERSION_ASYNCHDNS
LogInit:      CURL_VERSION_LARGEFILE
LogInit:      CURL_VERSION_IDN
LogInit:  CurlRequestOptions (configurable via config and command line):
LogInit:  - bVerifyPeer = true  - Libcurl will verify peer certificate
LogInit:  - bUseHttpProxy = false  - Libcurl will NOT use HTTP proxy
LogInit:  - bDontReuseConnections = false  - Libcurl will reuse connections
LogInit:  - MaxHostConnections = 16  - Libcurl will limit the number of connections to a host
LogInit:  - LocalHostAddr = Default
LogInit:  - BufferSize = 65536
LogOnline: OSS: Creating online subsystem instance for: NULL
LogInit: WinSock: version 1.1 (2.2), MaxSocks=32767, MaxUdp=65467
LogOnline: OSS: TryLoadSubsystemAndSetDefault: Loaded subsystem for module [NULL]
LogOculusPluginWrapper: OculusPlugin initialized successfully
LogHMD: Failed initializing OVRPlugin 1.59.0
LogInit: Build: ++UE4+Release-4.27-CL-18319896
LogInit: Engine Version: 4.27.2-18319896+++UE4+Release-4.27
LogInit: Compatible Engine Version: 4.27.0-17155196+++UE4+Release-4.27
LogInit: Net CL: 17155196
LogInit: OS: Windows 10 (Release 2009) (), CPU: AMD Ryzen 5 3600 6-Core Processor              , GPU: NVIDIA GeForce RTX 2060
LogInit: Compiled (64-bit): Nov 30 2021 07:12:08
LogInit: Compiled with Visual C++: 19.24.28315.00
LogInit: Build Configuration: Development
LogInit: Branch Name: ++UE4+Release-4.27
LogInit: Command Line:  /Game/Levels/Level1 -game -PIEVIACONSOLE -Multiprocess GameUserSettingsINI=D:/GitHubProjects/Project__Alpha/Saved/Config/Windows/PIEGameUserSettings0.ini -MultiprocessSaveConfig -forcepassthrough -messaging -SessionName="Play in Standalone Game" -windowed -WinX=0 -WinY=24 SAVEWINPOS=1 -ResX=1014 -ResY=694
LogInit: Base Directory: D:/UE_4.27/Engine/Binaries/Win64/
LogInit: Allocator: TBB
LogInit: Installed Engine Build: 1
LogDevObjectVersion: Number of dev versions registered: 29
LogDevObjectVersion:   Dev-Blueprints (B0D832E4-1F89-4F0D-ACCF-7EB736FD4AA2): 10
LogDevObjectVersion:   Dev-Build (E1C64328-A22C-4D53-A36C-8E866417BD8C): 0
LogDevObjectVersion:   Dev-Core (375EC13C-06E4-48FB-B500-84F0262A717E): 4
LogDevObjectVersion:   Dev-Editor (E4B068ED-F494-42E9-A231-DA0B2E46BB41): 40
LogDevObjectVersion:   Dev-Framework (CFFC743F-43B0-4480-9391-14DF171D2073): 37
LogDevObjectVersion:   Dev-Mobile (B02B49B5-BB20-44E9-A304-32B752E40360): 3
LogDevObjectVersion:   Dev-Networking (A4E4105C-59A1-49B5-A7C5-40C4547EDFEE): 0
LogDevObjectVersion:   Dev-Online (39C831C9-5AE6-47DC-9A44-9C173E1C8E7C): 0
LogDevObjectVersion:   Dev-Physics (78F01B33-EBEA-4F98-B9B4-84EACCB95AA2): 14
LogDevObjectVersion:   Dev-Platform (6631380F-2D4D-43E0-8009-CF276956A95A): 0
LogDevObjectVersion:   Dev-Rendering (12F88B9F-8875-4AFC-A67C-D90C383ABD29): 45
LogDevObjectVersion:   Dev-Sequencer (7B5AE74C-D270-4C10-A958-57980B212A5A): 13
LogDevObjectVersion:   Dev-VR (D7296918-1DD6-4BDD-9DE2-64A83CC13884): 3
LogDevObjectVersion:   Dev-LoadTimes (C2A15278-BFE7-4AFE-6C17-90FF531DF755): 1
LogDevObjectVersion:   Private-Geometry (6EACA3D4-40EC-4CC1-B786-8BED09428FC5): 3
LogDevObjectVersion:   Dev-AnimPhys (29E575DD-E0A3-4627-9D10-D276232CDCEA): 17
LogDevObjectVersion:   Dev-Anim (AF43A65D-7FD3-4947-9873-3E8ED9C1BB05): 15
LogDevObjectVersion:   Dev-ReflectionCapture (6B266CEC-1EC7-4B8F-A30B-E4D90942FC07): 1
LogDevObjectVersion:   Dev-Automation (0DF73D61-A23F-47EA-B727-89E90C41499A): 1
LogDevObjectVersion:   FortniteMain (601D1886-AC64-4F84-AA16-D3DE0DEAC7D6): 47
LogDevObjectVersion:   FortniteRelease (E7086368-6B23-4C58-8439-1B7016265E91): 1
LogDevObjectVersion:   Dev-Enterprise (9DFFBCD6-494F-0158-E221-12823C92A888): 10
LogDevObjectVersion:   Dev-Niagara (F2AED0AC-9AFE-416F-8664-AA7FFA26D6FC): 1
LogDevObjectVersion:   Dev-Destruction (174F1F0B-B4C6-45A5-B13F-2EE8D0FB917D): 10
LogDevObjectVersion:   Dev-Physics-Ext (35F94A83-E258-406C-A318-09F59610247C): 41
LogDevObjectVersion:   Dev-PhysicsMaterial-Chaos (B68FC16E-8B1B-42E2-B453-215C058844FE): 1
LogDevObjectVersion:   Dev-CineCamera (B2E18506-4273-CFC2-A54E-F4BB758BBA07): 1
LogDevObjectVersion:   Dev-VirtualProduction (64F58936-FD1B-42BA-BA96-7289D5D0FA4E): 1
LogDevObjectVersion:   Dev-MediaFramework (6F0ED827-A609-4895-9C91-998D90180EA4): 2
LogInit: Presizing for max 25165824 objects, including 0 objects not considered by GC, pre-allocating 0 bytes for permanent pool.
LogConfig: Applying CVar settings from Section [/Script/Engine.StreamingSettings] File [D:/GitHubProjects/Project__Alpha/Saved/Config/Windows/Engine.ini]
LogConfig: Setting CVar [[s.MinBulkDataSizeForAsyncLoading:131072]]
LogConfig: Setting CVar [[s.AsyncLoadingThreadEnabled:0]]
LogConfig: Setting CVar [[s.EventDrivenLoaderEnabled:1]]
LogConfig: Setting CVar [[s.WarnIfTimeLimitExceeded:0]]
LogConfig: Setting CVar [[s.TimeLimitExceededMultiplier:1.5]]
LogConfig: Setting CVar [[s.TimeLimitExceededMinTime:0.005]]
LogConfig: Setting CVar [[s.UseBackgroundLevelStreaming:1]]
LogConfig: Setting CVar [[s.PriorityAsyncLoadingExtraTime:15.0]]
LogConfig: Setting CVar [[s.LevelStreamingActorsUpdateTimeLimit:5.0]]
LogConfig: Setting CVar [[s.PriorityLevelStreamingActorsUpdateExtraTime:5.0]]
LogConfig: Setting CVar [[s.LevelStreamingComponentsRegistrationGranularity:10]]
LogConfig: Setting CVar [[s.UnregisterComponentsTimeLimit:1.0]]
LogConfig: Setting CVar [[s.LevelStreamingComponentsUnregistrationGranularity:5]]
LogConfig: Setting CVar [[s.FlushStreamingOnExit:1]]
LogInit: Object subsystem initialized
LogConfig: Setting CVar [[con.DebugEarlyDefault:1]]
LogConfig: Setting CVar [[r.setres:1280x720]]
LogConfig: Setting CVar [[fx.NiagaraAllowRuntimeScalabilityChanges:1]]
[2023.02.16-20.39.02:986][  0]LogConfig: Setting CVar [[con.DebugEarlyDefault:1]]
[2023.02.16-20.39.02:986][  0]LogConfig: Setting CVar [[r.setres:1280x720]]
[2023.02.16-20.39.02:986][  0]LogConfig: Setting CVar [[fx.NiagaraAllowRuntimeScalabilityChanges:1]]
[2023.02.16-20.39.02:986][  0]LogConfig: Applying CVar settings from Section [/Script/Engine.RendererSettings] File [D:/GitHubProjects/Project__Alpha/Saved/Config/Windows/Engine.ini]
[2023.02.16-20.39.02:986][  0]LogConfig: Setting CVar [[r.GPUCrashDebugging:0]]
[2023.02.16-20.39.02:986][  0]LogConfig: Applying CVar settings from Section [/Script/Engine.RendererOverrideSettings] File [D:/GitHubProjects/Project__Alpha/Saved/Config/Windows/Engine.ini]
[2023.02.16-20.39.02:986][  0]LogConfig: Applying CVar settings from Section [/Script/Engine.StreamingSettings] File [D:/GitHubProjects/Project__Alpha/Saved/Config/Windows/Engine.ini]
[2023.02.16-20.39.02:986][  0]LogConfig: Setting CVar [[s.MinBulkDataSizeForAsyncLoading:131072]]
[2023.02.16-20.39.02:986][  0]LogConfig: Setting CVar [[s.AsyncLoadingThreadEnabled:0]]
[2023.02.16-20.39.02:986][  0]LogConfig: Setting CVar [[s.EventDrivenLoaderEnabled:1]]
[2023.02.16-20.39.02:986][  0]LogConfig: Setting CVar [[s.WarnIfTimeLimitExceeded:0]]
[2023.02.16-20.39.02:986][  0]LogConfig: Setting CVar [[s.TimeLimitExceededMultiplier:1.5]]
[2023.02.16-20.39.02:986][  0]LogConfig: Setting CVar [[s.TimeLimitExceededMinTime:0.005]]
[2023.02.16-20.39.02:986][  0]LogConfig: Setting CVar [[s.UseBackgroundLevelStreaming:1]]
[2023.02.16-20.39.02:986][  0]LogConfig: Setting CVar [[s.PriorityAsyncLoadingExtraTime:15.0]]
[2023.02.16-20.39.02:986][  0]LogConfig: Setting CVar [[s.LevelStreamingActorsUpdateTimeLimit:5.0]]
[2023.02.16-20.39.02:986][  0]LogConfig: Setting CVar [[s.PriorityLevelStreamingActorsUpdateExtraTime:5.0]]
[2023.02.16-20.39.02:986][  0]LogConfig: Setting CVar [[s.LevelStreamingComponentsRegistrationGranularity:10]]
[2023.02.16-20.39.02:986][  0]LogConfig: Setting CVar [[s.UnregisterComponentsTimeLimit:1.0]]
[2023.02.16-20.39.02:986][  0]LogConfig: Setting CVar [[s.LevelStreamingComponentsUnregistrationGranularity:5]]
[2023.02.16-20.39.02:986][  0]LogConfig: Setting CVar [[s.FlushStreamingOnExit:1]]
[2023.02.16-20.39.02:986][  0]LogConfig: Applying CVar settings from Section [/Script/Engine.GarbageCollectionSettings] File [D:/GitHubProjects/Project__Alpha/Saved/Config/Windows/Engine.ini]
[2023.02.16-20.39.02:986][  0]LogConfig: Setting CVar [[gc.MaxObjectsNotConsideredByGC:1]]
[2023.02.16-20.39.02:986][  0]LogConfig: Setting CVar [[gc.SizeOfPermanentObjectPool:0]]
[2023.02.16-20.39.02:986][  0]LogConfig: Setting CVar [[gc.FlushStreamingOnGC:0]]
[2023.02.16-20.39.02:986][  0]LogConfig: Setting CVar [[gc.NumRetriesBeforeForcingGC:10]]
[2023.02.16-20.39.02:986][  0]LogConfig: Setting CVar [[gc.AllowParallelGC:1]]
[2023.02.16-20.39.02:986][  0]LogConfig: Setting CVar [[gc.TimeBetweenPurgingPendingKillObjects:61.1]]
[2023.02.16-20.39.02:986][  0]LogConfig: Setting CVar [[gc.MaxObjectsInEditor:25165824]]
[2023.02.16-20.39.02:986][  0]LogConfig: Setting CVar [[gc.IncrementalBeginDestroyEnabled:1]]
[2023.02.16-20.39.02:986][  0]LogConfig: Setting CVar [[gc.CreateGCClusters:1]]
[2023.02.16-20.39.02:986][  0]LogConfig: Setting CVar [[gc.MinGCClusterSize:5]]
[2023.02.16-20.39.02:986][  0]LogConfig: Setting CVar [[gc.ActorClusteringEnabled:0]]
[2023.02.16-20.39.02:986][  0]LogConfig: Setting CVar [[gc.BlueprintClusteringEnabled:0]]
[2023.02.16-20.39.02:986][  0]LogConfig: Setting CVar [[gc.UseDisregardForGCOnDedicatedServers:0]]
[2023.02.16-20.39.02:986][  0]LogConfig: Setting CVar [[gc.MultithreadedDestructionEnabled:1]]
[2023.02.16-20.39.02:986][  0]LogConfig: Applying CVar settings from Section [/Script/Engine.NetworkSettings] File [D:/GitHubProjects/Project__Alpha/Saved/Config/Windows/Engine.ini]
[2023.02.16-20.39.02:986][  0]LogConfig: Applying CVar settings from Section [/Script/UnrealEd.CookerSettings] File [D:/GitHubProjects/Project__Alpha/Saved/Config/Windows/Engine.ini]
[2023.02.16-20.39.03:000][  0]LogConfig: Applying CVar settings from Section [ViewDistanceQuality@3] File [D:/GitHubProjects/Project__Alpha/Saved/Config/Windows/Scalability.ini]
[2023.02.16-20.39.03:000][  0]LogConfig: Setting CVar [[r.SkeletalMeshLODBias:0]]
[2023.02.16-20.39.03:000][  0]LogConfig: Setting CVar [[r.ViewDistanceScale:1.0]]
[2023.02.16-20.39.03:000][  0]LogConfig: Applying CVar settings from Section [AntiAliasingQuality@3] File [D:/GitHubProjects/Project__Alpha/Saved/Config/Windows/Scalability.ini]
[2023.02.16-20.39.03:000][  0]LogConfig: Setting CVar [[r.PostProcessAAQuality:4]]
[2023.02.16-20.39.03:001][  0]LogConfig: Applying CVar settings from Section [ShadowQuality@3] File [D:/GitHubProjects/Project__Alpha/Saved/Config/Windows/Scalability.ini]
[2023.02.16-20.39.03:001][  0]LogConfig: Setting CVar [[r.LightFunctionQuality:1]]
[2023.02.16-20.39.03:001][  0]LogConfig: Setting CVar [[r.ShadowQuality:5]]
[2023.02.16-20.39.03:001][  0]LogConfig: Setting CVar [[r.Shadow.CSM.MaxCascades:10]]
[2023.02.16-20.39.03:001][  0]LogConfig: Setting CVar [[r.Shadow.MaxResolution:2048]]
[2023.02.16-20.39.03:001][  0]LogConfig: Setting CVar [[r.Shadow.MaxCSMResolution:2048]]
[2023.02.16-20.39.03:001][  0]LogConfig: Setting CVar [[r.Shadow.RadiusThreshold:0.01]]
[2023.02.16-20.39.03:001][  0]LogConfig: Setting CVar [[r.Shadow.DistanceScale:1.0]]
[2023.02.16-20.39.03:001][  0]LogConfig: Setting CVar [[r.Shadow.CSM.TransitionScale:1.0]]
[2023.02.16-20.39.03:001][  0]LogConfig: Setting CVar [[r.Shadow.PreShadowResolutionFactor:1.0]]
[2023.02.16-20.39.03:001][  0]LogConfig: Setting CVar [[r.DistanceFieldShadowing:1]]
[2023.02.16-20.39.03:001][  0]LogConfig: Setting CVar [[r.DistanceFieldAO:1]]
[2023.02.16-20.39.03:001][  0]LogConfig: Setting CVar [[r.AOQuality:2]]
[2023.02.16-20.39.03:001][  0]LogConfig: Setting CVar [[r.VolumetricFog:1]]
[2023.02.16-20.39.03:001][  0]LogConfig: Setting CVar [[r.VolumetricFog.GridPixelSize:8]]
[2023.02.16-20.39.03:001][  0]LogConfig: Setting CVar [[r.VolumetricFog.GridSizeZ:128]]
[2023.02.16-20.39.03:001][  0]LogConfig: Setting CVar [[r.VolumetricFog.HistoryMissSupersampleCount:4]]
[2023.02.16-20.39.03:001][  0]LogConfig: Setting CVar [[r.LightMaxDrawDistanceScale:1]]
[2023.02.16-20.39.03:001][  0]LogConfig: Setting CVar [[r.CapsuleShadows:1]]
[2023.02.16-20.39.03:001][  0]LogConfig: Applying CVar settings from Section [PostProcessQuality@3] File [D:/GitHubProjects/Project__Alpha/Saved/Config/Windows/Scalability.ini]
[2023.02.16-20.39.03:001][  0]LogConfig: Setting CVar [[r.MotionBlurQuality:4]]
[2023.02.16-20.39.03:001][  0]LogConfig: Setting CVar [[r.AmbientOcclusionMipLevelFactor:0.4]]
[2023.02.16-20.39.03:001][  0]LogConfig: Setting CVar [[r.AmbientOcclusionMaxQuality:100]]
[2023.02.16-20.39.03:001][  0]LogConfig: Setting CVar [[r.AmbientOcclusionLevels:-1]]
[2023.02.16-20.39.03:001][  0]LogConfig: Setting CVar [[r.AmbientOcclusionRadiusScale:1.0]]
[2023.02.16-20.39.03:001][  0]LogConfig: Setting CVar [[r.DepthOfFieldQuality:2]]
[2023.02.16-20.39.03:001][  0]LogConfig: Setting CVar [[r.RenderTargetPoolMin:400]]
[2023.02.16-20.39.03:001][  0]LogConfig: Setting CVar [[r.LensFlareQuality:2]]
[2023.02.16-20.39.03:001][  0]LogConfig: Setting CVar [[r.SceneColorFringeQuality:1]]
[2023.02.16-20.39.03:001][  0]LogConfig: Setting CVar [[r.EyeAdaptationQuality:2]]
[2023.02.16-20.39.03:001][  0]LogConfig: Setting CVar [[r.BloomQuality:5]]
[2023.02.16-20.39.03:001][  0]LogConfig: Setting CVar [[r.FastBlurThreshold:100]]
[2023.02.16-20.39.03:001][  0]LogConfig: Setting CVar [[r.Upscale.Quality:3]]
[2023.02.16-20.39.03:001][  0]LogConfig: Setting CVar [[r.Tonemapper.GrainQuantization:1]]
[2023.02.16-20.39.03:001][  0]LogConfig: Setting CVar [[r.LightShaftQuality:1]]
[2023.02.16-20.39.03:001][  0]LogConfig: Setting CVar [[r.Filter.SizeScale:1]]
[2023.02.16-20.39.03:001][  0]LogConfig: Setting CVar [[r.Tonemapper.Quality:5]]
[2023.02.16-20.39.03:001][  0]LogConfig: Setting CVar [[r.DOF.Gather.AccumulatorQuality:1        ; higher gathering accumulator quality]]
[2023.02.16-20.39.03:001][  0]LogConfig: Setting CVar [[r.DOF.Gather.PostfilterMethod:1          ; Median3x3 postfilering method]]
[2023.02.16-20.39.03:001][  0]LogConfig: Setting CVar [[r.DOF.Gather.EnableBokehSettings:0       ; no bokeh simulation when gathering]]
[2023.02.16-20.39.03:001][  0]LogConfig: Setting CVar [[r.DOF.Gather.RingCount:4                 ; medium number of samples when gathering]]
[2023.02.16-20.39.03:001][  0]LogConfig: Setting CVar [[r.DOF.Scatter.ForegroundCompositing:1    ; additive foreground scattering]]
[2023.02.16-20.39.03:001][  0]LogConfig: Setting CVar [[r.DOF.Scatter.BackgroundCompositing:2    ; additive background scattering]]
[2023.02.16-20.39.03:001][  0]LogConfig: Setting CVar [[r.DOF.Scatter.EnableBokehSettings:1      ; bokeh simulation when scattering]]
[2023.02.16-20.39.03:001][  0]LogConfig: Setting CVar [[r.DOF.Scatter.MaxSpriteRatio:0.1         ; only a maximum of 10% of scattered bokeh]]
[2023.02.16-20.39.03:001][  0]LogConfig: Setting CVar [[r.DOF.Recombine.Quality:1                ; cheap slight out of focus]]
[2023.02.16-20.39.03:001][  0]LogConfig: Setting CVar [[r.DOF.Recombine.EnableBokehSettings:0    ; no bokeh simulation on slight out of focus]]
[2023.02.16-20.39.03:001][  0]LogConfig: Setting CVar [[r.DOF.TemporalAAQuality:1                ; more stable temporal accumulation]]
[2023.02.16-20.39.03:001][  0]LogConfig: Setting CVar [[r.DOF.Kernel.MaxForegroundRadius:0.025]]
[2023.02.16-20.39.03:001][  0]LogConfig: Setting CVar [[r.DOF.Kernel.MaxBackgroundRadius:0.025]]
[2023.02.16-20.39.03:001][  0]LogConfig: Applying CVar settings from Section [TextureQuality@3] File [D:/GitHubProjects/Project__Alpha/Saved/Config/Windows/Scalability.ini]
[2023.02.16-20.39.03:001][  0]LogConfig: Setting CVar [[r.Streaming.MipBias:0]]
[2023.02.16-20.39.03:001][  0]LogConfig: Setting CVar [[r.Streaming.AmortizeCPUToGPUCopy:0]]
[2023.02.16-20.39.03:001][  0]LogConfig: Setting CVar [[r.Streaming.MaxNumTexturesToStreamPerFrame:0]]
[2023.02.16-20.39.03:001][  0]LogConfig: Setting CVar [[r.Streaming.Boost:1]]
[2023.02.16-20.39.03:001][  0]LogConfig: Setting CVar [[r.MaxAnisotropy:8]]
[2023.02.16-20.39.03:001][  0]LogConfig: Setting CVar [[r.VT.MaxAnisotropy:8]]
[2023.02.16-20.39.03:001][  0]LogConfig: Setting CVar [[r.Streaming.LimitPoolSizeToVRAM:0]]
[2023.02.16-20.39.03:001][  0]LogConfig: Setting CVar [[r.Streaming.PoolSize:1000]]
[2023.02.16-20.39.03:001][  0]LogConfig: Setting CVar [[r.Streaming.MaxEffectiveScreenSize:0]]
[2023.02.16-20.39.03:001][  0]LogConfig: Applying CVar settings from Section [EffectsQuality@3] File [D:/GitHubProjects/Project__Alpha/Saved/Config/Windows/Scalability.ini]
[2023.02.16-20.39.03:001][  0]LogConfig: Setting CVar [[r.TranslucencyLightingVolumeDim:64]]
[2023.02.16-20.39.03:001][  0]LogConfig: Setting CVar [[r.RefractionQuality:2]]
[2023.02.16-20.39.03:001][  0]LogConfig: Setting CVar [[r.SSR.Quality:3]]
[2023.02.16-20.39.03:001][  0]LogConfig: Setting CVar [[r.SSR.HalfResSceneColor:0]]
[2023.02.16-20.39.03:001][  0]LogConfig: Setting CVar [[r.SceneColorFormat:4]]
[2023.02.16-20.39.03:001][  0]LogConfig: Setting CVar [[r.DetailMode:2]]
[2023.02.16-20.39.03:001][  0]LogConfig: Setting CVar [[r.TranslucencyVolumeBlur:1]]
[2023.02.16-20.39.03:001][  0]LogConfig: Setting CVar [[r.MaterialQualityLevel:1 ; High quality]]
[2023.02.16-20.39.03:001][  0]LogConfig: Setting CVar [[r.AnisotropicMaterials:1]]
[2023.02.16-20.39.03:001][  0]LogConfig: Setting CVar [[r.SSS.Scale:1]]
[2023.02.16-20.39.03:001][  0]LogConfig: Setting CVar [[r.SSS.SampleSet:2]]
[2023.02.16-20.39.03:001][  0]LogConfig: Setting CVar [[r.SSS.Quality:1]]
[2023.02.16-20.39.03:001][  0]LogConfig: Setting CVar [[r.SSS.HalfRes:0]]
[2023.02.16-20.39.03:001][  0]LogConfig: Setting CVar [[r.SSGI.Quality:3]]
[2023.02.16-20.39.03:001][  0]LogConfig: Setting CVar [[r.EmitterSpawnRateScale:1.0]]
[2023.02.16-20.39.03:001][  0]LogConfig: Setting CVar [[r.ParticleLightQuality:2]]
[2023.02.16-20.39.03:001][  0]LogConfig: Setting CVar [[r.SkyAtmosphere.AerialPerspectiveLUT.FastApplyOnOpaque:1 ; Always have FastSkyLUT 1 in this case to avoid wrong sky]]
[2023.02.16-20.39.03:002][  0]LogConfig: Setting CVar [[r.SkyAtmosphere.AerialPerspectiveLUT.SampleCountMaxPerSlice:4]]
[2023.02.16-20.39.03:002][  0]LogConfig: Setting CVar [[r.SkyAtmosphere.AerialPerspectiveLUT.DepthResolution:16.0]]
[2023.02.16-20.39.03:002][  0]LogConfig: Setting CVar [[r.SkyAtmosphere.FastSkyLUT:1]]
[2023.02.16-20.39.03:002][  0]LogConfig: Setting CVar [[r.SkyAtmosphere.FastSkyLUT.SampleCountMin:4.0]]
[2023.02.16-20.39.03:002][  0]LogConfig: Setting CVar [[r.SkyAtmosphere.FastSkyLUT.SampleCountMax:128.0]]
[2023.02.16-20.39.03:002][  0]LogConfig: Setting CVar [[r.SkyAtmosphere.SampleCountMin:4.0]]
[2023.02.16-20.39.03:002][  0]LogConfig: Setting CVar [[r.SkyAtmosphere.SampleCountMax:128.0]]
[2023.02.16-20.39.03:002][  0]LogConfig: Setting CVar [[r.SkyAtmosphere.TransmittanceLUT.UseSmallFormat:0]]
[2023.02.16-20.39.03:002][  0]LogConfig: Setting CVar [[r.SkyAtmosphere.TransmittanceLUT.SampleCount:10.0]]
[2023.02.16-20.39.03:002][  0]LogConfig: Setting CVar [[r.SkyAtmosphere.MultiScatteringLUT.SampleCount:15.0]]
[2023.02.16-20.39.03:002][  0]LogConfig: Setting CVar [[r.SkyLight.RealTimeReflectionCapture:1]]
[2023.02.16-20.39.03:002][  0]LogConfig: Setting CVar [[fx.Niagara.QualityLevel:3]]
[2023.02.16-20.39.03:002][  0]LogConfig: Applying CVar settings from Section [FoliageQuality@3] File [D:/GitHubProjects/Project__Alpha/Saved/Config/Windows/Scalability.ini]
[2023.02.16-20.39.03:002][  0]LogConfig: Setting CVar [[foliage.DensityScale:1.0]]
[2023.02.16-20.39.03:002][  0]LogConfig: Setting CVar [[grass.DensityScale:1.0]]
[2023.02.16-20.39.03:002][  0]LogConfig: Applying CVar settings from Section [ShadingQuality@3] File [D:/GitHubProjects/Project__Alpha/Saved/Config/Windows/Scalability.ini]
[2023.02.16-20.39.03:002][  0]LogConfig: Setting CVar [[r.HairStrands.SkyLighting.IntegrationType:2]]
[2023.02.16-20.39.03:002][  0]LogConfig: Setting CVar [[r.HairStrands.SkyAO.SampleCount:4]]
[2023.02.16-20.39.03:002][  0]LogConfig: Setting CVar [[r.HairStrands.Visibility.MSAA.SamplePerPixel:4]]
[2023.02.16-20.39.03:002][  0]LogInit: Selected Device Profile: [Windows]
[2023.02.16-20.39.03:002][  0]LogInit: Applying CVar settings loaded from the selected device profile: [Windows]
[2023.02.16-20.39.03:002][  0]LogHAL: Display: Platform has ~ 16 GB [17122066432 / 17179869184 / 16], which maps to Larger [LargestMinGB=32, LargerMinGB=12, DefaultMinGB=8, SmallerMinGB=6, SmallestMinGB=0)
[2023.02.16-20.39.03:002][  0]LogInit: Going up to parent DeviceProfile []
[2023.02.16-20.39.03:002][  0]LogConfig: Applying CVar settings from Section [ViewDistanceQuality@3] File [D:/GitHubProjects/Project__Alpha/Saved/Config/Windows/Scalability.ini]
[2023.02.16-20.39.03:002][  0]LogConfig: Setting CVar [[r.SkeletalMeshLODBias:0]]
[2023.02.16-20.39.03:002][  0]LogConfig: Setting CVar [[r.ViewDistanceScale:1.0]]
[2023.02.16-20.39.03:002][  0]LogConfig: Applying CVar settings from Section [AntiAliasingQuality@3] File [D:/GitHubProjects/Project__Alpha/Saved/Config/Windows/Scalability.ini]
[2023.02.16-20.39.03:002][  0]LogConfig: Setting CVar [[r.PostProcessAAQuality:4]]
[2023.02.16-20.39.03:002][  0]LogConfig: Applying CVar settings from Section [ShadowQuality@3] File [D:/GitHubProjects/Project__Alpha/Saved/Config/Windows/Scalability.ini]
[2023.02.16-20.39.03:002][  0]LogConfig: Setting CVar [[r.LightFunctionQuality:1]]
[2023.02.16-20.39.03:002][  0]LogConfig: Setting CVar [[r.ShadowQuality:5]]
[2023.02.16-20.39.03:002][  0]LogConfig: Setting CVar [[r.Shadow.CSM.MaxCascades:10]]
[2023.02.16-20.39.03:002][  0]LogConfig: Setting CVar [[r.Shadow.MaxResolution:2048]]
[2023.02.16-20.39.03:002][  0]LogConfig: Setting CVar [[r.Shadow.MaxCSMResolution:2048]]
[2023.02.16-20.39.03:002][  0]LogConfig: Setting CVar [[r.Shadow.RadiusThreshold:0.01]]
[2023.02.16-20.39.03:002][  0]LogConfig: Setting CVar [[r.Shadow.DistanceScale:1.0]]
[2023.02.16-20.39.03:002][  0]LogConfig: Setting CVar [[r.Shadow.CSM.TransitionScale:1.0]]
[2023.02.16-20.39.03:002][  0]LogConfig: Setting CVar [[r.Shadow.PreShadowResolutionFactor:1.0]]
[2023.02.16-20.39.03:002][  0]LogConfig: Setting CVar [[r.DistanceFieldShadowing:1]]
[2023.02.16-20.39.03:002][  0]LogConfig: Setting CVar [[r.DistanceFieldAO:1]]
[2023.02.16-20.39.03:002][  0]LogConfig: Setting CVar [[r.AOQuality:2]]
[2023.02.16-20.39.03:002][  0]LogConfig: Setting CVar [[r.VolumetricFog:1]]
[2023.02.16-20.39.03:002][  0]LogConfig: Setting CVar [[r.VolumetricFog.GridPixelSize:8]]
[2023.02.16-20.39.03:002][  0]LogConfig: Setting CVar [[r.VolumetricFog.GridSizeZ:128]]
[2023.02.16-20.39.03:002][  0]LogConfig: Setting CVar [[r.VolumetricFog.HistoryMissSupersampleCount:4]]
[2023.02.16-20.39.03:002][  0]LogConfig: Setting CVar [[r.LightMaxDrawDistanceScale:1]]
[2023.02.16-20.39.03:002][  0]LogConfig: Setting CVar [[r.CapsuleShadows:1]]
[2023.02.16-20.39.03:002][  0]LogConfig: Applying CVar settings from Section [PostProcessQuality@3] File [D:/GitHubProjects/Project__Alpha/Saved/Config/Windows/Scalability.ini]
[2023.02.16-20.39.03:002][  0]LogConfig: Setting CVar [[r.MotionBlurQuality:4]]
[2023.02.16-20.39.03:002][  0]LogConfig: Setting CVar [[r.AmbientOcclusionMipLevelFactor:0.4]]
[2023.02.16-20.39.03:002][  0]LogConfig: Setting CVar [[r.AmbientOcclusionMaxQuality:100]]
[2023.02.16-20.39.03:002][  0]LogConfig: Setting CVar [[r.AmbientOcclusionLevels:-1]]
[2023.02.16-20.39.03:002][  0]LogConfig: Setting CVar [[r.AmbientOcclusionRadiusScale:1.0]]
[2023.02.16-20.39.03:002][  0]LogConfig: Setting CVar [[r.DepthOfFieldQuality:2]]
[2023.02.16-20.39.03:002][  0]LogConfig: Setting CVar [[r.RenderTargetPoolMin:400]]
[2023.02.16-20.39.03:002][  0]LogConfig: Setting CVar [[r.LensFlareQuality:2]]
[2023.02.16-20.39.03:002][  0]LogConfig: Setting CVar [[r.SceneColorFringeQuality:1]]
[2023.02.16-20.39.03:002][  0]LogConfig: Setting CVar [[r.EyeAdaptationQuality:2]]
[2023.02.16-20.39.03:002][  0]LogConfig: Setting CVar [[r.BloomQuality:5]]
[2023.02.16-20.39.03:002][  0]LogConfig: Setting CVar [[r.FastBlurThreshold:100]]
[2023.02.16-20.39.03:002][  0]LogConfig: Setting CVar [[r.Upscale.Quality:3]]
[2023.02.16-20.39.03:002][  0]LogConfig: Setting CVar [[r.Tonemapper.GrainQuantization:1]]
[2023.02.16-20.39.03:002][  0]LogConfig: Setting CVar [[r.LightShaftQuality:1]]
[2023.02.16-20.39.03:002][  0]LogConfig: Setting CVar [[r.Filter.SizeScale:1]]
[2023.02.16-20.39.03:002][  0]LogConfig: Setting CVar [[r.Tonemapper.Quality:5]]
[2023.02.16-20.39.03:002][  0]LogConfig: Setting CVar [[r.DOF.Gather.AccumulatorQuality:1        ; higher gathering accumulator quality]]
[2023.02.16-20.39.03:002][  0]LogConfig: Setting CVar [[r.DOF.Gather.PostfilterMethod:1          ; Median3x3 postfilering method]]
[2023.02.16-20.39.03:002][  0]LogConfig: Setting CVar [[r.DOF.Gather.EnableBokehSettings:0       ; no bokeh simulation when gathering]]
[2023.02.16-20.39.03:002][  0]LogConfig: Setting CVar [[r.DOF.Gather.RingCount:4                 ; medium number of samples when gathering]]
[2023.02.16-20.39.03:002][  0]LogConfig: Setting CVar [[r.DOF.Scatter.ForegroundCompositing:1    ; additive foreground scattering]]
[2023.02.16-20.39.03:002][  0]LogConfig: Setting CVar [[r.DOF.Scatter.BackgroundCompositing:2    ; additive background scattering]]
[2023.02.16-20.39.03:002][  0]LogConfig: Setting CVar [[r.DOF.Scatter.EnableBokehSettings:1      ; bokeh simulation when scattering]]
[2023.02.16-20.39.03:002][  0]LogConfig: Setting CVar [[r.DOF.Scatter.MaxSpriteRatio:0.1         ; only a maximum of 10% of scattered bokeh]]
[2023.02.16-20.39.03:002][  0]LogConfig: Setting CVar [[r.DOF.Recombine.Quality:1                ; cheap slight out of focus]]
[2023.02.16-20.39.03:002][  0]LogConfig: Setting CVar [[r.DOF.Recombine.EnableBokehSettings:0    ; no bokeh simulation on slight out of focus]]
[2023.02.16-20.39.03:002][  0]LogConfig: Setting CVar [[r.DOF.TemporalAAQuality:1                ; more stable temporal accumulation]]
[2023.02.16-20.39.03:002][  0]LogConfig: Setting CVar [[r.DOF.Kernel.MaxForegroundRadius:0.025]]
[2023.02.16-20.39.03:002][  0]LogConfig: Setting CVar [[r.DOF.Kernel.MaxBackgroundRadius:0.025]]
[2023.02.16-20.39.03:002][  0]LogConfig: Applying CVar settings from Section [TextureQuality@3] File [D:/GitHubProjects/Project__Alpha/Saved/Config/Windows/Scalability.ini]
[2023.02.16-20.39.03:002][  0]LogConfig: Setting CVar [[r.Streaming.MipBias:0]]
[2023.02.16-20.39.03:002][  0]LogConfig: Setting CVar [[r.Streaming.AmortizeCPUToGPUCopy:0]]
[2023.02.16-20.39.03:002][  0]LogConfig: Setting CVar [[r.Streaming.MaxNumTexturesToStreamPerFrame:0]]
[2023.02.16-20.39.03:002][  0]LogConfig: Setting CVar [[r.Streaming.Boost:1]]
[2023.02.16-20.39.03:002][  0]LogConfig: Setting CVar [[r.MaxAnisotropy:8]]
[2023.02.16-20.39.03:002][  0]LogConfig: Setting CVar [[r.VT.MaxAnisotropy:8]]
[2023.02.16-20.39.03:003][  0]LogConfig: Setting CVar [[r.Streaming.LimitPoolSizeToVRAM:0]]
[2023.02.16-20.39.03:003][  0]LogConfig: Setting CVar [[r.Streaming.PoolSize:1000]]
[2023.02.16-20.39.03:003][  0]LogConfig: Setting CVar [[r.Streaming.MaxEffectiveScreenSize:0]]
[2023.02.16-20.39.03:003][  0]LogConfig: Applying CVar settings from Section [EffectsQuality@3] File [D:/GitHubProjects/Project__Alpha/Saved/Config/Windows/Scalability.ini]
[2023.02.16-20.39.03:003][  0]LogConfig: Setting CVar [[r.TranslucencyLightingVolumeDim:64]]
[2023.02.16-20.39.03:003][  0]LogConfig: Setting CVar [[r.RefractionQuality:2]]
[2023.02.16-20.39.03:003][  0]LogConfig: Setting CVar [[r.SSR.Quality:3]]
[2023.02.16-20.39.03:003][  0]LogConfig: Setting CVar [[r.SSR.HalfResSceneColor:0]]
[2023.02.16-20.39.03:003][  0]LogConfig: Setting CVar [[r.SceneColorFormat:4]]
[2023.02.16-20.39.03:003][  0]LogConfig: Setting CVar [[r.DetailMode:2]]
[2023.02.16-20.39.03:003][  0]LogConfig: Setting CVar [[r.TranslucencyVolumeBlur:1]]
[2023.02.16-20.39.03:003][  0]LogConfig: Setting CVar [[r.MaterialQualityLevel:1 ; High quality]]
[2023.02.16-20.39.03:003][  0]LogConfig: Setting CVar [[r.AnisotropicMaterials:1]]
[2023.02.16-20.39.03:003][  0]LogConfig: Setting CVar [[r.SSS.Scale:1]]
[2023.02.16-20.39.03:003][  0]LogConfig: Setting CVar [[r.SSS.SampleSet:2]]
[2023.02.16-20.39.03:003][  0]LogConfig: Setting CVar [[r.SSS.Quality:1]]
[2023.02.16-20.39.03:003][  0]LogConfig: Setting CVar [[r.SSS.HalfRes:0]]
[2023.02.16-20.39.03:003][  0]LogConfig: Setting CVar [[r.SSGI.Quality:3]]
[2023.02.16-20.39.03:003][  0]LogConfig: Setting CVar [[r.EmitterSpawnRateScale:1.0]]
[2023.02.16-20.39.03:003][  0]LogConfig: Setting CVar [[r.ParticleLightQuality:2]]
[2023.02.16-20.39.03:003][  0]LogConfig: Setting CVar [[r.SkyAtmosphere.AerialPerspectiveLUT.FastApplyOnOpaque:1 ; Always have FastSkyLUT 1 in this case to avoid wrong sky]]
[2023.02.16-20.39.03:003][  0]LogConfig: Setting CVar [[r.SkyAtmosphere.AerialPerspectiveLUT.SampleCountMaxPerSlice:4]]
[2023.02.16-20.39.03:003][  0]LogConfig: Setting CVar [[r.SkyAtmosphere.AerialPerspectiveLUT.DepthResolution:16.0]]
[2023.02.16-20.39.03:003][  0]LogConfig: Setting CVar [[r.SkyAtmosphere.FastSkyLUT:1]]
[2023.02.16-20.39.03:003][  0]LogConfig: Setting CVar [[r.SkyAtmosphere.FastSkyLUT.SampleCountMin:4.0]]
[2023.02.16-20.39.03:003][  0]LogConfig: Setting CVar [[r.SkyAtmosphere.FastSkyLUT.SampleCountMax:128.0]]
[2023.02.16-20.39.03:003][  0]LogConfig: Setting CVar [[r.SkyAtmosphere.SampleCountMin:4.0]]
[2023.02.16-20.39.03:003][  0]LogConfig: Setting CVar [[r.SkyAtmosphere.SampleCountMax:128.0]]
[2023.02.16-20.39.03:003][  0]LogConfig: Setting CVar [[r.SkyAtmosphere.TransmittanceLUT.UseSmallFormat:0]]
[2023.02.16-20.39.03:003][  0]LogConfig: Setting CVar [[r.SkyAtmosphere.TransmittanceLUT.SampleCount:10.0]]
[2023.02.16-20.39.03:003][  0]LogConfig: Setting CVar [[r.SkyAtmosphere.MultiScatteringLUT.SampleCount:15.0]]
[2023.02.16-20.39.03:003][  0]LogConfig: Setting CVar [[r.SkyLight.RealTimeReflectionCapture:1]]
[2023.02.16-20.39.03:003][  0]LogConfig: Setting CVar [[fx.Niagara.QualityLevel:3]]
[2023.02.16-20.39.03:003][  0]LogConfig: Applying CVar settings from Section [FoliageQuality@3] File [D:/GitHubProjects/Project__Alpha/Saved/Config/Windows/Scalability.ini]
[2023.02.16-20.39.03:003][  0]LogConfig: Setting CVar [[foliage.DensityScale:1.0]]
[2023.02.16-20.39.03:003][  0]LogConfig: Setting CVar [[grass.DensityScale:1.0]]
[2023.02.16-20.39.03:003][  0]LogConfig: Applying CVar settings from Section [ShadingQuality@3] File [D:/GitHubProjects/Project__Alpha/Saved/Config/Windows/Scalability.ini]
[2023.02.16-20.39.03:003][  0]LogConfig: Setting CVar [[r.HairStrands.SkyLighting.IntegrationType:2]]
[2023.02.16-20.39.03:003][  0]LogConfig: Setting CVar [[r.HairStrands.SkyAO.SampleCount:4]]
[2023.02.16-20.39.03:003][  0]LogConfig: Setting CVar [[r.HairStrands.Visibility.MSAA.SamplePerPixel:4]]
[2023.02.16-20.39.03:003][  0]LogConfig: Applying CVar settings from Section [Startup] File [../../../Engine/Config/ConsoleVariables.ini]
[2023.02.16-20.39.03:003][  0]LogConfig: Setting CVar [[net.UseAdaptiveNetUpdateFrequency:0]]
[2023.02.16-20.39.03:003][  0]LogConfig: Setting CVar [[p.chaos.AllowCreatePhysxBodies:1]]
[2023.02.16-20.39.03:003][  0]LogConfig: Setting CVar [[fx.SkipVectorVMBackendOptimizations:1]]
[2023.02.16-20.39.03:003][  0]LogConfig: Applying CVar settings from Section [ConsoleVariables] File [D:/GitHubProjects/Project__Alpha/Saved/Config/Windows/Engine.ini]
[2023.02.16-20.39.03:003][  0]LogConfig: Applying CVar settings from Section [ConsoleVariables] File [D:/GitHubProjects/Project__Alpha/Saved/Config/Windows/Editor.ini]
[2023.02.16-20.39.03:003][  0]LogInit: Computer: DESKTOP-INTPURO
[2023.02.16-20.39.03:003][  0]LogInit: User: Hama
[2023.02.16-20.39.03:003][  0]LogInit: CPU Page size=4096, Cores=6
[2023.02.16-20.39.03:003][  0]LogInit: High frequency timer resolution =10.000000 MHz
[2023.02.16-20.39.03:003][  0]LogMemory: Memory total: Physical=15.9GB (16GB approx)
[2023.02.16-20.39.03:003][  0]LogMemory: Platform Memory Stats for Windows
[2023.02.16-20.39.03:003][  0]LogMemory: Process Physical Memory: 147.55 MB used, 147.55 MB peak
[2023.02.16-20.39.03:003][  0]LogMemory: Process Virtual Memory: 130.31 MB used, 130.31 MB peak
[2023.02.16-20.39.03:003][  0]LogMemory: Physical Memory: 5669.24 MB used,  10659.64 MB free, 16328.88 MB total
[2023.02.16-20.39.03:003][  0]LogMemory: Virtual Memory: 134209040.00 MB used,  8684.30 MB free, 134217728.00 MB total
[2023.02.16-20.39.03:008][  0]LogWindows: WindowsPlatformFeatures enabled
[2023.02.16-20.39.03:040][  0]LogInit: Physics initialised using underlying interface: PhysX
[2023.02.16-20.39.03:040][  0]LogInit: Using OS detected language (en-US).
[2023.02.16-20.39.03:040][  0]LogInit: Using OS detected locale (en-US).
[2023.02.16-20.39.03:042][  0]LogTextLocalizationManager: No specific localization for 'en-US' exists, so the 'en' localization will be used.
[2023.02.16-20.39.03:213][  0]LogWindowsTextInputMethodSystem: Display: IME system deactivated.
[2023.02.16-20.39.03:230][  0]LogSlate: New Slate User Created.  User Index 0, Is Virtual User: 0
[2023.02.16-20.39.03:230][  0]LogSlate: Slate User Registered.  User Index 0, Is Virtual User: 0
[2023.02.16-20.39.03:245][  0]LogD3D11RHI: Loaded GFSDK_Aftermath_Lib.x64.dll
[2023.02.16-20.39.03:247][  0]LogHMD: Failed to initialize OpenVR with code 110
[2023.02.16-20.39.03:247][  0]LogD3D11RHI: D3D11 min allowed feature level: 11_0
[2023.02.16-20.39.03:247][  0]LogD3D11RHI: D3D11 max allowed feature level: 11_0
[2023.02.16-20.39.03:247][  0]LogD3D11RHI: D3D11 adapters:
[2023.02.16-20.39.03:347][  0]LogD3D11RHI:    0. 'NVIDIA GeForce RTX 2060' (Feature Level 11_0)
[2023.02.16-20.39.03:347][  0]LogD3D11RHI:       5958/0/8164 MB DedicatedVideo/DedicatedSystem/SharedSystem, Outputs:1, VendorId:0x10de
[2023.02.16-20.39.03:349][  0]LogD3D11RHI:    1. 'Microsoft Basic Render Driver' (Feature Level 11_0)
[2023.02.16-20.39.03:349][  0]LogD3D11RHI:       0/0/8164 MB DedicatedVideo/DedicatedSystem/SharedSystem, Outputs:0, VendorId:0x1414
[2023.02.16-20.39.03:349][  0]LogD3D11RHI: Chosen D3D11 Adapter:
[2023.02.16-20.39.03:349][  0]LogD3D11RHI:     Description : NVIDIA GeForce RTX 2060
[2023.02.16-20.39.03:349][  0]LogD3D11RHI:     VendorId    : 10de
[2023.02.16-20.39.03:349][  0]LogD3D11RHI:     DeviceId    : 1e89
[2023.02.16-20.39.03:349][  0]LogD3D11RHI:     SubSysId    : 357119da
[2023.02.16-20.39.03:349][  0]LogD3D11RHI:     Revision    : 00a1
[2023.02.16-20.39.03:349][  0]LogD3D11RHI:     DedicatedVideoMemory : 6247415808 bytes
[2023.02.16-20.39.03:349][  0]LogD3D11RHI:     DedicatedSystemMemory : 0 bytes
[2023.02.16-20.39.03:349][  0]LogD3D11RHI:     SharedSystemMemory : 8561033216 bytes
[2023.02.16-20.39.03:349][  0]LogD3D11RHI:     AdapterLuid : 0 55936
[2023.02.16-20.39.03:354][  0]LogD3D11RHI: Creating new Direct3DDevice
[2023.02.16-20.39.03:354][  0]LogD3D11RHI:     GPU DeviceId: 0x1e89 (for the marketing name, search the web for "GPU Device Id")
[2023.02.16-20.39.03:354][  0]LogWindows: EnumDisplayDevices:
[2023.02.16-20.39.03:354][  0]LogWindows:    0. 'NVIDIA GeForce RTX 2060' (P:1 D:1)
[2023.02.16-20.39.03:354][  0]LogWindows:    1. 'NVIDIA GeForce RTX 2060' (P:0 D:0)
[2023.02.16-20.39.03:354][  0]LogWindows:    2. 'NVIDIA GeForce RTX 2060' (P:0 D:0)
[2023.02.16-20.39.03:354][  0]LogWindows:    3. 'NVIDIA GeForce RTX 2060' (P:0 D:0)
[2023.02.16-20.39.03:355][  0]LogWindows: DebugString: FoundDriverCount:4 
[2023.02.16-20.39.03:355][  0]LogD3D11RHI:     Adapter Name: NVIDIA GeForce RTX 2060
[2023.02.16-20.39.03:355][  0]LogD3D11RHI:   Driver Version: 528.02 (internal:31.0.15.2802, unified:528.02)
[2023.02.16-20.39.03:355][  0]LogD3D11RHI:      Driver Date: 12-22-2022
[2023.02.16-20.39.03:355][  0]LogRHI: Texture pool is 4170 MB (70% of 5958 MB)
[2023.02.16-20.39.03:355][  0]LogD3D11RHI: Creating D3DDevice using adapter:
[2023.02.16-20.39.03:355][  0]LogD3D11RHI:     Description : NVIDIA GeForce RTX 2060
[2023.02.16-20.39.03:355][  0]LogD3D11RHI:     VendorId    : 10de
[2023.02.16-20.39.03:355][  0]LogD3D11RHI:     DeviceId    : 1e89
[2023.02.16-20.39.03:355][  0]LogD3D11RHI:     SubSysId    : 357119da
[2023.02.16-20.39.03:355][  0]LogD3D11RHI:     Revision    : 00a1
[2023.02.16-20.39.03:355][  0]LogD3D11RHI:     DedicatedVideoMemory : 6247415808 bytes
[2023.02.16-20.39.03:355][  0]LogD3D11RHI:     DedicatedSystemMemory : 0 bytes
[2023.02.16-20.39.03:355][  0]LogD3D11RHI:     SharedSystemMemory : 8561033216 bytes
[2023.02.16-20.39.03:355][  0]LogD3D11RHI:     AdapterLuid : 0 55936
[2023.02.16-20.39.03:418][  0]LogD3D11RHI: RHI has support for 64 bit atomics
[2023.02.16-20.39.03:418][  0]LogD3D11RHI: Async texture creation enabled
[2023.02.16-20.39.03:418][  0]LogD3D11RHI: Array index from any shader is supported
[2023.02.16-20.39.03:446][  0]LogD3D11RHI: GPU Timing Frequency: 1000.000000 (Debug: 2 1)
[2023.02.16-20.39.03:469][  0]LogRHI: GeForceNow SDK initialized: 1
[2023.02.16-20.39.03:709][  0]LogTargetPlatformManager: Display: Loaded TargetPlatform 'WindowsNoEditor'
[2023.02.16-20.39.03:713][  0]LogTargetPlatformManager: Display: Loaded TargetPlatform 'Windows'
[2023.02.16-20.39.03:717][  0]LogTargetPlatformManager: Display: Loaded TargetPlatform 'WindowsClient'
[2023.02.16-20.39.03:720][  0]LogTargetPlatformManager: Display: Loaded TargetPlatform 'WindowsServer'
[2023.02.16-20.39.03:720][  0]LogTargetPlatformManager: Display: Building Assets For Windows
[2023.02.16-20.39.03:726][  0]LogAudioDebug: Display: Lib vorbis DLL was dynamically loaded.
[2023.02.16-20.39.03:748][  0]LogTextureFormatOodle: Display: Oodle Texture 2.9.0 init RDO Off
[2023.02.16-20.39.03:771][  0]LogRendererCore: Ray tracing is disabled. Reason: r.RayTracing=0.
[2023.02.16-20.39.03:771][  0]LogShaderCompilers: Guid format shader working directory is 4 characters bigger than the processId version (../../../../GitHubProjects/Project__Alpha/Intermediate/Shaders/WorkingDirectory/4548/).
[2023.02.16-20.39.03:771][  0]LogShaderCompilers: Cleaned the shader compiler working directory 'C:/Users/Hama/AppData/Local/Temp/UnrealShaderWorkingDir/10F633D742EAE71449DE479B9D26F46D/'.
[2023.02.16-20.39.03:771][  0]LogXGEController: Cannot use XGE Controller as Incredibuild is not installed on this machine.
[2023.02.16-20.39.03:771][  0]LogShaderCompilers: Cannot use XGE Shader Compiler as Incredibuild is not installed on this machine.
[2023.02.16-20.39.03:771][  0]LogShaderCompilers: Display: Using Local Shader Compiler.
[2023.02.16-20.39.04:390][  0]LogDerivedDataCache: Display: Max Cache Size: 512 MB
[2023.02.16-20.39.04:438][  0]LogDerivedDataCache: Loaded boot cache 0.05s 95MB C:/Users/Hama/AppData/Local/UnrealEngine/4.27/DerivedDataCache/Boot.ddc.
[2023.02.16-20.39.04:438][  0]LogDerivedDataCache: Display: Loaded Boot cache: C:/Users/Hama/AppData/Local/UnrealEngine/4.27/DerivedDataCache/Boot.ddc
[2023.02.16-20.39.04:438][  0]LogDerivedDataCache: FDerivedDataBackendGraph:  Pak pak cache file ../../../../GitHubProjects/Project__Alpha/DerivedDataCache/DDC.ddp not found, will not use a pak cache.
[2023.02.16-20.39.04:438][  0]LogDerivedDataCache: Unable to find inner node Pak for hierarchical cache Hierarchy.
[2023.02.16-20.39.04:438][  0]LogDerivedDataCache: FDerivedDataBackendGraph:  CompressedPak pak cache file ../../../../GitHubProjects/Project__Alpha/DerivedDataCache/Compressed.ddp not found, will not use a pak cache.
[2023.02.16-20.39.04:438][  0]LogDerivedDataCache: Unable to find inner node CompressedPak for hierarchical cache Hierarchy.
[2023.02.16-20.39.04:456][  0]LogDerivedDataCache: Display: Pak cache opened for reading ../../../Engine/DerivedDataCache/Compressed.ddp.
[2023.02.16-20.39.04:456][  0]LogDerivedDataCache: FDerivedDataBackendGraph:  EnterprisePak pak cache file ../../../Enterprise/DerivedDataCache/Compressed.ddp not found, will not use a pak cache.
[2023.02.16-20.39.04:456][  0]LogDerivedDataCache: Unable to find inner node EnterprisePak for hierarchical cache Hierarchy.
[2023.02.16-20.39.04:463][  0]LogDerivedDataCache: Speed tests for C:/Users/Hama/AppData/Local/UnrealEngine/Common/DerivedDataCache took 0.01 seconds
[2023.02.16-20.39.04:463][  0]LogDerivedDataCache: Display: Performance to C:/Users/Hama/AppData/Local/UnrealEngine/Common/DerivedDataCache: Latency=0.03ms. RandomReadSpeed=1544.84MBs, RandomWriteSpeed=155.65MBs. Assigned SpeedClass 'Local'
[2023.02.16-20.39.04:464][  0]LogDerivedDataCache: Using Local data cache path C:/Users/Hama/AppData/Local/UnrealEngine/Common/DerivedDataCache: Writable
[2023.02.16-20.39.04:465][  0]LogDerivedDataCache: Shared data cache path not found in *engine.ini, will not use an Shared cache.
[2023.02.16-20.39.04:465][  0]LogDerivedDataCache: Unable to find inner node Shared for hierarchical cache Hierarchy.
[2023.02.16-20.39.04:500][  0]LogSlate: Using FreeType 2.10.0
[2023.02.16-20.39.04:500][  0]LogSlate: SlateFontServices - WITH_FREETYPE: 1, WITH_HARFBUZZ: 1
[2023.02.16-20.39.05:207][  0]LogInit: Using OS detected language (en-US).
[2023.02.16-20.39.05:207][  0]LogInit: Using OS detected locale (en-US).
[2023.02.16-20.39.05:207][  0]LogTextLocalizationManager: No localization for 'en-US' exists, so 'en' will be used for the language.
[2023.02.16-20.39.05:207][  0]LogTextLocalizationManager: No localization for 'en-US' exists, so 'en' will be used for the locale.
[2023.02.16-20.39.05:207][  0]LogSlate: FontCache flush requested. Reason: Culture for localization was changed
[2023.02.16-20.39.05:207][  0]LogSlate: FontCache flush requested. Reason: Culture for localization was changed
[2023.02.16-20.39.05:210][  0]LogTextLocalizationManager: Compacting localization data took   0.01ms
[2023.02.16-20.39.05:210][  0]LogAssetRegistry: FAssetRegistry took 0.0017 seconds to start up
[2023.02.16-20.39.05:377][  0]LogPackageLocalizationCache: Processed 30 localized package path(s) for 1 prioritized culture(s) in 0.022672 seconds
[2023.02.16-20.39.05:432][  0]LogInit: Selected Device Profile: [Windows]
[2023.02.16-20.39.05:432][  0]LogInit: Active device profile: [000001B5077B8E00][000001B50203B4C0 49] Windows
[2023.02.16-20.39.05:432][  0]LogInit: Profiles: [000001B5077B8E00][000001B50203B4C0 49] Windows, [000001B507776000][000001B50203F600 49] WindowsNoEditor, [000001B5077B9D00][000001B502043740 49] WindowsServer, [000001B507776E00][000001B502047880 49] WindowsClient, [000001B5077BAA00][000001B5013CFA00 49] IOS, [000001B507777400][000001B5013D3B80 49] iPadAir, [000001B5077B9500][000001B5013D6180 49] iPadAir2, [000001B507725200][000001B5013DE440 49] IPadPro, [000001B507725300][000001B5013DA480 49] iPadAir3, [000001B507774C00][000001B5013E2600 49] iPadAir4, [000001B507725F00][000001B5013E6780 49] iPadMini2, [000001B507776C00][000001B5013EA900 49] iPadMini3, [000001B507726900][000001B5013EEA80 49] iPadMini4, [000001B507774F00][000001B5013F2C00 49] iPadMini5, [000001B50774CC00][000001B5013FAEC0 49] iPhone6, [000001B50774CD00][000001B5013F6F00 49] iPodTouch6, [000001B5077BA700][000001B5014031C0 49] iPhone7, [000001B5077BA900][000001B5013FF200 49] iPodTouch7, [000001B507725100][000001B501407380 49] iPhone5S, [000001B5077BAC00][000001B50140B500 49] iPhone6Plus, [000001B507727F00][000001B50140F680 49] iPhone6S, [000001B507724100][000001B50204B7C0 49] iPhone6SPlus, [000001B50774CB00][000001B501413900 49] iPhone7Plus, [000001B507726100][000001B501417A40 49] iPhoneSE, [000001B50774E900][000001B501E45BC0 49] iPhone8, [000001B507726200][000001B501E481C0 49] iPhone8Plus, [000001B50774FB00][000001B501E4C340 49] iPhoneX, [000001B507726300][000001B501E504C0 49] iPhoneXS, [000001B50774CF00][000001B501E54640 49] iPhoneXSMax, [000001B5077BAF00][000001B501E587C0 49] iPhoneXR, [000001B50774D700][000001B501E5C940 49] iPhone11, [000001B5077BAE00][000001B501E60AC0 49] iPhone11Pro, [000001B50774D900][000001B501E64C40 49] iPhone11ProMax, [000001B5077B9200][000001B501E68DC0 49] iPhoneSE2, [000001B50774FD00][000001B501E6CF40 49] iPhone12Mini, [000001B5077B8B00][000001B501E710C0 49] iPhone12, [000001B50774DD00][000001B501E75240 49] iPhone12Pro, [000001B5077B9400][000001B501E793C0 49] iPhone12ProMax, [000001B50774F700][000001B501E7D540 49] iPadPro105, [000001B5077B9B00][000001B501E816C0 49] iPadPro129, [000001B50774C700][000001B501E85840 49] iPadPro97, [000001B5077B9300][000001B501E41980 49] iPadPro2_129, [000001B50774D200][000001B501E89AC0 49] iPad5, [000001B5077BBF00][000001B501E8DC00 49] iPad6, [000001B50774FA00][000001B501E901C0 49] iPad7, [000001B5077B9900][000001B501E98340 49] iPad8, [000001B50774EF00][000001B501E9C4C0 49] iPadPro11, [000001B5077B8700][000001B501EA0640 49] iPadPro2_11, [000001B50774F900][000001B501EA47C0 49] iPadPro3_129, [000001B5077B8F00][000001B501EA8940 49] iPadPro4_129, [000001B50774D100][000001B501EACAC0 49] AppleTV, [000001B5077BB900][000001B501EB0C40 49] AppleTV4K, [000001B50774C600][000001B501EB4DC0 49] TVOS, [000001B5077BB400][000001B501EB8F40 49] Mac, [000001B50774F200][000001B501EBD0C0 49] MacClient, [000001B5077BBB00][000001B501EC1240 49] MacNoEditor, [000001B50774D300][000001B501EC53C0 49] MacServer, [000001B5077BA500][000001B501EC9540 49] Linux, [000001B50774E000][000001B501ECD6C0 49] LinuxAArch64, [000001B5077BA100][000001B501ED1840 49] LinuxNoEditor, [000001B50774F100][000001B501ED59C0 49] LinuxAArch64NoEditor, [000001B5077B9A00][000001B501E95B00 49] LinuxClient, [000001B50774E800][000001B501ED80C0 49] LinuxAArch64Client, [000001B5077B9800][000001B501EDC200 49] LinuxServer, [000001B50774C400][000001B501EE0340 49] LinuxAArch64Server, [000001B5077BBE00][000001B501EE84C0 49] Android, [000001B50774E700][000001B501EEC640 49] Android_Low, [000001B5077BBC00][000001B501EF07C0 49] Android_Mid, [000001B50774C300][000001B501EF4940 49] Android_High, [000001B5077B9C00][000001B501EF8AC0 49] Android_Default, [000001B50774F600][000001B501EFCC40 49] Android_Adreno4xx, [000001B5077BBD00][000001B501F00DC0 49] Android_Adreno5xx_Low, [000001B50774C900][000001B501F04F40 49] Android_Adreno5xx, [000001B5077BAB00][000001B501F090C0 49] Android_Adreno6xx, [000001B50774E300][000001B501F0D240 49] Android_Adreno6xx_Vulkan, [000001B5077B8800][000001B501F113C0 49] Android_Mali_T6xx, [000001B507725800][000001B501F15540 49] Android_Mali_T7xx, [000001B507776D00][000001B501F196C0 49] Android_Mali_T8xx, [000001B507727C00][000001B501F1D840 49] Android_Mali_G71, [000001B507777B00][000001B501F219C0 49] Android_Mali_G72, [000001B507727900][000001B501F25B40 49] Android_Mali_G72_Vulkan, [000001B507775E00][000001B501F28140 49] Android_Mali_G76, [000001B507725A00][000001B501EE4280 49] Android_Mali_G76_Vulkan, [000001B507774400][000001B501F2C3C0 49] Android_Mali_G77, [000001B507727500][000001B501F30500 49] Android_Mali_G77_Vulkan, [000001B507775C00][000001B501F38680 49] Android_Mali_G78, [000001B507725000][000001B501F3C800 49] Android_Mali_G78_Vulkan, [000001B507775F00][000001B501F40980 49] Android_Mali_G710, [000001B507725500][000001B501F44B00 49] Android_Mali_G710_Vulkan, [000001B507777100][000001B501F48C80 49] Android_Vulkan_SM5, [000001B507726A00][000001B501F4CE00 49] Android_PowerVR_G6xxx, [000001B507776B00][000001B501F50F80 49] Android_PowerVR_GT7xxx, [000001B507725B00][000001B501F55100 49] Android_PowerVR_GE8xxx, [000001B507777600][000001B501F59280 49] Android_PowerVR_GM9xxx, [000001B507725E00][000001B501F5D400 49] Android_PowerVR_GM9xxx_Vulkan, [000001B507775200][000001B501F61580 49] Android_TegraK1, [000001B507727B00][000001B501F65700 49] Android_Unknown_Vulkan, [000001B507777E00][000001B501F69880 49] Lumin, [000001B507724600][000001B501F6DA00 49] Lumin_Desktop, [000001B50774E200][000001B501F71B80 49] HoloLens, 
[2023.02.16-20.39.05:531][  0]LogMeshReduction: Using QuadricMeshReduction for automatic static mesh reduction
[2023.02.16-20.39.05:531][  0]LogMeshReduction: Using SimplygonMeshReduction for automatic skeletal mesh reduction
[2023.02.16-20.39.05:531][  0]LogMeshReduction: Using ProxyLODMeshReduction for automatic mesh merging
[2023.02.16-20.39.05:531][  0]LogMeshReduction: No distributed automatic mesh merging module available
[2023.02.16-20.39.05:531][  0]LogMeshMerging: No distributed automatic mesh merging module available
[2023.02.16-20.39.05:554][  0]LogNetVersion: FirstProject 1.0.0, NetCL: 17155196, EngineNetVer: 17, GameNetVer: 0 (Checksum: 1409045027)
[2023.02.16-20.39.05:753][  0]LogTexture: Default maximum texture size for cubemaps generated from long-lat sources has been changed from 512 to unlimited. In order to preserve old behaiour for '/Engine/MapTemplates/Sky/DaylightAmbientCubemap.DaylightAmbientCubemap', its maximum texture size has been explicitly set to 512.
[2023.02.16-20.39.05:801][  0]LogHMD: PokeAHoleMaterial loaded successfully
[2023.02.16-20.39.05:884][  0]LogMoviePlayer: Initializing movie player
[2023.02.16-20.39.05:915][  0]LogNiagaraDebuggerClient: Niagara Debugger Client Initialized | Session: CF0730654AED31191A9A60B8261186D6 | Instance: D052D4F54EB9B4457DA2C1B1A955BE2C (DESKTOP-INTPURO-4548).
[2023.02.16-20.39.05:932][  0]LogCollectionManager: Loaded 0 collections in 0.000653 seconds
[2023.02.16-20.39.05:934][  0]LogFileCache: Scanning file cache for directory 'D:/GitHubProjects/Project__Alpha/Saved/Collections/' took 0.00s
[2023.02.16-20.39.05:934][  0]LogFileCache: Scanning file cache for directory 'D:/GitHubProjects/Project__Alpha/Content/Developers/Hama/Collections/' took 0.00s
[2023.02.16-20.39.05:934][  0]LogFileCache: Scanning file cache for directory 'D:/GitHubProjects/Project__Alpha/Content/Collections/' took 0.00s
[2023.02.16-20.39.05:934][  0]LogCollectionManager: Fixed up redirectors for 0 collections in 0.000002 seconds (updated 0 objects)
[2023.02.16-20.39.06:021][  0]LogPython: Using Python 3.7.7
[2023.02.16-20.39.06:447][  0]LogTcpMessaging: Initializing TcpMessaging bridge
[2023.02.16-20.39.06:450][  0]LogUdpMessaging: Initializing bridge on interface 0.0.0.0:0 to multicast group 230.0.0.1:6666.
[2023.02.16-20.39.06:594][  0]SourceControl: Source control is disabled
[2023.02.16-20.39.06:594][  0]SourceControl: Source control is disabled
[2023.02.16-20.39.06:597][  0]SourceControl: Source control is disabled
[2023.02.16-20.39.06:601][  0]LogUProjectInfo: Found projects:
[2023.02.16-20.39.06:633][  0]LogVSAccessor: Display: Unable to create Visual Studio setup instance: 80040154
[2023.02.16-20.39.06:633][  0]LogVSAccessor: Display: Unable to create Visual Studio setup instance: 80040154
[2023.02.16-20.39.06:634][  0]LogVSAccessor: Display: Unable to create Visual Studio setup instance: 80040154
[2023.02.16-20.39.06:636][  0]LogOpenImageDenoise: OIDN starting up
[2023.02.16-20.39.06:645][  0]LogAndroidPermission: UAndroidPermissionCallbackProxy::GetInstance
[2023.02.16-20.39.06:661][  0]LogAudioCaptureCore: Display: No Audio Capture implementations found. Audio input will be silent.
[2023.02.16-20.39.06:661][  0]LogAudioCaptureCore: Display: No Audio Capture implementations found. Audio input will be silent.
[2023.02.16-20.39.06:720][  0]LogOcInput: OculusInput pre-init called
[2023.02.16-20.39.06:728][  0]LogUObjectArray: 22330 objects as part of root set at end of initial load.
[2023.02.16-20.39.06:729][  0]LogUObjectAllocator: 6077872 out of 0 bytes used by permanent object pool.
[2023.02.16-20.39.06:729][  0]LogUObjectArray: CloseDisregardForGC: 0/0 objects in disregard for GC pool
[2023.02.16-20.39.06:773][  0]LogEngine: Initializing Engine...
[2023.02.16-20.39.06:776][  0]LogHMD: Failed to enumerate extensions. Please check that you have a valid OpenXR runtime installed.
[2023.02.16-20.39.06:776][  0]LogHMD: Failed to initialize OpenVR with code 110
[2023.02.16-20.39.06:776][  0]LogMagicLeap: Warning: VR disabled because ZI is not enabled.  To enable, in the editor, Edit -> Project Settings -> Plugins -> Magic Leap Plugin -> Enable Zero Iteration
[2023.02.16-20.39.06:777][  0]LogStats: UGameplayTagsManager::InitializeManager -  0.000 s
[2023.02.16-20.39.06:854][  0]LogInit: Initializing FReadOnlyCVARCache
[2023.02.16-20.39.06:854][  0]LogAudio: Display: Initializing Audio Device Manager...
[2023.02.16-20.39.06:858][  0]LogAudio: Display: Loading Default Audio Settings Objects...
[2023.02.16-20.39.06:858][  0]LogAudio: Display: No default SoundConcurrencyObject specified (or failed to load).
[2023.02.16-20.39.06:859][  0]LogAudio: Display: Audio Device Manager Initialized
[2023.02.16-20.39.06:859][  0]LogAudio: Display: Creating Audio Device:                 Id: 1, Scope: Shared, Realtime: True
[2023.02.16-20.39.06:859][  0]LogAudioMixer: Display: Audio Mixer Platform Settings:
[2023.02.16-20.39.06:859][  0]LogAudioMixer: Display: 	Sample Rate:						  48000
[2023.02.16-20.39.06:859][  0]LogAudioMixer: Display: 	Callback Buffer Frame Size Requested: 1024
[2023.02.16-20.39.06:859][  0]LogAudioMixer: Display: 	Callback Buffer Frame Size To Use:	  1024
[2023.02.16-20.39.06:859][  0]LogAudioMixer: Display: 	Number of buffers to queue:			  2
[2023.02.16-20.39.06:859][  0]LogAudioMixer: Display: 	Max Channels (voices):				  32
[2023.02.16-20.39.06:859][  0]LogAudioMixer: Display: 	Number of Async Source Workers:		  0
[2023.02.16-20.39.06:859][  0]LogAudio: Display: AudioDevice MaxSources: 32
[2023.02.16-20.39.06:859][  0]LogAudio: Display: Audio Spatialization Plugin: None (built-in).
[2023.02.16-20.39.06:859][  0]LogAudio: Display: Audio Reverb Plugin: None (built-in).
[2023.02.16-20.39.06:859][  0]LogAudio: Display: Audio Occlusion Plugin: None (built-in).
[2023.02.16-20.39.06:859][  0]LogAudioMixer: Display: Initializing audio mixer.
[2023.02.16-20.39.06:868][  0]LogAudioMixer: Display: 0: FrontLeft
[2023.02.16-20.39.06:868][  0]LogAudioMixer: Display: 1: FrontRight
[2023.02.16-20.39.06:881][  0]LogAudioMixer: Display: Using Audio Device LG TV (NVIDIA High Definition Audio)
[2023.02.16-20.39.06:883][  0]LogAudioMixer: Display: Initializing Sound Submixes...
[2023.02.16-20.39.06:884][  0]LogAudioMixer: Display: Creating Master Submix 'MasterSubmixDefault'
[2023.02.16-20.39.06:884][  0]LogAudioMixer: Display: Creating Master Submix 'MasterReverbSubmixDefault'
[2023.02.16-20.39.06:885][  0]LogAudioMixer: Display: Creating Master Submix 'MasterEQSubmixDefault'
[2023.02.16-20.39.06:885][  0]LogAudioMixer: FMixerPlatformXAudio2::StartAudioStream() called
[2023.02.16-20.39.06:885][  0]LogAudioMixer: Display: Output buffers initialized: Frames=1024, Channels=2, Samples=2048
[2023.02.16-20.39.06:886][  0]LogAudioMixer: Display: Starting AudioMixerPlatformInterface::RunInternal()
[2023.02.16-20.39.06:887][  0]LogAudioMixer: Display: FMixerPlatformXAudio2::SubmitBuffer() called for the first time
[2023.02.16-20.39.06:887][  0]LogInit: FAudioDevice initialized.
[2023.02.16-20.39.06:888][  0]LogNetVersion: Set ProjectVersion to 1.0.0.0. Version Checksum will be recalculated on next use.
[2023.02.16-20.39.06:888][  0]LogInit: Texture streaming: Enabled
[2023.02.16-20.39.07:174][  0]LogAudio: Display: Audio Device (ID: 1) registered with world 'Untitled'.
[2023.02.16-20.39.07:175][  0]LogSlate: Updating window title bar state: overlay mode, drag disabled, window buttons hidden, title bar hidden
[2023.02.16-20.39.07:175][  0]LogInit: Display: Game Engine Initialized.
[2023.02.16-20.39.07:191][  0]LogNiagaraEditor: GEditor isn't valid! Particle reset commands will not work for Niagara components!
[2023.02.16-20.39.07:291][  0]LogInit: Display: Starting Game.
[2023.02.16-20.39.07:291][  0]LogNet: Browse: /Game/Levels/Level1?Name=Player
[2023.02.16-20.39.07:291][  0]LogLoad: LoadMap: /Game/Levels/Level1?Name=Player
[2023.02.16-20.39.07:291][  0]LogWorld: BeginTearingDown for /Temp/Untitled_0
[2023.02.16-20.39.07:292][  0]LogWorld: UWorld::CleanupWorld for Untitled, bSessionEnded=true, bCleanupResources=true
[2023.02.16-20.39.07:292][  0]LogSlate: InvalidateAllWidgets triggered.  All widgets were invalidated
[2023.02.16-20.39.07:299][  0]LogAudio: Display: Audio Device unregistered from world 'None'.
[2023.02.16-20.39.07:301][  0]LogUObjectHash: Compacting FUObjectHashTables data took   0.80ms
[2023.02.16-20.39.08:970][  0]LogAudio: Display: Audio Device (ID: 1) registered with world 'Level1'.
[2023.02.16-20.39.08:978][  0]LogAIModule: Creating AISystem for world Level1
[2023.02.16-20.39.08:978][  0]LogLoad: Game class is 'CharercterGameMode_C'
[2023.02.16-20.39.08:994][  0]LogWorld: Bringing World /Game/Levels/Level1.Level1 up for play (max tick rate 0) at 2023.02.16-23.39.08
[2023.02.16-20.39.08:997][  0]LogWorld: Bringing up level for play took: 0.018304
[2023.02.16-20.39.08:999][  0]LogGameMode: Display: Match State Changed from EnteringMap to WaitingToStart
[2023.02.16-20.39.08:999][  0]LogGameState: Match State Changed from EnteringMap to WaitingToStart
[2023.02.16-20.39.08:999][  0]LogGameMode: Display: Match State Changed from WaitingToStart to InProgress
[2023.02.16-20.39.09:003][  0]LogGameState: Match State Changed from WaitingToStart to InProgress
[2023.02.16-20.39.09:004][  0]LogLoad: Took 1.713077 seconds to LoadMap(/Game/Levels/Level1)
[2023.02.16-20.39.09:062][  0]LogSlate: Took 0.000168 seconds to synchronously load lazily loaded font '../../../Engine/Content/Slate/Fonts/Roboto-Regular.ttf' (155K)
[2023.02.16-20.39.09:100][  0]LogRenderer: Reallocating scene render targets to support 1016x696 Format 10 NumSamples 1 (Frame:1).
[2023.02.16-20.39.09:100][  0]LogInit: Display: Engine is initialized. Leaving FEngineLoop::Init()
[2023.02.16-20.39.09:100][  0]LogLoad: (Engine Initialization) Total time: 7.21 seconds
[2023.02.16-20.39.09:100][  0]LogLoad: (Engine Initialization) Total Blueprint compile time: 0.00 seconds
[2023.02.16-20.39.09:103][  0]LogContentStreaming: Texture pool size now 1000 MB
[2023.02.16-20.39.09:105][  0]LogSlate: InvalidateAllWidgets triggered.  All widgets were invalidated
[2023.02.16-20.39.09:139][  0]LogRenderer: Reallocating scene render targets to support 128x128 Format 10 NumSamples 1 (Frame:1).
[2023.02.16-20.39.09:166][  0]LogRenderer: Reallocating scene render targets to support 1016x696 Format 10 NumSamples 1 (Frame:2).
[2023.02.16-20.39.09:180][  1]LogSlate: Took 0.000152 seconds to synchronously load lazily loaded font '../../../Engine/Content/Slate/Fonts/Roboto-Regular.ttf' (155K)
